<!DOCTYPE html>
<html>
<head>
<meta http-equiv="Content-Type" content="text/html; charset=utf-8"/>
<meta http-equiv="x-ua-compatible" content="IE=edge"/>
<title>Test results - Class org.elasticsearch.cluster.routing.allocation.MaxRetryAllocationDeciderTests</title>
<link href="../css/base-style.css" rel="stylesheet" type="text/css"/>
<link href="../css/style.css" rel="stylesheet" type="text/css"/>
<script src="../js/report.js" type="text/javascript"></script>
</head>
<body>
<div id="content">
<h1>Class org.elasticsearch.cluster.routing.allocation.MaxRetryAllocationDeciderTests</h1>
<div class="breadcrumbs">
<a href="../index.html">all</a> &gt; 
<a href="../packages/org.elasticsearch.cluster.routing.allocation.html">org.elasticsearch.cluster.routing.allocation</a> &gt; MaxRetryAllocationDeciderTests</div>
<div id="summary">
<table>
<tr>
<td>
<div class="summaryGroup">
<table>
<tr>
<td>
<div class="infoBox" id="tests">
<div class="counter">2</div>
<p>tests</p>
</div>
</td>
<td>
<div class="infoBox" id="failures">
<div class="counter">0</div>
<p>failures</p>
</div>
</td>
<td>
<div class="infoBox" id="ignored">
<div class="counter">0</div>
<p>ignored</p>
</div>
</td>
<td>
<div class="infoBox" id="duration">
<div class="counter">0.043s</div>
<p>duration</p>
</div>
</td>
</tr>
</table>
</div>
</td>
<td>
<div class="infoBox success" id="successRate">
<div class="percent">100%</div>
<p>successful</p>
</div>
</td>
</tr>
</table>
</div>
<div id="tabs">
<ul class="tabLinks">
<li>
<a href="#tab0">Tests</a>
</li>
<li>
<a href="#tab1">Standard output</a>
</li>
</ul>
<div id="tab0" class="tab">
<h2>Tests</h2>
<table>
<thead>
<tr>
<th>Test</th>
<th>Duration</th>
<th>Result</th>
</tr>
</thead>
<tr>
<td class="success">testFailedAllocation</td>
<td class="success">0.017s</td>
<td class="success">passed</td>
</tr>
<tr>
<td class="success">testSingleRetryOnIgnore</td>
<td class="success">0.026s</td>
<td class="success">passed</td>
</tr>
</table>
</div>
<div id="tab1" class="tab">
<h2>Standard output</h2>
<span class="code">
<pre>[2020-02-17T00:20:39,112][INFO ][o.e.c.r.a.MaxRetryAllocationDeciderTests] [testFailedAllocation] before test
[2020-02-17T00:20:39,114][WARN ][o.e.c.r.a.AllocationService] [testFailedAllocation] failing shard [failed shard, shard [idx][0], node[node2], [P], recovery_source[new shard recovery], s[INITIALIZING], a[id=hHdARNVxTfqGl7hbswNckw], unassigned_info[[reason=INDEX_CREATED], at[2020-02-16T22:20:39.113Z], delayed=false, allocation_status[no_attempt]], message [boom0], failure [UnsupportedOperationException[null]], markAsStale [true]]
java.lang.UnsupportedOperationException: null
	at org.elasticsearch.cluster.routing.allocation.MaxRetryAllocationDeciderTests.testFailedAllocation(MaxRetryAllocationDeciderTests.java:166) [test/:?]
	at jdk.internal.reflect.NativeMethodAccessorImpl.invoke0(Native Method) ~[?:?]
	at jdk.internal.reflect.NativeMethodAccessorImpl.invoke(NativeMethodAccessorImpl.java:62) ~[?:?]
	at jdk.internal.reflect.DelegatingMethodAccessorImpl.invoke(DelegatingMethodAccessorImpl.java:43) ~[?:?]
	at java.lang.reflect.Method.invoke(Method.java:567) ~[?:?]
	at com.carrotsearch.randomizedtesting.RandomizedRunner.invoke(RandomizedRunner.java:1750) [randomizedtesting-runner-2.7.1.jar:?]
	at com.carrotsearch.randomizedtesting.RandomizedRunner$8.evaluate(RandomizedRunner.java:938) [randomizedtesting-runner-2.7.1.jar:?]
	at com.carrotsearch.randomizedtesting.RandomizedRunner$9.evaluate(RandomizedRunner.java:974) [randomizedtesting-runner-2.7.1.jar:?]
	at com.carrotsearch.randomizedtesting.RandomizedRunner$10.evaluate(RandomizedRunner.java:988) [randomizedtesting-runner-2.7.1.jar:?]
	at com.carrotsearch.randomizedtesting.rules.StatementAdapter.evaluate(StatementAdapter.java:36) [randomizedtesting-runner-2.7.1.jar:?]
	at org.apache.lucene.util.TestRuleSetupTeardownChained$1.evaluate(TestRuleSetupTeardownChained.java:49) [lucene-test-framework-8.3.0.jar:8.3.0 2aa586909b911e66e1d8863aa89f173d69f86cd2 - ishan - 2019-10-25 23:10:05]
	at org.apache.lucene.util.AbstractBeforeAfterRule$1.evaluate(AbstractBeforeAfterRule.java:45) [lucene-test-framework-8.3.0.jar:8.3.0 2aa586909b911e66e1d8863aa89f173d69f86cd2 - ishan - 2019-10-25 23:10:05]
	at org.apache.lucene.util.TestRuleThreadAndTestName$1.evaluate(TestRuleThreadAndTestName.java:48) [lucene-test-framework-8.3.0.jar:8.3.0 2aa586909b911e66e1d8863aa89f173d69f86cd2 - ishan - 2019-10-25 23:10:05]
	at org.apache.lucene.util.TestRuleIgnoreAfterMaxFailures$1.evaluate(TestRuleIgnoreAfterMaxFailures.java:64) [lucene-test-framework-8.3.0.jar:8.3.0 2aa586909b911e66e1d8863aa89f173d69f86cd2 - ishan - 2019-10-25 23:10:05]
	at org.apache.lucene.util.TestRuleMarkFailure$1.evaluate(TestRuleMarkFailure.java:47) [lucene-test-framework-8.3.0.jar:8.3.0 2aa586909b911e66e1d8863aa89f173d69f86cd2 - ishan - 2019-10-25 23:10:05]
	at com.carrotsearch.randomizedtesting.rules.StatementAdapter.evaluate(StatementAdapter.java:36) [randomizedtesting-runner-2.7.1.jar:?]
	at com.carrotsearch.randomizedtesting.ThreadLeakControl$StatementRunner.run(ThreadLeakControl.java:368) [randomizedtesting-runner-2.7.1.jar:?]
	at com.carrotsearch.randomizedtesting.ThreadLeakControl.forkTimeoutingTask(ThreadLeakControl.java:817) [randomizedtesting-runner-2.7.1.jar:?]
	at com.carrotsearch.randomizedtesting.ThreadLeakControl$3.evaluate(ThreadLeakControl.java:468) [randomizedtesting-runner-2.7.1.jar:?]
	at com.carrotsearch.randomizedtesting.RandomizedRunner.runSingleTest(RandomizedRunner.java:947) [randomizedtesting-runner-2.7.1.jar:?]
	at com.carrotsearch.randomizedtesting.RandomizedRunner$5.evaluate(RandomizedRunner.java:832) [randomizedtesting-runner-2.7.1.jar:?]
	at com.carrotsearch.randomizedtesting.RandomizedRunner$6.evaluate(RandomizedRunner.java:883) [randomizedtesting-runner-2.7.1.jar:?]
	at com.carrotsearch.randomizedtesting.RandomizedRunner$7.evaluate(RandomizedRunner.java:894) [randomizedtesting-runner-2.7.1.jar:?]
	at org.apache.lucene.util.AbstractBeforeAfterRule$1.evaluate(AbstractBeforeAfterRule.java:45) [lucene-test-framework-8.3.0.jar:8.3.0 2aa586909b911e66e1d8863aa89f173d69f86cd2 - ishan - 2019-10-25 23:10:05]
	at com.carrotsearch.randomizedtesting.rules.StatementAdapter.evaluate(StatementAdapter.java:36) [randomizedtesting-runner-2.7.1.jar:?]
	at org.apache.lucene.util.TestRuleStoreClassName$1.evaluate(TestRuleStoreClassName.java:41) [lucene-test-framework-8.3.0.jar:8.3.0 2aa586909b911e66e1d8863aa89f173d69f86cd2 - ishan - 2019-10-25 23:10:05]
	at com.carrotsearch.randomizedtesting.rules.NoShadowingOrOverridesOnMethodsRule$1.evaluate(NoShadowingOrOverridesOnMethodsRule.java:40) [randomizedtesting-runner-2.7.1.jar:?]
	at com.carrotsearch.randomizedtesting.rules.NoShadowingOrOverridesOnMethodsRule$1.evaluate(NoShadowingOrOverridesOnMethodsRule.java:40) [randomizedtesting-runner-2.7.1.jar:?]
	at com.carrotsearch.randomizedtesting.rules.StatementAdapter.evaluate(StatementAdapter.java:36) [randomizedtesting-runner-2.7.1.jar:?]
	at com.carrotsearch.randomizedtesting.rules.StatementAdapter.evaluate(StatementAdapter.java:36) [randomizedtesting-runner-2.7.1.jar:?]
	at org.apache.lucene.util.TestRuleAssertionsRequired$1.evaluate(TestRuleAssertionsRequired.java:53) [lucene-test-framework-8.3.0.jar:8.3.0 2aa586909b911e66e1d8863aa89f173d69f86cd2 - ishan - 2019-10-25 23:10:05]
	at org.apache.lucene.util.TestRuleMarkFailure$1.evaluate(TestRuleMarkFailure.java:47) [lucene-test-framework-8.3.0.jar:8.3.0 2aa586909b911e66e1d8863aa89f173d69f86cd2 - ishan - 2019-10-25 23:10:05]
	at org.apache.lucene.util.TestRuleIgnoreAfterMaxFailures$1.evaluate(TestRuleIgnoreAfterMaxFailures.java:64) [lucene-test-framework-8.3.0.jar:8.3.0 2aa586909b911e66e1d8863aa89f173d69f86cd2 - ishan - 2019-10-25 23:10:05]
	at org.apache.lucene.util.TestRuleIgnoreTestSuites$1.evaluate(TestRuleIgnoreTestSuites.java:54) [lucene-test-framework-8.3.0.jar:8.3.0 2aa586909b911e66e1d8863aa89f173d69f86cd2 - ishan - 2019-10-25 23:10:05]
	at com.carrotsearch.randomizedtesting.rules.StatementAdapter.evaluate(StatementAdapter.java:36) [randomizedtesting-runner-2.7.1.jar:?]
	at com.carrotsearch.randomizedtesting.ThreadLeakControl$StatementRunner.run(ThreadLeakControl.java:368) [randomizedtesting-runner-2.7.1.jar:?]
	at java.lang.Thread.run(Thread.java:835) [?:?]
[2020-02-17T00:20:39,115][INFO ][o.e.c.r.a.AllocationService] [testFailedAllocation] Cluster health status changed from [YELLOW] to [RED] (reason: [shards failed [[idx][0]]]).
[2020-02-17T00:20:39,115][WARN ][o.e.c.r.a.AllocationService] [testFailedAllocation] failing shard [failed shard, shard [idx][0], node[node1], [P], recovery_source[new shard recovery], s[INITIALIZING], a[id=DnIxjBKwTcWc1RhYx-jMSQ], unassigned_info[[reason=ALLOCATION_FAILED], at[2020-02-16T22:20:39.114Z], failed_attempts[1], failed_nodes[[node2]], delayed=false, details[failed shard on node [node2]: boom0, failure UnsupportedOperationException[null]], allocation_status[no_attempt]], message [boom1], failure [UnsupportedOperationException[null]], markAsStale [true]]
java.lang.UnsupportedOperationException: null
	at org.elasticsearch.cluster.routing.allocation.MaxRetryAllocationDeciderTests.testFailedAllocation(MaxRetryAllocationDeciderTests.java:166) [test/:?]
	at jdk.internal.reflect.NativeMethodAccessorImpl.invoke0(Native Method) ~[?:?]
	at jdk.internal.reflect.NativeMethodAccessorImpl.invoke(NativeMethodAccessorImpl.java:62) ~[?:?]
	at jdk.internal.reflect.DelegatingMethodAccessorImpl.invoke(DelegatingMethodAccessorImpl.java:43) ~[?:?]
	at java.lang.reflect.Method.invoke(Method.java:567) ~[?:?]
	at com.carrotsearch.randomizedtesting.RandomizedRunner.invoke(RandomizedRunner.java:1750) [randomizedtesting-runner-2.7.1.jar:?]
	at com.carrotsearch.randomizedtesting.RandomizedRunner$8.evaluate(RandomizedRunner.java:938) [randomizedtesting-runner-2.7.1.jar:?]
	at com.carrotsearch.randomizedtesting.RandomizedRunner$9.evaluate(RandomizedRunner.java:974) [randomizedtesting-runner-2.7.1.jar:?]
	at com.carrotsearch.randomizedtesting.RandomizedRunner$10.evaluate(RandomizedRunner.java:988) [randomizedtesting-runner-2.7.1.jar:?]
	at com.carrotsearch.randomizedtesting.rules.StatementAdapter.evaluate(StatementAdapter.java:36) [randomizedtesting-runner-2.7.1.jar:?]
	at org.apache.lucene.util.TestRuleSetupTeardownChained$1.evaluate(TestRuleSetupTeardownChained.java:49) [lucene-test-framework-8.3.0.jar:8.3.0 2aa586909b911e66e1d8863aa89f173d69f86cd2 - ishan - 2019-10-25 23:10:05]
	at org.apache.lucene.util.AbstractBeforeAfterRule$1.evaluate(AbstractBeforeAfterRule.java:45) [lucene-test-framework-8.3.0.jar:8.3.0 2aa586909b911e66e1d8863aa89f173d69f86cd2 - ishan - 2019-10-25 23:10:05]
	at org.apache.lucene.util.TestRuleThreadAndTestName$1.evaluate(TestRuleThreadAndTestName.java:48) [lucene-test-framework-8.3.0.jar:8.3.0 2aa586909b911e66e1d8863aa89f173d69f86cd2 - ishan - 2019-10-25 23:10:05]
	at org.apache.lucene.util.TestRuleIgnoreAfterMaxFailures$1.evaluate(TestRuleIgnoreAfterMaxFailures.java:64) [lucene-test-framework-8.3.0.jar:8.3.0 2aa586909b911e66e1d8863aa89f173d69f86cd2 - ishan - 2019-10-25 23:10:05]
	at org.apache.lucene.util.TestRuleMarkFailure$1.evaluate(TestRuleMarkFailure.java:47) [lucene-test-framework-8.3.0.jar:8.3.0 2aa586909b911e66e1d8863aa89f173d69f86cd2 - ishan - 2019-10-25 23:10:05]
	at com.carrotsearch.randomizedtesting.rules.StatementAdapter.evaluate(StatementAdapter.java:36) [randomizedtesting-runner-2.7.1.jar:?]
	at com.carrotsearch.randomizedtesting.ThreadLeakControl$StatementRunner.run(ThreadLeakControl.java:368) [randomizedtesting-runner-2.7.1.jar:?]
	at com.carrotsearch.randomizedtesting.ThreadLeakControl.forkTimeoutingTask(ThreadLeakControl.java:817) [randomizedtesting-runner-2.7.1.jar:?]
	at com.carrotsearch.randomizedtesting.ThreadLeakControl$3.evaluate(ThreadLeakControl.java:468) [randomizedtesting-runner-2.7.1.jar:?]
	at com.carrotsearch.randomizedtesting.RandomizedRunner.runSingleTest(RandomizedRunner.java:947) [randomizedtesting-runner-2.7.1.jar:?]
	at com.carrotsearch.randomizedtesting.RandomizedRunner$5.evaluate(RandomizedRunner.java:832) [randomizedtesting-runner-2.7.1.jar:?]
	at com.carrotsearch.randomizedtesting.RandomizedRunner$6.evaluate(RandomizedRunner.java:883) [randomizedtesting-runner-2.7.1.jar:?]
	at com.carrotsearch.randomizedtesting.RandomizedRunner$7.evaluate(RandomizedRunner.java:894) [randomizedtesting-runner-2.7.1.jar:?]
	at org.apache.lucene.util.AbstractBeforeAfterRule$1.evaluate(AbstractBeforeAfterRule.java:45) [lucene-test-framework-8.3.0.jar:8.3.0 2aa586909b911e66e1d8863aa89f173d69f86cd2 - ishan - 2019-10-25 23:10:05]
	at com.carrotsearch.randomizedtesting.rules.StatementAdapter.evaluate(StatementAdapter.java:36) [randomizedtesting-runner-2.7.1.jar:?]
	at org.apache.lucene.util.TestRuleStoreClassName$1.evaluate(TestRuleStoreClassName.java:41) [lucene-test-framework-8.3.0.jar:8.3.0 2aa586909b911e66e1d8863aa89f173d69f86cd2 - ishan - 2019-10-25 23:10:05]
	at com.carrotsearch.randomizedtesting.rules.NoShadowingOrOverridesOnMethodsRule$1.evaluate(NoShadowingOrOverridesOnMethodsRule.java:40) [randomizedtesting-runner-2.7.1.jar:?]
	at com.carrotsearch.randomizedtesting.rules.NoShadowingOrOverridesOnMethodsRule$1.evaluate(NoShadowingOrOverridesOnMethodsRule.java:40) [randomizedtesting-runner-2.7.1.jar:?]
	at com.carrotsearch.randomizedtesting.rules.StatementAdapter.evaluate(StatementAdapter.java:36) [randomizedtesting-runner-2.7.1.jar:?]
	at com.carrotsearch.randomizedtesting.rules.StatementAdapter.evaluate(StatementAdapter.java:36) [randomizedtesting-runner-2.7.1.jar:?]
	at org.apache.lucene.util.TestRuleAssertionsRequired$1.evaluate(TestRuleAssertionsRequired.java:53) [lucene-test-framework-8.3.0.jar:8.3.0 2aa586909b911e66e1d8863aa89f173d69f86cd2 - ishan - 2019-10-25 23:10:05]
	at org.apache.lucene.util.TestRuleMarkFailure$1.evaluate(TestRuleMarkFailure.java:47) [lucene-test-framework-8.3.0.jar:8.3.0 2aa586909b911e66e1d8863aa89f173d69f86cd2 - ishan - 2019-10-25 23:10:05]
	at org.apache.lucene.util.TestRuleIgnoreAfterMaxFailures$1.evaluate(TestRuleIgnoreAfterMaxFailures.java:64) [lucene-test-framework-8.3.0.jar:8.3.0 2aa586909b911e66e1d8863aa89f173d69f86cd2 - ishan - 2019-10-25 23:10:05]
	at org.apache.lucene.util.TestRuleIgnoreTestSuites$1.evaluate(TestRuleIgnoreTestSuites.java:54) [lucene-test-framework-8.3.0.jar:8.3.0 2aa586909b911e66e1d8863aa89f173d69f86cd2 - ishan - 2019-10-25 23:10:05]
	at com.carrotsearch.randomizedtesting.rules.StatementAdapter.evaluate(StatementAdapter.java:36) [randomizedtesting-runner-2.7.1.jar:?]
	at com.carrotsearch.randomizedtesting.ThreadLeakControl$StatementRunner.run(ThreadLeakControl.java:368) [randomizedtesting-runner-2.7.1.jar:?]
	at java.lang.Thread.run(Thread.java:835) [?:?]
[2020-02-17T00:20:39,116][WARN ][o.e.c.r.a.AllocationService] [testFailedAllocation] failing shard [failed shard, shard [idx][0], node[node2], [P], recovery_source[new shard recovery], s[INITIALIZING], a[id=3YBZxK3SS_6C1LJNS7UleA], unassigned_info[[reason=ALLOCATION_FAILED], at[2020-02-16T22:20:39.115Z], failed_attempts[2], failed_nodes[[node1, node2]], delayed=false, details[failed shard on node [node1]: boom1, failure UnsupportedOperationException[null]], allocation_status[no_attempt]], message [boom2], failure [UnsupportedOperationException[null]], markAsStale [true]]
java.lang.UnsupportedOperationException: null
	at org.elasticsearch.cluster.routing.allocation.MaxRetryAllocationDeciderTests.testFailedAllocation(MaxRetryAllocationDeciderTests.java:166) [test/:?]
	at jdk.internal.reflect.NativeMethodAccessorImpl.invoke0(Native Method) ~[?:?]
	at jdk.internal.reflect.NativeMethodAccessorImpl.invoke(NativeMethodAccessorImpl.java:62) ~[?:?]
	at jdk.internal.reflect.DelegatingMethodAccessorImpl.invoke(DelegatingMethodAccessorImpl.java:43) ~[?:?]
	at java.lang.reflect.Method.invoke(Method.java:567) ~[?:?]
	at com.carrotsearch.randomizedtesting.RandomizedRunner.invoke(RandomizedRunner.java:1750) [randomizedtesting-runner-2.7.1.jar:?]
	at com.carrotsearch.randomizedtesting.RandomizedRunner$8.evaluate(RandomizedRunner.java:938) [randomizedtesting-runner-2.7.1.jar:?]
	at com.carrotsearch.randomizedtesting.RandomizedRunner$9.evaluate(RandomizedRunner.java:974) [randomizedtesting-runner-2.7.1.jar:?]
	at com.carrotsearch.randomizedtesting.RandomizedRunner$10.evaluate(RandomizedRunner.java:988) [randomizedtesting-runner-2.7.1.jar:?]
	at com.carrotsearch.randomizedtesting.rules.StatementAdapter.evaluate(StatementAdapter.java:36) [randomizedtesting-runner-2.7.1.jar:?]
	at org.apache.lucene.util.TestRuleSetupTeardownChained$1.evaluate(TestRuleSetupTeardownChained.java:49) [lucene-test-framework-8.3.0.jar:8.3.0 2aa586909b911e66e1d8863aa89f173d69f86cd2 - ishan - 2019-10-25 23:10:05]
	at org.apache.lucene.util.AbstractBeforeAfterRule$1.evaluate(AbstractBeforeAfterRule.java:45) [lucene-test-framework-8.3.0.jar:8.3.0 2aa586909b911e66e1d8863aa89f173d69f86cd2 - ishan - 2019-10-25 23:10:05]
	at org.apache.lucene.util.TestRuleThreadAndTestName$1.evaluate(TestRuleThreadAndTestName.java:48) [lucene-test-framework-8.3.0.jar:8.3.0 2aa586909b911e66e1d8863aa89f173d69f86cd2 - ishan - 2019-10-25 23:10:05]
	at org.apache.lucene.util.TestRuleIgnoreAfterMaxFailures$1.evaluate(TestRuleIgnoreAfterMaxFailures.java:64) [lucene-test-framework-8.3.0.jar:8.3.0 2aa586909b911e66e1d8863aa89f173d69f86cd2 - ishan - 2019-10-25 23:10:05]
	at org.apache.lucene.util.TestRuleMarkFailure$1.evaluate(TestRuleMarkFailure.java:47) [lucene-test-framework-8.3.0.jar:8.3.0 2aa586909b911e66e1d8863aa89f173d69f86cd2 - ishan - 2019-10-25 23:10:05]
	at com.carrotsearch.randomizedtesting.rules.StatementAdapter.evaluate(StatementAdapter.java:36) [randomizedtesting-runner-2.7.1.jar:?]
	at com.carrotsearch.randomizedtesting.ThreadLeakControl$StatementRunner.run(ThreadLeakControl.java:368) [randomizedtesting-runner-2.7.1.jar:?]
	at com.carrotsearch.randomizedtesting.ThreadLeakControl.forkTimeoutingTask(ThreadLeakControl.java:817) [randomizedtesting-runner-2.7.1.jar:?]
	at com.carrotsearch.randomizedtesting.ThreadLeakControl$3.evaluate(ThreadLeakControl.java:468) [randomizedtesting-runner-2.7.1.jar:?]
	at com.carrotsearch.randomizedtesting.RandomizedRunner.runSingleTest(RandomizedRunner.java:947) [randomizedtesting-runner-2.7.1.jar:?]
	at com.carrotsearch.randomizedtesting.RandomizedRunner$5.evaluate(RandomizedRunner.java:832) [randomizedtesting-runner-2.7.1.jar:?]
	at com.carrotsearch.randomizedtesting.RandomizedRunner$6.evaluate(RandomizedRunner.java:883) [randomizedtesting-runner-2.7.1.jar:?]
	at com.carrotsearch.randomizedtesting.RandomizedRunner$7.evaluate(RandomizedRunner.java:894) [randomizedtesting-runner-2.7.1.jar:?]
	at org.apache.lucene.util.AbstractBeforeAfterRule$1.evaluate(AbstractBeforeAfterRule.java:45) [lucene-test-framework-8.3.0.jar:8.3.0 2aa586909b911e66e1d8863aa89f173d69f86cd2 - ishan - 2019-10-25 23:10:05]
	at com.carrotsearch.randomizedtesting.rules.StatementAdapter.evaluate(StatementAdapter.java:36) [randomizedtesting-runner-2.7.1.jar:?]
	at org.apache.lucene.util.TestRuleStoreClassName$1.evaluate(TestRuleStoreClassName.java:41) [lucene-test-framework-8.3.0.jar:8.3.0 2aa586909b911e66e1d8863aa89f173d69f86cd2 - ishan - 2019-10-25 23:10:05]
	at com.carrotsearch.randomizedtesting.rules.NoShadowingOrOverridesOnMethodsRule$1.evaluate(NoShadowingOrOverridesOnMethodsRule.java:40) [randomizedtesting-runner-2.7.1.jar:?]
	at com.carrotsearch.randomizedtesting.rules.NoShadowingOrOverridesOnMethodsRule$1.evaluate(NoShadowingOrOverridesOnMethodsRule.java:40) [randomizedtesting-runner-2.7.1.jar:?]
	at com.carrotsearch.randomizedtesting.rules.StatementAdapter.evaluate(StatementAdapter.java:36) [randomizedtesting-runner-2.7.1.jar:?]
	at com.carrotsearch.randomizedtesting.rules.StatementAdapter.evaluate(StatementAdapter.java:36) [randomizedtesting-runner-2.7.1.jar:?]
	at org.apache.lucene.util.TestRuleAssertionsRequired$1.evaluate(TestRuleAssertionsRequired.java:53) [lucene-test-framework-8.3.0.jar:8.3.0 2aa586909b911e66e1d8863aa89f173d69f86cd2 - ishan - 2019-10-25 23:10:05]
	at org.apache.lucene.util.TestRuleMarkFailure$1.evaluate(TestRuleMarkFailure.java:47) [lucene-test-framework-8.3.0.jar:8.3.0 2aa586909b911e66e1d8863aa89f173d69f86cd2 - ishan - 2019-10-25 23:10:05]
	at org.apache.lucene.util.TestRuleIgnoreAfterMaxFailures$1.evaluate(TestRuleIgnoreAfterMaxFailures.java:64) [lucene-test-framework-8.3.0.jar:8.3.0 2aa586909b911e66e1d8863aa89f173d69f86cd2 - ishan - 2019-10-25 23:10:05]
	at org.apache.lucene.util.TestRuleIgnoreTestSuites$1.evaluate(TestRuleIgnoreTestSuites.java:54) [lucene-test-framework-8.3.0.jar:8.3.0 2aa586909b911e66e1d8863aa89f173d69f86cd2 - ishan - 2019-10-25 23:10:05]
	at com.carrotsearch.randomizedtesting.rules.StatementAdapter.evaluate(StatementAdapter.java:36) [randomizedtesting-runner-2.7.1.jar:?]
	at com.carrotsearch.randomizedtesting.ThreadLeakControl$StatementRunner.run(ThreadLeakControl.java:368) [randomizedtesting-runner-2.7.1.jar:?]
	at java.lang.Thread.run(Thread.java:835) [?:?]
[2020-02-17T00:20:39,117][WARN ][o.e.c.r.a.AllocationService] [testFailedAllocation] failing shard [failed shard, shard [idx][0], node[node1], [P], recovery_source[new shard recovery], s[INITIALIZING], a[id=X-fz_IJbT4K98UfUklvWLg], unassigned_info[[reason=ALLOCATION_FAILED], at[2020-02-16T22:20:39.116Z], failed_attempts[3], failed_nodes[[node1, node2]], delayed=false, details[failed shard on node [node2]: boom2, failure UnsupportedOperationException[null]], allocation_status[no_attempt]], message [boom3], failure [UnsupportedOperationException[null]], markAsStale [false]]
java.lang.UnsupportedOperationException: null
	at org.elasticsearch.cluster.routing.allocation.MaxRetryAllocationDeciderTests.testFailedAllocation(MaxRetryAllocationDeciderTests.java:166) [test/:?]
	at jdk.internal.reflect.NativeMethodAccessorImpl.invoke0(Native Method) ~[?:?]
	at jdk.internal.reflect.NativeMethodAccessorImpl.invoke(NativeMethodAccessorImpl.java:62) ~[?:?]
	at jdk.internal.reflect.DelegatingMethodAccessorImpl.invoke(DelegatingMethodAccessorImpl.java:43) ~[?:?]
	at java.lang.reflect.Method.invoke(Method.java:567) ~[?:?]
	at com.carrotsearch.randomizedtesting.RandomizedRunner.invoke(RandomizedRunner.java:1750) [randomizedtesting-runner-2.7.1.jar:?]
	at com.carrotsearch.randomizedtesting.RandomizedRunner$8.evaluate(RandomizedRunner.java:938) [randomizedtesting-runner-2.7.1.jar:?]
	at com.carrotsearch.randomizedtesting.RandomizedRunner$9.evaluate(RandomizedRunner.java:974) [randomizedtesting-runner-2.7.1.jar:?]
	at com.carrotsearch.randomizedtesting.RandomizedRunner$10.evaluate(RandomizedRunner.java:988) [randomizedtesting-runner-2.7.1.jar:?]
	at com.carrotsearch.randomizedtesting.rules.StatementAdapter.evaluate(StatementAdapter.java:36) [randomizedtesting-runner-2.7.1.jar:?]
	at org.apache.lucene.util.TestRuleSetupTeardownChained$1.evaluate(TestRuleSetupTeardownChained.java:49) [lucene-test-framework-8.3.0.jar:8.3.0 2aa586909b911e66e1d8863aa89f173d69f86cd2 - ishan - 2019-10-25 23:10:05]
	at org.apache.lucene.util.AbstractBeforeAfterRule$1.evaluate(AbstractBeforeAfterRule.java:45) [lucene-test-framework-8.3.0.jar:8.3.0 2aa586909b911e66e1d8863aa89f173d69f86cd2 - ishan - 2019-10-25 23:10:05]
	at org.apache.lucene.util.TestRuleThreadAndTestName$1.evaluate(TestRuleThreadAndTestName.java:48) [lucene-test-framework-8.3.0.jar:8.3.0 2aa586909b911e66e1d8863aa89f173d69f86cd2 - ishan - 2019-10-25 23:10:05]
	at org.apache.lucene.util.TestRuleIgnoreAfterMaxFailures$1.evaluate(TestRuleIgnoreAfterMaxFailures.java:64) [lucene-test-framework-8.3.0.jar:8.3.0 2aa586909b911e66e1d8863aa89f173d69f86cd2 - ishan - 2019-10-25 23:10:05]
	at org.apache.lucene.util.TestRuleMarkFailure$1.evaluate(TestRuleMarkFailure.java:47) [lucene-test-framework-8.3.0.jar:8.3.0 2aa586909b911e66e1d8863aa89f173d69f86cd2 - ishan - 2019-10-25 23:10:05]
	at com.carrotsearch.randomizedtesting.rules.StatementAdapter.evaluate(StatementAdapter.java:36) [randomizedtesting-runner-2.7.1.jar:?]
	at com.carrotsearch.randomizedtesting.ThreadLeakControl$StatementRunner.run(ThreadLeakControl.java:368) [randomizedtesting-runner-2.7.1.jar:?]
	at com.carrotsearch.randomizedtesting.ThreadLeakControl.forkTimeoutingTask(ThreadLeakControl.java:817) [randomizedtesting-runner-2.7.1.jar:?]
	at com.carrotsearch.randomizedtesting.ThreadLeakControl$3.evaluate(ThreadLeakControl.java:468) [randomizedtesting-runner-2.7.1.jar:?]
	at com.carrotsearch.randomizedtesting.RandomizedRunner.runSingleTest(RandomizedRunner.java:947) [randomizedtesting-runner-2.7.1.jar:?]
	at com.carrotsearch.randomizedtesting.RandomizedRunner$5.evaluate(RandomizedRunner.java:832) [randomizedtesting-runner-2.7.1.jar:?]
	at com.carrotsearch.randomizedtesting.RandomizedRunner$6.evaluate(RandomizedRunner.java:883) [randomizedtesting-runner-2.7.1.jar:?]
	at com.carrotsearch.randomizedtesting.RandomizedRunner$7.evaluate(RandomizedRunner.java:894) [randomizedtesting-runner-2.7.1.jar:?]
	at org.apache.lucene.util.AbstractBeforeAfterRule$1.evaluate(AbstractBeforeAfterRule.java:45) [lucene-test-framework-8.3.0.jar:8.3.0 2aa586909b911e66e1d8863aa89f173d69f86cd2 - ishan - 2019-10-25 23:10:05]
	at com.carrotsearch.randomizedtesting.rules.StatementAdapter.evaluate(StatementAdapter.java:36) [randomizedtesting-runner-2.7.1.jar:?]
	at org.apache.lucene.util.TestRuleStoreClassName$1.evaluate(TestRuleStoreClassName.java:41) [lucene-test-framework-8.3.0.jar:8.3.0 2aa586909b911e66e1d8863aa89f173d69f86cd2 - ishan - 2019-10-25 23:10:05]
	at com.carrotsearch.randomizedtesting.rules.NoShadowingOrOverridesOnMethodsRule$1.evaluate(NoShadowingOrOverridesOnMethodsRule.java:40) [randomizedtesting-runner-2.7.1.jar:?]
	at com.carrotsearch.randomizedtesting.rules.NoShadowingOrOverridesOnMethodsRule$1.evaluate(NoShadowingOrOverridesOnMethodsRule.java:40) [randomizedtesting-runner-2.7.1.jar:?]
	at com.carrotsearch.randomizedtesting.rules.StatementAdapter.evaluate(StatementAdapter.java:36) [randomizedtesting-runner-2.7.1.jar:?]
	at com.carrotsearch.randomizedtesting.rules.StatementAdapter.evaluate(StatementAdapter.java:36) [randomizedtesting-runner-2.7.1.jar:?]
	at org.apache.lucene.util.TestRuleAssertionsRequired$1.evaluate(TestRuleAssertionsRequired.java:53) [lucene-test-framework-8.3.0.jar:8.3.0 2aa586909b911e66e1d8863aa89f173d69f86cd2 - ishan - 2019-10-25 23:10:05]
	at org.apache.lucene.util.TestRuleMarkFailure$1.evaluate(TestRuleMarkFailure.java:47) [lucene-test-framework-8.3.0.jar:8.3.0 2aa586909b911e66e1d8863aa89f173d69f86cd2 - ishan - 2019-10-25 23:10:05]
	at org.apache.lucene.util.TestRuleIgnoreAfterMaxFailures$1.evaluate(TestRuleIgnoreAfterMaxFailures.java:64) [lucene-test-framework-8.3.0.jar:8.3.0 2aa586909b911e66e1d8863aa89f173d69f86cd2 - ishan - 2019-10-25 23:10:05]
	at org.apache.lucene.util.TestRuleIgnoreTestSuites$1.evaluate(TestRuleIgnoreTestSuites.java:54) [lucene-test-framework-8.3.0.jar:8.3.0 2aa586909b911e66e1d8863aa89f173d69f86cd2 - ishan - 2019-10-25 23:10:05]
	at com.carrotsearch.randomizedtesting.rules.StatementAdapter.evaluate(StatementAdapter.java:36) [randomizedtesting-runner-2.7.1.jar:?]
	at com.carrotsearch.randomizedtesting.ThreadLeakControl$StatementRunner.run(ThreadLeakControl.java:368) [randomizedtesting-runner-2.7.1.jar:?]
	at java.lang.Thread.run(Thread.java:835) [?:?]
[2020-02-17T00:20:39,119][WARN ][o.e.c.r.a.AllocationService] [testFailedAllocation] failing shard [failed shard, shard [idx][0], node[node2], [P], recovery_source[new shard recovery], s[INITIALIZING], a[id=dXoUi0G2Qn2mLJp7K0GHdw], unassigned_info[[reason=ALLOCATION_FAILED], at[2020-02-16T22:20:39.117Z], failed_attempts[4], failed_nodes[[node1, node2]], delayed=false, details[failed shard on node [node1]: boom3, failure UnsupportedOperationException[null]], allocation_status[no_attempt]], message [boom], failure [UnsupportedOperationException[null]], markAsStale [false]]
java.lang.UnsupportedOperationException: null
	at org.elasticsearch.cluster.routing.allocation.MaxRetryAllocationDeciderTests.testFailedAllocation(MaxRetryAllocationDeciderTests.java:184) [test/:?]
	at jdk.internal.reflect.NativeMethodAccessorImpl.invoke0(Native Method) ~[?:?]
	at jdk.internal.reflect.NativeMethodAccessorImpl.invoke(NativeMethodAccessorImpl.java:62) ~[?:?]
	at jdk.internal.reflect.DelegatingMethodAccessorImpl.invoke(DelegatingMethodAccessorImpl.java:43) ~[?:?]
	at java.lang.reflect.Method.invoke(Method.java:567) ~[?:?]
	at com.carrotsearch.randomizedtesting.RandomizedRunner.invoke(RandomizedRunner.java:1750) [randomizedtesting-runner-2.7.1.jar:?]
	at com.carrotsearch.randomizedtesting.RandomizedRunner$8.evaluate(RandomizedRunner.java:938) [randomizedtesting-runner-2.7.1.jar:?]
	at com.carrotsearch.randomizedtesting.RandomizedRunner$9.evaluate(RandomizedRunner.java:974) [randomizedtesting-runner-2.7.1.jar:?]
	at com.carrotsearch.randomizedtesting.RandomizedRunner$10.evaluate(RandomizedRunner.java:988) [randomizedtesting-runner-2.7.1.jar:?]
	at com.carrotsearch.randomizedtesting.rules.StatementAdapter.evaluate(StatementAdapter.java:36) [randomizedtesting-runner-2.7.1.jar:?]
	at org.apache.lucene.util.TestRuleSetupTeardownChained$1.evaluate(TestRuleSetupTeardownChained.java:49) [lucene-test-framework-8.3.0.jar:8.3.0 2aa586909b911e66e1d8863aa89f173d69f86cd2 - ishan - 2019-10-25 23:10:05]
	at org.apache.lucene.util.AbstractBeforeAfterRule$1.evaluate(AbstractBeforeAfterRule.java:45) [lucene-test-framework-8.3.0.jar:8.3.0 2aa586909b911e66e1d8863aa89f173d69f86cd2 - ishan - 2019-10-25 23:10:05]
	at org.apache.lucene.util.TestRuleThreadAndTestName$1.evaluate(TestRuleThreadAndTestName.java:48) [lucene-test-framework-8.3.0.jar:8.3.0 2aa586909b911e66e1d8863aa89f173d69f86cd2 - ishan - 2019-10-25 23:10:05]
	at org.apache.lucene.util.TestRuleIgnoreAfterMaxFailures$1.evaluate(TestRuleIgnoreAfterMaxFailures.java:64) [lucene-test-framework-8.3.0.jar:8.3.0 2aa586909b911e66e1d8863aa89f173d69f86cd2 - ishan - 2019-10-25 23:10:05]
	at org.apache.lucene.util.TestRuleMarkFailure$1.evaluate(TestRuleMarkFailure.java:47) [lucene-test-framework-8.3.0.jar:8.3.0 2aa586909b911e66e1d8863aa89f173d69f86cd2 - ishan - 2019-10-25 23:10:05]
	at com.carrotsearch.randomizedtesting.rules.StatementAdapter.evaluate(StatementAdapter.java:36) [randomizedtesting-runner-2.7.1.jar:?]
	at com.carrotsearch.randomizedtesting.ThreadLeakControl$StatementRunner.run(ThreadLeakControl.java:368) [randomizedtesting-runner-2.7.1.jar:?]
	at com.carrotsearch.randomizedtesting.ThreadLeakControl.forkTimeoutingTask(ThreadLeakControl.java:817) [randomizedtesting-runner-2.7.1.jar:?]
	at com.carrotsearch.randomizedtesting.ThreadLeakControl$3.evaluate(ThreadLeakControl.java:468) [randomizedtesting-runner-2.7.1.jar:?]
	at com.carrotsearch.randomizedtesting.RandomizedRunner.runSingleTest(RandomizedRunner.java:947) [randomizedtesting-runner-2.7.1.jar:?]
	at com.carrotsearch.randomizedtesting.RandomizedRunner$5.evaluate(RandomizedRunner.java:832) [randomizedtesting-runner-2.7.1.jar:?]
	at com.carrotsearch.randomizedtesting.RandomizedRunner$6.evaluate(RandomizedRunner.java:883) [randomizedtesting-runner-2.7.1.jar:?]
	at com.carrotsearch.randomizedtesting.RandomizedRunner$7.evaluate(RandomizedRunner.java:894) [randomizedtesting-runner-2.7.1.jar:?]
	at org.apache.lucene.util.AbstractBeforeAfterRule$1.evaluate(AbstractBeforeAfterRule.java:45) [lucene-test-framework-8.3.0.jar:8.3.0 2aa586909b911e66e1d8863aa89f173d69f86cd2 - ishan - 2019-10-25 23:10:05]
	at com.carrotsearch.randomizedtesting.rules.StatementAdapter.evaluate(StatementAdapter.java:36) [randomizedtesting-runner-2.7.1.jar:?]
	at org.apache.lucene.util.TestRuleStoreClassName$1.evaluate(TestRuleStoreClassName.java:41) [lucene-test-framework-8.3.0.jar:8.3.0 2aa586909b911e66e1d8863aa89f173d69f86cd2 - ishan - 2019-10-25 23:10:05]
	at com.carrotsearch.randomizedtesting.rules.NoShadowingOrOverridesOnMethodsRule$1.evaluate(NoShadowingOrOverridesOnMethodsRule.java:40) [randomizedtesting-runner-2.7.1.jar:?]
	at com.carrotsearch.randomizedtesting.rules.NoShadowingOrOverridesOnMethodsRule$1.evaluate(NoShadowingOrOverridesOnMethodsRule.java:40) [randomizedtesting-runner-2.7.1.jar:?]
	at com.carrotsearch.randomizedtesting.rules.StatementAdapter.evaluate(StatementAdapter.java:36) [randomizedtesting-runner-2.7.1.jar:?]
	at com.carrotsearch.randomizedtesting.rules.StatementAdapter.evaluate(StatementAdapter.java:36) [randomizedtesting-runner-2.7.1.jar:?]
	at org.apache.lucene.util.TestRuleAssertionsRequired$1.evaluate(TestRuleAssertionsRequired.java:53) [lucene-test-framework-8.3.0.jar:8.3.0 2aa586909b911e66e1d8863aa89f173d69f86cd2 - ishan - 2019-10-25 23:10:05]
	at org.apache.lucene.util.TestRuleMarkFailure$1.evaluate(TestRuleMarkFailure.java:47) [lucene-test-framework-8.3.0.jar:8.3.0 2aa586909b911e66e1d8863aa89f173d69f86cd2 - ishan - 2019-10-25 23:10:05]
	at org.apache.lucene.util.TestRuleIgnoreAfterMaxFailures$1.evaluate(TestRuleIgnoreAfterMaxFailures.java:64) [lucene-test-framework-8.3.0.jar:8.3.0 2aa586909b911e66e1d8863aa89f173d69f86cd2 - ishan - 2019-10-25 23:10:05]
	at org.apache.lucene.util.TestRuleIgnoreTestSuites$1.evaluate(TestRuleIgnoreTestSuites.java:54) [lucene-test-framework-8.3.0.jar:8.3.0 2aa586909b911e66e1d8863aa89f173d69f86cd2 - ishan - 2019-10-25 23:10:05]
	at com.carrotsearch.randomizedtesting.rules.StatementAdapter.evaluate(StatementAdapter.java:36) [randomizedtesting-runner-2.7.1.jar:?]
	at com.carrotsearch.randomizedtesting.ThreadLeakControl$StatementRunner.run(ThreadLeakControl.java:368) [randomizedtesting-runner-2.7.1.jar:?]
	at java.lang.Thread.run(Thread.java:835) [?:?]
[2020-02-17T00:20:39,120][INFO ][o.e.c.r.a.AllocationService] [testFailedAllocation] Cluster health status changed from [RED] to [GREEN] (reason: [shards started [[idx][0]]]).
[2020-02-17T00:20:39,120][WARN ][o.e.c.r.a.AllocationService] [testFailedAllocation] failing shard [failed shard, shard [idx][0], node[node2], [P], s[STARTED], a[id=sA6PuuhCRImQShtoPajUQQ], message [ZOOOMG], failure [UnsupportedOperationException[null]], markAsStale [false]]
java.lang.UnsupportedOperationException: null
	at org.elasticsearch.cluster.routing.allocation.MaxRetryAllocationDeciderTests.testFailedAllocation(MaxRetryAllocationDeciderTests.java:232) [test/:?]
	at jdk.internal.reflect.NativeMethodAccessorImpl.invoke0(Native Method) ~[?:?]
	at jdk.internal.reflect.NativeMethodAccessorImpl.invoke(NativeMethodAccessorImpl.java:62) ~[?:?]
	at jdk.internal.reflect.DelegatingMethodAccessorImpl.invoke(DelegatingMethodAccessorImpl.java:43) ~[?:?]
	at java.lang.reflect.Method.invoke(Method.java:567) ~[?:?]
	at com.carrotsearch.randomizedtesting.RandomizedRunner.invoke(RandomizedRunner.java:1750) [randomizedtesting-runner-2.7.1.jar:?]
	at com.carrotsearch.randomizedtesting.RandomizedRunner$8.evaluate(RandomizedRunner.java:938) [randomizedtesting-runner-2.7.1.jar:?]
	at com.carrotsearch.randomizedtesting.RandomizedRunner$9.evaluate(RandomizedRunner.java:974) [randomizedtesting-runner-2.7.1.jar:?]
	at com.carrotsearch.randomizedtesting.RandomizedRunner$10.evaluate(RandomizedRunner.java:988) [randomizedtesting-runner-2.7.1.jar:?]
	at com.carrotsearch.randomizedtesting.rules.StatementAdapter.evaluate(StatementAdapter.java:36) [randomizedtesting-runner-2.7.1.jar:?]
	at org.apache.lucene.util.TestRuleSetupTeardownChained$1.evaluate(TestRuleSetupTeardownChained.java:49) [lucene-test-framework-8.3.0.jar:8.3.0 2aa586909b911e66e1d8863aa89f173d69f86cd2 - ishan - 2019-10-25 23:10:05]
	at org.apache.lucene.util.AbstractBeforeAfterRule$1.evaluate(AbstractBeforeAfterRule.java:45) [lucene-test-framework-8.3.0.jar:8.3.0 2aa586909b911e66e1d8863aa89f173d69f86cd2 - ishan - 2019-10-25 23:10:05]
	at org.apache.lucene.util.TestRuleThreadAndTestName$1.evaluate(TestRuleThreadAndTestName.java:48) [lucene-test-framework-8.3.0.jar:8.3.0 2aa586909b911e66e1d8863aa89f173d69f86cd2 - ishan - 2019-10-25 23:10:05]
	at org.apache.lucene.util.TestRuleIgnoreAfterMaxFailures$1.evaluate(TestRuleIgnoreAfterMaxFailures.java:64) [lucene-test-framework-8.3.0.jar:8.3.0 2aa586909b911e66e1d8863aa89f173d69f86cd2 - ishan - 2019-10-25 23:10:05]
	at org.apache.lucene.util.TestRuleMarkFailure$1.evaluate(TestRuleMarkFailure.java:47) [lucene-test-framework-8.3.0.jar:8.3.0 2aa586909b911e66e1d8863aa89f173d69f86cd2 - ishan - 2019-10-25 23:10:05]
	at com.carrotsearch.randomizedtesting.rules.StatementAdapter.evaluate(StatementAdapter.java:36) [randomizedtesting-runner-2.7.1.jar:?]
	at com.carrotsearch.randomizedtesting.ThreadLeakControl$StatementRunner.run(ThreadLeakControl.java:368) [randomizedtesting-runner-2.7.1.jar:?]
	at com.carrotsearch.randomizedtesting.ThreadLeakControl.forkTimeoutingTask(ThreadLeakControl.java:817) [randomizedtesting-runner-2.7.1.jar:?]
	at com.carrotsearch.randomizedtesting.ThreadLeakControl$3.evaluate(ThreadLeakControl.java:468) [randomizedtesting-runner-2.7.1.jar:?]
	at com.carrotsearch.randomizedtesting.RandomizedRunner.runSingleTest(RandomizedRunner.java:947) [randomizedtesting-runner-2.7.1.jar:?]
	at com.carrotsearch.randomizedtesting.RandomizedRunner$5.evaluate(RandomizedRunner.java:832) [randomizedtesting-runner-2.7.1.jar:?]
	at com.carrotsearch.randomizedtesting.RandomizedRunner$6.evaluate(RandomizedRunner.java:883) [randomizedtesting-runner-2.7.1.jar:?]
	at com.carrotsearch.randomizedtesting.RandomizedRunner$7.evaluate(RandomizedRunner.java:894) [randomizedtesting-runner-2.7.1.jar:?]
	at org.apache.lucene.util.AbstractBeforeAfterRule$1.evaluate(AbstractBeforeAfterRule.java:45) [lucene-test-framework-8.3.0.jar:8.3.0 2aa586909b911e66e1d8863aa89f173d69f86cd2 - ishan - 2019-10-25 23:10:05]
	at com.carrotsearch.randomizedtesting.rules.StatementAdapter.evaluate(StatementAdapter.java:36) [randomizedtesting-runner-2.7.1.jar:?]
	at org.apache.lucene.util.TestRuleStoreClassName$1.evaluate(TestRuleStoreClassName.java:41) [lucene-test-framework-8.3.0.jar:8.3.0 2aa586909b911e66e1d8863aa89f173d69f86cd2 - ishan - 2019-10-25 23:10:05]
	at com.carrotsearch.randomizedtesting.rules.NoShadowingOrOverridesOnMethodsRule$1.evaluate(NoShadowingOrOverridesOnMethodsRule.java:40) [randomizedtesting-runner-2.7.1.jar:?]
	at com.carrotsearch.randomizedtesting.rules.NoShadowingOrOverridesOnMethodsRule$1.evaluate(NoShadowingOrOverridesOnMethodsRule.java:40) [randomizedtesting-runner-2.7.1.jar:?]
	at com.carrotsearch.randomizedtesting.rules.StatementAdapter.evaluate(StatementAdapter.java:36) [randomizedtesting-runner-2.7.1.jar:?]
	at com.carrotsearch.randomizedtesting.rules.StatementAdapter.evaluate(StatementAdapter.java:36) [randomizedtesting-runner-2.7.1.jar:?]
	at org.apache.lucene.util.TestRuleAssertionsRequired$1.evaluate(TestRuleAssertionsRequired.java:53) [lucene-test-framework-8.3.0.jar:8.3.0 2aa586909b911e66e1d8863aa89f173d69f86cd2 - ishan - 2019-10-25 23:10:05]
	at org.apache.lucene.util.TestRuleMarkFailure$1.evaluate(TestRuleMarkFailure.java:47) [lucene-test-framework-8.3.0.jar:8.3.0 2aa586909b911e66e1d8863aa89f173d69f86cd2 - ishan - 2019-10-25 23:10:05]
	at org.apache.lucene.util.TestRuleIgnoreAfterMaxFailures$1.evaluate(TestRuleIgnoreAfterMaxFailures.java:64) [lucene-test-framework-8.3.0.jar:8.3.0 2aa586909b911e66e1d8863aa89f173d69f86cd2 - ishan - 2019-10-25 23:10:05]
	at org.apache.lucene.util.TestRuleIgnoreTestSuites$1.evaluate(TestRuleIgnoreTestSuites.java:54) [lucene-test-framework-8.3.0.jar:8.3.0 2aa586909b911e66e1d8863aa89f173d69f86cd2 - ishan - 2019-10-25 23:10:05]
	at com.carrotsearch.randomizedtesting.rules.StatementAdapter.evaluate(StatementAdapter.java:36) [randomizedtesting-runner-2.7.1.jar:?]
	at com.carrotsearch.randomizedtesting.ThreadLeakControl$StatementRunner.run(ThreadLeakControl.java:368) [randomizedtesting-runner-2.7.1.jar:?]
	at java.lang.Thread.run(Thread.java:835) [?:?]
[2020-02-17T00:20:39,121][INFO ][o.e.c.r.a.AllocationService] [testFailedAllocation] Cluster health status changed from [GREEN] to [RED] (reason: [shards failed [[idx][0]]]).
[2020-02-17T00:20:39,122][INFO ][o.e.c.r.a.MaxRetryAllocationDeciderTests] [testFailedAllocation] after test
[2020-02-17T00:20:39,133][INFO ][o.e.c.r.a.MaxRetryAllocationDeciderTests] [testSingleRetryOnIgnore] before test
[2020-02-17T00:20:39,133][WARN ][o.e.c.r.a.AllocationService] [testSingleRetryOnIgnore] failing shard [failed shard, shard [idx][0], node[node2], [P], recovery_source[new shard recovery], s[INITIALIZING], a[id=rfqnWZAgQV6BC6VkOVRRaA], unassigned_info[[reason=INDEX_CREATED], at[2020-02-16T22:20:39.133Z], delayed=false, allocation_status[no_attempt]], message [boom0], failure [UnsupportedOperationException[null]], markAsStale [true]]
java.lang.UnsupportedOperationException: null
	at org.elasticsearch.cluster.routing.allocation.MaxRetryAllocationDeciderTests.testSingleRetryOnIgnore(MaxRetryAllocationDeciderTests.java:93) [test/:?]
	at jdk.internal.reflect.NativeMethodAccessorImpl.invoke0(Native Method) ~[?:?]
	at jdk.internal.reflect.NativeMethodAccessorImpl.invoke(NativeMethodAccessorImpl.java:62) ~[?:?]
	at jdk.internal.reflect.DelegatingMethodAccessorImpl.invoke(DelegatingMethodAccessorImpl.java:43) ~[?:?]
	at java.lang.reflect.Method.invoke(Method.java:567) ~[?:?]
	at com.carrotsearch.randomizedtesting.RandomizedRunner.invoke(RandomizedRunner.java:1750) [randomizedtesting-runner-2.7.1.jar:?]
	at com.carrotsearch.randomizedtesting.RandomizedRunner$8.evaluate(RandomizedRunner.java:938) [randomizedtesting-runner-2.7.1.jar:?]
	at com.carrotsearch.randomizedtesting.RandomizedRunner$9.evaluate(RandomizedRunner.java:974) [randomizedtesting-runner-2.7.1.jar:?]
	at com.carrotsearch.randomizedtesting.RandomizedRunner$10.evaluate(RandomizedRunner.java:988) [randomizedtesting-runner-2.7.1.jar:?]
	at com.carrotsearch.randomizedtesting.rules.StatementAdapter.evaluate(StatementAdapter.java:36) [randomizedtesting-runner-2.7.1.jar:?]
	at org.apache.lucene.util.TestRuleSetupTeardownChained$1.evaluate(TestRuleSetupTeardownChained.java:49) [lucene-test-framework-8.3.0.jar:8.3.0 2aa586909b911e66e1d8863aa89f173d69f86cd2 - ishan - 2019-10-25 23:10:05]
	at org.apache.lucene.util.AbstractBeforeAfterRule$1.evaluate(AbstractBeforeAfterRule.java:45) [lucene-test-framework-8.3.0.jar:8.3.0 2aa586909b911e66e1d8863aa89f173d69f86cd2 - ishan - 2019-10-25 23:10:05]
	at org.apache.lucene.util.TestRuleThreadAndTestName$1.evaluate(TestRuleThreadAndTestName.java:48) [lucene-test-framework-8.3.0.jar:8.3.0 2aa586909b911e66e1d8863aa89f173d69f86cd2 - ishan - 2019-10-25 23:10:05]
	at org.apache.lucene.util.TestRuleIgnoreAfterMaxFailures$1.evaluate(TestRuleIgnoreAfterMaxFailures.java:64) [lucene-test-framework-8.3.0.jar:8.3.0 2aa586909b911e66e1d8863aa89f173d69f86cd2 - ishan - 2019-10-25 23:10:05]
	at org.apache.lucene.util.TestRuleMarkFailure$1.evaluate(TestRuleMarkFailure.java:47) [lucene-test-framework-8.3.0.jar:8.3.0 2aa586909b911e66e1d8863aa89f173d69f86cd2 - ishan - 2019-10-25 23:10:05]
	at com.carrotsearch.randomizedtesting.rules.StatementAdapter.evaluate(StatementAdapter.java:36) [randomizedtesting-runner-2.7.1.jar:?]
	at com.carrotsearch.randomizedtesting.ThreadLeakControl$StatementRunner.run(ThreadLeakControl.java:368) [randomizedtesting-runner-2.7.1.jar:?]
	at com.carrotsearch.randomizedtesting.ThreadLeakControl.forkTimeoutingTask(ThreadLeakControl.java:817) [randomizedtesting-runner-2.7.1.jar:?]
	at com.carrotsearch.randomizedtesting.ThreadLeakControl$3.evaluate(ThreadLeakControl.java:468) [randomizedtesting-runner-2.7.1.jar:?]
	at com.carrotsearch.randomizedtesting.RandomizedRunner.runSingleTest(RandomizedRunner.java:947) [randomizedtesting-runner-2.7.1.jar:?]
	at com.carrotsearch.randomizedtesting.RandomizedRunner$5.evaluate(RandomizedRunner.java:832) [randomizedtesting-runner-2.7.1.jar:?]
	at com.carrotsearch.randomizedtesting.RandomizedRunner$6.evaluate(RandomizedRunner.java:883) [randomizedtesting-runner-2.7.1.jar:?]
	at com.carrotsearch.randomizedtesting.RandomizedRunner$7.evaluate(RandomizedRunner.java:894) [randomizedtesting-runner-2.7.1.jar:?]
	at org.apache.lucene.util.AbstractBeforeAfterRule$1.evaluate(AbstractBeforeAfterRule.java:45) [lucene-test-framework-8.3.0.jar:8.3.0 2aa586909b911e66e1d8863aa89f173d69f86cd2 - ishan - 2019-10-25 23:10:05]
	at com.carrotsearch.randomizedtesting.rules.StatementAdapter.evaluate(StatementAdapter.java:36) [randomizedtesting-runner-2.7.1.jar:?]
	at org.apache.lucene.util.TestRuleStoreClassName$1.evaluate(TestRuleStoreClassName.java:41) [lucene-test-framework-8.3.0.jar:8.3.0 2aa586909b911e66e1d8863aa89f173d69f86cd2 - ishan - 2019-10-25 23:10:05]
	at com.carrotsearch.randomizedtesting.rules.NoShadowingOrOverridesOnMethodsRule$1.evaluate(NoShadowingOrOverridesOnMethodsRule.java:40) [randomizedtesting-runner-2.7.1.jar:?]
	at com.carrotsearch.randomizedtesting.rules.NoShadowingOrOverridesOnMethodsRule$1.evaluate(NoShadowingOrOverridesOnMethodsRule.java:40) [randomizedtesting-runner-2.7.1.jar:?]
	at com.carrotsearch.randomizedtesting.rules.StatementAdapter.evaluate(StatementAdapter.java:36) [randomizedtesting-runner-2.7.1.jar:?]
	at com.carrotsearch.randomizedtesting.rules.StatementAdapter.evaluate(StatementAdapter.java:36) [randomizedtesting-runner-2.7.1.jar:?]
	at org.apache.lucene.util.TestRuleAssertionsRequired$1.evaluate(TestRuleAssertionsRequired.java:53) [lucene-test-framework-8.3.0.jar:8.3.0 2aa586909b911e66e1d8863aa89f173d69f86cd2 - ishan - 2019-10-25 23:10:05]
	at org.apache.lucene.util.TestRuleMarkFailure$1.evaluate(TestRuleMarkFailure.java:47) [lucene-test-framework-8.3.0.jar:8.3.0 2aa586909b911e66e1d8863aa89f173d69f86cd2 - ishan - 2019-10-25 23:10:05]
	at org.apache.lucene.util.TestRuleIgnoreAfterMaxFailures$1.evaluate(TestRuleIgnoreAfterMaxFailures.java:64) [lucene-test-framework-8.3.0.jar:8.3.0 2aa586909b911e66e1d8863aa89f173d69f86cd2 - ishan - 2019-10-25 23:10:05]
	at org.apache.lucene.util.TestRuleIgnoreTestSuites$1.evaluate(TestRuleIgnoreTestSuites.java:54) [lucene-test-framework-8.3.0.jar:8.3.0 2aa586909b911e66e1d8863aa89f173d69f86cd2 - ishan - 2019-10-25 23:10:05]
	at com.carrotsearch.randomizedtesting.rules.StatementAdapter.evaluate(StatementAdapter.java:36) [randomizedtesting-runner-2.7.1.jar:?]
	at com.carrotsearch.randomizedtesting.ThreadLeakControl$StatementRunner.run(ThreadLeakControl.java:368) [randomizedtesting-runner-2.7.1.jar:?]
	at java.lang.Thread.run(Thread.java:835) [?:?]
[2020-02-17T00:20:39,135][INFO ][o.e.c.r.a.AllocationService] [testSingleRetryOnIgnore] Cluster health status changed from [YELLOW] to [RED] (reason: [shards failed [[idx][0]]]).
[2020-02-17T00:20:39,135][WARN ][o.e.c.r.a.AllocationService] [testSingleRetryOnIgnore] failing shard [failed shard, shard [idx][0], node[node1], [P], recovery_source[new shard recovery], s[INITIALIZING], a[id=9qkmcXq9RpCgBGMrvMSTlQ], unassigned_info[[reason=ALLOCATION_FAILED], at[2020-02-16T22:20:39.133Z], failed_attempts[1], failed_nodes[[node2]], delayed=false, details[failed shard on node [node2]: boom0, failure UnsupportedOperationException[null]], allocation_status[no_attempt]], message [boom1], failure [UnsupportedOperationException[null]], markAsStale [true]]
java.lang.UnsupportedOperationException: null
	at org.elasticsearch.cluster.routing.allocation.MaxRetryAllocationDeciderTests.testSingleRetryOnIgnore(MaxRetryAllocationDeciderTests.java:93) [test/:?]
	at jdk.internal.reflect.NativeMethodAccessorImpl.invoke0(Native Method) ~[?:?]
	at jdk.internal.reflect.NativeMethodAccessorImpl.invoke(NativeMethodAccessorImpl.java:62) ~[?:?]
	at jdk.internal.reflect.DelegatingMethodAccessorImpl.invoke(DelegatingMethodAccessorImpl.java:43) ~[?:?]
	at java.lang.reflect.Method.invoke(Method.java:567) ~[?:?]
	at com.carrotsearch.randomizedtesting.RandomizedRunner.invoke(RandomizedRunner.java:1750) [randomizedtesting-runner-2.7.1.jar:?]
	at com.carrotsearch.randomizedtesting.RandomizedRunner$8.evaluate(RandomizedRunner.java:938) [randomizedtesting-runner-2.7.1.jar:?]
	at com.carrotsearch.randomizedtesting.RandomizedRunner$9.evaluate(RandomizedRunner.java:974) [randomizedtesting-runner-2.7.1.jar:?]
	at com.carrotsearch.randomizedtesting.RandomizedRunner$10.evaluate(RandomizedRunner.java:988) [randomizedtesting-runner-2.7.1.jar:?]
	at com.carrotsearch.randomizedtesting.rules.StatementAdapter.evaluate(StatementAdapter.java:36) [randomizedtesting-runner-2.7.1.jar:?]
	at org.apache.lucene.util.TestRuleSetupTeardownChained$1.evaluate(TestRuleSetupTeardownChained.java:49) [lucene-test-framework-8.3.0.jar:8.3.0 2aa586909b911e66e1d8863aa89f173d69f86cd2 - ishan - 2019-10-25 23:10:05]
	at org.apache.lucene.util.AbstractBeforeAfterRule$1.evaluate(AbstractBeforeAfterRule.java:45) [lucene-test-framework-8.3.0.jar:8.3.0 2aa586909b911e66e1d8863aa89f173d69f86cd2 - ishan - 2019-10-25 23:10:05]
	at org.apache.lucene.util.TestRuleThreadAndTestName$1.evaluate(TestRuleThreadAndTestName.java:48) [lucene-test-framework-8.3.0.jar:8.3.0 2aa586909b911e66e1d8863aa89f173d69f86cd2 - ishan - 2019-10-25 23:10:05]
	at org.apache.lucene.util.TestRuleIgnoreAfterMaxFailures$1.evaluate(TestRuleIgnoreAfterMaxFailures.java:64) [lucene-test-framework-8.3.0.jar:8.3.0 2aa586909b911e66e1d8863aa89f173d69f86cd2 - ishan - 2019-10-25 23:10:05]
	at org.apache.lucene.util.TestRuleMarkFailure$1.evaluate(TestRuleMarkFailure.java:47) [lucene-test-framework-8.3.0.jar:8.3.0 2aa586909b911e66e1d8863aa89f173d69f86cd2 - ishan - 2019-10-25 23:10:05]
	at com.carrotsearch.randomizedtesting.rules.StatementAdapter.evaluate(StatementAdapter.java:36) [randomizedtesting-runner-2.7.1.jar:?]
	at com.carrotsearch.randomizedtesting.ThreadLeakControl$StatementRunner.run(ThreadLeakControl.java:368) [randomizedtesting-runner-2.7.1.jar:?]
	at com.carrotsearch.randomizedtesting.ThreadLeakControl.forkTimeoutingTask(ThreadLeakControl.java:817) [randomizedtesting-runner-2.7.1.jar:?]
	at com.carrotsearch.randomizedtesting.ThreadLeakControl$3.evaluate(ThreadLeakControl.java:468) [randomizedtesting-runner-2.7.1.jar:?]
	at com.carrotsearch.randomizedtesting.RandomizedRunner.runSingleTest(RandomizedRunner.java:947) [randomizedtesting-runner-2.7.1.jar:?]
	at com.carrotsearch.randomizedtesting.RandomizedRunner$5.evaluate(RandomizedRunner.java:832) [randomizedtesting-runner-2.7.1.jar:?]
	at com.carrotsearch.randomizedtesting.RandomizedRunner$6.evaluate(RandomizedRunner.java:883) [randomizedtesting-runner-2.7.1.jar:?]
	at com.carrotsearch.randomizedtesting.RandomizedRunner$7.evaluate(RandomizedRunner.java:894) [randomizedtesting-runner-2.7.1.jar:?]
	at org.apache.lucene.util.AbstractBeforeAfterRule$1.evaluate(AbstractBeforeAfterRule.java:45) [lucene-test-framework-8.3.0.jar:8.3.0 2aa586909b911e66e1d8863aa89f173d69f86cd2 - ishan - 2019-10-25 23:10:05]
	at com.carrotsearch.randomizedtesting.rules.StatementAdapter.evaluate(StatementAdapter.java:36) [randomizedtesting-runner-2.7.1.jar:?]
	at org.apache.lucene.util.TestRuleStoreClassName$1.evaluate(TestRuleStoreClassName.java:41) [lucene-test-framework-8.3.0.jar:8.3.0 2aa586909b911e66e1d8863aa89f173d69f86cd2 - ishan - 2019-10-25 23:10:05]
	at com.carrotsearch.randomizedtesting.rules.NoShadowingOrOverridesOnMethodsRule$1.evaluate(NoShadowingOrOverridesOnMethodsRule.java:40) [randomizedtesting-runner-2.7.1.jar:?]
	at com.carrotsearch.randomizedtesting.rules.NoShadowingOrOverridesOnMethodsRule$1.evaluate(NoShadowingOrOverridesOnMethodsRule.java:40) [randomizedtesting-runner-2.7.1.jar:?]
	at com.carrotsearch.randomizedtesting.rules.StatementAdapter.evaluate(StatementAdapter.java:36) [randomizedtesting-runner-2.7.1.jar:?]
	at com.carrotsearch.randomizedtesting.rules.StatementAdapter.evaluate(StatementAdapter.java:36) [randomizedtesting-runner-2.7.1.jar:?]
	at org.apache.lucene.util.TestRuleAssertionsRequired$1.evaluate(TestRuleAssertionsRequired.java:53) [lucene-test-framework-8.3.0.jar:8.3.0 2aa586909b911e66e1d8863aa89f173d69f86cd2 - ishan - 2019-10-25 23:10:05]
	at org.apache.lucene.util.TestRuleMarkFailure$1.evaluate(TestRuleMarkFailure.java:47) [lucene-test-framework-8.3.0.jar:8.3.0 2aa586909b911e66e1d8863aa89f173d69f86cd2 - ishan - 2019-10-25 23:10:05]
	at org.apache.lucene.util.TestRuleIgnoreAfterMaxFailures$1.evaluate(TestRuleIgnoreAfterMaxFailures.java:64) [lucene-test-framework-8.3.0.jar:8.3.0 2aa586909b911e66e1d8863aa89f173d69f86cd2 - ishan - 2019-10-25 23:10:05]
	at org.apache.lucene.util.TestRuleIgnoreTestSuites$1.evaluate(TestRuleIgnoreTestSuites.java:54) [lucene-test-framework-8.3.0.jar:8.3.0 2aa586909b911e66e1d8863aa89f173d69f86cd2 - ishan - 2019-10-25 23:10:05]
	at com.carrotsearch.randomizedtesting.rules.StatementAdapter.evaluate(StatementAdapter.java:36) [randomizedtesting-runner-2.7.1.jar:?]
	at com.carrotsearch.randomizedtesting.ThreadLeakControl$StatementRunner.run(ThreadLeakControl.java:368) [randomizedtesting-runner-2.7.1.jar:?]
	at java.lang.Thread.run(Thread.java:835) [?:?]
[2020-02-17T00:20:39,136][WARN ][o.e.c.r.a.AllocationService] [testSingleRetryOnIgnore] failing shard [failed shard, shard [idx][0], node[node2], [P], recovery_source[new shard recovery], s[INITIALIZING], a[id=DB7gNNdcQrGKtCUYL3w5GA], unassigned_info[[reason=ALLOCATION_FAILED], at[2020-02-16T22:20:39.135Z], failed_attempts[2], failed_nodes[[node1, node2]], delayed=false, details[failed shard on node [node1]: boom1, failure UnsupportedOperationException[null]], allocation_status[no_attempt]], message [boom2], failure [UnsupportedOperationException[null]], markAsStale [false]]
java.lang.UnsupportedOperationException: null
	at org.elasticsearch.cluster.routing.allocation.MaxRetryAllocationDeciderTests.testSingleRetryOnIgnore(MaxRetryAllocationDeciderTests.java:93) [test/:?]
	at jdk.internal.reflect.NativeMethodAccessorImpl.invoke0(Native Method) ~[?:?]
	at jdk.internal.reflect.NativeMethodAccessorImpl.invoke(NativeMethodAccessorImpl.java:62) ~[?:?]
	at jdk.internal.reflect.DelegatingMethodAccessorImpl.invoke(DelegatingMethodAccessorImpl.java:43) ~[?:?]
	at java.lang.reflect.Method.invoke(Method.java:567) ~[?:?]
	at com.carrotsearch.randomizedtesting.RandomizedRunner.invoke(RandomizedRunner.java:1750) [randomizedtesting-runner-2.7.1.jar:?]
	at com.carrotsearch.randomizedtesting.RandomizedRunner$8.evaluate(RandomizedRunner.java:938) [randomizedtesting-runner-2.7.1.jar:?]
	at com.carrotsearch.randomizedtesting.RandomizedRunner$9.evaluate(RandomizedRunner.java:974) [randomizedtesting-runner-2.7.1.jar:?]
	at com.carrotsearch.randomizedtesting.RandomizedRunner$10.evaluate(RandomizedRunner.java:988) [randomizedtesting-runner-2.7.1.jar:?]
	at com.carrotsearch.randomizedtesting.rules.StatementAdapter.evaluate(StatementAdapter.java:36) [randomizedtesting-runner-2.7.1.jar:?]
	at org.apache.lucene.util.TestRuleSetupTeardownChained$1.evaluate(TestRuleSetupTeardownChained.java:49) [lucene-test-framework-8.3.0.jar:8.3.0 2aa586909b911e66e1d8863aa89f173d69f86cd2 - ishan - 2019-10-25 23:10:05]
	at org.apache.lucene.util.AbstractBeforeAfterRule$1.evaluate(AbstractBeforeAfterRule.java:45) [lucene-test-framework-8.3.0.jar:8.3.0 2aa586909b911e66e1d8863aa89f173d69f86cd2 - ishan - 2019-10-25 23:10:05]
	at org.apache.lucene.util.TestRuleThreadAndTestName$1.evaluate(TestRuleThreadAndTestName.java:48) [lucene-test-framework-8.3.0.jar:8.3.0 2aa586909b911e66e1d8863aa89f173d69f86cd2 - ishan - 2019-10-25 23:10:05]
	at org.apache.lucene.util.TestRuleIgnoreAfterMaxFailures$1.evaluate(TestRuleIgnoreAfterMaxFailures.java:64) [lucene-test-framework-8.3.0.jar:8.3.0 2aa586909b911e66e1d8863aa89f173d69f86cd2 - ishan - 2019-10-25 23:10:05]
	at org.apache.lucene.util.TestRuleMarkFailure$1.evaluate(TestRuleMarkFailure.java:47) [lucene-test-framework-8.3.0.jar:8.3.0 2aa586909b911e66e1d8863aa89f173d69f86cd2 - ishan - 2019-10-25 23:10:05]
	at com.carrotsearch.randomizedtesting.rules.StatementAdapter.evaluate(StatementAdapter.java:36) [randomizedtesting-runner-2.7.1.jar:?]
	at com.carrotsearch.randomizedtesting.ThreadLeakControl$StatementRunner.run(ThreadLeakControl.java:368) [randomizedtesting-runner-2.7.1.jar:?]
	at com.carrotsearch.randomizedtesting.ThreadLeakControl.forkTimeoutingTask(ThreadLeakControl.java:817) [randomizedtesting-runner-2.7.1.jar:?]
	at com.carrotsearch.randomizedtesting.ThreadLeakControl$3.evaluate(ThreadLeakControl.java:468) [randomizedtesting-runner-2.7.1.jar:?]
	at com.carrotsearch.randomizedtesting.RandomizedRunner.runSingleTest(RandomizedRunner.java:947) [randomizedtesting-runner-2.7.1.jar:?]
	at com.carrotsearch.randomizedtesting.RandomizedRunner$5.evaluate(RandomizedRunner.java:832) [randomizedtesting-runner-2.7.1.jar:?]
	at com.carrotsearch.randomizedtesting.RandomizedRunner$6.evaluate(RandomizedRunner.java:883) [randomizedtesting-runner-2.7.1.jar:?]
	at com.carrotsearch.randomizedtesting.RandomizedRunner$7.evaluate(RandomizedRunner.java:894) [randomizedtesting-runner-2.7.1.jar:?]
	at org.apache.lucene.util.AbstractBeforeAfterRule$1.evaluate(AbstractBeforeAfterRule.java:45) [lucene-test-framework-8.3.0.jar:8.3.0 2aa586909b911e66e1d8863aa89f173d69f86cd2 - ishan - 2019-10-25 23:10:05]
	at com.carrotsearch.randomizedtesting.rules.StatementAdapter.evaluate(StatementAdapter.java:36) [randomizedtesting-runner-2.7.1.jar:?]
	at org.apache.lucene.util.TestRuleStoreClassName$1.evaluate(TestRuleStoreClassName.java:41) [lucene-test-framework-8.3.0.jar:8.3.0 2aa586909b911e66e1d8863aa89f173d69f86cd2 - ishan - 2019-10-25 23:10:05]
	at com.carrotsearch.randomizedtesting.rules.NoShadowingOrOverridesOnMethodsRule$1.evaluate(NoShadowingOrOverridesOnMethodsRule.java:40) [randomizedtesting-runner-2.7.1.jar:?]
	at com.carrotsearch.randomizedtesting.rules.NoShadowingOrOverridesOnMethodsRule$1.evaluate(NoShadowingOrOverridesOnMethodsRule.java:40) [randomizedtesting-runner-2.7.1.jar:?]
	at com.carrotsearch.randomizedtesting.rules.StatementAdapter.evaluate(StatementAdapter.java:36) [randomizedtesting-runner-2.7.1.jar:?]
	at com.carrotsearch.randomizedtesting.rules.StatementAdapter.evaluate(StatementAdapter.java:36) [randomizedtesting-runner-2.7.1.jar:?]
	at org.apache.lucene.util.TestRuleAssertionsRequired$1.evaluate(TestRuleAssertionsRequired.java:53) [lucene-test-framework-8.3.0.jar:8.3.0 2aa586909b911e66e1d8863aa89f173d69f86cd2 - ishan - 2019-10-25 23:10:05]
	at org.apache.lucene.util.TestRuleMarkFailure$1.evaluate(TestRuleMarkFailure.java:47) [lucene-test-framework-8.3.0.jar:8.3.0 2aa586909b911e66e1d8863aa89f173d69f86cd2 - ishan - 2019-10-25 23:10:05]
	at org.apache.lucene.util.TestRuleIgnoreAfterMaxFailures$1.evaluate(TestRuleIgnoreAfterMaxFailures.java:64) [lucene-test-framework-8.3.0.jar:8.3.0 2aa586909b911e66e1d8863aa89f173d69f86cd2 - ishan - 2019-10-25 23:10:05]
	at org.apache.lucene.util.TestRuleIgnoreTestSuites$1.evaluate(TestRuleIgnoreTestSuites.java:54) [lucene-test-framework-8.3.0.jar:8.3.0 2aa586909b911e66e1d8863aa89f173d69f86cd2 - ishan - 2019-10-25 23:10:05]
	at com.carrotsearch.randomizedtesting.rules.StatementAdapter.evaluate(StatementAdapter.java:36) [randomizedtesting-runner-2.7.1.jar:?]
	at com.carrotsearch.randomizedtesting.ThreadLeakControl$StatementRunner.run(ThreadLeakControl.java:368) [randomizedtesting-runner-2.7.1.jar:?]
	at java.lang.Thread.run(Thread.java:835) [?:?]
[2020-02-17T00:20:39,138][WARN ][o.e.c.r.a.AllocationService] [testSingleRetryOnIgnore] failing shard [failed shard, shard [idx][0], node[node1], [P], recovery_source[new shard recovery], s[INITIALIZING], a[id=wWVuUnhSTqSiIgKuZ8CNAg], unassigned_info[[reason=ALLOCATION_FAILED], at[2020-02-16T22:20:39.136Z], failed_attempts[3], failed_nodes[[node1, node2]], delayed=false, details[failed shard on node [node2]: boom2, failure UnsupportedOperationException[null]], allocation_status[no_attempt]], message [boom3], failure [UnsupportedOperationException[null]], markAsStale [true]]
java.lang.UnsupportedOperationException: null
	at org.elasticsearch.cluster.routing.allocation.MaxRetryAllocationDeciderTests.testSingleRetryOnIgnore(MaxRetryAllocationDeciderTests.java:93) [test/:?]
	at jdk.internal.reflect.NativeMethodAccessorImpl.invoke0(Native Method) ~[?:?]
	at jdk.internal.reflect.NativeMethodAccessorImpl.invoke(NativeMethodAccessorImpl.java:62) ~[?:?]
	at jdk.internal.reflect.DelegatingMethodAccessorImpl.invoke(DelegatingMethodAccessorImpl.java:43) ~[?:?]
	at java.lang.reflect.Method.invoke(Method.java:567) ~[?:?]
	at com.carrotsearch.randomizedtesting.RandomizedRunner.invoke(RandomizedRunner.java:1750) [randomizedtesting-runner-2.7.1.jar:?]
	at com.carrotsearch.randomizedtesting.RandomizedRunner$8.evaluate(RandomizedRunner.java:938) [randomizedtesting-runner-2.7.1.jar:?]
	at com.carrotsearch.randomizedtesting.RandomizedRunner$9.evaluate(RandomizedRunner.java:974) [randomizedtesting-runner-2.7.1.jar:?]
	at com.carrotsearch.randomizedtesting.RandomizedRunner$10.evaluate(RandomizedRunner.java:988) [randomizedtesting-runner-2.7.1.jar:?]
	at com.carrotsearch.randomizedtesting.rules.StatementAdapter.evaluate(StatementAdapter.java:36) [randomizedtesting-runner-2.7.1.jar:?]
	at org.apache.lucene.util.TestRuleSetupTeardownChained$1.evaluate(TestRuleSetupTeardownChained.java:49) [lucene-test-framework-8.3.0.jar:8.3.0 2aa586909b911e66e1d8863aa89f173d69f86cd2 - ishan - 2019-10-25 23:10:05]
	at org.apache.lucene.util.AbstractBeforeAfterRule$1.evaluate(AbstractBeforeAfterRule.java:45) [lucene-test-framework-8.3.0.jar:8.3.0 2aa586909b911e66e1d8863aa89f173d69f86cd2 - ishan - 2019-10-25 23:10:05]
	at org.apache.lucene.util.TestRuleThreadAndTestName$1.evaluate(TestRuleThreadAndTestName.java:48) [lucene-test-framework-8.3.0.jar:8.3.0 2aa586909b911e66e1d8863aa89f173d69f86cd2 - ishan - 2019-10-25 23:10:05]
	at org.apache.lucene.util.TestRuleIgnoreAfterMaxFailures$1.evaluate(TestRuleIgnoreAfterMaxFailures.java:64) [lucene-test-framework-8.3.0.jar:8.3.0 2aa586909b911e66e1d8863aa89f173d69f86cd2 - ishan - 2019-10-25 23:10:05]
	at org.apache.lucene.util.TestRuleMarkFailure$1.evaluate(TestRuleMarkFailure.java:47) [lucene-test-framework-8.3.0.jar:8.3.0 2aa586909b911e66e1d8863aa89f173d69f86cd2 - ishan - 2019-10-25 23:10:05]
	at com.carrotsearch.randomizedtesting.rules.StatementAdapter.evaluate(StatementAdapter.java:36) [randomizedtesting-runner-2.7.1.jar:?]
	at com.carrotsearch.randomizedtesting.ThreadLeakControl$StatementRunner.run(ThreadLeakControl.java:368) [randomizedtesting-runner-2.7.1.jar:?]
	at com.carrotsearch.randomizedtesting.ThreadLeakControl.forkTimeoutingTask(ThreadLeakControl.java:817) [randomizedtesting-runner-2.7.1.jar:?]
	at com.carrotsearch.randomizedtesting.ThreadLeakControl$3.evaluate(ThreadLeakControl.java:468) [randomizedtesting-runner-2.7.1.jar:?]
	at com.carrotsearch.randomizedtesting.RandomizedRunner.runSingleTest(RandomizedRunner.java:947) [randomizedtesting-runner-2.7.1.jar:?]
	at com.carrotsearch.randomizedtesting.RandomizedRunner$5.evaluate(RandomizedRunner.java:832) [randomizedtesting-runner-2.7.1.jar:?]
	at com.carrotsearch.randomizedtesting.RandomizedRunner$6.evaluate(RandomizedRunner.java:883) [randomizedtesting-runner-2.7.1.jar:?]
	at com.carrotsearch.randomizedtesting.RandomizedRunner$7.evaluate(RandomizedRunner.java:894) [randomizedtesting-runner-2.7.1.jar:?]
	at org.apache.lucene.util.AbstractBeforeAfterRule$1.evaluate(AbstractBeforeAfterRule.java:45) [lucene-test-framework-8.3.0.jar:8.3.0 2aa586909b911e66e1d8863aa89f173d69f86cd2 - ishan - 2019-10-25 23:10:05]
	at com.carrotsearch.randomizedtesting.rules.StatementAdapter.evaluate(StatementAdapter.java:36) [randomizedtesting-runner-2.7.1.jar:?]
	at org.apache.lucene.util.TestRuleStoreClassName$1.evaluate(TestRuleStoreClassName.java:41) [lucene-test-framework-8.3.0.jar:8.3.0 2aa586909b911e66e1d8863aa89f173d69f86cd2 - ishan - 2019-10-25 23:10:05]
	at com.carrotsearch.randomizedtesting.rules.NoShadowingOrOverridesOnMethodsRule$1.evaluate(NoShadowingOrOverridesOnMethodsRule.java:40) [randomizedtesting-runner-2.7.1.jar:?]
	at com.carrotsearch.randomizedtesting.rules.NoShadowingOrOverridesOnMethodsRule$1.evaluate(NoShadowingOrOverridesOnMethodsRule.java:40) [randomizedtesting-runner-2.7.1.jar:?]
	at com.carrotsearch.randomizedtesting.rules.StatementAdapter.evaluate(StatementAdapter.java:36) [randomizedtesting-runner-2.7.1.jar:?]
	at com.carrotsearch.randomizedtesting.rules.StatementAdapter.evaluate(StatementAdapter.java:36) [randomizedtesting-runner-2.7.1.jar:?]
	at org.apache.lucene.util.TestRuleAssertionsRequired$1.evaluate(TestRuleAssertionsRequired.java:53) [lucene-test-framework-8.3.0.jar:8.3.0 2aa586909b911e66e1d8863aa89f173d69f86cd2 - ishan - 2019-10-25 23:10:05]
	at org.apache.lucene.util.TestRuleMarkFailure$1.evaluate(TestRuleMarkFailure.java:47) [lucene-test-framework-8.3.0.jar:8.3.0 2aa586909b911e66e1d8863aa89f173d69f86cd2 - ishan - 2019-10-25 23:10:05]
	at org.apache.lucene.util.TestRuleIgnoreAfterMaxFailures$1.evaluate(TestRuleIgnoreAfterMaxFailures.java:64) [lucene-test-framework-8.3.0.jar:8.3.0 2aa586909b911e66e1d8863aa89f173d69f86cd2 - ishan - 2019-10-25 23:10:05]
	at org.apache.lucene.util.TestRuleIgnoreTestSuites$1.evaluate(TestRuleIgnoreTestSuites.java:54) [lucene-test-framework-8.3.0.jar:8.3.0 2aa586909b911e66e1d8863aa89f173d69f86cd2 - ishan - 2019-10-25 23:10:05]
	at com.carrotsearch.randomizedtesting.rules.StatementAdapter.evaluate(StatementAdapter.java:36) [randomizedtesting-runner-2.7.1.jar:?]
	at com.carrotsearch.randomizedtesting.ThreadLeakControl$StatementRunner.run(ThreadLeakControl.java:368) [randomizedtesting-runner-2.7.1.jar:?]
	at java.lang.Thread.run(Thread.java:835) [?:?]
[2020-02-17T00:20:39,139][WARN ][o.e.c.r.a.AllocationService] [testSingleRetryOnIgnore] failing shard [failed shard, shard [idx][0], node[node2], [P], recovery_source[new shard recovery], s[INITIALIZING], a[id=uIQQhudKR6qb1bdmj_Ro3w], unassigned_info[[reason=ALLOCATION_FAILED], at[2020-02-16T22:20:39.138Z], failed_attempts[4], failed_nodes[[node1, node2]], delayed=false, details[failed shard on node [node1]: boom3, failure UnsupportedOperationException[null]], allocation_status[no_attempt]], message [boom], failure [UnsupportedOperationException[null]], markAsStale [true]]
java.lang.UnsupportedOperationException: null
	at org.elasticsearch.cluster.routing.allocation.MaxRetryAllocationDeciderTests.testSingleRetryOnIgnore(MaxRetryAllocationDeciderTests.java:106) [test/:?]
	at jdk.internal.reflect.NativeMethodAccessorImpl.invoke0(Native Method) ~[?:?]
	at jdk.internal.reflect.NativeMethodAccessorImpl.invoke(NativeMethodAccessorImpl.java:62) ~[?:?]
	at jdk.internal.reflect.DelegatingMethodAccessorImpl.invoke(DelegatingMethodAccessorImpl.java:43) ~[?:?]
	at java.lang.reflect.Method.invoke(Method.java:567) ~[?:?]
	at com.carrotsearch.randomizedtesting.RandomizedRunner.invoke(RandomizedRunner.java:1750) [randomizedtesting-runner-2.7.1.jar:?]
	at com.carrotsearch.randomizedtesting.RandomizedRunner$8.evaluate(RandomizedRunner.java:938) [randomizedtesting-runner-2.7.1.jar:?]
	at com.carrotsearch.randomizedtesting.RandomizedRunner$9.evaluate(RandomizedRunner.java:974) [randomizedtesting-runner-2.7.1.jar:?]
	at com.carrotsearch.randomizedtesting.RandomizedRunner$10.evaluate(RandomizedRunner.java:988) [randomizedtesting-runner-2.7.1.jar:?]
	at com.carrotsearch.randomizedtesting.rules.StatementAdapter.evaluate(StatementAdapter.java:36) [randomizedtesting-runner-2.7.1.jar:?]
	at org.apache.lucene.util.TestRuleSetupTeardownChained$1.evaluate(TestRuleSetupTeardownChained.java:49) [lucene-test-framework-8.3.0.jar:8.3.0 2aa586909b911e66e1d8863aa89f173d69f86cd2 - ishan - 2019-10-25 23:10:05]
	at org.apache.lucene.util.AbstractBeforeAfterRule$1.evaluate(AbstractBeforeAfterRule.java:45) [lucene-test-framework-8.3.0.jar:8.3.0 2aa586909b911e66e1d8863aa89f173d69f86cd2 - ishan - 2019-10-25 23:10:05]
	at org.apache.lucene.util.TestRuleThreadAndTestName$1.evaluate(TestRuleThreadAndTestName.java:48) [lucene-test-framework-8.3.0.jar:8.3.0 2aa586909b911e66e1d8863aa89f173d69f86cd2 - ishan - 2019-10-25 23:10:05]
	at org.apache.lucene.util.TestRuleIgnoreAfterMaxFailures$1.evaluate(TestRuleIgnoreAfterMaxFailures.java:64) [lucene-test-framework-8.3.0.jar:8.3.0 2aa586909b911e66e1d8863aa89f173d69f86cd2 - ishan - 2019-10-25 23:10:05]
	at org.apache.lucene.util.TestRuleMarkFailure$1.evaluate(TestRuleMarkFailure.java:47) [lucene-test-framework-8.3.0.jar:8.3.0 2aa586909b911e66e1d8863aa89f173d69f86cd2 - ishan - 2019-10-25 23:10:05]
	at com.carrotsearch.randomizedtesting.rules.StatementAdapter.evaluate(StatementAdapter.java:36) [randomizedtesting-runner-2.7.1.jar:?]
	at com.carrotsearch.randomizedtesting.ThreadLeakControl$StatementRunner.run(ThreadLeakControl.java:368) [randomizedtesting-runner-2.7.1.jar:?]
	at com.carrotsearch.randomizedtesting.ThreadLeakControl.forkTimeoutingTask(ThreadLeakControl.java:817) [randomizedtesting-runner-2.7.1.jar:?]
	at com.carrotsearch.randomizedtesting.ThreadLeakControl$3.evaluate(ThreadLeakControl.java:468) [randomizedtesting-runner-2.7.1.jar:?]
	at com.carrotsearch.randomizedtesting.RandomizedRunner.runSingleTest(RandomizedRunner.java:947) [randomizedtesting-runner-2.7.1.jar:?]
	at com.carrotsearch.randomizedtesting.RandomizedRunner$5.evaluate(RandomizedRunner.java:832) [randomizedtesting-runner-2.7.1.jar:?]
	at com.carrotsearch.randomizedtesting.RandomizedRunner$6.evaluate(RandomizedRunner.java:883) [randomizedtesting-runner-2.7.1.jar:?]
	at com.carrotsearch.randomizedtesting.RandomizedRunner$7.evaluate(RandomizedRunner.java:894) [randomizedtesting-runner-2.7.1.jar:?]
	at org.apache.lucene.util.AbstractBeforeAfterRule$1.evaluate(AbstractBeforeAfterRule.java:45) [lucene-test-framework-8.3.0.jar:8.3.0 2aa586909b911e66e1d8863aa89f173d69f86cd2 - ishan - 2019-10-25 23:10:05]
	at com.carrotsearch.randomizedtesting.rules.StatementAdapter.evaluate(StatementAdapter.java:36) [randomizedtesting-runner-2.7.1.jar:?]
	at org.apache.lucene.util.TestRuleStoreClassName$1.evaluate(TestRuleStoreClassName.java:41) [lucene-test-framework-8.3.0.jar:8.3.0 2aa586909b911e66e1d8863aa89f173d69f86cd2 - ishan - 2019-10-25 23:10:05]
	at com.carrotsearch.randomizedtesting.rules.NoShadowingOrOverridesOnMethodsRule$1.evaluate(NoShadowingOrOverridesOnMethodsRule.java:40) [randomizedtesting-runner-2.7.1.jar:?]
	at com.carrotsearch.randomizedtesting.rules.NoShadowingOrOverridesOnMethodsRule$1.evaluate(NoShadowingOrOverridesOnMethodsRule.java:40) [randomizedtesting-runner-2.7.1.jar:?]
	at com.carrotsearch.randomizedtesting.rules.StatementAdapter.evaluate(StatementAdapter.java:36) [randomizedtesting-runner-2.7.1.jar:?]
	at com.carrotsearch.randomizedtesting.rules.StatementAdapter.evaluate(StatementAdapter.java:36) [randomizedtesting-runner-2.7.1.jar:?]
	at org.apache.lucene.util.TestRuleAssertionsRequired$1.evaluate(TestRuleAssertionsRequired.java:53) [lucene-test-framework-8.3.0.jar:8.3.0 2aa586909b911e66e1d8863aa89f173d69f86cd2 - ishan - 2019-10-25 23:10:05]
	at org.apache.lucene.util.TestRuleMarkFailure$1.evaluate(TestRuleMarkFailure.java:47) [lucene-test-framework-8.3.0.jar:8.3.0 2aa586909b911e66e1d8863aa89f173d69f86cd2 - ishan - 2019-10-25 23:10:05]
	at org.apache.lucene.util.TestRuleIgnoreAfterMaxFailures$1.evaluate(TestRuleIgnoreAfterMaxFailures.java:64) [lucene-test-framework-8.3.0.jar:8.3.0 2aa586909b911e66e1d8863aa89f173d69f86cd2 - ishan - 2019-10-25 23:10:05]
	at org.apache.lucene.util.TestRuleIgnoreTestSuites$1.evaluate(TestRuleIgnoreTestSuites.java:54) [lucene-test-framework-8.3.0.jar:8.3.0 2aa586909b911e66e1d8863aa89f173d69f86cd2 - ishan - 2019-10-25 23:10:05]
	at com.carrotsearch.randomizedtesting.rules.StatementAdapter.evaluate(StatementAdapter.java:36) [randomizedtesting-runner-2.7.1.jar:?]
	at com.carrotsearch.randomizedtesting.ThreadLeakControl$StatementRunner.run(ThreadLeakControl.java:368) [randomizedtesting-runner-2.7.1.jar:?]
	at java.lang.Thread.run(Thread.java:835) [?:?]
[2020-02-17T00:20:39,141][WARN ][o.e.c.r.a.AllocationService] [testSingleRetryOnIgnore] failing shard [failed shard, shard [idx][0], node[node2], [P], recovery_source[new shard recovery], s[INITIALIZING], a[id=NS07GXhoQcGAOK5qC9onOQ], unassigned_info[[reason=MANUAL_ALLOCATION], at[2020-02-16T22:20:39.139Z], delayed=false, details[failed shard on node [node2]: boom, failure UnsupportedOperationException[null]], allocation_status[deciders_no]], message [boom], failure [UnsupportedOperationException[null]], markAsStale [true]]
java.lang.UnsupportedOperationException: null
	at org.elasticsearch.cluster.routing.allocation.MaxRetryAllocationDeciderTests.testSingleRetryOnIgnore(MaxRetryAllocationDeciderTests.java:132) [test/:?]
	at jdk.internal.reflect.NativeMethodAccessorImpl.invoke0(Native Method) ~[?:?]
	at jdk.internal.reflect.NativeMethodAccessorImpl.invoke(NativeMethodAccessorImpl.java:62) ~[?:?]
	at jdk.internal.reflect.DelegatingMethodAccessorImpl.invoke(DelegatingMethodAccessorImpl.java:43) ~[?:?]
	at java.lang.reflect.Method.invoke(Method.java:567) ~[?:?]
	at com.carrotsearch.randomizedtesting.RandomizedRunner.invoke(RandomizedRunner.java:1750) [randomizedtesting-runner-2.7.1.jar:?]
	at com.carrotsearch.randomizedtesting.RandomizedRunner$8.evaluate(RandomizedRunner.java:938) [randomizedtesting-runner-2.7.1.jar:?]
	at com.carrotsearch.randomizedtesting.RandomizedRunner$9.evaluate(RandomizedRunner.java:974) [randomizedtesting-runner-2.7.1.jar:?]
	at com.carrotsearch.randomizedtesting.RandomizedRunner$10.evaluate(RandomizedRunner.java:988) [randomizedtesting-runner-2.7.1.jar:?]
	at com.carrotsearch.randomizedtesting.rules.StatementAdapter.evaluate(StatementAdapter.java:36) [randomizedtesting-runner-2.7.1.jar:?]
	at org.apache.lucene.util.TestRuleSetupTeardownChained$1.evaluate(TestRuleSetupTeardownChained.java:49) [lucene-test-framework-8.3.0.jar:8.3.0 2aa586909b911e66e1d8863aa89f173d69f86cd2 - ishan - 2019-10-25 23:10:05]
	at org.apache.lucene.util.AbstractBeforeAfterRule$1.evaluate(AbstractBeforeAfterRule.java:45) [lucene-test-framework-8.3.0.jar:8.3.0 2aa586909b911e66e1d8863aa89f173d69f86cd2 - ishan - 2019-10-25 23:10:05]
	at org.apache.lucene.util.TestRuleThreadAndTestName$1.evaluate(TestRuleThreadAndTestName.java:48) [lucene-test-framework-8.3.0.jar:8.3.0 2aa586909b911e66e1d8863aa89f173d69f86cd2 - ishan - 2019-10-25 23:10:05]
	at org.apache.lucene.util.TestRuleIgnoreAfterMaxFailures$1.evaluate(TestRuleIgnoreAfterMaxFailures.java:64) [lucene-test-framework-8.3.0.jar:8.3.0 2aa586909b911e66e1d8863aa89f173d69f86cd2 - ishan - 2019-10-25 23:10:05]
	at org.apache.lucene.util.TestRuleMarkFailure$1.evaluate(TestRuleMarkFailure.java:47) [lucene-test-framework-8.3.0.jar:8.3.0 2aa586909b911e66e1d8863aa89f173d69f86cd2 - ishan - 2019-10-25 23:10:05]
	at com.carrotsearch.randomizedtesting.rules.StatementAdapter.evaluate(StatementAdapter.java:36) [randomizedtesting-runner-2.7.1.jar:?]
	at com.carrotsearch.randomizedtesting.ThreadLeakControl$StatementRunner.run(ThreadLeakControl.java:368) [randomizedtesting-runner-2.7.1.jar:?]
	at com.carrotsearch.randomizedtesting.ThreadLeakControl.forkTimeoutingTask(ThreadLeakControl.java:817) [randomizedtesting-runner-2.7.1.jar:?]
	at com.carrotsearch.randomizedtesting.ThreadLeakControl$3.evaluate(ThreadLeakControl.java:468) [randomizedtesting-runner-2.7.1.jar:?]
	at com.carrotsearch.randomizedtesting.RandomizedRunner.runSingleTest(RandomizedRunner.java:947) [randomizedtesting-runner-2.7.1.jar:?]
	at com.carrotsearch.randomizedtesting.RandomizedRunner$5.evaluate(RandomizedRunner.java:832) [randomizedtesting-runner-2.7.1.jar:?]
	at com.carrotsearch.randomizedtesting.RandomizedRunner$6.evaluate(RandomizedRunner.java:883) [randomizedtesting-runner-2.7.1.jar:?]
	at com.carrotsearch.randomizedtesting.RandomizedRunner$7.evaluate(RandomizedRunner.java:894) [randomizedtesting-runner-2.7.1.jar:?]
	at org.apache.lucene.util.AbstractBeforeAfterRule$1.evaluate(AbstractBeforeAfterRule.java:45) [lucene-test-framework-8.3.0.jar:8.3.0 2aa586909b911e66e1d8863aa89f173d69f86cd2 - ishan - 2019-10-25 23:10:05]
	at com.carrotsearch.randomizedtesting.rules.StatementAdapter.evaluate(StatementAdapter.java:36) [randomizedtesting-runner-2.7.1.jar:?]
	at org.apache.lucene.util.TestRuleStoreClassName$1.evaluate(TestRuleStoreClassName.java:41) [lucene-test-framework-8.3.0.jar:8.3.0 2aa586909b911e66e1d8863aa89f173d69f86cd2 - ishan - 2019-10-25 23:10:05]
	at com.carrotsearch.randomizedtesting.rules.NoShadowingOrOverridesOnMethodsRule$1.evaluate(NoShadowingOrOverridesOnMethodsRule.java:40) [randomizedtesting-runner-2.7.1.jar:?]
	at com.carrotsearch.randomizedtesting.rules.NoShadowingOrOverridesOnMethodsRule$1.evaluate(NoShadowingOrOverridesOnMethodsRule.java:40) [randomizedtesting-runner-2.7.1.jar:?]
	at com.carrotsearch.randomizedtesting.rules.StatementAdapter.evaluate(StatementAdapter.java:36) [randomizedtesting-runner-2.7.1.jar:?]
	at com.carrotsearch.randomizedtesting.rules.StatementAdapter.evaluate(StatementAdapter.java:36) [randomizedtesting-runner-2.7.1.jar:?]
	at org.apache.lucene.util.TestRuleAssertionsRequired$1.evaluate(TestRuleAssertionsRequired.java:53) [lucene-test-framework-8.3.0.jar:8.3.0 2aa586909b911e66e1d8863aa89f173d69f86cd2 - ishan - 2019-10-25 23:10:05]
	at org.apache.lucene.util.TestRuleMarkFailure$1.evaluate(TestRuleMarkFailure.java:47) [lucene-test-framework-8.3.0.jar:8.3.0 2aa586909b911e66e1d8863aa89f173d69f86cd2 - ishan - 2019-10-25 23:10:05]
	at org.apache.lucene.util.TestRuleIgnoreAfterMaxFailures$1.evaluate(TestRuleIgnoreAfterMaxFailures.java:64) [lucene-test-framework-8.3.0.jar:8.3.0 2aa586909b911e66e1d8863aa89f173d69f86cd2 - ishan - 2019-10-25 23:10:05]
	at org.apache.lucene.util.TestRuleIgnoreTestSuites$1.evaluate(TestRuleIgnoreTestSuites.java:54) [lucene-test-framework-8.3.0.jar:8.3.0 2aa586909b911e66e1d8863aa89f173d69f86cd2 - ishan - 2019-10-25 23:10:05]
	at com.carrotsearch.randomizedtesting.rules.StatementAdapter.evaluate(StatementAdapter.java:36) [randomizedtesting-runner-2.7.1.jar:?]
	at com.carrotsearch.randomizedtesting.ThreadLeakControl$StatementRunner.run(ThreadLeakControl.java:368) [randomizedtesting-runner-2.7.1.jar:?]
	at java.lang.Thread.run(Thread.java:835) [?:?]
[2020-02-17T00:20:39,142][WARN ][o.e.c.r.a.AllocationService] [testSingleRetryOnIgnore] failing shard [failed shard, shard [idx][0], node[node1], [P], recovery_source[new shard recovery], s[INITIALIZING], a[id=_SE4PCgHR9qW-W9PqGqPAg], unassigned_info[[reason=ALLOCATION_FAILED], at[2020-02-16T22:20:39.141Z], failed_attempts[1], failed_nodes[[node2]], delayed=false, details[failed shard on node [node2]: boom, failure UnsupportedOperationException[null]], allocation_status[no_attempt]], message [boom], failure [UnsupportedOperationException[null]], markAsStale [true]]
java.lang.UnsupportedOperationException: null
	at org.elasticsearch.cluster.routing.allocation.MaxRetryAllocationDeciderTests.testSingleRetryOnIgnore(MaxRetryAllocationDeciderTests.java:132) [test/:?]
	at jdk.internal.reflect.NativeMethodAccessorImpl.invoke0(Native Method) ~[?:?]
	at jdk.internal.reflect.NativeMethodAccessorImpl.invoke(NativeMethodAccessorImpl.java:62) ~[?:?]
	at jdk.internal.reflect.DelegatingMethodAccessorImpl.invoke(DelegatingMethodAccessorImpl.java:43) ~[?:?]
	at java.lang.reflect.Method.invoke(Method.java:567) ~[?:?]
	at com.carrotsearch.randomizedtesting.RandomizedRunner.invoke(RandomizedRunner.java:1750) [randomizedtesting-runner-2.7.1.jar:?]
	at com.carrotsearch.randomizedtesting.RandomizedRunner$8.evaluate(RandomizedRunner.java:938) [randomizedtesting-runner-2.7.1.jar:?]
	at com.carrotsearch.randomizedtesting.RandomizedRunner$9.evaluate(RandomizedRunner.java:974) [randomizedtesting-runner-2.7.1.jar:?]
	at com.carrotsearch.randomizedtesting.RandomizedRunner$10.evaluate(RandomizedRunner.java:988) [randomizedtesting-runner-2.7.1.jar:?]
	at com.carrotsearch.randomizedtesting.rules.StatementAdapter.evaluate(StatementAdapter.java:36) [randomizedtesting-runner-2.7.1.jar:?]
	at org.apache.lucene.util.TestRuleSetupTeardownChained$1.evaluate(TestRuleSetupTeardownChained.java:49) [lucene-test-framework-8.3.0.jar:8.3.0 2aa586909b911e66e1d8863aa89f173d69f86cd2 - ishan - 2019-10-25 23:10:05]
	at org.apache.lucene.util.AbstractBeforeAfterRule$1.evaluate(AbstractBeforeAfterRule.java:45) [lucene-test-framework-8.3.0.jar:8.3.0 2aa586909b911e66e1d8863aa89f173d69f86cd2 - ishan - 2019-10-25 23:10:05]
	at org.apache.lucene.util.TestRuleThreadAndTestName$1.evaluate(TestRuleThreadAndTestName.java:48) [lucene-test-framework-8.3.0.jar:8.3.0 2aa586909b911e66e1d8863aa89f173d69f86cd2 - ishan - 2019-10-25 23:10:05]
	at org.apache.lucene.util.TestRuleIgnoreAfterMaxFailures$1.evaluate(TestRuleIgnoreAfterMaxFailures.java:64) [lucene-test-framework-8.3.0.jar:8.3.0 2aa586909b911e66e1d8863aa89f173d69f86cd2 - ishan - 2019-10-25 23:10:05]
	at org.apache.lucene.util.TestRuleMarkFailure$1.evaluate(TestRuleMarkFailure.java:47) [lucene-test-framework-8.3.0.jar:8.3.0 2aa586909b911e66e1d8863aa89f173d69f86cd2 - ishan - 2019-10-25 23:10:05]
	at com.carrotsearch.randomizedtesting.rules.StatementAdapter.evaluate(StatementAdapter.java:36) [randomizedtesting-runner-2.7.1.jar:?]
	at com.carrotsearch.randomizedtesting.ThreadLeakControl$StatementRunner.run(ThreadLeakControl.java:368) [randomizedtesting-runner-2.7.1.jar:?]
	at com.carrotsearch.randomizedtesting.ThreadLeakControl.forkTimeoutingTask(ThreadLeakControl.java:817) [randomizedtesting-runner-2.7.1.jar:?]
	at com.carrotsearch.randomizedtesting.ThreadLeakControl$3.evaluate(ThreadLeakControl.java:468) [randomizedtesting-runner-2.7.1.jar:?]
	at com.carrotsearch.randomizedtesting.RandomizedRunner.runSingleTest(RandomizedRunner.java:947) [randomizedtesting-runner-2.7.1.jar:?]
	at com.carrotsearch.randomizedtesting.RandomizedRunner$5.evaluate(RandomizedRunner.java:832) [randomizedtesting-runner-2.7.1.jar:?]
	at com.carrotsearch.randomizedtesting.RandomizedRunner$6.evaluate(RandomizedRunner.java:883) [randomizedtesting-runner-2.7.1.jar:?]
	at com.carrotsearch.randomizedtesting.RandomizedRunner$7.evaluate(RandomizedRunner.java:894) [randomizedtesting-runner-2.7.1.jar:?]
	at org.apache.lucene.util.AbstractBeforeAfterRule$1.evaluate(AbstractBeforeAfterRule.java:45) [lucene-test-framework-8.3.0.jar:8.3.0 2aa586909b911e66e1d8863aa89f173d69f86cd2 - ishan - 2019-10-25 23:10:05]
	at com.carrotsearch.randomizedtesting.rules.StatementAdapter.evaluate(StatementAdapter.java:36) [randomizedtesting-runner-2.7.1.jar:?]
	at org.apache.lucene.util.TestRuleStoreClassName$1.evaluate(TestRuleStoreClassName.java:41) [lucene-test-framework-8.3.0.jar:8.3.0 2aa586909b911e66e1d8863aa89f173d69f86cd2 - ishan - 2019-10-25 23:10:05]
	at com.carrotsearch.randomizedtesting.rules.NoShadowingOrOverridesOnMethodsRule$1.evaluate(NoShadowingOrOverridesOnMethodsRule.java:40) [randomizedtesting-runner-2.7.1.jar:?]
	at com.carrotsearch.randomizedtesting.rules.NoShadowingOrOverridesOnMethodsRule$1.evaluate(NoShadowingOrOverridesOnMethodsRule.java:40) [randomizedtesting-runner-2.7.1.jar:?]
	at com.carrotsearch.randomizedtesting.rules.StatementAdapter.evaluate(StatementAdapter.java:36) [randomizedtesting-runner-2.7.1.jar:?]
	at com.carrotsearch.randomizedtesting.rules.StatementAdapter.evaluate(StatementAdapter.java:36) [randomizedtesting-runner-2.7.1.jar:?]
	at org.apache.lucene.util.TestRuleAssertionsRequired$1.evaluate(TestRuleAssertionsRequired.java:53) [lucene-test-framework-8.3.0.jar:8.3.0 2aa586909b911e66e1d8863aa89f173d69f86cd2 - ishan - 2019-10-25 23:10:05]
	at org.apache.lucene.util.TestRuleMarkFailure$1.evaluate(TestRuleMarkFailure.java:47) [lucene-test-framework-8.3.0.jar:8.3.0 2aa586909b911e66e1d8863aa89f173d69f86cd2 - ishan - 2019-10-25 23:10:05]
	at org.apache.lucene.util.TestRuleIgnoreAfterMaxFailures$1.evaluate(TestRuleIgnoreAfterMaxFailures.java:64) [lucene-test-framework-8.3.0.jar:8.3.0 2aa586909b911e66e1d8863aa89f173d69f86cd2 - ishan - 2019-10-25 23:10:05]
	at org.apache.lucene.util.TestRuleIgnoreTestSuites$1.evaluate(TestRuleIgnoreTestSuites.java:54) [lucene-test-framework-8.3.0.jar:8.3.0 2aa586909b911e66e1d8863aa89f173d69f86cd2 - ishan - 2019-10-25 23:10:05]
	at com.carrotsearch.randomizedtesting.rules.StatementAdapter.evaluate(StatementAdapter.java:36) [randomizedtesting-runner-2.7.1.jar:?]
	at com.carrotsearch.randomizedtesting.ThreadLeakControl$StatementRunner.run(ThreadLeakControl.java:368) [randomizedtesting-runner-2.7.1.jar:?]
	at java.lang.Thread.run(Thread.java:835) [?:?]
[2020-02-17T00:20:39,143][WARN ][o.e.c.r.a.AllocationService] [testSingleRetryOnIgnore] failing shard [failed shard, shard [idx][0], node[node2], [P], recovery_source[new shard recovery], s[INITIALIZING], a[id=9cSFlZPRTsSniwP82hSOsg], unassigned_info[[reason=ALLOCATION_FAILED], at[2020-02-16T22:20:39.142Z], failed_attempts[2], failed_nodes[[node1, node2]], delayed=false, details[failed shard on node [node1]: boom, failure UnsupportedOperationException[null]], allocation_status[no_attempt]], message [boom], failure [UnsupportedOperationException[null]], markAsStale [false]]
java.lang.UnsupportedOperationException: null
	at org.elasticsearch.cluster.routing.allocation.MaxRetryAllocationDeciderTests.testSingleRetryOnIgnore(MaxRetryAllocationDeciderTests.java:132) [test/:?]
	at jdk.internal.reflect.NativeMethodAccessorImpl.invoke0(Native Method) ~[?:?]
	at jdk.internal.reflect.NativeMethodAccessorImpl.invoke(NativeMethodAccessorImpl.java:62) ~[?:?]
	at jdk.internal.reflect.DelegatingMethodAccessorImpl.invoke(DelegatingMethodAccessorImpl.java:43) ~[?:?]
	at java.lang.reflect.Method.invoke(Method.java:567) ~[?:?]
	at com.carrotsearch.randomizedtesting.RandomizedRunner.invoke(RandomizedRunner.java:1750) [randomizedtesting-runner-2.7.1.jar:?]
	at com.carrotsearch.randomizedtesting.RandomizedRunner$8.evaluate(RandomizedRunner.java:938) [randomizedtesting-runner-2.7.1.jar:?]
	at com.carrotsearch.randomizedtesting.RandomizedRunner$9.evaluate(RandomizedRunner.java:974) [randomizedtesting-runner-2.7.1.jar:?]
	at com.carrotsearch.randomizedtesting.RandomizedRunner$10.evaluate(RandomizedRunner.java:988) [randomizedtesting-runner-2.7.1.jar:?]
	at com.carrotsearch.randomizedtesting.rules.StatementAdapter.evaluate(StatementAdapter.java:36) [randomizedtesting-runner-2.7.1.jar:?]
	at org.apache.lucene.util.TestRuleSetupTeardownChained$1.evaluate(TestRuleSetupTeardownChained.java:49) [lucene-test-framework-8.3.0.jar:8.3.0 2aa586909b911e66e1d8863aa89f173d69f86cd2 - ishan - 2019-10-25 23:10:05]
	at org.apache.lucene.util.AbstractBeforeAfterRule$1.evaluate(AbstractBeforeAfterRule.java:45) [lucene-test-framework-8.3.0.jar:8.3.0 2aa586909b911e66e1d8863aa89f173d69f86cd2 - ishan - 2019-10-25 23:10:05]
	at org.apache.lucene.util.TestRuleThreadAndTestName$1.evaluate(TestRuleThreadAndTestName.java:48) [lucene-test-framework-8.3.0.jar:8.3.0 2aa586909b911e66e1d8863aa89f173d69f86cd2 - ishan - 2019-10-25 23:10:05]
	at org.apache.lucene.util.TestRuleIgnoreAfterMaxFailures$1.evaluate(TestRuleIgnoreAfterMaxFailures.java:64) [lucene-test-framework-8.3.0.jar:8.3.0 2aa586909b911e66e1d8863aa89f173d69f86cd2 - ishan - 2019-10-25 23:10:05]
	at org.apache.lucene.util.TestRuleMarkFailure$1.evaluate(TestRuleMarkFailure.java:47) [lucene-test-framework-8.3.0.jar:8.3.0 2aa586909b911e66e1d8863aa89f173d69f86cd2 - ishan - 2019-10-25 23:10:05]
	at com.carrotsearch.randomizedtesting.rules.StatementAdapter.evaluate(StatementAdapter.java:36) [randomizedtesting-runner-2.7.1.jar:?]
	at com.carrotsearch.randomizedtesting.ThreadLeakControl$StatementRunner.run(ThreadLeakControl.java:368) [randomizedtesting-runner-2.7.1.jar:?]
	at com.carrotsearch.randomizedtesting.ThreadLeakControl.forkTimeoutingTask(ThreadLeakControl.java:817) [randomizedtesting-runner-2.7.1.jar:?]
	at com.carrotsearch.randomizedtesting.ThreadLeakControl$3.evaluate(ThreadLeakControl.java:468) [randomizedtesting-runner-2.7.1.jar:?]
	at com.carrotsearch.randomizedtesting.RandomizedRunner.runSingleTest(RandomizedRunner.java:947) [randomizedtesting-runner-2.7.1.jar:?]
	at com.carrotsearch.randomizedtesting.RandomizedRunner$5.evaluate(RandomizedRunner.java:832) [randomizedtesting-runner-2.7.1.jar:?]
	at com.carrotsearch.randomizedtesting.RandomizedRunner$6.evaluate(RandomizedRunner.java:883) [randomizedtesting-runner-2.7.1.jar:?]
	at com.carrotsearch.randomizedtesting.RandomizedRunner$7.evaluate(RandomizedRunner.java:894) [randomizedtesting-runner-2.7.1.jar:?]
	at org.apache.lucene.util.AbstractBeforeAfterRule$1.evaluate(AbstractBeforeAfterRule.java:45) [lucene-test-framework-8.3.0.jar:8.3.0 2aa586909b911e66e1d8863aa89f173d69f86cd2 - ishan - 2019-10-25 23:10:05]
	at com.carrotsearch.randomizedtesting.rules.StatementAdapter.evaluate(StatementAdapter.java:36) [randomizedtesting-runner-2.7.1.jar:?]
	at org.apache.lucene.util.TestRuleStoreClassName$1.evaluate(TestRuleStoreClassName.java:41) [lucene-test-framework-8.3.0.jar:8.3.0 2aa586909b911e66e1d8863aa89f173d69f86cd2 - ishan - 2019-10-25 23:10:05]
	at com.carrotsearch.randomizedtesting.rules.NoShadowingOrOverridesOnMethodsRule$1.evaluate(NoShadowingOrOverridesOnMethodsRule.java:40) [randomizedtesting-runner-2.7.1.jar:?]
	at com.carrotsearch.randomizedtesting.rules.NoShadowingOrOverridesOnMethodsRule$1.evaluate(NoShadowingOrOverridesOnMethodsRule.java:40) [randomizedtesting-runner-2.7.1.jar:?]
	at com.carrotsearch.randomizedtesting.rules.StatementAdapter.evaluate(StatementAdapter.java:36) [randomizedtesting-runner-2.7.1.jar:?]
	at com.carrotsearch.randomizedtesting.rules.StatementAdapter.evaluate(StatementAdapter.java:36) [randomizedtesting-runner-2.7.1.jar:?]
	at org.apache.lucene.util.TestRuleAssertionsRequired$1.evaluate(TestRuleAssertionsRequired.java:53) [lucene-test-framework-8.3.0.jar:8.3.0 2aa586909b911e66e1d8863aa89f173d69f86cd2 - ishan - 2019-10-25 23:10:05]
	at org.apache.lucene.util.TestRuleMarkFailure$1.evaluate(TestRuleMarkFailure.java:47) [lucene-test-framework-8.3.0.jar:8.3.0 2aa586909b911e66e1d8863aa89f173d69f86cd2 - ishan - 2019-10-25 23:10:05]
	at org.apache.lucene.util.TestRuleIgnoreAfterMaxFailures$1.evaluate(TestRuleIgnoreAfterMaxFailures.java:64) [lucene-test-framework-8.3.0.jar:8.3.0 2aa586909b911e66e1d8863aa89f173d69f86cd2 - ishan - 2019-10-25 23:10:05]
	at org.apache.lucene.util.TestRuleIgnoreTestSuites$1.evaluate(TestRuleIgnoreTestSuites.java:54) [lucene-test-framework-8.3.0.jar:8.3.0 2aa586909b911e66e1d8863aa89f173d69f86cd2 - ishan - 2019-10-25 23:10:05]
	at com.carrotsearch.randomizedtesting.rules.StatementAdapter.evaluate(StatementAdapter.java:36) [randomizedtesting-runner-2.7.1.jar:?]
	at com.carrotsearch.randomizedtesting.ThreadLeakControl$StatementRunner.run(ThreadLeakControl.java:368) [randomizedtesting-runner-2.7.1.jar:?]
	at java.lang.Thread.run(Thread.java:835) [?:?]
[2020-02-17T00:20:39,145][WARN ][o.e.c.r.a.AllocationService] [testSingleRetryOnIgnore] failing shard [failed shard, shard [idx][0], node[node1], [P], recovery_source[new shard recovery], s[INITIALIZING], a[id=C6lAd_0ITzGRtYHEu4VvSg], unassigned_info[[reason=ALLOCATION_FAILED], at[2020-02-16T22:20:39.143Z], failed_attempts[3], failed_nodes[[node1, node2]], delayed=false, details[failed shard on node [node2]: boom, failure UnsupportedOperationException[null]], allocation_status[no_attempt]], message [boom], failure [UnsupportedOperationException[null]], markAsStale [false]]
java.lang.UnsupportedOperationException: null
	at org.elasticsearch.cluster.routing.allocation.MaxRetryAllocationDeciderTests.testSingleRetryOnIgnore(MaxRetryAllocationDeciderTests.java:132) [test/:?]
	at jdk.internal.reflect.NativeMethodAccessorImpl.invoke0(Native Method) ~[?:?]
	at jdk.internal.reflect.NativeMethodAccessorImpl.invoke(NativeMethodAccessorImpl.java:62) ~[?:?]
	at jdk.internal.reflect.DelegatingMethodAccessorImpl.invoke(DelegatingMethodAccessorImpl.java:43) ~[?:?]
	at java.lang.reflect.Method.invoke(Method.java:567) ~[?:?]
	at com.carrotsearch.randomizedtesting.RandomizedRunner.invoke(RandomizedRunner.java:1750) [randomizedtesting-runner-2.7.1.jar:?]
	at com.carrotsearch.randomizedtesting.RandomizedRunner$8.evaluate(RandomizedRunner.java:938) [randomizedtesting-runner-2.7.1.jar:?]
	at com.carrotsearch.randomizedtesting.RandomizedRunner$9.evaluate(RandomizedRunner.java:974) [randomizedtesting-runner-2.7.1.jar:?]
	at com.carrotsearch.randomizedtesting.RandomizedRunner$10.evaluate(RandomizedRunner.java:988) [randomizedtesting-runner-2.7.1.jar:?]
	at com.carrotsearch.randomizedtesting.rules.StatementAdapter.evaluate(StatementAdapter.java:36) [randomizedtesting-runner-2.7.1.jar:?]
	at org.apache.lucene.util.TestRuleSetupTeardownChained$1.evaluate(TestRuleSetupTeardownChained.java:49) [lucene-test-framework-8.3.0.jar:8.3.0 2aa586909b911e66e1d8863aa89f173d69f86cd2 - ishan - 2019-10-25 23:10:05]
	at org.apache.lucene.util.AbstractBeforeAfterRule$1.evaluate(AbstractBeforeAfterRule.java:45) [lucene-test-framework-8.3.0.jar:8.3.0 2aa586909b911e66e1d8863aa89f173d69f86cd2 - ishan - 2019-10-25 23:10:05]
	at org.apache.lucene.util.TestRuleThreadAndTestName$1.evaluate(TestRuleThreadAndTestName.java:48) [lucene-test-framework-8.3.0.jar:8.3.0 2aa586909b911e66e1d8863aa89f173d69f86cd2 - ishan - 2019-10-25 23:10:05]
	at org.apache.lucene.util.TestRuleIgnoreAfterMaxFailures$1.evaluate(TestRuleIgnoreAfterMaxFailures.java:64) [lucene-test-framework-8.3.0.jar:8.3.0 2aa586909b911e66e1d8863aa89f173d69f86cd2 - ishan - 2019-10-25 23:10:05]
	at org.apache.lucene.util.TestRuleMarkFailure$1.evaluate(TestRuleMarkFailure.java:47) [lucene-test-framework-8.3.0.jar:8.3.0 2aa586909b911e66e1d8863aa89f173d69f86cd2 - ishan - 2019-10-25 23:10:05]
	at com.carrotsearch.randomizedtesting.rules.StatementAdapter.evaluate(StatementAdapter.java:36) [randomizedtesting-runner-2.7.1.jar:?]
	at com.carrotsearch.randomizedtesting.ThreadLeakControl$StatementRunner.run(ThreadLeakControl.java:368) [randomizedtesting-runner-2.7.1.jar:?]
	at com.carrotsearch.randomizedtesting.ThreadLeakControl.forkTimeoutingTask(ThreadLeakControl.java:817) [randomizedtesting-runner-2.7.1.jar:?]
	at com.carrotsearch.randomizedtesting.ThreadLeakControl$3.evaluate(ThreadLeakControl.java:468) [randomizedtesting-runner-2.7.1.jar:?]
	at com.carrotsearch.randomizedtesting.RandomizedRunner.runSingleTest(RandomizedRunner.java:947) [randomizedtesting-runner-2.7.1.jar:?]
	at com.carrotsearch.randomizedtesting.RandomizedRunner$5.evaluate(RandomizedRunner.java:832) [randomizedtesting-runner-2.7.1.jar:?]
	at com.carrotsearch.randomizedtesting.RandomizedRunner$6.evaluate(RandomizedRunner.java:883) [randomizedtesting-runner-2.7.1.jar:?]
	at com.carrotsearch.randomizedtesting.RandomizedRunner$7.evaluate(RandomizedRunner.java:894) [randomizedtesting-runner-2.7.1.jar:?]
	at org.apache.lucene.util.AbstractBeforeAfterRule$1.evaluate(AbstractBeforeAfterRule.java:45) [lucene-test-framework-8.3.0.jar:8.3.0 2aa586909b911e66e1d8863aa89f173d69f86cd2 - ishan - 2019-10-25 23:10:05]
	at com.carrotsearch.randomizedtesting.rules.StatementAdapter.evaluate(StatementAdapter.java:36) [randomizedtesting-runner-2.7.1.jar:?]
	at org.apache.lucene.util.TestRuleStoreClassName$1.evaluate(TestRuleStoreClassName.java:41) [lucene-test-framework-8.3.0.jar:8.3.0 2aa586909b911e66e1d8863aa89f173d69f86cd2 - ishan - 2019-10-25 23:10:05]
	at com.carrotsearch.randomizedtesting.rules.NoShadowingOrOverridesOnMethodsRule$1.evaluate(NoShadowingOrOverridesOnMethodsRule.java:40) [randomizedtesting-runner-2.7.1.jar:?]
	at com.carrotsearch.randomizedtesting.rules.NoShadowingOrOverridesOnMethodsRule$1.evaluate(NoShadowingOrOverridesOnMethodsRule.java:40) [randomizedtesting-runner-2.7.1.jar:?]
	at com.carrotsearch.randomizedtesting.rules.StatementAdapter.evaluate(StatementAdapter.java:36) [randomizedtesting-runner-2.7.1.jar:?]
	at com.carrotsearch.randomizedtesting.rules.StatementAdapter.evaluate(StatementAdapter.java:36) [randomizedtesting-runner-2.7.1.jar:?]
	at org.apache.lucene.util.TestRuleAssertionsRequired$1.evaluate(TestRuleAssertionsRequired.java:53) [lucene-test-framework-8.3.0.jar:8.3.0 2aa586909b911e66e1d8863aa89f173d69f86cd2 - ishan - 2019-10-25 23:10:05]
	at org.apache.lucene.util.TestRuleMarkFailure$1.evaluate(TestRuleMarkFailure.java:47) [lucene-test-framework-8.3.0.jar:8.3.0 2aa586909b911e66e1d8863aa89f173d69f86cd2 - ishan - 2019-10-25 23:10:05]
	at org.apache.lucene.util.TestRuleIgnoreAfterMaxFailures$1.evaluate(TestRuleIgnoreAfterMaxFailures.java:64) [lucene-test-framework-8.3.0.jar:8.3.0 2aa586909b911e66e1d8863aa89f173d69f86cd2 - ishan - 2019-10-25 23:10:05]
	at org.apache.lucene.util.TestRuleIgnoreTestSuites$1.evaluate(TestRuleIgnoreTestSuites.java:54) [lucene-test-framework-8.3.0.jar:8.3.0 2aa586909b911e66e1d8863aa89f173d69f86cd2 - ishan - 2019-10-25 23:10:05]
	at com.carrotsearch.randomizedtesting.rules.StatementAdapter.evaluate(StatementAdapter.java:36) [randomizedtesting-runner-2.7.1.jar:?]
	at com.carrotsearch.randomizedtesting.ThreadLeakControl$StatementRunner.run(ThreadLeakControl.java:368) [randomizedtesting-runner-2.7.1.jar:?]
	at java.lang.Thread.run(Thread.java:835) [?:?]
[2020-02-17T00:20:39,146][WARN ][o.e.c.r.a.AllocationService] [testSingleRetryOnIgnore] failing shard [failed shard, shard [idx][0], node[node2], [P], recovery_source[new shard recovery], s[INITIALIZING], a[id=2Iu4wNPNS12Lc_anz1Bk5Q], unassigned_info[[reason=ALLOCATION_FAILED], at[2020-02-16T22:20:39.145Z], failed_attempts[4], failed_nodes[[node1, node2]], delayed=false, details[failed shard on node [node1]: boom, failure UnsupportedOperationException[null]], allocation_status[no_attempt]], message [boom], failure [UnsupportedOperationException[null]], markAsStale [true]]
java.lang.UnsupportedOperationException: null
	at org.elasticsearch.cluster.routing.allocation.MaxRetryAllocationDeciderTests.testSingleRetryOnIgnore(MaxRetryAllocationDeciderTests.java:147) [test/:?]
	at jdk.internal.reflect.NativeMethodAccessorImpl.invoke0(Native Method) ~[?:?]
	at jdk.internal.reflect.NativeMethodAccessorImpl.invoke(NativeMethodAccessorImpl.java:62) ~[?:?]
	at jdk.internal.reflect.DelegatingMethodAccessorImpl.invoke(DelegatingMethodAccessorImpl.java:43) ~[?:?]
	at java.lang.reflect.Method.invoke(Method.java:567) ~[?:?]
	at com.carrotsearch.randomizedtesting.RandomizedRunner.invoke(RandomizedRunner.java:1750) [randomizedtesting-runner-2.7.1.jar:?]
	at com.carrotsearch.randomizedtesting.RandomizedRunner$8.evaluate(RandomizedRunner.java:938) [randomizedtesting-runner-2.7.1.jar:?]
	at com.carrotsearch.randomizedtesting.RandomizedRunner$9.evaluate(RandomizedRunner.java:974) [randomizedtesting-runner-2.7.1.jar:?]
	at com.carrotsearch.randomizedtesting.RandomizedRunner$10.evaluate(RandomizedRunner.java:988) [randomizedtesting-runner-2.7.1.jar:?]
	at com.carrotsearch.randomizedtesting.rules.StatementAdapter.evaluate(StatementAdapter.java:36) [randomizedtesting-runner-2.7.1.jar:?]
	at org.apache.lucene.util.TestRuleSetupTeardownChained$1.evaluate(TestRuleSetupTeardownChained.java:49) [lucene-test-framework-8.3.0.jar:8.3.0 2aa586909b911e66e1d8863aa89f173d69f86cd2 - ishan - 2019-10-25 23:10:05]
	at org.apache.lucene.util.AbstractBeforeAfterRule$1.evaluate(AbstractBeforeAfterRule.java:45) [lucene-test-framework-8.3.0.jar:8.3.0 2aa586909b911e66e1d8863aa89f173d69f86cd2 - ishan - 2019-10-25 23:10:05]
	at org.apache.lucene.util.TestRuleThreadAndTestName$1.evaluate(TestRuleThreadAndTestName.java:48) [lucene-test-framework-8.3.0.jar:8.3.0 2aa586909b911e66e1d8863aa89f173d69f86cd2 - ishan - 2019-10-25 23:10:05]
	at org.apache.lucene.util.TestRuleIgnoreAfterMaxFailures$1.evaluate(TestRuleIgnoreAfterMaxFailures.java:64) [lucene-test-framework-8.3.0.jar:8.3.0 2aa586909b911e66e1d8863aa89f173d69f86cd2 - ishan - 2019-10-25 23:10:05]
	at org.apache.lucene.util.TestRuleMarkFailure$1.evaluate(TestRuleMarkFailure.java:47) [lucene-test-framework-8.3.0.jar:8.3.0 2aa586909b911e66e1d8863aa89f173d69f86cd2 - ishan - 2019-10-25 23:10:05]
	at com.carrotsearch.randomizedtesting.rules.StatementAdapter.evaluate(StatementAdapter.java:36) [randomizedtesting-runner-2.7.1.jar:?]
	at com.carrotsearch.randomizedtesting.ThreadLeakControl$StatementRunner.run(ThreadLeakControl.java:368) [randomizedtesting-runner-2.7.1.jar:?]
	at com.carrotsearch.randomizedtesting.ThreadLeakControl.forkTimeoutingTask(ThreadLeakControl.java:817) [randomizedtesting-runner-2.7.1.jar:?]
	at com.carrotsearch.randomizedtesting.ThreadLeakControl$3.evaluate(ThreadLeakControl.java:468) [randomizedtesting-runner-2.7.1.jar:?]
	at com.carrotsearch.randomizedtesting.RandomizedRunner.runSingleTest(RandomizedRunner.java:947) [randomizedtesting-runner-2.7.1.jar:?]
	at com.carrotsearch.randomizedtesting.RandomizedRunner$5.evaluate(RandomizedRunner.java:832) [randomizedtesting-runner-2.7.1.jar:?]
	at com.carrotsearch.randomizedtesting.RandomizedRunner$6.evaluate(RandomizedRunner.java:883) [randomizedtesting-runner-2.7.1.jar:?]
	at com.carrotsearch.randomizedtesting.RandomizedRunner$7.evaluate(RandomizedRunner.java:894) [randomizedtesting-runner-2.7.1.jar:?]
	at org.apache.lucene.util.AbstractBeforeAfterRule$1.evaluate(AbstractBeforeAfterRule.java:45) [lucene-test-framework-8.3.0.jar:8.3.0 2aa586909b911e66e1d8863aa89f173d69f86cd2 - ishan - 2019-10-25 23:10:05]
	at com.carrotsearch.randomizedtesting.rules.StatementAdapter.evaluate(StatementAdapter.java:36) [randomizedtesting-runner-2.7.1.jar:?]
	at org.apache.lucene.util.TestRuleStoreClassName$1.evaluate(TestRuleStoreClassName.java:41) [lucene-test-framework-8.3.0.jar:8.3.0 2aa586909b911e66e1d8863aa89f173d69f86cd2 - ishan - 2019-10-25 23:10:05]
	at com.carrotsearch.randomizedtesting.rules.NoShadowingOrOverridesOnMethodsRule$1.evaluate(NoShadowingOrOverridesOnMethodsRule.java:40) [randomizedtesting-runner-2.7.1.jar:?]
	at com.carrotsearch.randomizedtesting.rules.NoShadowingOrOverridesOnMethodsRule$1.evaluate(NoShadowingOrOverridesOnMethodsRule.java:40) [randomizedtesting-runner-2.7.1.jar:?]
	at com.carrotsearch.randomizedtesting.rules.StatementAdapter.evaluate(StatementAdapter.java:36) [randomizedtesting-runner-2.7.1.jar:?]
	at com.carrotsearch.randomizedtesting.rules.StatementAdapter.evaluate(StatementAdapter.java:36) [randomizedtesting-runner-2.7.1.jar:?]
	at org.apache.lucene.util.TestRuleAssertionsRequired$1.evaluate(TestRuleAssertionsRequired.java:53) [lucene-test-framework-8.3.0.jar:8.3.0 2aa586909b911e66e1d8863aa89f173d69f86cd2 - ishan - 2019-10-25 23:10:05]
	at org.apache.lucene.util.TestRuleMarkFailure$1.evaluate(TestRuleMarkFailure.java:47) [lucene-test-framework-8.3.0.jar:8.3.0 2aa586909b911e66e1d8863aa89f173d69f86cd2 - ishan - 2019-10-25 23:10:05]
	at org.apache.lucene.util.TestRuleIgnoreAfterMaxFailures$1.evaluate(TestRuleIgnoreAfterMaxFailures.java:64) [lucene-test-framework-8.3.0.jar:8.3.0 2aa586909b911e66e1d8863aa89f173d69f86cd2 - ishan - 2019-10-25 23:10:05]
	at org.apache.lucene.util.TestRuleIgnoreTestSuites$1.evaluate(TestRuleIgnoreTestSuites.java:54) [lucene-test-framework-8.3.0.jar:8.3.0 2aa586909b911e66e1d8863aa89f173d69f86cd2 - ishan - 2019-10-25 23:10:05]
	at com.carrotsearch.randomizedtesting.rules.StatementAdapter.evaluate(StatementAdapter.java:36) [randomizedtesting-runner-2.7.1.jar:?]
	at com.carrotsearch.randomizedtesting.ThreadLeakControl$StatementRunner.run(ThreadLeakControl.java:368) [randomizedtesting-runner-2.7.1.jar:?]
	at java.lang.Thread.run(Thread.java:835) [?:?]
[2020-02-17T00:20:39,147][INFO ][o.e.c.r.a.MaxRetryAllocationDeciderTests] [testSingleRetryOnIgnore] after test
</pre>
</span>
</div>
</div>
<div id="footer">
<p>
<div>
<label class="hidden" id="label-for-line-wrapping-toggle" for="line-wrapping-toggle">Wrap lines
<input id="line-wrapping-toggle" type="checkbox" autocomplete="off"/>
</label>
</div>Generated by 
<a href="http://www.gradle.org">Gradle 5.6.2</a> at Feb 16, 2020, 5:26:22 PM</p>
</div>
</div>
</body>
</html>
