<!DOCTYPE html>
<html>
<head>
<meta http-equiv="Content-Type" content="text/html; charset=utf-8"/>
<meta http-equiv="x-ua-compatible" content="IE=edge"/>
<title>Test results - Class org.elasticsearch.threadpool.ScheduleWithFixedDelayTests</title>
<link href="../css/base-style.css" rel="stylesheet" type="text/css"/>
<link href="../css/style.css" rel="stylesheet" type="text/css"/>
<script src="../js/report.js" type="text/javascript"></script>
</head>
<body>
<div id="content">
<h1>Class org.elasticsearch.threadpool.ScheduleWithFixedDelayTests</h1>
<div class="breadcrumbs">
<a href="../index.html">all</a> &gt; 
<a href="../packages/org.elasticsearch.threadpool.html">org.elasticsearch.threadpool</a> &gt; ScheduleWithFixedDelayTests</div>
<div id="summary">
<table>
<tr>
<td>
<div class="summaryGroup">
<table>
<tr>
<td>
<div class="infoBox" id="tests">
<div class="counter">7</div>
<p>tests</p>
</div>
</td>
<td>
<div class="infoBox" id="failures">
<div class="counter">0</div>
<p>failures</p>
</div>
</td>
<td>
<div class="infoBox" id="ignored">
<div class="counter">0</div>
<p>ignored</p>
</div>
</td>
<td>
<div class="infoBox" id="duration">
<div class="counter">0.482s</div>
<p>duration</p>
</div>
</td>
</tr>
</table>
</div>
</td>
<td>
<div class="infoBox success" id="successRate">
<div class="percent">100%</div>
<p>successful</p>
</div>
</td>
</tr>
</table>
</div>
<div id="tabs">
<ul class="tabLinks">
<li>
<a href="#tab0">Tests</a>
</li>
<li>
<a href="#tab1">Standard output</a>
</li>
</ul>
<div id="tab0" class="tab">
<h2>Tests</h2>
<table>
<thead>
<tr>
<th>Test</th>
<th>Duration</th>
<th>Result</th>
</tr>
</thead>
<tr>
<td class="success">testBlockingCallOnNonSchedulerThreadAllowed</td>
<td class="success">0.025s</td>
<td class="success">passed</td>
</tr>
<tr>
<td class="success">testBlockingCallOnSchedulerThreadFails</td>
<td class="success">0.019s</td>
<td class="success">passed</td>
</tr>
<tr>
<td class="success">testCancellingRunnable</td>
<td class="success">0.036s</td>
<td class="success">passed</td>
</tr>
<tr>
<td class="success">testDoesNotRescheduleUntilExecutionFinished</td>
<td class="success">0.039s</td>
<td class="success">passed</td>
</tr>
<tr>
<td class="success">testOnRejectionCausesCancellation</td>
<td class="success">0.003s</td>
<td class="success">passed</td>
</tr>
<tr>
<td class="success">testRunnableDoesNotRunAfterCancellation</td>
<td class="success">0.269s</td>
<td class="success">passed</td>
</tr>
<tr>
<td class="success">testThatRunnableIsRescheduled</td>
<td class="success">0.091s</td>
<td class="success">passed</td>
</tr>
</table>
</div>
<div id="tab1" class="tab">
<h2>Standard output</h2>
<span class="code">
<pre>[2020-02-16T19:24:44,972][INFO ][o.e.t.ScheduleWithFixedDelayTests] [testCancellingRunnable] before test
[2020-02-16T19:24:45,006][INFO ][o.e.t.ScheduleWithFixedDelayTests] [testCancellingRunnable] after test
[2020-02-16T19:24:45,025][INFO ][o.e.t.ScheduleWithFixedDelayTests] [testDoesNotRescheduleUntilExecutionFinished] before test
[2020-02-16T19:24:45,046][INFO ][o.e.t.ScheduleWithFixedDelayTests] [testDoesNotRescheduleUntilExecutionFinished] after test
[2020-02-16T19:24:45,051][INFO ][o.e.t.ScheduleWithFixedDelayTests] [testBlockingCallOnNonSchedulerThreadAllowed] before test
[2020-02-16T19:24:45,071][INFO ][o.e.t.ScheduleWithFixedDelayTests] [testBlockingCallOnNonSchedulerThreadAllowed] after test
[2020-02-16T19:24:45,072][INFO ][o.e.t.ScheduleWithFixedDelayTests] [testOnRejectionCausesCancellation] before test
[2020-02-16T19:24:45,074][INFO ][o.e.t.ScheduleWithFixedDelayTests] [testOnRejectionCausesCancellation] after test
[2020-02-16T19:24:45,076][INFO ][o.e.t.ScheduleWithFixedDelayTests] [testRunnableDoesNotRunAfterCancellation] before test
[2020-02-16T19:24:45,343][INFO ][o.e.t.ScheduleWithFixedDelayTests] [testRunnableDoesNotRunAfterCancellation] after test
[2020-02-16T19:24:45,345][INFO ][o.e.t.ScheduleWithFixedDelayTests] [testThatRunnableIsRescheduled] before test
[2020-02-16T19:24:45,405][WARN ][o.e.t.ThreadPool         ] [fixed delay tests] failed to run scheduled task [org.elasticsearch.threadpool.ScheduleWithFixedDelayTests$$Lambda$8433/0x0000000802458c40@380bd494] on thread pool [generic]
org.elasticsearch.ElasticsearchException: this shouldn't cause the test to fail!
	at org.elasticsearch.threadpool.ScheduleWithFixedDelayTests.lambda$testThatRunnableIsRescheduled$3(ScheduleWithFixedDelayTests.java:118) ~[test/:?]
	at org.elasticsearch.threadpool.Scheduler$ReschedulingRunnable.doRun(Scheduler.java:223) [main/:?]
	at org.elasticsearch.common.util.concurrent.ThreadContext$ContextPreservingAbstractRunnable.doRun(ThreadContext.java:773) [main/:?]
	at org.elasticsearch.common.util.concurrent.AbstractRunnable.run(AbstractRunnable.java:37) [main/:?]
	at java.util.concurrent.ThreadPoolExecutor.runWorker(ThreadPoolExecutor.java:1128) [?:?]
	at java.util.concurrent.ThreadPoolExecutor$Worker.run(ThreadPoolExecutor.java:628) [?:?]
	at java.lang.Thread.run(Thread.java:835) [?:?]
[2020-02-16T19:24:45,417][WARN ][o.e.t.ThreadPool         ] [fixed delay tests] failed to run scheduled task [org.elasticsearch.threadpool.ScheduleWithFixedDelayTests$$Lambda$8433/0x0000000802458c40@380bd494] on thread pool [generic]
org.elasticsearch.ElasticsearchException: this shouldn't cause the test to fail!
	at org.elasticsearch.threadpool.ScheduleWithFixedDelayTests.lambda$testThatRunnableIsRescheduled$3(ScheduleWithFixedDelayTests.java:118) ~[test/:?]
	at org.elasticsearch.threadpool.Scheduler$ReschedulingRunnable.doRun(Scheduler.java:223) [main/:?]
	at org.elasticsearch.common.util.concurrent.ThreadContext$ContextPreservingAbstractRunnable.doRun(ThreadContext.java:773) [main/:?]
	at org.elasticsearch.common.util.concurrent.AbstractRunnable.run(AbstractRunnable.java:37) [main/:?]
	at java.util.concurrent.ThreadPoolExecutor.runWorker(ThreadPoolExecutor.java:1128) [?:?]
	at java.util.concurrent.ThreadPoolExecutor$Worker.run(ThreadPoolExecutor.java:628) [?:?]
	at java.lang.Thread.run(Thread.java:835) [?:?]
[2020-02-16T19:24:45,430][WARN ][o.e.t.ThreadPool         ] [fixed delay tests] failed to run scheduled task [org.elasticsearch.threadpool.ScheduleWithFixedDelayTests$$Lambda$8433/0x0000000802458c40@380bd494] on thread pool [generic]
org.elasticsearch.ElasticsearchException: this shouldn't cause the test to fail!
	at org.elasticsearch.threadpool.ScheduleWithFixedDelayTests.lambda$testThatRunnableIsRescheduled$3(ScheduleWithFixedDelayTests.java:118) ~[test/:?]
	at org.elasticsearch.threadpool.Scheduler$ReschedulingRunnable.doRun(Scheduler.java:223) [main/:?]
	at org.elasticsearch.common.util.concurrent.ThreadContext$ContextPreservingAbstractRunnable.doRun(ThreadContext.java:773) [main/:?]
	at org.elasticsearch.common.util.concurrent.AbstractRunnable.run(AbstractRunnable.java:37) [main/:?]
	at java.util.concurrent.ThreadPoolExecutor.runWorker(ThreadPoolExecutor.java:1128) [?:?]
	at java.util.concurrent.ThreadPoolExecutor$Worker.run(ThreadPoolExecutor.java:628) [?:?]
	at java.lang.Thread.run(Thread.java:835) [?:?]
[2020-02-16T19:24:45,435][INFO ][o.e.t.ScheduleWithFixedDelayTests] [testThatRunnableIsRescheduled] after test
[2020-02-16T19:24:45,441][INFO ][o.e.t.ScheduleWithFixedDelayTests] [testBlockingCallOnSchedulerThreadFails] before test
[2020-02-16T19:24:45,454][INFO ][o.e.t.ScheduleWithFixedDelayTests] [testBlockingCallOnSchedulerThreadFails] after test
</pre>
</span>
</div>
</div>
<div id="footer">
<p>
<div>
<label class="hidden" id="label-for-line-wrapping-toggle" for="line-wrapping-toggle">Wrap lines
<input id="line-wrapping-toggle" type="checkbox" autocomplete="off"/>
</label>
</div>Generated by 
<a href="http://www.gradle.org">Gradle 5.6.2</a> at Feb 16, 2020, 5:26:22 PM</p>
</div>
</div>
</body>
</html>
