<!DOCTYPE html>
<html>
<head>
<meta http-equiv="Content-Type" content="text/html; charset=utf-8"/>
<meta http-equiv="x-ua-compatible" content="IE=edge"/>
<title>Test results - Class org.elasticsearch.action.support.replication.TransportReplicationActionTests</title>
<link href="../css/base-style.css" rel="stylesheet" type="text/css"/>
<link href="../css/style.css" rel="stylesheet" type="text/css"/>
<script src="../js/report.js" type="text/javascript"></script>
</head>
<body>
<div id="content">
<h1>Class org.elasticsearch.action.support.replication.TransportReplicationActionTests</h1>
<div class="breadcrumbs">
<a href="../index.html">all</a> &gt; 
<a href="../packages/org.elasticsearch.action.support.replication.html">org.elasticsearch.action.support.replication</a> &gt; TransportReplicationActionTests</div>
<div id="summary">
<table>
<tr>
<td>
<div class="summaryGroup">
<table>
<tr>
<td>
<div class="infoBox" id="tests">
<div class="counter">22</div>
<p>tests</p>
</div>
</td>
<td>
<div class="infoBox" id="failures">
<div class="counter">0</div>
<p>failures</p>
</div>
</td>
<td>
<div class="infoBox" id="ignored">
<div class="counter">0</div>
<p>ignored</p>
</div>
</td>
<td>
<div class="infoBox" id="duration">
<div class="counter">0.526s</div>
<p>duration</p>
</div>
</td>
</tr>
</table>
</div>
</td>
<td>
<div class="infoBox success" id="successRate">
<div class="percent">100%</div>
<p>successful</p>
</div>
</td>
</tr>
</table>
</div>
<div id="tabs">
<ul class="tabLinks">
<li>
<a href="#tab0">Tests</a>
</li>
<li>
<a href="#tab1">Standard output</a>
</li>
</ul>
<div id="tab0" class="tab">
<h2>Tests</h2>
<table>
<thead>
<tr>
<th>Test</th>
<th>Duration</th>
<th>Result</th>
</tr>
</thead>
<tr>
<td class="success">testBlocksInPrimaryAction</td>
<td class="success">0.048s</td>
<td class="success">passed</td>
</tr>
<tr>
<td class="success">testBlocksInReroutePhase</td>
<td class="success">0.021s</td>
<td class="success">passed</td>
</tr>
<tr>
<td class="success">testClosedIndexOnReroute</td>
<td class="success">0.023s</td>
<td class="success">passed</td>
</tr>
<tr>
<td class="success">testCounterOnPrimary</td>
<td class="success">0.006s</td>
<td class="success">passed</td>
</tr>
<tr>
<td class="success">testDefaultWaitForActiveShardsUsesIndexSetting</td>
<td class="success">0.005s</td>
<td class="success">passed</td>
</tr>
<tr>
<td class="success">testIsRetryableClusterBlockException</td>
<td class="success">0.004s</td>
<td class="success">passed</td>
</tr>
<tr>
<td class="success">testNoRerouteOnStaleClusterState</td>
<td class="success">0.015s</td>
<td class="success">passed</td>
</tr>
<tr>
<td class="success">testNotStartedPrimary</td>
<td class="success">0.008s</td>
<td class="success">passed</td>
</tr>
<tr>
<td class="success">testPrimaryActionRejectsWrongAidOrWrongTerm</td>
<td class="success">0.008s</td>
<td class="success">passed</td>
</tr>
<tr>
<td class="success">testPrimaryPhaseExecutesDelegatedRequestOnRelocationTarget</td>
<td class="success">0.012s</td>
<td class="success">passed</td>
</tr>
<tr>
<td class="success">testPrimaryPhaseExecutesOrDelegatesRequestToRelocationTarget</td>
<td class="success">0.008s</td>
<td class="success">passed</td>
</tr>
<tr>
<td class="success">testPrimaryReference</td>
<td class="success">0.005s</td>
<td class="success">passed</td>
</tr>
<tr>
<td class="success">testReplicaActionRejectsWrongAid</td>
<td class="success">0.007s</td>
<td class="success">passed</td>
</tr>
<tr>
<td class="success">testReplicaProxy</td>
<td class="success">0.008s</td>
<td class="success">passed</td>
</tr>
<tr>
<td class="success">testReplicasCounter</td>
<td class="success">0.009s</td>
<td class="success">passed</td>
</tr>
<tr>
<td class="success">testRetryOnReplica</td>
<td class="success">0.010s</td>
<td class="success">passed</td>
</tr>
<tr>
<td class="success">testRetryOnReplicaWithRealTransport</td>
<td class="success">0.288s</td>
<td class="success">passed</td>
</tr>
<tr>
<td class="success">testRoutePhaseExecutesRequest</td>
<td class="success">0.005s</td>
<td class="success">passed</td>
</tr>
<tr>
<td class="success">testSeqNoIsSetOnPrimary</td>
<td class="success">0.008s</td>
<td class="success">passed</td>
</tr>
<tr>
<td class="success">testShardNotInPrimaryMode</td>
<td class="success">0.009s</td>
<td class="success">passed</td>
</tr>
<tr>
<td class="success">testStalePrimaryShardOnReroute</td>
<td class="success">0.010s</td>
<td class="success">passed</td>
</tr>
<tr>
<td class="success">testUnknownIndexOrShardOnReroute</td>
<td class="success">0.009s</td>
<td class="success">passed</td>
</tr>
</table>
</div>
<div id="tab1" class="tab">
<h2>Standard output</h2>
<span class="code">
<pre>[2020-02-16T23:20:47,841][INFO ][o.e.a.s.r.TransportReplicationActionTests] [testBlocksInPrimaryAction] before test
[2020-02-16T23:20:47,865][INFO ][o.e.c.s.ClusterApplierService] [test] master node changed {previous [{node}{AUnDdRcdSZuzZH8dz5irGw}{0.0.0.0}{0.0.0.0:1}{dim}], current [{node_1}{1Vpf5HLBSkWYXUZ3HdGpFQ}{0.0.0.0}{0.0.0.0:3}{dim}]}, removed {{node}{AUnDdRcdSZuzZH8dz5irGw}{0.0.0.0}{0.0.0.0:1}{dim}}, added {{node_1}{1Vpf5HLBSkWYXUZ3HdGpFQ}{0.0.0.0}{0.0.0.0:3}{dim},{node_2}{xKGnrBJxTUqfuvIgiQfydg}{0.0.0.0}{0.0.0.0:4}{dim}}, term: 0, version: 1, reason: test setting state
[2020-02-16T23:20:47,887][INFO ][o.e.a.s.r.TransportReplicationActionTests] [testBlocksInPrimaryAction] after test
[2020-02-16T23:20:47,891][INFO ][o.e.a.s.r.TransportReplicationActionTests] [testPrimaryPhaseExecutesDelegatedRequestOnRelocationTarget] before test
[2020-02-16T23:20:47,896][INFO ][o.e.c.s.ClusterApplierService] [test] master node changed {previous [{node}{ImD7W9MZS6-413lhzCs3bg}{0.0.0.0}{0.0.0.0:8}{dim}], current [{node_1}{Cte0kTlgRhmcXJrjtdiJaA}{0.0.0.0}{0.0.0.0:10}{dim}]}, removed {{node}{ImD7W9MZS6-413lhzCs3bg}{0.0.0.0}{0.0.0.0:8}{dim}}, added {{node_0}{b-pkeRneTgOrvxEB_4pX-w}{0.0.0.0}{0.0.0.0:9}{dim},{node_2}{zQPkoTleTCWWsnOJ9K5h7A}{0.0.0.0}{0.0.0.0:11}{dim}}, term: 0, version: 1, reason: test setting state
[2020-02-16T23:20:47,900][INFO ][o.e.a.s.r.TransportReplicationActionTests] [testPrimaryPhaseExecutesDelegatedRequestOnRelocationTarget] after test
[2020-02-16T23:20:47,903][INFO ][o.e.a.s.r.TransportReplicationActionTests] [testStalePrimaryShardOnReroute] before test
[2020-02-16T23:20:47,907][INFO ][o.e.c.s.ClusterApplierService] [test] master node changed {previous [{node}{ZmUGB81gTde5NQnSdF4A0Q}{0.0.0.0}{0.0.0.0:15}{dim}], current [{node_1}{Kf0m1Io0T2msV0-yz2vVrA}{0.0.0.0}{0.0.0.0:17}{dim}]}, removed {{node}{ZmUGB81gTde5NQnSdF4A0Q}{0.0.0.0}{0.0.0.0:15}{dim}}, added {{node_1}{Kf0m1Io0T2msV0-yz2vVrA}{0.0.0.0}{0.0.0.0:17}{dim},{node_2}{XZ7t0RoQTP6ediRmM8OBtg}{0.0.0.0}{0.0.0.0:18}{dim}}, term: 0, version: 1, reason: test setting state
[2020-02-16T23:20:47,909][INFO ][o.e.a.s.r.TransportReplicationActionTests] [testStalePrimaryShardOnReroute] after test
[2020-02-16T23:20:47,912][INFO ][o.e.a.s.r.TransportReplicationActionTests] [testShardNotInPrimaryMode] before test
[2020-02-16T23:20:47,915][INFO ][o.e.c.s.ClusterApplierService] [test] master node changed {previous [{node}{tTD8Fh0BR2W6qUY0-P6pyQ}{0.0.0.0}{0.0.0.0:22}{dim}], current [{node_1}{7M7UDI6sS9SGz0-QFu0M1g}{0.0.0.0}{0.0.0.0:24}{dim}]}, removed {{node}{tTD8Fh0BR2W6qUY0-P6pyQ}{0.0.0.0}{0.0.0.0:22}{dim}}, added {{node_1}{7M7UDI6sS9SGz0-QFu0M1g}{0.0.0.0}{0.0.0.0:24}{dim},{node_2}{qLDMzDipTPOWq3K5tqFkUQ}{0.0.0.0}{0.0.0.0:25}{dim}}, term: 0, version: 1, reason: test setting state
[2020-02-16T23:20:47,918][INFO ][o.e.a.s.r.TransportReplicationActionTests] [testShardNotInPrimaryMode] after test
[2020-02-16T23:20:47,921][INFO ][o.e.a.s.r.TransportReplicationActionTests] [testBlocksInReroutePhase] before test
[2020-02-16T23:20:47,925][INFO ][o.e.c.s.ClusterApplierService] [test] master node changed {previous [{node}{D7uQ1a55S9O1cWsla-GMiA}{0.0.0.0}{0.0.0.0:29}{dim}], current [{node_1}{AnQ6zaTkTXaNmchwFqKo5g}{0.0.0.0}{0.0.0.0:31}{dim}]}, removed {{node}{D7uQ1a55S9O1cWsla-GMiA}{0.0.0.0}{0.0.0.0:29}{dim}}, added {{node_1}{AnQ6zaTkTXaNmchwFqKo5g}{0.0.0.0}{0.0.0.0:31}{dim},{node_2}{wPEY0eoYTYWAsu6VUKXWnQ}{0.0.0.0}{0.0.0.0:32}{dim}}, term: 0, version: 1, reason: test setting state
[2020-02-16T23:20:47,939][INFO ][o.e.a.s.r.TransportReplicationActionTests] [testBlocksInReroutePhase] after test
[2020-02-16T23:20:47,941][INFO ][o.e.a.s.r.TransportReplicationActionTests] [testReplicaProxy] before test
[2020-02-16T23:20:47,945][INFO ][o.e.a.s.r.TransportReplicationActionTests] [testReplicaProxy] using state: cluster uuid: buusQiCoTOuMeLN5Pe1uoA [committed: false]
version: 0
state uuid: hvkx9dYeQw26TTN_Pfn8OA
from_diff: false
meta data version: 0
   coordination_metadata:
      term: 0
      last_committed_config: VotingConfiguration{}
      last_accepted_config: VotingConfiguration{}
      voting tombstones: []
   [test]: v[1], mv[1], sv[1], av[1]
      0: p_term [125], isa_ids [-6dP0RGSRJu-FaG4Df8s3A, sIA65FaqQg-zmulkPqr7eA]
metadata customs:
   index-graveyard: IndexGraveyard[[]]
nodes: 
   {node_0}{RwkfZWAxSAyO0wXkvi4_VQ}{0.0.0.0}{0.0.0.0:37}{dim}, local
   {node_1}{8R2nZNNZTiuc5wJvoD3O7w}{0.0.0.0}{0.0.0.0:38}{dim}, master
   {node_2}{1s_ZM4kJRceshRwJ5kaWmw}{0.0.0.0}{0.0.0.0:39}{dim}
routing_table (version 0):
-- index [[test]]
----shard_id [test][0]
--------[test][0], node[node_0], [P], s[STARTED], a[id=sIA65FaqQg-zmulkPqr7eA]
--------[test][0], node[node_1], [R], s[STARTED], a[id=-6dP0RGSRJu-FaG4Df8s3A]

routing_nodes:
-----node_id[node_0][V]
--------[test][0], node[node_0], [P], s[STARTED], a[id=sIA65FaqQg-zmulkPqr7eA]
-----node_id[node_1][V]
--------[test][0], node[node_1], [R], s[STARTED], a[id=-6dP0RGSRJu-FaG4Df8s3A]
-----node_id[node_2][V]
---- unassigned

[2020-02-16T23:20:47,945][INFO ][o.e.c.s.ClusterApplierService] [test] master node changed {previous [{node}{vQNN7XzhTpyM9ueatAm5ig}{0.0.0.0}{0.0.0.0:36}{dim}], current [{node_1}{8R2nZNNZTiuc5wJvoD3O7w}{0.0.0.0}{0.0.0.0:38}{dim}]}, removed {{node}{vQNN7XzhTpyM9ueatAm5ig}{0.0.0.0}{0.0.0.0:36}{dim}}, added {{node_1}{8R2nZNNZTiuc5wJvoD3O7w}{0.0.0.0}{0.0.0.0:38}{dim},{node_2}{1s_ZM4kJRceshRwJ5kaWmw}{0.0.0.0}{0.0.0.0:39}{dim}}, term: 0, version: 1, reason: test setting state
[2020-02-16T23:20:47,947][INFO ][o.e.a.s.r.TransportReplicationActionTests] [testReplicaProxy] after test
[2020-02-16T23:20:47,949][INFO ][o.e.a.s.r.TransportReplicationActionTests] [testNoRerouteOnStaleClusterState] before test
[2020-02-16T23:20:47,954][INFO ][o.e.c.s.ClusterApplierService] [test] master node changed {previous [{node}{TpcZB6XcRbWQ-orB6T0Vfw}{0.0.0.0}{0.0.0.0:43}{dim}], current [{node_1}{YMwrqsHuQ4myRjBwo_K2Fw}{0.0.0.0}{0.0.0.0:45}{dim}]}, removed {{node}{TpcZB6XcRbWQ-orB6T0Vfw}{0.0.0.0}{0.0.0.0:43}{dim}}, added {{node_0}{HeppyErdQEi7RSy2l2epmw}{0.0.0.0}{0.0.0.0:44}{dim},{node_2}{jtA0mfHITuWMjVl2CLQeIw}{0.0.0.0}{0.0.0.0:46}{dim}}, term: 0, version: 1, reason: test setting state
[2020-02-16T23:20:47,963][INFO ][o.e.a.s.r.TransportReplicationActionTests] [testNoRerouteOnStaleClusterState] after test
[2020-02-16T23:20:47,965][INFO ][o.e.a.s.r.TransportReplicationActionTests] [testRetryOnReplica] before test
[2020-02-16T23:20:47,968][INFO ][o.e.c.s.ClusterApplierService] [test] master node changed {previous [{node}{Gw3QM6qLQSmF2mb0UdEVJQ}{0.0.0.0}{0.0.0.0:50}{dim}], current [{node_1}{MbKYfW3xTFanhaITDr1HxA}{0.0.0.0}{0.0.0.0:52}{dim}]}, removed {{node}{Gw3QM6qLQSmF2mb0UdEVJQ}{0.0.0.0}{0.0.0.0:50}{dim}}, added {{node_0}{0hzJb5H4T1-FWxQzr9mK8A}{0.0.0.0}{0.0.0.0:51}{dim},{node_1}{MbKYfW3xTFanhaITDr1HxA}{0.0.0.0}{0.0.0.0:52}{dim}}, term: 0, version: 1, reason: test setting state
[2020-02-16T23:20:47,973][INFO ][o.e.a.s.r.TransportReplicationActionTests] [testRetryOnReplica] after test
[2020-02-16T23:20:47,975][INFO ][o.e.a.s.r.TransportReplicationActionTests] [testReplicaActionRejectsWrongAid] before test
[2020-02-16T23:20:47,978][INFO ][o.e.c.s.ClusterApplierService] [test] master node changed {previous [{node}{IgV0ryILTgSkrJf9FrYqAQ}{0.0.0.0}{0.0.0.0:57}{dim}], current [{node_1}{Be6UX6wYTT-UlWfNDAiEmQ}{0.0.0.0}{0.0.0.0:59}{dim}]}, removed {{node}{IgV0ryILTgSkrJf9FrYqAQ}{0.0.0.0}{0.0.0.0:57}{dim}}, added {{node_0}{Pt9fuZL7T66FeNsSHjG0_Q}{0.0.0.0}{0.0.0.0:58}{dim},{node_2}{mFFsG3v3TLmzU5e3MP4mzg}{0.0.0.0}{0.0.0.0:60}{dim}}, term: 0, version: 1, reason: test setting state
[2020-02-16T23:20:47,980][INFO ][o.e.a.s.r.TransportReplicationActionTests] [testReplicaActionRejectsWrongAid] after test
[2020-02-16T23:20:47,982][INFO ][o.e.a.s.r.TransportReplicationActionTests] [testReplicasCounter] before test
[2020-02-16T23:20:47,986][INFO ][o.e.c.s.ClusterApplierService] [test] master node changed {previous [{node}{u5WiznsDSPOjr5NpKmRrMg}{0.0.0.0}{0.0.0.0:64}{dim}], current [{node_1}{K3VIuiFATSmyvJeYWVZtKg}{0.0.0.0}{0.0.0.0:66}{dim}]}, removed {{node}{u5WiznsDSPOjr5NpKmRrMg}{0.0.0.0}{0.0.0.0:64}{dim}}, added {{node_1}{K3VIuiFATSmyvJeYWVZtKg}{0.0.0.0}{0.0.0.0:66}{dim},{node_2}{zfKbWv_QTbqecEFXAx7JUg}{0.0.0.0}{0.0.0.0:67}{dim}}, term: 0, version: 1, reason: test setting state
[2020-02-16T23:20:47,989][INFO ][o.e.a.s.r.TransportReplicationActionTests] [testReplicasCounter] after test
[2020-02-16T23:20:47,991][INFO ][o.e.a.s.r.TransportReplicationActionTests] [testPrimaryActionRejectsWrongAidOrWrongTerm] before test
[2020-02-16T23:20:47,994][INFO ][o.e.c.s.ClusterApplierService] [test] master node changed {previous [{node}{kBokMnNOQl-qKClMPOD9QA}{0.0.0.0}{0.0.0.0:71}{dim}], current [{node_1}{bk-vaIh0SDKB84WHQYsD9g}{0.0.0.0}{0.0.0.0:73}{dim}]}, removed {{node}{kBokMnNOQl-qKClMPOD9QA}{0.0.0.0}{0.0.0.0:71}{dim}}, added {{node_1}{bk-vaIh0SDKB84WHQYsD9g}{0.0.0.0}{0.0.0.0:73}{dim},{node_2}{TGZw7VUARBGCd0wBJizItg}{0.0.0.0}{0.0.0.0:74}{dim}}, term: 0, version: 1, reason: test setting state
[2020-02-16T23:20:47,996][INFO ][o.e.a.s.r.TransportReplicationActionTests] [testPrimaryActionRejectsWrongAidOrWrongTerm] after test
[2020-02-16T23:20:47,998][INFO ][o.e.a.s.r.TransportReplicationActionTests] [testPrimaryPhaseExecutesOrDelegatesRequestToRelocationTarget] before test
[2020-02-16T23:20:48,001][INFO ][o.e.c.s.ClusterApplierService] [test] master node changed {previous [{node}{3EXiVJILRSOw_iamNTujYg}{0.0.0.0}{0.0.0.0:78}{dim}], current [{node_1}{PbKGP3jmTECd0-RmpFaHrw}{0.0.0.0}{0.0.0.0:80}{dim}]}, removed {{node}{3EXiVJILRSOw_iamNTujYg}{0.0.0.0}{0.0.0.0:78}{dim}}, added {{node_1}{PbKGP3jmTECd0-RmpFaHrw}{0.0.0.0}{0.0.0.0:80}{dim},{node_2}{47QhdSwLSYaCIYTCYSDVUg}{0.0.0.0}{0.0.0.0:81}{dim}}, term: 0, version: 1, reason: test setting state
[2020-02-16T23:20:48,005][INFO ][o.e.a.s.r.TransportReplicationActionTests] [testPrimaryPhaseExecutesOrDelegatesRequestToRelocationTarget] after test
[2020-02-16T23:20:48,007][INFO ][o.e.a.s.r.TransportReplicationActionTests] [testClosedIndexOnReroute] before test
[2020-02-16T23:20:48,023][INFO ][o.e.c.m.MetaDataCreateIndexService] [testClosedIndexOnReroute] [test] creating index, cause [api], templates [], shards [1]/[1], mappings []
[2020-02-16T23:20:48,023][INFO ][o.e.c.r.a.AllocationService] [testClosedIndexOnReroute] Cluster health status changed from [YELLOW] to [RED] (reason: [index [test] created]).
[2020-02-16T23:20:48,024][INFO ][o.e.c.m.MetaDataIndexStateService] [testClosedIndexOnReroute] closing indices [test/vgVkYoaqQUGeh_wIlHZtBw]
[2020-02-16T23:20:48,025][INFO ][o.e.c.m.MetaDataIndexStateService] [testClosedIndexOnReroute] completed closing of indices [test]
[2020-02-16T23:20:48,025][INFO ][o.e.c.r.a.AllocationService] [testClosedIndexOnReroute] Cluster health status changed from [YELLOW] to [RED] (reason: [indices closed]).
[2020-02-16T23:20:48,026][WARN ][o.e.a.s.r.T.TestAction   ] [testClosedIndexOnReroute] unexpected error during the primary phase for action [internal:testActionWithBlocks], request [Request{}]
org.elasticsearch.indices.IndexClosedException: closed
	at org.elasticsearch.action.support.replication.TransportReplicationAction$ReroutePhase.doRun(TransportReplicationAction.java:669) [main/:?]
	at org.elasticsearch.common.util.concurrent.AbstractRunnable.run(AbstractRunnable.java:37) [main/:?]
	at org.elasticsearch.action.support.replication.TransportReplicationActionTests.testClosedIndexOnReroute(TransportReplicationActionTests.java:523) [test/:?]
	at jdk.internal.reflect.NativeMethodAccessorImpl.invoke0(Native Method) ~[?:?]
	at jdk.internal.reflect.NativeMethodAccessorImpl.invoke(NativeMethodAccessorImpl.java:62) ~[?:?]
	at jdk.internal.reflect.DelegatingMethodAccessorImpl.invoke(DelegatingMethodAccessorImpl.java:43) ~[?:?]
	at java.lang.reflect.Method.invoke(Method.java:567) ~[?:?]
	at com.carrotsearch.randomizedtesting.RandomizedRunner.invoke(RandomizedRunner.java:1750) [randomizedtesting-runner-2.7.1.jar:?]
	at com.carrotsearch.randomizedtesting.RandomizedRunner$8.evaluate(RandomizedRunner.java:938) [randomizedtesting-runner-2.7.1.jar:?]
	at com.carrotsearch.randomizedtesting.RandomizedRunner$9.evaluate(RandomizedRunner.java:974) [randomizedtesting-runner-2.7.1.jar:?]
	at com.carrotsearch.randomizedtesting.RandomizedRunner$10.evaluate(RandomizedRunner.java:988) [randomizedtesting-runner-2.7.1.jar:?]
	at com.carrotsearch.randomizedtesting.rules.StatementAdapter.evaluate(StatementAdapter.java:36) [randomizedtesting-runner-2.7.1.jar:?]
	at org.apache.lucene.util.TestRuleSetupTeardownChained$1.evaluate(TestRuleSetupTeardownChained.java:49) [lucene-test-framework-8.3.0.jar:8.3.0 2aa586909b911e66e1d8863aa89f173d69f86cd2 - ishan - 2019-10-25 23:10:05]
	at org.apache.lucene.util.AbstractBeforeAfterRule$1.evaluate(AbstractBeforeAfterRule.java:45) [lucene-test-framework-8.3.0.jar:8.3.0 2aa586909b911e66e1d8863aa89f173d69f86cd2 - ishan - 2019-10-25 23:10:05]
	at org.apache.lucene.util.TestRuleThreadAndTestName$1.evaluate(TestRuleThreadAndTestName.java:48) [lucene-test-framework-8.3.0.jar:8.3.0 2aa586909b911e66e1d8863aa89f173d69f86cd2 - ishan - 2019-10-25 23:10:05]
	at org.apache.lucene.util.TestRuleIgnoreAfterMaxFailures$1.evaluate(TestRuleIgnoreAfterMaxFailures.java:64) [lucene-test-framework-8.3.0.jar:8.3.0 2aa586909b911e66e1d8863aa89f173d69f86cd2 - ishan - 2019-10-25 23:10:05]
	at org.apache.lucene.util.TestRuleMarkFailure$1.evaluate(TestRuleMarkFailure.java:47) [lucene-test-framework-8.3.0.jar:8.3.0 2aa586909b911e66e1d8863aa89f173d69f86cd2 - ishan - 2019-10-25 23:10:05]
	at com.carrotsearch.randomizedtesting.rules.StatementAdapter.evaluate(StatementAdapter.java:36) [randomizedtesting-runner-2.7.1.jar:?]
	at com.carrotsearch.randomizedtesting.ThreadLeakControl$StatementRunner.run(ThreadLeakControl.java:368) [randomizedtesting-runner-2.7.1.jar:?]
	at com.carrotsearch.randomizedtesting.ThreadLeakControl.forkTimeoutingTask(ThreadLeakControl.java:817) [randomizedtesting-runner-2.7.1.jar:?]
	at com.carrotsearch.randomizedtesting.ThreadLeakControl$3.evaluate(ThreadLeakControl.java:468) [randomizedtesting-runner-2.7.1.jar:?]
	at com.carrotsearch.randomizedtesting.RandomizedRunner.runSingleTest(RandomizedRunner.java:947) [randomizedtesting-runner-2.7.1.jar:?]
	at com.carrotsearch.randomizedtesting.RandomizedRunner$5.evaluate(RandomizedRunner.java:832) [randomizedtesting-runner-2.7.1.jar:?]
	at com.carrotsearch.randomizedtesting.RandomizedRunner$6.evaluate(RandomizedRunner.java:883) [randomizedtesting-runner-2.7.1.jar:?]
	at com.carrotsearch.randomizedtesting.RandomizedRunner$7.evaluate(RandomizedRunner.java:894) [randomizedtesting-runner-2.7.1.jar:?]
	at org.apache.lucene.util.AbstractBeforeAfterRule$1.evaluate(AbstractBeforeAfterRule.java:45) [lucene-test-framework-8.3.0.jar:8.3.0 2aa586909b911e66e1d8863aa89f173d69f86cd2 - ishan - 2019-10-25 23:10:05]
	at com.carrotsearch.randomizedtesting.rules.StatementAdapter.evaluate(StatementAdapter.java:36) [randomizedtesting-runner-2.7.1.jar:?]
	at org.apache.lucene.util.TestRuleStoreClassName$1.evaluate(TestRuleStoreClassName.java:41) [lucene-test-framework-8.3.0.jar:8.3.0 2aa586909b911e66e1d8863aa89f173d69f86cd2 - ishan - 2019-10-25 23:10:05]
	at com.carrotsearch.randomizedtesting.rules.NoShadowingOrOverridesOnMethodsRule$1.evaluate(NoShadowingOrOverridesOnMethodsRule.java:40) [randomizedtesting-runner-2.7.1.jar:?]
	at com.carrotsearch.randomizedtesting.rules.NoShadowingOrOverridesOnMethodsRule$1.evaluate(NoShadowingOrOverridesOnMethodsRule.java:40) [randomizedtesting-runner-2.7.1.jar:?]
	at com.carrotsearch.randomizedtesting.rules.StatementAdapter.evaluate(StatementAdapter.java:36) [randomizedtesting-runner-2.7.1.jar:?]
	at com.carrotsearch.randomizedtesting.rules.StatementAdapter.evaluate(StatementAdapter.java:36) [randomizedtesting-runner-2.7.1.jar:?]
	at org.apache.lucene.util.TestRuleAssertionsRequired$1.evaluate(TestRuleAssertionsRequired.java:53) [lucene-test-framework-8.3.0.jar:8.3.0 2aa586909b911e66e1d8863aa89f173d69f86cd2 - ishan - 2019-10-25 23:10:05]
	at org.apache.lucene.util.TestRuleMarkFailure$1.evaluate(TestRuleMarkFailure.java:47) [lucene-test-framework-8.3.0.jar:8.3.0 2aa586909b911e66e1d8863aa89f173d69f86cd2 - ishan - 2019-10-25 23:10:05]
	at org.apache.lucene.util.TestRuleIgnoreAfterMaxFailures$1.evaluate(TestRuleIgnoreAfterMaxFailures.java:64) [lucene-test-framework-8.3.0.jar:8.3.0 2aa586909b911e66e1d8863aa89f173d69f86cd2 - ishan - 2019-10-25 23:10:05]
	at org.apache.lucene.util.TestRuleIgnoreTestSuites$1.evaluate(TestRuleIgnoreTestSuites.java:54) [lucene-test-framework-8.3.0.jar:8.3.0 2aa586909b911e66e1d8863aa89f173d69f86cd2 - ishan - 2019-10-25 23:10:05]
	at com.carrotsearch.randomizedtesting.rules.StatementAdapter.evaluate(StatementAdapter.java:36) [randomizedtesting-runner-2.7.1.jar:?]
	at com.carrotsearch.randomizedtesting.ThreadLeakControl$StatementRunner.run(ThreadLeakControl.java:368) [randomizedtesting-runner-2.7.1.jar:?]
	at java.lang.Thread.run(Thread.java:835) [?:?]
[2020-02-16T23:20:48,028][INFO ][o.e.a.s.r.TransportReplicationActionTests] [testClosedIndexOnReroute] after test
[2020-02-16T23:20:48,030][INFO ][o.e.a.s.r.TransportReplicationActionTests] [testUnknownIndexOrShardOnReroute] before test
[2020-02-16T23:20:48,033][INFO ][o.e.c.s.ClusterApplierService] [test] master node changed {previous [{node}{lkDIKR-JSa6gti1UM1yqLw}{0.0.0.0}{0.0.0.0:86}{dim}], current [{node_1}{3r50hxeLR7y-I42Z7Ag_VA}{0.0.0.0}{0.0.0.0:88}{dim}]}, removed {{node}{lkDIKR-JSa6gti1UM1yqLw}{0.0.0.0}{0.0.0.0:86}{dim}}, added {{node_1}{3r50hxeLR7y-I42Z7Ag_VA}{0.0.0.0}{0.0.0.0:88}{dim},{node_2}{4EKgfF0wQv-1aQgb-zQsVw}{0.0.0.0}{0.0.0.0:89}{dim}}, term: 0, version: 1, reason: test setting state
[2020-02-16T23:20:48,036][WARN ][o.e.a.s.r.T.TestAction   ] [testUnknownIndexOrShardOnReroute] unexpected error during the primary phase for action [internal:testAction], request [Request{}]
org.elasticsearch.index.shard.ShardNotFoundException: no such shard
	at org.elasticsearch.cluster.routing.RoutingTable.shardRoutingTable(RoutingTable.java:154) ~[main/:?]
	at org.elasticsearch.action.support.replication.TransportReplicationAction$ReroutePhase.primary(TransportReplicationAction.java:739) [main/:?]
	at org.elasticsearch.action.support.replication.TransportReplicationAction$ReroutePhase.doRun(TransportReplicationAction.java:677) [main/:?]
	at org.elasticsearch.common.util.concurrent.AbstractRunnable.run(AbstractRunnable.java:37) [main/:?]
	at org.elasticsearch.action.support.replication.TransportReplicationActionTests.testUnknownIndexOrShardOnReroute(TransportReplicationActionTests.java:502) [test/:?]
	at jdk.internal.reflect.NativeMethodAccessorImpl.invoke0(Native Method) ~[?:?]
	at jdk.internal.reflect.NativeMethodAccessorImpl.invoke(NativeMethodAccessorImpl.java:62) ~[?:?]
	at jdk.internal.reflect.DelegatingMethodAccessorImpl.invoke(DelegatingMethodAccessorImpl.java:43) ~[?:?]
	at java.lang.reflect.Method.invoke(Method.java:567) ~[?:?]
	at com.carrotsearch.randomizedtesting.RandomizedRunner.invoke(RandomizedRunner.java:1750) [randomizedtesting-runner-2.7.1.jar:?]
	at com.carrotsearch.randomizedtesting.RandomizedRunner$8.evaluate(RandomizedRunner.java:938) [randomizedtesting-runner-2.7.1.jar:?]
	at com.carrotsearch.randomizedtesting.RandomizedRunner$9.evaluate(RandomizedRunner.java:974) [randomizedtesting-runner-2.7.1.jar:?]
	at com.carrotsearch.randomizedtesting.RandomizedRunner$10.evaluate(RandomizedRunner.java:988) [randomizedtesting-runner-2.7.1.jar:?]
	at com.carrotsearch.randomizedtesting.rules.StatementAdapter.evaluate(StatementAdapter.java:36) [randomizedtesting-runner-2.7.1.jar:?]
	at org.apache.lucene.util.TestRuleSetupTeardownChained$1.evaluate(TestRuleSetupTeardownChained.java:49) [lucene-test-framework-8.3.0.jar:8.3.0 2aa586909b911e66e1d8863aa89f173d69f86cd2 - ishan - 2019-10-25 23:10:05]
	at org.apache.lucene.util.AbstractBeforeAfterRule$1.evaluate(AbstractBeforeAfterRule.java:45) [lucene-test-framework-8.3.0.jar:8.3.0 2aa586909b911e66e1d8863aa89f173d69f86cd2 - ishan - 2019-10-25 23:10:05]
	at org.apache.lucene.util.TestRuleThreadAndTestName$1.evaluate(TestRuleThreadAndTestName.java:48) [lucene-test-framework-8.3.0.jar:8.3.0 2aa586909b911e66e1d8863aa89f173d69f86cd2 - ishan - 2019-10-25 23:10:05]
	at org.apache.lucene.util.TestRuleIgnoreAfterMaxFailures$1.evaluate(TestRuleIgnoreAfterMaxFailures.java:64) [lucene-test-framework-8.3.0.jar:8.3.0 2aa586909b911e66e1d8863aa89f173d69f86cd2 - ishan - 2019-10-25 23:10:05]
	at org.apache.lucene.util.TestRuleMarkFailure$1.evaluate(TestRuleMarkFailure.java:47) [lucene-test-framework-8.3.0.jar:8.3.0 2aa586909b911e66e1d8863aa89f173d69f86cd2 - ishan - 2019-10-25 23:10:05]
	at com.carrotsearch.randomizedtesting.rules.StatementAdapter.evaluate(StatementAdapter.java:36) [randomizedtesting-runner-2.7.1.jar:?]
	at com.carrotsearch.randomizedtesting.ThreadLeakControl$StatementRunner.run(ThreadLeakControl.java:368) [randomizedtesting-runner-2.7.1.jar:?]
	at com.carrotsearch.randomizedtesting.ThreadLeakControl.forkTimeoutingTask(ThreadLeakControl.java:817) [randomizedtesting-runner-2.7.1.jar:?]
	at com.carrotsearch.randomizedtesting.ThreadLeakControl$3.evaluate(ThreadLeakControl.java:468) [randomizedtesting-runner-2.7.1.jar:?]
	at com.carrotsearch.randomizedtesting.RandomizedRunner.runSingleTest(RandomizedRunner.java:947) [randomizedtesting-runner-2.7.1.jar:?]
	at com.carrotsearch.randomizedtesting.RandomizedRunner$5.evaluate(RandomizedRunner.java:832) [randomizedtesting-runner-2.7.1.jar:?]
	at com.carrotsearch.randomizedtesting.RandomizedRunner$6.evaluate(RandomizedRunner.java:883) [randomizedtesting-runner-2.7.1.jar:?]
	at com.carrotsearch.randomizedtesting.RandomizedRunner$7.evaluate(RandomizedRunner.java:894) [randomizedtesting-runner-2.7.1.jar:?]
	at org.apache.lucene.util.AbstractBeforeAfterRule$1.evaluate(AbstractBeforeAfterRule.java:45) [lucene-test-framework-8.3.0.jar:8.3.0 2aa586909b911e66e1d8863aa89f173d69f86cd2 - ishan - 2019-10-25 23:10:05]
	at com.carrotsearch.randomizedtesting.rules.StatementAdapter.evaluate(StatementAdapter.java:36) [randomizedtesting-runner-2.7.1.jar:?]
	at org.apache.lucene.util.TestRuleStoreClassName$1.evaluate(TestRuleStoreClassName.java:41) [lucene-test-framework-8.3.0.jar:8.3.0 2aa586909b911e66e1d8863aa89f173d69f86cd2 - ishan - 2019-10-25 23:10:05]
	at com.carrotsearch.randomizedtesting.rules.NoShadowingOrOverridesOnMethodsRule$1.evaluate(NoShadowingOrOverridesOnMethodsRule.java:40) [randomizedtesting-runner-2.7.1.jar:?]
	at com.carrotsearch.randomizedtesting.rules.NoShadowingOrOverridesOnMethodsRule$1.evaluate(NoShadowingOrOverridesOnMethodsRule.java:40) [randomizedtesting-runner-2.7.1.jar:?]
	at com.carrotsearch.randomizedtesting.rules.StatementAdapter.evaluate(StatementAdapter.java:36) [randomizedtesting-runner-2.7.1.jar:?]
	at com.carrotsearch.randomizedtesting.rules.StatementAdapter.evaluate(StatementAdapter.java:36) [randomizedtesting-runner-2.7.1.jar:?]
	at org.apache.lucene.util.TestRuleAssertionsRequired$1.evaluate(TestRuleAssertionsRequired.java:53) [lucene-test-framework-8.3.0.jar:8.3.0 2aa586909b911e66e1d8863aa89f173d69f86cd2 - ishan - 2019-10-25 23:10:05]
	at org.apache.lucene.util.TestRuleMarkFailure$1.evaluate(TestRuleMarkFailure.java:47) [lucene-test-framework-8.3.0.jar:8.3.0 2aa586909b911e66e1d8863aa89f173d69f86cd2 - ishan - 2019-10-25 23:10:05]
	at org.apache.lucene.util.TestRuleIgnoreAfterMaxFailures$1.evaluate(TestRuleIgnoreAfterMaxFailures.java:64) [lucene-test-framework-8.3.0.jar:8.3.0 2aa586909b911e66e1d8863aa89f173d69f86cd2 - ishan - 2019-10-25 23:10:05]
	at org.apache.lucene.util.TestRuleIgnoreTestSuites$1.evaluate(TestRuleIgnoreTestSuites.java:54) [lucene-test-framework-8.3.0.jar:8.3.0 2aa586909b911e66e1d8863aa89f173d69f86cd2 - ishan - 2019-10-25 23:10:05]
	at com.carrotsearch.randomizedtesting.rules.StatementAdapter.evaluate(StatementAdapter.java:36) [randomizedtesting-runner-2.7.1.jar:?]
	at com.carrotsearch.randomizedtesting.ThreadLeakControl$StatementRunner.run(ThreadLeakControl.java:368) [randomizedtesting-runner-2.7.1.jar:?]
	at java.lang.Thread.run(Thread.java:835) [?:?]
[2020-02-16T23:20:48,037][INFO ][o.e.a.s.r.TransportReplicationActionTests] [testUnknownIndexOrShardOnReroute] after test
[2020-02-16T23:20:48,039][INFO ][o.e.a.s.r.TransportReplicationActionTests] [testPrimaryReference] before test
[2020-02-16T23:20:48,042][INFO ][o.e.a.s.r.TransportReplicationActionTests] [testPrimaryReference] after test
[2020-02-16T23:20:48,044][INFO ][o.e.a.s.r.TransportReplicationActionTests] [testSeqNoIsSetOnPrimary] before test
[2020-02-16T23:20:48,047][INFO ][o.e.c.s.ClusterApplierService] [test] master node changed {previous [{node}{ENMcyod7Q2e9xP13XaVz-g}{0.0.0.0}{0.0.0.0:94}{dim}], current [{node_1}{mbr_RlEtQ76-F_IRbY_aug}{0.0.0.0}{0.0.0.0:96}{dim}]}, removed {{node}{ENMcyod7Q2e9xP13XaVz-g}{0.0.0.0}{0.0.0.0:94}{dim}}, added {{node_1}{mbr_RlEtQ76-F_IRbY_aug}{0.0.0.0}{0.0.0.0:96}{dim},{node_2}{xWDQ9GUKS_aCNqeclw9Qkg}{0.0.0.0}{0.0.0.0:97}{dim}}, term: 0, version: 1, reason: test setting state
[2020-02-16T23:20:48,049][INFO ][o.e.a.s.r.TransportReplicationActionTests] [testSeqNoIsSetOnPrimary] after test
[2020-02-16T23:20:48,051][INFO ][o.e.a.s.r.TransportReplicationActionTests] [testIsRetryableClusterBlockException] before test
[2020-02-16T23:20:48,053][INFO ][o.e.a.s.r.TransportReplicationActionTests] [testIsRetryableClusterBlockException] after test
[2020-02-16T23:20:48,055][INFO ][o.e.a.s.r.TransportReplicationActionTests] [testCounterOnPrimary] before test
[2020-02-16T23:20:48,058][INFO ][o.e.c.s.ClusterApplierService] [test] master node changed {previous [{node}{ZaBGNMztSaWNOKduWJTpXQ}{0.0.0.0}{0.0.0.0:102}{dim}], current [{node_1}{TNVVbykERIiAvk7PrejM9w}{0.0.0.0}{0.0.0.0:104}{dim}]}, removed {{node}{ZaBGNMztSaWNOKduWJTpXQ}{0.0.0.0}{0.0.0.0:102}{dim}}, added {{node_1}{TNVVbykERIiAvk7PrejM9w}{0.0.0.0}{0.0.0.0:104}{dim},{node_2}{jHPO6YSHThSOqtm_Rd-CWg}{0.0.0.0}{0.0.0.0:105}{dim}}, term: 0, version: 1, reason: test setting state
[2020-02-16T23:20:48,060][INFO ][o.e.a.s.r.TransportReplicationActionTests] [testCounterOnPrimary] after test
[2020-02-16T23:20:48,062][INFO ][o.e.a.s.r.TransportReplicationActionTests] [testNotStartedPrimary] before test
[2020-02-16T23:20:48,064][INFO ][o.e.c.s.ClusterApplierService] [test] master node changed {previous [{node}{1ARwxn_WT9WNnyLJFtWtHg}{0.0.0.0}{0.0.0.0:109}{dim}], current [{node_1}{4wkuNlleTEq0qHzRYxlyYA}{0.0.0.0}{0.0.0.0:111}{dim}]}, removed {{node}{1ARwxn_WT9WNnyLJFtWtHg}{0.0.0.0}{0.0.0.0:109}{dim}}, added {{node_1}{4wkuNlleTEq0qHzRYxlyYA}{0.0.0.0}{0.0.0.0:111}{dim},{node_2}{cDCIQ2WrSZ66fkngHiKhrw}{0.0.0.0}{0.0.0.0:112}{dim}}, term: 0, version: 1, reason: test setting state
[2020-02-16T23:20:48,067][INFO ][o.e.c.s.ClusterApplierService] [test] master node changed {previous [{node_1}{4wkuNlleTEq0qHzRYxlyYA}{0.0.0.0}{0.0.0.0:111}{dim}], current [{node_1}{qMKiKqNbR66uVSRg47oGrQ}{0.0.0.0}{0.0.0.0:117}{dim}]}, removed {{node_0}{2k-13a1NSvSIHWajFN_RKw}{0.0.0.0}{0.0.0.0:110}{dim},{node_1}{4wkuNlleTEq0qHzRYxlyYA}{0.0.0.0}{0.0.0.0:111}{dim},{node_2}{cDCIQ2WrSZ66fkngHiKhrw}{0.0.0.0}{0.0.0.0:112}{dim}}, added {{node_1}{qMKiKqNbR66uVSRg47oGrQ}{0.0.0.0}{0.0.0.0:117}{dim},{node_2}{aPdQ7K6jQiKJE2UGRuhx_w}{0.0.0.0}{0.0.0.0:118}{dim}}, term: 0, version: 1, reason: test setting state
[2020-02-16T23:20:48,068][INFO ][o.e.a.s.r.TransportReplicationActionTests] [testNotStartedPrimary] after test
[2020-02-16T23:20:48,070][INFO ][o.e.a.s.r.TransportReplicationActionTests] [testRetryOnReplicaWithRealTransport] before test
[2020-02-16T23:20:48,073][INFO ][o.e.c.s.ClusterApplierService] [test] master node changed {previous [{node}{2cE640SoT1uj4bwS31utpw}{0.0.0.0}{0.0.0.0:122}{dim}], current [{node_1}{Zg8cRAwRSLyASagvMM8usg}{0.0.0.0}{0.0.0.0:124}{dim}]}, removed {{node}{2cE640SoT1uj4bwS31utpw}{0.0.0.0}{0.0.0.0:122}{dim}}, added {{node_0}{t3noIueASHy1u06XDvmHLw}{0.0.0.0}{0.0.0.0:123}{dim},{node_2}{9Zk7fitRT5CmvwBkUYll8g}{0.0.0.0}{0.0.0.0:125}{dim}}, term: 0, version: 1, reason: test setting state
[2020-02-16T23:20:48,352][INFO ][o.e.t.TransportService   ] [testRetryOnReplicaWithRealTransport] publish_address {127.0.0.1:9300}, bound_addresses {127.0.0.1:9300}, {[::1]:9300}
[2020-02-16T23:20:48,356][INFO ][o.e.a.s.r.TransportReplicationActionTests] [testRetryOnReplicaWithRealTransport] after test
[2020-02-16T23:20:48,358][INFO ][o.e.a.s.r.TransportReplicationActionTests] [testDefaultWaitForActiveShardsUsesIndexSetting] before test
[2020-02-16T23:20:48,360][INFO ][o.e.c.s.ClusterApplierService] [test] master node changed {previous [{node}{Pb5rSL3cSOGLtibI1RVl1w}{0.0.0.0}{0.0.0.0:129}{dim}], current [{node_1}{JV5OFmvuQHe46Gl5siPUfA}{0.0.0.0}{0.0.0.0:131}{dim}]}, removed {{node}{Pb5rSL3cSOGLtibI1RVl1w}{0.0.0.0}{0.0.0.0:129}{dim}}, added {{node_5}{2YLAealWQ5GZyJxL-OTdJQ}{0.0.0.0}{0.0.0.0:135}{dim},{node_6}{hb-qhQckRquW39NIhZl-Zg}{0.0.0.0}{0.0.0.0:136}{dim},{node_4}{JODh0PqWRaOR7DeXNuOl9Q}{0.0.0.0}{0.0.0.0:134}{dim},{node_2}{xdZdpnwBSGGYNfrdb89mRw}{0.0.0.0}{0.0.0.0:132}{dim},{node_1}{JV5OFmvuQHe46Gl5siPUfA}{0.0.0.0}{0.0.0.0:131}{dim},{node_3}{4-fSyGCjTPOpmnCl4Ufzag}{0.0.0.0}{0.0.0.0:133}{dim}}, term: 0, version: 1, reason: test setting state
[2020-02-16T23:20:48,361][INFO ][o.e.a.s.r.TransportReplicationActionTests] [testDefaultWaitForActiveShardsUsesIndexSetting] after test
[2020-02-16T23:20:48,363][INFO ][o.e.a.s.r.TransportReplicationActionTests] [testRoutePhaseExecutesRequest] before test
[2020-02-16T23:20:48,365][INFO ][o.e.c.s.ClusterApplierService] [test] master node changed {previous [{node}{7HymumMsRh6MAEiErtS6qQ}{0.0.0.0}{0.0.0.0:140}{dim}], current [{node_1}{MIBzKDR4SpanN3SnmvS-7w}{0.0.0.0}{0.0.0.0:142}{dim}]}, removed {{node}{7HymumMsRh6MAEiErtS6qQ}{0.0.0.0}{0.0.0.0:140}{dim}}, added {{node_3}{e0aUISdrRFu5he9aCIanKQ}{0.0.0.0}{0.0.0.0:144}{dim},{node_1}{MIBzKDR4SpanN3SnmvS-7w}{0.0.0.0}{0.0.0.0:142}{dim},{node_4}{Wh8A4SJ7Q2OOVo9oJkAO3g}{0.0.0.0}{0.0.0.0:145}{dim},{node_5}{pAh05GWZQYyxs0s3z-qADA}{0.0.0.0}{0.0.0.0:146}{dim},{node_2}{Q6_23X0SS7Wqw0M75-wEDw}{0.0.0.0}{0.0.0.0:143}{dim}}, term: 0, version: 1, reason: test setting state
[2020-02-16T23:20:48,365][INFO ][o.e.a.s.r.TransportReplicationActionTests] [testRoutePhaseExecutesRequest] --&gt; primary is assigned to [node_0], checking request forwarded
[2020-02-16T23:20:48,366][INFO ][o.e.a.s.r.TransportReplicationActionTests] [testRoutePhaseExecutesRequest] after test
</pre>
</span>
</div>
</div>
<div id="footer">
<p>
<div>
<label class="hidden" id="label-for-line-wrapping-toggle" for="line-wrapping-toggle">Wrap lines
<input id="line-wrapping-toggle" type="checkbox" autocomplete="off"/>
</label>
</div>Generated by 
<a href="http://www.gradle.org">Gradle 5.6.2</a> at Feb 16, 2020, 5:26:22 PM</p>
</div>
</div>
</body>
</html>
