<!DOCTYPE html>
<html>
<head>
<meta http-equiv="Content-Type" content="text/html; charset=utf-8"/>
<meta http-equiv="x-ua-compatible" content="IE=edge"/>
<title>Test results - Class org.elasticsearch.cluster.routing.allocation.DiskThresholdSettingsTests</title>
<link href="../css/base-style.css" rel="stylesheet" type="text/css"/>
<link href="../css/style.css" rel="stylesheet" type="text/css"/>
<script src="../js/report.js" type="text/javascript"></script>
</head>
<body>
<div id="content">
<h1>Class org.elasticsearch.cluster.routing.allocation.DiskThresholdSettingsTests</h1>
<div class="breadcrumbs">
<a href="../index.html">all</a> &gt; 
<a href="../packages/org.elasticsearch.cluster.routing.allocation.html">org.elasticsearch.cluster.routing.allocation</a> &gt; DiskThresholdSettingsTests</div>
<div id="summary">
<table>
<tr>
<td>
<div class="summaryGroup">
<table>
<tr>
<td>
<div class="infoBox" id="tests">
<div class="counter">10</div>
<p>tests</p>
</div>
</td>
<td>
<div class="infoBox" id="failures">
<div class="counter">0</div>
<p>failures</p>
</div>
</td>
<td>
<div class="infoBox" id="ignored">
<div class="counter">0</div>
<p>ignored</p>
</div>
</td>
<td>
<div class="infoBox" id="duration">
<div class="counter">0.135s</div>
<p>duration</p>
</div>
</td>
</tr>
</table>
</div>
</td>
<td>
<div class="infoBox success" id="successRate">
<div class="percent">100%</div>
<p>successful</p>
</div>
</td>
</tr>
</table>
</div>
<div id="tabs">
<ul class="tabLinks">
<li>
<a href="#tab0">Tests</a>
</li>
<li>
<a href="#tab1">Standard output</a>
</li>
</ul>
<div id="tab0" class="tab">
<h2>Tests</h2>
<table>
<thead>
<tr>
<th>Test</th>
<th>Duration</th>
<th>Result</th>
</tr>
</thead>
<tr>
<td class="success">testDefaults</td>
<td class="success">0.006s</td>
<td class="success">passed</td>
</tr>
<tr>
<td class="success">testIncompatibleThresholdUpdate</td>
<td class="success">0.011s</td>
<td class="success">passed</td>
</tr>
<tr>
<td class="success">testInvalidConstruction</td>
<td class="success">0.011s</td>
<td class="success">passed</td>
</tr>
<tr>
<td class="success">testInvalidHighDiskThreshold</td>
<td class="success">0.007s</td>
<td class="success">passed</td>
</tr>
<tr>
<td class="success">testInvalidHighFloodBytesUpdate</td>
<td class="success">0.007s</td>
<td class="success">passed</td>
</tr>
<tr>
<td class="success">testInvalidHighFloodPercentageUpdate</td>
<td class="success">0.048s</td>
<td class="success">passed</td>
</tr>
<tr>
<td class="success">testInvalidLowHighBytesUpdate</td>
<td class="success">0.007s</td>
<td class="success">passed</td>
</tr>
<tr>
<td class="success">testInvalidLowHighPercentageUpdate</td>
<td class="success">0.008s</td>
<td class="success">passed</td>
</tr>
<tr>
<td class="success">testSequenceOfUpdates</td>
<td class="success">0.004s</td>
<td class="success">passed</td>
</tr>
<tr>
<td class="success">testUpdate</td>
<td class="success">0.026s</td>
<td class="success">passed</td>
</tr>
</table>
</div>
<div id="tab1" class="tab">
<h2>Standard output</h2>
<span class="code">
<pre>[2020-02-16T18:20:38,599][INFO ][o.e.c.r.a.DiskThresholdSettingsTests] [testInvalidHighFloodPercentageUpdate] before test
[2020-02-16T18:20:38,602][WARN ][o.e.c.s.ClusterSettings  ] [testInvalidHighFloodPercentageUpdate] failed to prepareCommit settings for [Updater for: {
  &quot;key&quot; : &quot;cluster.routing.allocation.disk.watermark.low&quot;,
  &quot;properties&quot; : [
    &quot;Dynamic&quot;,
    &quot;NodeScope&quot;
  ],
  &quot;is_group_setting&quot; : false,
  &quot;default&quot; : &quot;85%&quot;
}]
java.lang.IllegalArgumentException: illegal value can't update [cluster.routing.allocation.disk.watermark.low] from [85%] to [50%]
	at org.elasticsearch.common.settings.Setting$Updater.getValue(Setting.java:1021) ~[main/:?]
	at org.elasticsearch.common.settings.AbstractScopedSettings$SettingUpdater.updater(AbstractScopedSettings.java:608) ~[main/:?]
	at org.elasticsearch.common.settings.AbstractScopedSettings.applySettings(AbstractScopedSettings.java:184) [main/:?]
	at org.elasticsearch.cluster.routing.allocation.DiskThresholdSettingsTests.lambda$testInvalidHighFloodPercentageUpdate$2(DiskThresholdSettingsTests.java:120) [test/:?]
	at org.apache.lucene.util.LuceneTestCase._expectThrows(LuceneTestCase.java:2842) [lucene-test-framework-8.3.0.jar:8.3.0 2aa586909b911e66e1d8863aa89f173d69f86cd2 - ishan - 2019-10-25 23:10:05]
	at org.apache.lucene.util.LuceneTestCase.expectThrows(LuceneTestCase.java:2717) [lucene-test-framework-8.3.0.jar:8.3.0 2aa586909b911e66e1d8863aa89f173d69f86cd2 - ishan - 2019-10-25 23:10:05]
	at org.apache.lucene.util.LuceneTestCase.expectThrows(LuceneTestCase.java:2712) [lucene-test-framework-8.3.0.jar:8.3.0 2aa586909b911e66e1d8863aa89f173d69f86cd2 - ishan - 2019-10-25 23:10:05]
	at org.elasticsearch.cluster.routing.allocation.DiskThresholdSettingsTests.testInvalidHighFloodPercentageUpdate(DiskThresholdSettingsTests.java:120) [test/:?]
	at jdk.internal.reflect.NativeMethodAccessorImpl.invoke0(Native Method) ~[?:?]
	at jdk.internal.reflect.NativeMethodAccessorImpl.invoke(NativeMethodAccessorImpl.java:62) ~[?:?]
	at jdk.internal.reflect.DelegatingMethodAccessorImpl.invoke(DelegatingMethodAccessorImpl.java:43) ~[?:?]
	at java.lang.reflect.Method.invoke(Method.java:567) ~[?:?]
	at com.carrotsearch.randomizedtesting.RandomizedRunner.invoke(RandomizedRunner.java:1750) [randomizedtesting-runner-2.7.1.jar:?]
	at com.carrotsearch.randomizedtesting.RandomizedRunner$8.evaluate(RandomizedRunner.java:938) [randomizedtesting-runner-2.7.1.jar:?]
	at com.carrotsearch.randomizedtesting.RandomizedRunner$9.evaluate(RandomizedRunner.java:974) [randomizedtesting-runner-2.7.1.jar:?]
	at com.carrotsearch.randomizedtesting.RandomizedRunner$10.evaluate(RandomizedRunner.java:988) [randomizedtesting-runner-2.7.1.jar:?]
	at com.carrotsearch.randomizedtesting.rules.StatementAdapter.evaluate(StatementAdapter.java:36) [randomizedtesting-runner-2.7.1.jar:?]
	at org.apache.lucene.util.TestRuleSetupTeardownChained$1.evaluate(TestRuleSetupTeardownChained.java:49) [lucene-test-framework-8.3.0.jar:8.3.0 2aa586909b911e66e1d8863aa89f173d69f86cd2 - ishan - 2019-10-25 23:10:05]
	at org.apache.lucene.util.AbstractBeforeAfterRule$1.evaluate(AbstractBeforeAfterRule.java:45) [lucene-test-framework-8.3.0.jar:8.3.0 2aa586909b911e66e1d8863aa89f173d69f86cd2 - ishan - 2019-10-25 23:10:05]
	at org.apache.lucene.util.TestRuleThreadAndTestName$1.evaluate(TestRuleThreadAndTestName.java:48) [lucene-test-framework-8.3.0.jar:8.3.0 2aa586909b911e66e1d8863aa89f173d69f86cd2 - ishan - 2019-10-25 23:10:05]
	at org.apache.lucene.util.TestRuleIgnoreAfterMaxFailures$1.evaluate(TestRuleIgnoreAfterMaxFailures.java:64) [lucene-test-framework-8.3.0.jar:8.3.0 2aa586909b911e66e1d8863aa89f173d69f86cd2 - ishan - 2019-10-25 23:10:05]
	at org.apache.lucene.util.TestRuleMarkFailure$1.evaluate(TestRuleMarkFailure.java:47) [lucene-test-framework-8.3.0.jar:8.3.0 2aa586909b911e66e1d8863aa89f173d69f86cd2 - ishan - 2019-10-25 23:10:05]
	at com.carrotsearch.randomizedtesting.rules.StatementAdapter.evaluate(StatementAdapter.java:36) [randomizedtesting-runner-2.7.1.jar:?]
	at com.carrotsearch.randomizedtesting.ThreadLeakControl$StatementRunner.run(ThreadLeakControl.java:368) [randomizedtesting-runner-2.7.1.jar:?]
	at com.carrotsearch.randomizedtesting.ThreadLeakControl.forkTimeoutingTask(ThreadLeakControl.java:817) [randomizedtesting-runner-2.7.1.jar:?]
	at com.carrotsearch.randomizedtesting.ThreadLeakControl$3.evaluate(ThreadLeakControl.java:468) [randomizedtesting-runner-2.7.1.jar:?]
	at com.carrotsearch.randomizedtesting.RandomizedRunner.runSingleTest(RandomizedRunner.java:947) [randomizedtesting-runner-2.7.1.jar:?]
	at com.carrotsearch.randomizedtesting.RandomizedRunner$5.evaluate(RandomizedRunner.java:832) [randomizedtesting-runner-2.7.1.jar:?]
	at com.carrotsearch.randomizedtesting.RandomizedRunner$6.evaluate(RandomizedRunner.java:883) [randomizedtesting-runner-2.7.1.jar:?]
	at com.carrotsearch.randomizedtesting.RandomizedRunner$7.evaluate(RandomizedRunner.java:894) [randomizedtesting-runner-2.7.1.jar:?]
	at org.apache.lucene.util.AbstractBeforeAfterRule$1.evaluate(AbstractBeforeAfterRule.java:45) [lucene-test-framework-8.3.0.jar:8.3.0 2aa586909b911e66e1d8863aa89f173d69f86cd2 - ishan - 2019-10-25 23:10:05]
	at com.carrotsearch.randomizedtesting.rules.StatementAdapter.evaluate(StatementAdapter.java:36) [randomizedtesting-runner-2.7.1.jar:?]
	at org.apache.lucene.util.TestRuleStoreClassName$1.evaluate(TestRuleStoreClassName.java:41) [lucene-test-framework-8.3.0.jar:8.3.0 2aa586909b911e66e1d8863aa89f173d69f86cd2 - ishan - 2019-10-25 23:10:05]
	at com.carrotsearch.randomizedtesting.rules.NoShadowingOrOverridesOnMethodsRule$1.evaluate(NoShadowingOrOverridesOnMethodsRule.java:40) [randomizedtesting-runner-2.7.1.jar:?]
	at com.carrotsearch.randomizedtesting.rules.NoShadowingOrOverridesOnMethodsRule$1.evaluate(NoShadowingOrOverridesOnMethodsRule.java:40) [randomizedtesting-runner-2.7.1.jar:?]
	at com.carrotsearch.randomizedtesting.rules.StatementAdapter.evaluate(StatementAdapter.java:36) [randomizedtesting-runner-2.7.1.jar:?]
	at com.carrotsearch.randomizedtesting.rules.StatementAdapter.evaluate(StatementAdapter.java:36) [randomizedtesting-runner-2.7.1.jar:?]
	at org.apache.lucene.util.TestRuleAssertionsRequired$1.evaluate(TestRuleAssertionsRequired.java:53) [lucene-test-framework-8.3.0.jar:8.3.0 2aa586909b911e66e1d8863aa89f173d69f86cd2 - ishan - 2019-10-25 23:10:05]
	at org.apache.lucene.util.TestRuleMarkFailure$1.evaluate(TestRuleMarkFailure.java:47) [lucene-test-framework-8.3.0.jar:8.3.0 2aa586909b911e66e1d8863aa89f173d69f86cd2 - ishan - 2019-10-25 23:10:05]
	at org.apache.lucene.util.TestRuleIgnoreAfterMaxFailures$1.evaluate(TestRuleIgnoreAfterMaxFailures.java:64) [lucene-test-framework-8.3.0.jar:8.3.0 2aa586909b911e66e1d8863aa89f173d69f86cd2 - ishan - 2019-10-25 23:10:05]
	at org.apache.lucene.util.TestRuleIgnoreTestSuites$1.evaluate(TestRuleIgnoreTestSuites.java:54) [lucene-test-framework-8.3.0.jar:8.3.0 2aa586909b911e66e1d8863aa89f173d69f86cd2 - ishan - 2019-10-25 23:10:05]
	at com.carrotsearch.randomizedtesting.rules.StatementAdapter.evaluate(StatementAdapter.java:36) [randomizedtesting-runner-2.7.1.jar:?]
	at com.carrotsearch.randomizedtesting.ThreadLeakControl$StatementRunner.run(ThreadLeakControl.java:368) [randomizedtesting-runner-2.7.1.jar:?]
	at java.lang.Thread.run(Thread.java:835) [?:?]
Caused by: java.lang.IllegalArgumentException: high disk watermark [60%] more than flood stage disk watermark [55%]
	at org.elasticsearch.cluster.routing.allocation.DiskThresholdSettings.doValidateAsPercentage(DiskThresholdSettings.java:213) ~[main/:?]
	at org.elasticsearch.cluster.routing.allocation.DiskThresholdSettings.doValidate(DiskThresholdSettings.java:183) ~[main/:?]
	at org.elasticsearch.cluster.routing.allocation.DiskThresholdSettings.access$000(DiskThresholdSettings.java:39) ~[main/:?]
	at org.elasticsearch.cluster.routing.allocation.DiskThresholdSettings$LowDiskWatermarkValidator.validate(DiskThresholdSettings.java:120) ~[main/:?]
	at org.elasticsearch.cluster.routing.allocation.DiskThresholdSettings$LowDiskWatermarkValidator.validate(DiskThresholdSettings.java:109) ~[main/:?]
	at org.elasticsearch.common.settings.Setting.get(Setting.java:446) ~[main/:?]
	at org.elasticsearch.common.settings.Setting.get(Setting.java:426) ~[main/:?]
	at org.elasticsearch.common.settings.Setting$Updater.getValue(Setting.java:1014) ~[main/:?]
	... 43 more
[2020-02-16T18:20:38,603][WARN ][o.e.c.s.ClusterSettings  ] [testInvalidHighFloodPercentageUpdate] failed to apply settings
java.lang.IllegalArgumentException: illegal value can't update [cluster.routing.allocation.disk.watermark.low] from [85%] to [50%]
	at org.elasticsearch.common.settings.Setting$Updater.getValue(Setting.java:1021) ~[main/:?]
	at org.elasticsearch.common.settings.AbstractScopedSettings$SettingUpdater.updater(AbstractScopedSettings.java:608) ~[main/:?]
	at org.elasticsearch.common.settings.AbstractScopedSettings.applySettings(AbstractScopedSettings.java:184) [main/:?]
	at org.elasticsearch.cluster.routing.allocation.DiskThresholdSettingsTests.lambda$testInvalidHighFloodPercentageUpdate$2(DiskThresholdSettingsTests.java:120) [test/:?]
	at org.apache.lucene.util.LuceneTestCase._expectThrows(LuceneTestCase.java:2842) [lucene-test-framework-8.3.0.jar:8.3.0 2aa586909b911e66e1d8863aa89f173d69f86cd2 - ishan - 2019-10-25 23:10:05]
	at org.apache.lucene.util.LuceneTestCase.expectThrows(LuceneTestCase.java:2717) [lucene-test-framework-8.3.0.jar:8.3.0 2aa586909b911e66e1d8863aa89f173d69f86cd2 - ishan - 2019-10-25 23:10:05]
	at org.apache.lucene.util.LuceneTestCase.expectThrows(LuceneTestCase.java:2712) [lucene-test-framework-8.3.0.jar:8.3.0 2aa586909b911e66e1d8863aa89f173d69f86cd2 - ishan - 2019-10-25 23:10:05]
	at org.elasticsearch.cluster.routing.allocation.DiskThresholdSettingsTests.testInvalidHighFloodPercentageUpdate(DiskThresholdSettingsTests.java:120) [test/:?]
	at jdk.internal.reflect.NativeMethodAccessorImpl.invoke0(Native Method) ~[?:?]
	at jdk.internal.reflect.NativeMethodAccessorImpl.invoke(NativeMethodAccessorImpl.java:62) ~[?:?]
	at jdk.internal.reflect.DelegatingMethodAccessorImpl.invoke(DelegatingMethodAccessorImpl.java:43) ~[?:?]
	at java.lang.reflect.Method.invoke(Method.java:567) ~[?:?]
	at com.carrotsearch.randomizedtesting.RandomizedRunner.invoke(RandomizedRunner.java:1750) [randomizedtesting-runner-2.7.1.jar:?]
	at com.carrotsearch.randomizedtesting.RandomizedRunner$8.evaluate(RandomizedRunner.java:938) [randomizedtesting-runner-2.7.1.jar:?]
	at com.carrotsearch.randomizedtesting.RandomizedRunner$9.evaluate(RandomizedRunner.java:974) [randomizedtesting-runner-2.7.1.jar:?]
	at com.carrotsearch.randomizedtesting.RandomizedRunner$10.evaluate(RandomizedRunner.java:988) [randomizedtesting-runner-2.7.1.jar:?]
	at com.carrotsearch.randomizedtesting.rules.StatementAdapter.evaluate(StatementAdapter.java:36) [randomizedtesting-runner-2.7.1.jar:?]
	at org.apache.lucene.util.TestRuleSetupTeardownChained$1.evaluate(TestRuleSetupTeardownChained.java:49) [lucene-test-framework-8.3.0.jar:8.3.0 2aa586909b911e66e1d8863aa89f173d69f86cd2 - ishan - 2019-10-25 23:10:05]
	at org.apache.lucene.util.AbstractBeforeAfterRule$1.evaluate(AbstractBeforeAfterRule.java:45) [lucene-test-framework-8.3.0.jar:8.3.0 2aa586909b911e66e1d8863aa89f173d69f86cd2 - ishan - 2019-10-25 23:10:05]
	at org.apache.lucene.util.TestRuleThreadAndTestName$1.evaluate(TestRuleThreadAndTestName.java:48) [lucene-test-framework-8.3.0.jar:8.3.0 2aa586909b911e66e1d8863aa89f173d69f86cd2 - ishan - 2019-10-25 23:10:05]
	at org.apache.lucene.util.TestRuleIgnoreAfterMaxFailures$1.evaluate(TestRuleIgnoreAfterMaxFailures.java:64) [lucene-test-framework-8.3.0.jar:8.3.0 2aa586909b911e66e1d8863aa89f173d69f86cd2 - ishan - 2019-10-25 23:10:05]
	at org.apache.lucene.util.TestRuleMarkFailure$1.evaluate(TestRuleMarkFailure.java:47) [lucene-test-framework-8.3.0.jar:8.3.0 2aa586909b911e66e1d8863aa89f173d69f86cd2 - ishan - 2019-10-25 23:10:05]
	at com.carrotsearch.randomizedtesting.rules.StatementAdapter.evaluate(StatementAdapter.java:36) [randomizedtesting-runner-2.7.1.jar:?]
	at com.carrotsearch.randomizedtesting.ThreadLeakControl$StatementRunner.run(ThreadLeakControl.java:368) [randomizedtesting-runner-2.7.1.jar:?]
	at com.carrotsearch.randomizedtesting.ThreadLeakControl.forkTimeoutingTask(ThreadLeakControl.java:817) [randomizedtesting-runner-2.7.1.jar:?]
	at com.carrotsearch.randomizedtesting.ThreadLeakControl$3.evaluate(ThreadLeakControl.java:468) [randomizedtesting-runner-2.7.1.jar:?]
	at com.carrotsearch.randomizedtesting.RandomizedRunner.runSingleTest(RandomizedRunner.java:947) [randomizedtesting-runner-2.7.1.jar:?]
	at com.carrotsearch.randomizedtesting.RandomizedRunner$5.evaluate(RandomizedRunner.java:832) [randomizedtesting-runner-2.7.1.jar:?]
	at com.carrotsearch.randomizedtesting.RandomizedRunner$6.evaluate(RandomizedRunner.java:883) [randomizedtesting-runner-2.7.1.jar:?]
	at com.carrotsearch.randomizedtesting.RandomizedRunner$7.evaluate(RandomizedRunner.java:894) [randomizedtesting-runner-2.7.1.jar:?]
	at org.apache.lucene.util.AbstractBeforeAfterRule$1.evaluate(AbstractBeforeAfterRule.java:45) [lucene-test-framework-8.3.0.jar:8.3.0 2aa586909b911e66e1d8863aa89f173d69f86cd2 - ishan - 2019-10-25 23:10:05]
	at com.carrotsearch.randomizedtesting.rules.StatementAdapter.evaluate(StatementAdapter.java:36) [randomizedtesting-runner-2.7.1.jar:?]
	at org.apache.lucene.util.TestRuleStoreClassName$1.evaluate(TestRuleStoreClassName.java:41) [lucene-test-framework-8.3.0.jar:8.3.0 2aa586909b911e66e1d8863aa89f173d69f86cd2 - ishan - 2019-10-25 23:10:05]
	at com.carrotsearch.randomizedtesting.rules.NoShadowingOrOverridesOnMethodsRule$1.evaluate(NoShadowingOrOverridesOnMethodsRule.java:40) [randomizedtesting-runner-2.7.1.jar:?]
	at com.carrotsearch.randomizedtesting.rules.NoShadowingOrOverridesOnMethodsRule$1.evaluate(NoShadowingOrOverridesOnMethodsRule.java:40) [randomizedtesting-runner-2.7.1.jar:?]
	at com.carrotsearch.randomizedtesting.rules.StatementAdapter.evaluate(StatementAdapter.java:36) [randomizedtesting-runner-2.7.1.jar:?]
	at com.carrotsearch.randomizedtesting.rules.StatementAdapter.evaluate(StatementAdapter.java:36) [randomizedtesting-runner-2.7.1.jar:?]
	at org.apache.lucene.util.TestRuleAssertionsRequired$1.evaluate(TestRuleAssertionsRequired.java:53) [lucene-test-framework-8.3.0.jar:8.3.0 2aa586909b911e66e1d8863aa89f173d69f86cd2 - ishan - 2019-10-25 23:10:05]
	at org.apache.lucene.util.TestRuleMarkFailure$1.evaluate(TestRuleMarkFailure.java:47) [lucene-test-framework-8.3.0.jar:8.3.0 2aa586909b911e66e1d8863aa89f173d69f86cd2 - ishan - 2019-10-25 23:10:05]
	at org.apache.lucene.util.TestRuleIgnoreAfterMaxFailures$1.evaluate(TestRuleIgnoreAfterMaxFailures.java:64) [lucene-test-framework-8.3.0.jar:8.3.0 2aa586909b911e66e1d8863aa89f173d69f86cd2 - ishan - 2019-10-25 23:10:05]
	at org.apache.lucene.util.TestRuleIgnoreTestSuites$1.evaluate(TestRuleIgnoreTestSuites.java:54) [lucene-test-framework-8.3.0.jar:8.3.0 2aa586909b911e66e1d8863aa89f173d69f86cd2 - ishan - 2019-10-25 23:10:05]
	at com.carrotsearch.randomizedtesting.rules.StatementAdapter.evaluate(StatementAdapter.java:36) [randomizedtesting-runner-2.7.1.jar:?]
	at com.carrotsearch.randomizedtesting.ThreadLeakControl$StatementRunner.run(ThreadLeakControl.java:368) [randomizedtesting-runner-2.7.1.jar:?]
	at java.lang.Thread.run(Thread.java:835) [?:?]
Caused by: java.lang.IllegalArgumentException: high disk watermark [60%] more than flood stage disk watermark [55%]
	at org.elasticsearch.cluster.routing.allocation.DiskThresholdSettings.doValidateAsPercentage(DiskThresholdSettings.java:213) ~[main/:?]
	at org.elasticsearch.cluster.routing.allocation.DiskThresholdSettings.doValidate(DiskThresholdSettings.java:183) ~[main/:?]
	at org.elasticsearch.cluster.routing.allocation.DiskThresholdSettings.access$000(DiskThresholdSettings.java:39) ~[main/:?]
	at org.elasticsearch.cluster.routing.allocation.DiskThresholdSettings$LowDiskWatermarkValidator.validate(DiskThresholdSettings.java:120) ~[main/:?]
	at org.elasticsearch.cluster.routing.allocation.DiskThresholdSettings$LowDiskWatermarkValidator.validate(DiskThresholdSettings.java:109) ~[main/:?]
	at org.elasticsearch.common.settings.Setting.get(Setting.java:446) ~[main/:?]
	at org.elasticsearch.common.settings.Setting.get(Setting.java:426) ~[main/:?]
	at org.elasticsearch.common.settings.Setting$Updater.getValue(Setting.java:1014) ~[main/:?]
	... 43 more
[2020-02-16T18:20:38,604][INFO ][o.e.c.r.a.DiskThresholdSettingsTests] [testInvalidHighFloodPercentageUpdate] after test
[2020-02-16T18:20:38,606][INFO ][o.e.c.r.a.DiskThresholdSettingsTests] [testSequenceOfUpdates] before test
[2020-02-16T18:20:38,607][INFO ][o.e.c.r.a.DiskThresholdSettingsTests] [testSequenceOfUpdates] after test
[2020-02-16T18:20:38,617][INFO ][o.e.c.r.a.DiskThresholdSettingsTests] [testInvalidConstruction] before test
[2020-02-16T18:20:38,618][INFO ][o.e.c.r.a.DiskThresholdSettingsTests] [testInvalidConstruction] after test
[2020-02-16T18:20:38,621][INFO ][o.e.c.r.a.DiskThresholdSettingsTests] [testInvalidLowHighBytesUpdate] before test
[2020-02-16T18:20:38,622][WARN ][o.e.c.s.ClusterSettings  ] [testInvalidLowHighBytesUpdate] failed to prepareCommit settings for [Updater for: {
  &quot;key&quot; : &quot;cluster.routing.allocation.disk.watermark.low&quot;,
  &quot;properties&quot; : [
    &quot;Dynamic&quot;,
    &quot;NodeScope&quot;
  ],
  &quot;is_group_setting&quot; : false,
  &quot;default&quot; : &quot;85%&quot;
}]
java.lang.IllegalArgumentException: illegal value can't update [cluster.routing.allocation.disk.watermark.low] from [85%] to [500m]
	at org.elasticsearch.common.settings.Setting$Updater.getValue(Setting.java:1021) ~[main/:?]
	at org.elasticsearch.common.settings.AbstractScopedSettings$SettingUpdater.updater(AbstractScopedSettings.java:608) ~[main/:?]
	at org.elasticsearch.common.settings.AbstractScopedSettings.applySettings(AbstractScopedSettings.java:184) [main/:?]
	at org.elasticsearch.cluster.routing.allocation.DiskThresholdSettingsTests.lambda$testInvalidLowHighBytesUpdate$3(DiskThresholdSettingsTests.java:139) [test/:?]
	at org.apache.lucene.util.LuceneTestCase._expectThrows(LuceneTestCase.java:2842) [lucene-test-framework-8.3.0.jar:8.3.0 2aa586909b911e66e1d8863aa89f173d69f86cd2 - ishan - 2019-10-25 23:10:05]
	at org.apache.lucene.util.LuceneTestCase.expectThrows(LuceneTestCase.java:2717) [lucene-test-framework-8.3.0.jar:8.3.0 2aa586909b911e66e1d8863aa89f173d69f86cd2 - ishan - 2019-10-25 23:10:05]
	at org.apache.lucene.util.LuceneTestCase.expectThrows(LuceneTestCase.java:2712) [lucene-test-framework-8.3.0.jar:8.3.0 2aa586909b911e66e1d8863aa89f173d69f86cd2 - ishan - 2019-10-25 23:10:05]
	at org.elasticsearch.cluster.routing.allocation.DiskThresholdSettingsTests.testInvalidLowHighBytesUpdate(DiskThresholdSettingsTests.java:139) [test/:?]
	at jdk.internal.reflect.NativeMethodAccessorImpl.invoke0(Native Method) ~[?:?]
	at jdk.internal.reflect.NativeMethodAccessorImpl.invoke(NativeMethodAccessorImpl.java:62) ~[?:?]
	at jdk.internal.reflect.DelegatingMethodAccessorImpl.invoke(DelegatingMethodAccessorImpl.java:43) ~[?:?]
	at java.lang.reflect.Method.invoke(Method.java:567) ~[?:?]
	at com.carrotsearch.randomizedtesting.RandomizedRunner.invoke(RandomizedRunner.java:1750) [randomizedtesting-runner-2.7.1.jar:?]
	at com.carrotsearch.randomizedtesting.RandomizedRunner$8.evaluate(RandomizedRunner.java:938) [randomizedtesting-runner-2.7.1.jar:?]
	at com.carrotsearch.randomizedtesting.RandomizedRunner$9.evaluate(RandomizedRunner.java:974) [randomizedtesting-runner-2.7.1.jar:?]
	at com.carrotsearch.randomizedtesting.RandomizedRunner$10.evaluate(RandomizedRunner.java:988) [randomizedtesting-runner-2.7.1.jar:?]
	at com.carrotsearch.randomizedtesting.rules.StatementAdapter.evaluate(StatementAdapter.java:36) [randomizedtesting-runner-2.7.1.jar:?]
	at org.apache.lucene.util.TestRuleSetupTeardownChained$1.evaluate(TestRuleSetupTeardownChained.java:49) [lucene-test-framework-8.3.0.jar:8.3.0 2aa586909b911e66e1d8863aa89f173d69f86cd2 - ishan - 2019-10-25 23:10:05]
	at org.apache.lucene.util.AbstractBeforeAfterRule$1.evaluate(AbstractBeforeAfterRule.java:45) [lucene-test-framework-8.3.0.jar:8.3.0 2aa586909b911e66e1d8863aa89f173d69f86cd2 - ishan - 2019-10-25 23:10:05]
	at org.apache.lucene.util.TestRuleThreadAndTestName$1.evaluate(TestRuleThreadAndTestName.java:48) [lucene-test-framework-8.3.0.jar:8.3.0 2aa586909b911e66e1d8863aa89f173d69f86cd2 - ishan - 2019-10-25 23:10:05]
	at org.apache.lucene.util.TestRuleIgnoreAfterMaxFailures$1.evaluate(TestRuleIgnoreAfterMaxFailures.java:64) [lucene-test-framework-8.3.0.jar:8.3.0 2aa586909b911e66e1d8863aa89f173d69f86cd2 - ishan - 2019-10-25 23:10:05]
	at org.apache.lucene.util.TestRuleMarkFailure$1.evaluate(TestRuleMarkFailure.java:47) [lucene-test-framework-8.3.0.jar:8.3.0 2aa586909b911e66e1d8863aa89f173d69f86cd2 - ishan - 2019-10-25 23:10:05]
	at com.carrotsearch.randomizedtesting.rules.StatementAdapter.evaluate(StatementAdapter.java:36) [randomizedtesting-runner-2.7.1.jar:?]
	at com.carrotsearch.randomizedtesting.ThreadLeakControl$StatementRunner.run(ThreadLeakControl.java:368) [randomizedtesting-runner-2.7.1.jar:?]
	at com.carrotsearch.randomizedtesting.ThreadLeakControl.forkTimeoutingTask(ThreadLeakControl.java:817) [randomizedtesting-runner-2.7.1.jar:?]
	at com.carrotsearch.randomizedtesting.ThreadLeakControl$3.evaluate(ThreadLeakControl.java:468) [randomizedtesting-runner-2.7.1.jar:?]
	at com.carrotsearch.randomizedtesting.RandomizedRunner.runSingleTest(RandomizedRunner.java:947) [randomizedtesting-runner-2.7.1.jar:?]
	at com.carrotsearch.randomizedtesting.RandomizedRunner$5.evaluate(RandomizedRunner.java:832) [randomizedtesting-runner-2.7.1.jar:?]
	at com.carrotsearch.randomizedtesting.RandomizedRunner$6.evaluate(RandomizedRunner.java:883) [randomizedtesting-runner-2.7.1.jar:?]
	at com.carrotsearch.randomizedtesting.RandomizedRunner$7.evaluate(RandomizedRunner.java:894) [randomizedtesting-runner-2.7.1.jar:?]
	at org.apache.lucene.util.AbstractBeforeAfterRule$1.evaluate(AbstractBeforeAfterRule.java:45) [lucene-test-framework-8.3.0.jar:8.3.0 2aa586909b911e66e1d8863aa89f173d69f86cd2 - ishan - 2019-10-25 23:10:05]
	at com.carrotsearch.randomizedtesting.rules.StatementAdapter.evaluate(StatementAdapter.java:36) [randomizedtesting-runner-2.7.1.jar:?]
	at org.apache.lucene.util.TestRuleStoreClassName$1.evaluate(TestRuleStoreClassName.java:41) [lucene-test-framework-8.3.0.jar:8.3.0 2aa586909b911e66e1d8863aa89f173d69f86cd2 - ishan - 2019-10-25 23:10:05]
	at com.carrotsearch.randomizedtesting.rules.NoShadowingOrOverridesOnMethodsRule$1.evaluate(NoShadowingOrOverridesOnMethodsRule.java:40) [randomizedtesting-runner-2.7.1.jar:?]
	at com.carrotsearch.randomizedtesting.rules.NoShadowingOrOverridesOnMethodsRule$1.evaluate(NoShadowingOrOverridesOnMethodsRule.java:40) [randomizedtesting-runner-2.7.1.jar:?]
	at com.carrotsearch.randomizedtesting.rules.StatementAdapter.evaluate(StatementAdapter.java:36) [randomizedtesting-runner-2.7.1.jar:?]
	at com.carrotsearch.randomizedtesting.rules.StatementAdapter.evaluate(StatementAdapter.java:36) [randomizedtesting-runner-2.7.1.jar:?]
	at org.apache.lucene.util.TestRuleAssertionsRequired$1.evaluate(TestRuleAssertionsRequired.java:53) [lucene-test-framework-8.3.0.jar:8.3.0 2aa586909b911e66e1d8863aa89f173d69f86cd2 - ishan - 2019-10-25 23:10:05]
	at org.apache.lucene.util.TestRuleMarkFailure$1.evaluate(TestRuleMarkFailure.java:47) [lucene-test-framework-8.3.0.jar:8.3.0 2aa586909b911e66e1d8863aa89f173d69f86cd2 - ishan - 2019-10-25 23:10:05]
	at org.apache.lucene.util.TestRuleIgnoreAfterMaxFailures$1.evaluate(TestRuleIgnoreAfterMaxFailures.java:64) [lucene-test-framework-8.3.0.jar:8.3.0 2aa586909b911e66e1d8863aa89f173d69f86cd2 - ishan - 2019-10-25 23:10:05]
	at org.apache.lucene.util.TestRuleIgnoreTestSuites$1.evaluate(TestRuleIgnoreTestSuites.java:54) [lucene-test-framework-8.3.0.jar:8.3.0 2aa586909b911e66e1d8863aa89f173d69f86cd2 - ishan - 2019-10-25 23:10:05]
	at com.carrotsearch.randomizedtesting.rules.StatementAdapter.evaluate(StatementAdapter.java:36) [randomizedtesting-runner-2.7.1.jar:?]
	at com.carrotsearch.randomizedtesting.ThreadLeakControl$StatementRunner.run(ThreadLeakControl.java:368) [randomizedtesting-runner-2.7.1.jar:?]
	at java.lang.Thread.run(Thread.java:835) [?:?]
Caused by: java.lang.IllegalArgumentException: low disk watermark [500m] less than high disk watermark [1000m]
	at org.elasticsearch.cluster.routing.allocation.DiskThresholdSettings.doValidateAsBytes(DiskThresholdSettings.java:226) ~[main/:?]
	at org.elasticsearch.cluster.routing.allocation.DiskThresholdSettings.doValidate(DiskThresholdSettings.java:189) ~[main/:?]
	at org.elasticsearch.cluster.routing.allocation.DiskThresholdSettings.access$000(DiskThresholdSettings.java:39) ~[main/:?]
	at org.elasticsearch.cluster.routing.allocation.DiskThresholdSettings$LowDiskWatermarkValidator.validate(DiskThresholdSettings.java:120) ~[main/:?]
	at org.elasticsearch.cluster.routing.allocation.DiskThresholdSettings$LowDiskWatermarkValidator.validate(DiskThresholdSettings.java:109) ~[main/:?]
	at org.elasticsearch.common.settings.Setting.get(Setting.java:446) ~[main/:?]
	at org.elasticsearch.common.settings.Setting.get(Setting.java:426) ~[main/:?]
	at org.elasticsearch.common.settings.Setting$Updater.getValue(Setting.java:1014) ~[main/:?]
	... 43 more
[2020-02-16T18:20:38,623][WARN ][o.e.c.s.ClusterSettings  ] [testInvalidLowHighBytesUpdate] failed to apply settings
java.lang.IllegalArgumentException: illegal value can't update [cluster.routing.allocation.disk.watermark.low] from [85%] to [500m]
	at org.elasticsearch.common.settings.Setting$Updater.getValue(Setting.java:1021) ~[main/:?]
	at org.elasticsearch.common.settings.AbstractScopedSettings$SettingUpdater.updater(AbstractScopedSettings.java:608) ~[main/:?]
	at org.elasticsearch.common.settings.AbstractScopedSettings.applySettings(AbstractScopedSettings.java:184) [main/:?]
	at org.elasticsearch.cluster.routing.allocation.DiskThresholdSettingsTests.lambda$testInvalidLowHighBytesUpdate$3(DiskThresholdSettingsTests.java:139) [test/:?]
	at org.apache.lucene.util.LuceneTestCase._expectThrows(LuceneTestCase.java:2842) [lucene-test-framework-8.3.0.jar:8.3.0 2aa586909b911e66e1d8863aa89f173d69f86cd2 - ishan - 2019-10-25 23:10:05]
	at org.apache.lucene.util.LuceneTestCase.expectThrows(LuceneTestCase.java:2717) [lucene-test-framework-8.3.0.jar:8.3.0 2aa586909b911e66e1d8863aa89f173d69f86cd2 - ishan - 2019-10-25 23:10:05]
	at org.apache.lucene.util.LuceneTestCase.expectThrows(LuceneTestCase.java:2712) [lucene-test-framework-8.3.0.jar:8.3.0 2aa586909b911e66e1d8863aa89f173d69f86cd2 - ishan - 2019-10-25 23:10:05]
	at org.elasticsearch.cluster.routing.allocation.DiskThresholdSettingsTests.testInvalidLowHighBytesUpdate(DiskThresholdSettingsTests.java:139) [test/:?]
	at jdk.internal.reflect.NativeMethodAccessorImpl.invoke0(Native Method) ~[?:?]
	at jdk.internal.reflect.NativeMethodAccessorImpl.invoke(NativeMethodAccessorImpl.java:62) ~[?:?]
	at jdk.internal.reflect.DelegatingMethodAccessorImpl.invoke(DelegatingMethodAccessorImpl.java:43) ~[?:?]
	at java.lang.reflect.Method.invoke(Method.java:567) ~[?:?]
	at com.carrotsearch.randomizedtesting.RandomizedRunner.invoke(RandomizedRunner.java:1750) [randomizedtesting-runner-2.7.1.jar:?]
	at com.carrotsearch.randomizedtesting.RandomizedRunner$8.evaluate(RandomizedRunner.java:938) [randomizedtesting-runner-2.7.1.jar:?]
	at com.carrotsearch.randomizedtesting.RandomizedRunner$9.evaluate(RandomizedRunner.java:974) [randomizedtesting-runner-2.7.1.jar:?]
	at com.carrotsearch.randomizedtesting.RandomizedRunner$10.evaluate(RandomizedRunner.java:988) [randomizedtesting-runner-2.7.1.jar:?]
	at com.carrotsearch.randomizedtesting.rules.StatementAdapter.evaluate(StatementAdapter.java:36) [randomizedtesting-runner-2.7.1.jar:?]
	at org.apache.lucene.util.TestRuleSetupTeardownChained$1.evaluate(TestRuleSetupTeardownChained.java:49) [lucene-test-framework-8.3.0.jar:8.3.0 2aa586909b911e66e1d8863aa89f173d69f86cd2 - ishan - 2019-10-25 23:10:05]
	at org.apache.lucene.util.AbstractBeforeAfterRule$1.evaluate(AbstractBeforeAfterRule.java:45) [lucene-test-framework-8.3.0.jar:8.3.0 2aa586909b911e66e1d8863aa89f173d69f86cd2 - ishan - 2019-10-25 23:10:05]
	at org.apache.lucene.util.TestRuleThreadAndTestName$1.evaluate(TestRuleThreadAndTestName.java:48) [lucene-test-framework-8.3.0.jar:8.3.0 2aa586909b911e66e1d8863aa89f173d69f86cd2 - ishan - 2019-10-25 23:10:05]
	at org.apache.lucene.util.TestRuleIgnoreAfterMaxFailures$1.evaluate(TestRuleIgnoreAfterMaxFailures.java:64) [lucene-test-framework-8.3.0.jar:8.3.0 2aa586909b911e66e1d8863aa89f173d69f86cd2 - ishan - 2019-10-25 23:10:05]
	at org.apache.lucene.util.TestRuleMarkFailure$1.evaluate(TestRuleMarkFailure.java:47) [lucene-test-framework-8.3.0.jar:8.3.0 2aa586909b911e66e1d8863aa89f173d69f86cd2 - ishan - 2019-10-25 23:10:05]
	at com.carrotsearch.randomizedtesting.rules.StatementAdapter.evaluate(StatementAdapter.java:36) [randomizedtesting-runner-2.7.1.jar:?]
	at com.carrotsearch.randomizedtesting.ThreadLeakControl$StatementRunner.run(ThreadLeakControl.java:368) [randomizedtesting-runner-2.7.1.jar:?]
	at com.carrotsearch.randomizedtesting.ThreadLeakControl.forkTimeoutingTask(ThreadLeakControl.java:817) [randomizedtesting-runner-2.7.1.jar:?]
	at com.carrotsearch.randomizedtesting.ThreadLeakControl$3.evaluate(ThreadLeakControl.java:468) [randomizedtesting-runner-2.7.1.jar:?]
	at com.carrotsearch.randomizedtesting.RandomizedRunner.runSingleTest(RandomizedRunner.java:947) [randomizedtesting-runner-2.7.1.jar:?]
	at com.carrotsearch.randomizedtesting.RandomizedRunner$5.evaluate(RandomizedRunner.java:832) [randomizedtesting-runner-2.7.1.jar:?]
	at com.carrotsearch.randomizedtesting.RandomizedRunner$6.evaluate(RandomizedRunner.java:883) [randomizedtesting-runner-2.7.1.jar:?]
	at com.carrotsearch.randomizedtesting.RandomizedRunner$7.evaluate(RandomizedRunner.java:894) [randomizedtesting-runner-2.7.1.jar:?]
	at org.apache.lucene.util.AbstractBeforeAfterRule$1.evaluate(AbstractBeforeAfterRule.java:45) [lucene-test-framework-8.3.0.jar:8.3.0 2aa586909b911e66e1d8863aa89f173d69f86cd2 - ishan - 2019-10-25 23:10:05]
	at com.carrotsearch.randomizedtesting.rules.StatementAdapter.evaluate(StatementAdapter.java:36) [randomizedtesting-runner-2.7.1.jar:?]
	at org.apache.lucene.util.TestRuleStoreClassName$1.evaluate(TestRuleStoreClassName.java:41) [lucene-test-framework-8.3.0.jar:8.3.0 2aa586909b911e66e1d8863aa89f173d69f86cd2 - ishan - 2019-10-25 23:10:05]
	at com.carrotsearch.randomizedtesting.rules.NoShadowingOrOverridesOnMethodsRule$1.evaluate(NoShadowingOrOverridesOnMethodsRule.java:40) [randomizedtesting-runner-2.7.1.jar:?]
	at com.carrotsearch.randomizedtesting.rules.NoShadowingOrOverridesOnMethodsRule$1.evaluate(NoShadowingOrOverridesOnMethodsRule.java:40) [randomizedtesting-runner-2.7.1.jar:?]
	at com.carrotsearch.randomizedtesting.rules.StatementAdapter.evaluate(StatementAdapter.java:36) [randomizedtesting-runner-2.7.1.jar:?]
	at com.carrotsearch.randomizedtesting.rules.StatementAdapter.evaluate(StatementAdapter.java:36) [randomizedtesting-runner-2.7.1.jar:?]
	at org.apache.lucene.util.TestRuleAssertionsRequired$1.evaluate(TestRuleAssertionsRequired.java:53) [lucene-test-framework-8.3.0.jar:8.3.0 2aa586909b911e66e1d8863aa89f173d69f86cd2 - ishan - 2019-10-25 23:10:05]
	at org.apache.lucene.util.TestRuleMarkFailure$1.evaluate(TestRuleMarkFailure.java:47) [lucene-test-framework-8.3.0.jar:8.3.0 2aa586909b911e66e1d8863aa89f173d69f86cd2 - ishan - 2019-10-25 23:10:05]
	at org.apache.lucene.util.TestRuleIgnoreAfterMaxFailures$1.evaluate(TestRuleIgnoreAfterMaxFailures.java:64) [lucene-test-framework-8.3.0.jar:8.3.0 2aa586909b911e66e1d8863aa89f173d69f86cd2 - ishan - 2019-10-25 23:10:05]
	at org.apache.lucene.util.TestRuleIgnoreTestSuites$1.evaluate(TestRuleIgnoreTestSuites.java:54) [lucene-test-framework-8.3.0.jar:8.3.0 2aa586909b911e66e1d8863aa89f173d69f86cd2 - ishan - 2019-10-25 23:10:05]
	at com.carrotsearch.randomizedtesting.rules.StatementAdapter.evaluate(StatementAdapter.java:36) [randomizedtesting-runner-2.7.1.jar:?]
	at com.carrotsearch.randomizedtesting.ThreadLeakControl$StatementRunner.run(ThreadLeakControl.java:368) [randomizedtesting-runner-2.7.1.jar:?]
	at java.lang.Thread.run(Thread.java:835) [?:?]
Caused by: java.lang.IllegalArgumentException: low disk watermark [500m] less than high disk watermark [1000m]
	at org.elasticsearch.cluster.routing.allocation.DiskThresholdSettings.doValidateAsBytes(DiskThresholdSettings.java:226) ~[main/:?]
	at org.elasticsearch.cluster.routing.allocation.DiskThresholdSettings.doValidate(DiskThresholdSettings.java:189) ~[main/:?]
	at org.elasticsearch.cluster.routing.allocation.DiskThresholdSettings.access$000(DiskThresholdSettings.java:39) ~[main/:?]
	at org.elasticsearch.cluster.routing.allocation.DiskThresholdSettings$LowDiskWatermarkValidator.validate(DiskThresholdSettings.java:120) ~[main/:?]
	at org.elasticsearch.cluster.routing.allocation.DiskThresholdSettings$LowDiskWatermarkValidator.validate(DiskThresholdSettings.java:109) ~[main/:?]
	at org.elasticsearch.common.settings.Setting.get(Setting.java:446) ~[main/:?]
	at org.elasticsearch.common.settings.Setting.get(Setting.java:426) ~[main/:?]
	at org.elasticsearch.common.settings.Setting$Updater.getValue(Setting.java:1014) ~[main/:?]
	... 43 more
[2020-02-16T18:20:38,625][INFO ][o.e.c.r.a.DiskThresholdSettingsTests] [testInvalidLowHighBytesUpdate] after test
[2020-02-16T18:20:38,648][INFO ][o.e.c.r.a.DiskThresholdSettingsTests] [testUpdate] before test
[2020-02-16T18:20:38,650][WARN ][o.e.d.c.s.Settings       ] [testUpdate] [cluster.routing.allocation.disk.include_relocations] setting was deprecated in Elasticsearch and will be removed in a future release! See the breaking changes documentation for the next major version.
[2020-02-16T18:20:38,651][INFO ][o.e.c.s.ClusterSettings  ] [testUpdate] updating [cluster.routing.allocation.disk.watermark.low] from [85%] to [1000mb]
[2020-02-16T18:20:38,651][INFO ][o.e.c.s.ClusterSettings  ] [testUpdate] updating [cluster.routing.allocation.disk.watermark.high] from [90%] to [500mb]
[2020-02-16T18:20:38,651][INFO ][o.e.c.s.ClusterSettings  ] [testUpdate] updating [cluster.routing.allocation.disk.watermark.flood_stage] from [95%] to [250mb]
[2020-02-16T18:20:38,651][INFO ][o.e.c.s.ClusterSettings  ] [testUpdate] updating [cluster.routing.allocation.disk.include_relocations] from [true] to [false]
[2020-02-16T18:20:38,651][INFO ][o.e.c.s.ClusterSettings  ] [testUpdate] updating [cluster.routing.allocation.disk.reroute_interval] from [60s] to [30s]
[2020-02-16T18:20:38,651][INFO ][o.e.c.s.ClusterSettings  ] [testUpdate] updating [cluster.routing.allocation.disk.threshold_enabled] from [true] to [false]
[2020-02-16T18:20:38,651][INFO ][o.e.c.r.a.DiskThresholdSettingsTests] [testUpdate] after test
[2020-02-16T18:20:38,655][INFO ][o.e.c.r.a.DiskThresholdSettingsTests] [testInvalidHighDiskThreshold] before test
[2020-02-16T18:20:38,656][WARN ][o.e.c.s.ClusterSettings  ] [testInvalidHighDiskThreshold] failed to prepareCommit settings for [Updater for: {
  &quot;key&quot; : &quot;cluster.routing.allocation.disk.watermark.high&quot;,
  &quot;properties&quot; : [
    &quot;Dynamic&quot;,
    &quot;NodeScope&quot;
  ],
  &quot;is_group_setting&quot; : false,
  &quot;default&quot; : &quot;90%&quot;
}]
java.lang.IllegalArgumentException: illegal value can't update [cluster.routing.allocation.disk.watermark.high] from [90%] to [75%]
	at org.elasticsearch.common.settings.Setting$Updater.getValue(Setting.java:1021) ~[main/:?]
	at org.elasticsearch.common.settings.AbstractScopedSettings$SettingUpdater.updater(AbstractScopedSettings.java:608) ~[main/:?]
	at org.elasticsearch.common.settings.AbstractScopedSettings.applySettings(AbstractScopedSettings.java:184) [main/:?]
	at org.elasticsearch.cluster.routing.allocation.DiskThresholdSettingsTests.lambda$testInvalidHighDiskThreshold$6(DiskThresholdSettingsTests.java:203) [test/:?]
	at org.apache.lucene.util.LuceneTestCase._expectThrows(LuceneTestCase.java:2842) [lucene-test-framework-8.3.0.jar:8.3.0 2aa586909b911e66e1d8863aa89f173d69f86cd2 - ishan - 2019-10-25 23:10:05]
	at org.apache.lucene.util.LuceneTestCase.expectThrows(LuceneTestCase.java:2717) [lucene-test-framework-8.3.0.jar:8.3.0 2aa586909b911e66e1d8863aa89f173d69f86cd2 - ishan - 2019-10-25 23:10:05]
	at org.apache.lucene.util.LuceneTestCase.expectThrows(LuceneTestCase.java:2712) [lucene-test-framework-8.3.0.jar:8.3.0 2aa586909b911e66e1d8863aa89f173d69f86cd2 - ishan - 2019-10-25 23:10:05]
	at org.elasticsearch.cluster.routing.allocation.DiskThresholdSettingsTests.testInvalidHighDiskThreshold(DiskThresholdSettingsTests.java:203) [test/:?]
	at jdk.internal.reflect.NativeMethodAccessorImpl.invoke0(Native Method) ~[?:?]
	at jdk.internal.reflect.NativeMethodAccessorImpl.invoke(NativeMethodAccessorImpl.java:62) ~[?:?]
	at jdk.internal.reflect.DelegatingMethodAccessorImpl.invoke(DelegatingMethodAccessorImpl.java:43) ~[?:?]
	at java.lang.reflect.Method.invoke(Method.java:567) ~[?:?]
	at com.carrotsearch.randomizedtesting.RandomizedRunner.invoke(RandomizedRunner.java:1750) [randomizedtesting-runner-2.7.1.jar:?]
	at com.carrotsearch.randomizedtesting.RandomizedRunner$8.evaluate(RandomizedRunner.java:938) [randomizedtesting-runner-2.7.1.jar:?]
	at com.carrotsearch.randomizedtesting.RandomizedRunner$9.evaluate(RandomizedRunner.java:974) [randomizedtesting-runner-2.7.1.jar:?]
	at com.carrotsearch.randomizedtesting.RandomizedRunner$10.evaluate(RandomizedRunner.java:988) [randomizedtesting-runner-2.7.1.jar:?]
	at com.carrotsearch.randomizedtesting.rules.StatementAdapter.evaluate(StatementAdapter.java:36) [randomizedtesting-runner-2.7.1.jar:?]
	at org.apache.lucene.util.TestRuleSetupTeardownChained$1.evaluate(TestRuleSetupTeardownChained.java:49) [lucene-test-framework-8.3.0.jar:8.3.0 2aa586909b911e66e1d8863aa89f173d69f86cd2 - ishan - 2019-10-25 23:10:05]
	at org.apache.lucene.util.AbstractBeforeAfterRule$1.evaluate(AbstractBeforeAfterRule.java:45) [lucene-test-framework-8.3.0.jar:8.3.0 2aa586909b911e66e1d8863aa89f173d69f86cd2 - ishan - 2019-10-25 23:10:05]
	at org.apache.lucene.util.TestRuleThreadAndTestName$1.evaluate(TestRuleThreadAndTestName.java:48) [lucene-test-framework-8.3.0.jar:8.3.0 2aa586909b911e66e1d8863aa89f173d69f86cd2 - ishan - 2019-10-25 23:10:05]
	at org.apache.lucene.util.TestRuleIgnoreAfterMaxFailures$1.evaluate(TestRuleIgnoreAfterMaxFailures.java:64) [lucene-test-framework-8.3.0.jar:8.3.0 2aa586909b911e66e1d8863aa89f173d69f86cd2 - ishan - 2019-10-25 23:10:05]
	at org.apache.lucene.util.TestRuleMarkFailure$1.evaluate(TestRuleMarkFailure.java:47) [lucene-test-framework-8.3.0.jar:8.3.0 2aa586909b911e66e1d8863aa89f173d69f86cd2 - ishan - 2019-10-25 23:10:05]
	at com.carrotsearch.randomizedtesting.rules.StatementAdapter.evaluate(StatementAdapter.java:36) [randomizedtesting-runner-2.7.1.jar:?]
	at com.carrotsearch.randomizedtesting.ThreadLeakControl$StatementRunner.run(ThreadLeakControl.java:368) [randomizedtesting-runner-2.7.1.jar:?]
	at com.carrotsearch.randomizedtesting.ThreadLeakControl.forkTimeoutingTask(ThreadLeakControl.java:817) [randomizedtesting-runner-2.7.1.jar:?]
	at com.carrotsearch.randomizedtesting.ThreadLeakControl$3.evaluate(ThreadLeakControl.java:468) [randomizedtesting-runner-2.7.1.jar:?]
	at com.carrotsearch.randomizedtesting.RandomizedRunner.runSingleTest(RandomizedRunner.java:947) [randomizedtesting-runner-2.7.1.jar:?]
	at com.carrotsearch.randomizedtesting.RandomizedRunner$5.evaluate(RandomizedRunner.java:832) [randomizedtesting-runner-2.7.1.jar:?]
	at com.carrotsearch.randomizedtesting.RandomizedRunner$6.evaluate(RandomizedRunner.java:883) [randomizedtesting-runner-2.7.1.jar:?]
	at com.carrotsearch.randomizedtesting.RandomizedRunner$7.evaluate(RandomizedRunner.java:894) [randomizedtesting-runner-2.7.1.jar:?]
	at org.apache.lucene.util.AbstractBeforeAfterRule$1.evaluate(AbstractBeforeAfterRule.java:45) [lucene-test-framework-8.3.0.jar:8.3.0 2aa586909b911e66e1d8863aa89f173d69f86cd2 - ishan - 2019-10-25 23:10:05]
	at com.carrotsearch.randomizedtesting.rules.StatementAdapter.evaluate(StatementAdapter.java:36) [randomizedtesting-runner-2.7.1.jar:?]
	at org.apache.lucene.util.TestRuleStoreClassName$1.evaluate(TestRuleStoreClassName.java:41) [lucene-test-framework-8.3.0.jar:8.3.0 2aa586909b911e66e1d8863aa89f173d69f86cd2 - ishan - 2019-10-25 23:10:05]
	at com.carrotsearch.randomizedtesting.rules.NoShadowingOrOverridesOnMethodsRule$1.evaluate(NoShadowingOrOverridesOnMethodsRule.java:40) [randomizedtesting-runner-2.7.1.jar:?]
	at com.carrotsearch.randomizedtesting.rules.NoShadowingOrOverridesOnMethodsRule$1.evaluate(NoShadowingOrOverridesOnMethodsRule.java:40) [randomizedtesting-runner-2.7.1.jar:?]
	at com.carrotsearch.randomizedtesting.rules.StatementAdapter.evaluate(StatementAdapter.java:36) [randomizedtesting-runner-2.7.1.jar:?]
	at com.carrotsearch.randomizedtesting.rules.StatementAdapter.evaluate(StatementAdapter.java:36) [randomizedtesting-runner-2.7.1.jar:?]
	at org.apache.lucene.util.TestRuleAssertionsRequired$1.evaluate(TestRuleAssertionsRequired.java:53) [lucene-test-framework-8.3.0.jar:8.3.0 2aa586909b911e66e1d8863aa89f173d69f86cd2 - ishan - 2019-10-25 23:10:05]
	at org.apache.lucene.util.TestRuleMarkFailure$1.evaluate(TestRuleMarkFailure.java:47) [lucene-test-framework-8.3.0.jar:8.3.0 2aa586909b911e66e1d8863aa89f173d69f86cd2 - ishan - 2019-10-25 23:10:05]
	at org.apache.lucene.util.TestRuleIgnoreAfterMaxFailures$1.evaluate(TestRuleIgnoreAfterMaxFailures.java:64) [lucene-test-framework-8.3.0.jar:8.3.0 2aa586909b911e66e1d8863aa89f173d69f86cd2 - ishan - 2019-10-25 23:10:05]
	at org.apache.lucene.util.TestRuleIgnoreTestSuites$1.evaluate(TestRuleIgnoreTestSuites.java:54) [lucene-test-framework-8.3.0.jar:8.3.0 2aa586909b911e66e1d8863aa89f173d69f86cd2 - ishan - 2019-10-25 23:10:05]
	at com.carrotsearch.randomizedtesting.rules.StatementAdapter.evaluate(StatementAdapter.java:36) [randomizedtesting-runner-2.7.1.jar:?]
	at com.carrotsearch.randomizedtesting.ThreadLeakControl$StatementRunner.run(ThreadLeakControl.java:368) [randomizedtesting-runner-2.7.1.jar:?]
	at java.lang.Thread.run(Thread.java:835) [?:?]
Caused by: java.lang.IllegalArgumentException: low disk watermark [85%] more than high disk watermark [75%]
	at org.elasticsearch.cluster.routing.allocation.DiskThresholdSettings.doValidateAsPercentage(DiskThresholdSettings.java:209) ~[main/:?]
	at org.elasticsearch.cluster.routing.allocation.DiskThresholdSettings.doValidate(DiskThresholdSettings.java:183) ~[main/:?]
	at org.elasticsearch.cluster.routing.allocation.DiskThresholdSettings.access$000(DiskThresholdSettings.java:39) ~[main/:?]
	at org.elasticsearch.cluster.routing.allocation.DiskThresholdSettings$HighDiskWatermarkValidator.validate(DiskThresholdSettings.java:144) ~[main/:?]
	at org.elasticsearch.cluster.routing.allocation.DiskThresholdSettings$HighDiskWatermarkValidator.validate(DiskThresholdSettings.java:133) ~[main/:?]
	at org.elasticsearch.common.settings.Setting.get(Setting.java:446) ~[main/:?]
	at org.elasticsearch.common.settings.Setting.get(Setting.java:426) ~[main/:?]
	at org.elasticsearch.common.settings.Setting$Updater.getValue(Setting.java:1014) ~[main/:?]
	... 43 more
[2020-02-16T18:20:38,657][WARN ][o.e.c.s.ClusterSettings  ] [testInvalidHighDiskThreshold] failed to apply settings
java.lang.IllegalArgumentException: illegal value can't update [cluster.routing.allocation.disk.watermark.high] from [90%] to [75%]
	at org.elasticsearch.common.settings.Setting$Updater.getValue(Setting.java:1021) ~[main/:?]
	at org.elasticsearch.common.settings.AbstractScopedSettings$SettingUpdater.updater(AbstractScopedSettings.java:608) ~[main/:?]
	at org.elasticsearch.common.settings.AbstractScopedSettings.applySettings(AbstractScopedSettings.java:184) [main/:?]
	at org.elasticsearch.cluster.routing.allocation.DiskThresholdSettingsTests.lambda$testInvalidHighDiskThreshold$6(DiskThresholdSettingsTests.java:203) [test/:?]
	at org.apache.lucene.util.LuceneTestCase._expectThrows(LuceneTestCase.java:2842) [lucene-test-framework-8.3.0.jar:8.3.0 2aa586909b911e66e1d8863aa89f173d69f86cd2 - ishan - 2019-10-25 23:10:05]
	at org.apache.lucene.util.LuceneTestCase.expectThrows(LuceneTestCase.java:2717) [lucene-test-framework-8.3.0.jar:8.3.0 2aa586909b911e66e1d8863aa89f173d69f86cd2 - ishan - 2019-10-25 23:10:05]
	at org.apache.lucene.util.LuceneTestCase.expectThrows(LuceneTestCase.java:2712) [lucene-test-framework-8.3.0.jar:8.3.0 2aa586909b911e66e1d8863aa89f173d69f86cd2 - ishan - 2019-10-25 23:10:05]
	at org.elasticsearch.cluster.routing.allocation.DiskThresholdSettingsTests.testInvalidHighDiskThreshold(DiskThresholdSettingsTests.java:203) [test/:?]
	at jdk.internal.reflect.NativeMethodAccessorImpl.invoke0(Native Method) ~[?:?]
	at jdk.internal.reflect.NativeMethodAccessorImpl.invoke(NativeMethodAccessorImpl.java:62) ~[?:?]
	at jdk.internal.reflect.DelegatingMethodAccessorImpl.invoke(DelegatingMethodAccessorImpl.java:43) ~[?:?]
	at java.lang.reflect.Method.invoke(Method.java:567) ~[?:?]
	at com.carrotsearch.randomizedtesting.RandomizedRunner.invoke(RandomizedRunner.java:1750) [randomizedtesting-runner-2.7.1.jar:?]
	at com.carrotsearch.randomizedtesting.RandomizedRunner$8.evaluate(RandomizedRunner.java:938) [randomizedtesting-runner-2.7.1.jar:?]
	at com.carrotsearch.randomizedtesting.RandomizedRunner$9.evaluate(RandomizedRunner.java:974) [randomizedtesting-runner-2.7.1.jar:?]
	at com.carrotsearch.randomizedtesting.RandomizedRunner$10.evaluate(RandomizedRunner.java:988) [randomizedtesting-runner-2.7.1.jar:?]
	at com.carrotsearch.randomizedtesting.rules.StatementAdapter.evaluate(StatementAdapter.java:36) [randomizedtesting-runner-2.7.1.jar:?]
	at org.apache.lucene.util.TestRuleSetupTeardownChained$1.evaluate(TestRuleSetupTeardownChained.java:49) [lucene-test-framework-8.3.0.jar:8.3.0 2aa586909b911e66e1d8863aa89f173d69f86cd2 - ishan - 2019-10-25 23:10:05]
	at org.apache.lucene.util.AbstractBeforeAfterRule$1.evaluate(AbstractBeforeAfterRule.java:45) [lucene-test-framework-8.3.0.jar:8.3.0 2aa586909b911e66e1d8863aa89f173d69f86cd2 - ishan - 2019-10-25 23:10:05]
	at org.apache.lucene.util.TestRuleThreadAndTestName$1.evaluate(TestRuleThreadAndTestName.java:48) [lucene-test-framework-8.3.0.jar:8.3.0 2aa586909b911e66e1d8863aa89f173d69f86cd2 - ishan - 2019-10-25 23:10:05]
	at org.apache.lucene.util.TestRuleIgnoreAfterMaxFailures$1.evaluate(TestRuleIgnoreAfterMaxFailures.java:64) [lucene-test-framework-8.3.0.jar:8.3.0 2aa586909b911e66e1d8863aa89f173d69f86cd2 - ishan - 2019-10-25 23:10:05]
	at org.apache.lucene.util.TestRuleMarkFailure$1.evaluate(TestRuleMarkFailure.java:47) [lucene-test-framework-8.3.0.jar:8.3.0 2aa586909b911e66e1d8863aa89f173d69f86cd2 - ishan - 2019-10-25 23:10:05]
	at com.carrotsearch.randomizedtesting.rules.StatementAdapter.evaluate(StatementAdapter.java:36) [randomizedtesting-runner-2.7.1.jar:?]
	at com.carrotsearch.randomizedtesting.ThreadLeakControl$StatementRunner.run(ThreadLeakControl.java:368) [randomizedtesting-runner-2.7.1.jar:?]
	at com.carrotsearch.randomizedtesting.ThreadLeakControl.forkTimeoutingTask(ThreadLeakControl.java:817) [randomizedtesting-runner-2.7.1.jar:?]
	at com.carrotsearch.randomizedtesting.ThreadLeakControl$3.evaluate(ThreadLeakControl.java:468) [randomizedtesting-runner-2.7.1.jar:?]
	at com.carrotsearch.randomizedtesting.RandomizedRunner.runSingleTest(RandomizedRunner.java:947) [randomizedtesting-runner-2.7.1.jar:?]
	at com.carrotsearch.randomizedtesting.RandomizedRunner$5.evaluate(RandomizedRunner.java:832) [randomizedtesting-runner-2.7.1.jar:?]
	at com.carrotsearch.randomizedtesting.RandomizedRunner$6.evaluate(RandomizedRunner.java:883) [randomizedtesting-runner-2.7.1.jar:?]
	at com.carrotsearch.randomizedtesting.RandomizedRunner$7.evaluate(RandomizedRunner.java:894) [randomizedtesting-runner-2.7.1.jar:?]
	at org.apache.lucene.util.AbstractBeforeAfterRule$1.evaluate(AbstractBeforeAfterRule.java:45) [lucene-test-framework-8.3.0.jar:8.3.0 2aa586909b911e66e1d8863aa89f173d69f86cd2 - ishan - 2019-10-25 23:10:05]
	at com.carrotsearch.randomizedtesting.rules.StatementAdapter.evaluate(StatementAdapter.java:36) [randomizedtesting-runner-2.7.1.jar:?]
	at org.apache.lucene.util.TestRuleStoreClassName$1.evaluate(TestRuleStoreClassName.java:41) [lucene-test-framework-8.3.0.jar:8.3.0 2aa586909b911e66e1d8863aa89f173d69f86cd2 - ishan - 2019-10-25 23:10:05]
	at com.carrotsearch.randomizedtesting.rules.NoShadowingOrOverridesOnMethodsRule$1.evaluate(NoShadowingOrOverridesOnMethodsRule.java:40) [randomizedtesting-runner-2.7.1.jar:?]
	at com.carrotsearch.randomizedtesting.rules.NoShadowingOrOverridesOnMethodsRule$1.evaluate(NoShadowingOrOverridesOnMethodsRule.java:40) [randomizedtesting-runner-2.7.1.jar:?]
	at com.carrotsearch.randomizedtesting.rules.StatementAdapter.evaluate(StatementAdapter.java:36) [randomizedtesting-runner-2.7.1.jar:?]
	at com.carrotsearch.randomizedtesting.rules.StatementAdapter.evaluate(StatementAdapter.java:36) [randomizedtesting-runner-2.7.1.jar:?]
	at org.apache.lucene.util.TestRuleAssertionsRequired$1.evaluate(TestRuleAssertionsRequired.java:53) [lucene-test-framework-8.3.0.jar:8.3.0 2aa586909b911e66e1d8863aa89f173d69f86cd2 - ishan - 2019-10-25 23:10:05]
	at org.apache.lucene.util.TestRuleMarkFailure$1.evaluate(TestRuleMarkFailure.java:47) [lucene-test-framework-8.3.0.jar:8.3.0 2aa586909b911e66e1d8863aa89f173d69f86cd2 - ishan - 2019-10-25 23:10:05]
	at org.apache.lucene.util.TestRuleIgnoreAfterMaxFailures$1.evaluate(TestRuleIgnoreAfterMaxFailures.java:64) [lucene-test-framework-8.3.0.jar:8.3.0 2aa586909b911e66e1d8863aa89f173d69f86cd2 - ishan - 2019-10-25 23:10:05]
	at org.apache.lucene.util.TestRuleIgnoreTestSuites$1.evaluate(TestRuleIgnoreTestSuites.java:54) [lucene-test-framework-8.3.0.jar:8.3.0 2aa586909b911e66e1d8863aa89f173d69f86cd2 - ishan - 2019-10-25 23:10:05]
	at com.carrotsearch.randomizedtesting.rules.StatementAdapter.evaluate(StatementAdapter.java:36) [randomizedtesting-runner-2.7.1.jar:?]
	at com.carrotsearch.randomizedtesting.ThreadLeakControl$StatementRunner.run(ThreadLeakControl.java:368) [randomizedtesting-runner-2.7.1.jar:?]
	at java.lang.Thread.run(Thread.java:835) [?:?]
Caused by: java.lang.IllegalArgumentException: low disk watermark [85%] more than high disk watermark [75%]
	at org.elasticsearch.cluster.routing.allocation.DiskThresholdSettings.doValidateAsPercentage(DiskThresholdSettings.java:209) ~[main/:?]
	at org.elasticsearch.cluster.routing.allocation.DiskThresholdSettings.doValidate(DiskThresholdSettings.java:183) ~[main/:?]
	at org.elasticsearch.cluster.routing.allocation.DiskThresholdSettings.access$000(DiskThresholdSettings.java:39) ~[main/:?]
	at org.elasticsearch.cluster.routing.allocation.DiskThresholdSettings$HighDiskWatermarkValidator.validate(DiskThresholdSettings.java:144) ~[main/:?]
	at org.elasticsearch.cluster.routing.allocation.DiskThresholdSettings$HighDiskWatermarkValidator.validate(DiskThresholdSettings.java:133) ~[main/:?]
	at org.elasticsearch.common.settings.Setting.get(Setting.java:446) ~[main/:?]
	at org.elasticsearch.common.settings.Setting.get(Setting.java:426) ~[main/:?]
	at org.elasticsearch.common.settings.Setting$Updater.getValue(Setting.java:1014) ~[main/:?]
	... 43 more
[2020-02-16T18:20:38,658][INFO ][o.e.c.r.a.DiskThresholdSettingsTests] [testInvalidHighDiskThreshold] after test
[2020-02-16T18:20:38,665][INFO ][o.e.c.r.a.DiskThresholdSettingsTests] [testIncompatibleThresholdUpdate] before test
[2020-02-16T18:20:38,667][WARN ][o.e.c.s.ClusterSettings  ] [testIncompatibleThresholdUpdate] failed to prepareCommit settings for [Updater for: {
  &quot;key&quot; : &quot;cluster.routing.allocation.disk.watermark.low&quot;,
  &quot;properties&quot; : [
    &quot;Dynamic&quot;,
    &quot;NodeScope&quot;
  ],
  &quot;is_group_setting&quot; : false,
  &quot;default&quot; : &quot;85%&quot;
}]
java.lang.IllegalArgumentException: illegal value can't update [cluster.routing.allocation.disk.watermark.low] from [85%] to [90%]
	at org.elasticsearch.common.settings.Setting$Updater.getValue(Setting.java:1021) ~[main/:?]
	at org.elasticsearch.common.settings.AbstractScopedSettings$SettingUpdater.updater(AbstractScopedSettings.java:608) ~[main/:?]
	at org.elasticsearch.common.settings.AbstractScopedSettings.applySettings(AbstractScopedSettings.java:184) [main/:?]
	at org.elasticsearch.cluster.routing.allocation.DiskThresholdSettingsTests.lambda$testIncompatibleThresholdUpdate$5(DiskThresholdSettingsTests.java:177) [test/:?]
	at org.apache.lucene.util.LuceneTestCase._expectThrows(LuceneTestCase.java:2842) [lucene-test-framework-8.3.0.jar:8.3.0 2aa586909b911e66e1d8863aa89f173d69f86cd2 - ishan - 2019-10-25 23:10:05]
	at org.apache.lucene.util.LuceneTestCase.expectThrows(LuceneTestCase.java:2717) [lucene-test-framework-8.3.0.jar:8.3.0 2aa586909b911e66e1d8863aa89f173d69f86cd2 - ishan - 2019-10-25 23:10:05]
	at org.apache.lucene.util.LuceneTestCase.expectThrows(LuceneTestCase.java:2712) [lucene-test-framework-8.3.0.jar:8.3.0 2aa586909b911e66e1d8863aa89f173d69f86cd2 - ishan - 2019-10-25 23:10:05]
	at org.elasticsearch.cluster.routing.allocation.DiskThresholdSettingsTests.testIncompatibleThresholdUpdate(DiskThresholdSettingsTests.java:177) [test/:?]
	at jdk.internal.reflect.NativeMethodAccessorImpl.invoke0(Native Method) ~[?:?]
	at jdk.internal.reflect.NativeMethodAccessorImpl.invoke(NativeMethodAccessorImpl.java:62) ~[?:?]
	at jdk.internal.reflect.DelegatingMethodAccessorImpl.invoke(DelegatingMethodAccessorImpl.java:43) ~[?:?]
	at java.lang.reflect.Method.invoke(Method.java:567) ~[?:?]
	at com.carrotsearch.randomizedtesting.RandomizedRunner.invoke(RandomizedRunner.java:1750) [randomizedtesting-runner-2.7.1.jar:?]
	at com.carrotsearch.randomizedtesting.RandomizedRunner$8.evaluate(RandomizedRunner.java:938) [randomizedtesting-runner-2.7.1.jar:?]
	at com.carrotsearch.randomizedtesting.RandomizedRunner$9.evaluate(RandomizedRunner.java:974) [randomizedtesting-runner-2.7.1.jar:?]
	at com.carrotsearch.randomizedtesting.RandomizedRunner$10.evaluate(RandomizedRunner.java:988) [randomizedtesting-runner-2.7.1.jar:?]
	at com.carrotsearch.randomizedtesting.rules.StatementAdapter.evaluate(StatementAdapter.java:36) [randomizedtesting-runner-2.7.1.jar:?]
	at org.apache.lucene.util.TestRuleSetupTeardownChained$1.evaluate(TestRuleSetupTeardownChained.java:49) [lucene-test-framework-8.3.0.jar:8.3.0 2aa586909b911e66e1d8863aa89f173d69f86cd2 - ishan - 2019-10-25 23:10:05]
	at org.apache.lucene.util.AbstractBeforeAfterRule$1.evaluate(AbstractBeforeAfterRule.java:45) [lucene-test-framework-8.3.0.jar:8.3.0 2aa586909b911e66e1d8863aa89f173d69f86cd2 - ishan - 2019-10-25 23:10:05]
	at org.apache.lucene.util.TestRuleThreadAndTestName$1.evaluate(TestRuleThreadAndTestName.java:48) [lucene-test-framework-8.3.0.jar:8.3.0 2aa586909b911e66e1d8863aa89f173d69f86cd2 - ishan - 2019-10-25 23:10:05]
	at org.apache.lucene.util.TestRuleIgnoreAfterMaxFailures$1.evaluate(TestRuleIgnoreAfterMaxFailures.java:64) [lucene-test-framework-8.3.0.jar:8.3.0 2aa586909b911e66e1d8863aa89f173d69f86cd2 - ishan - 2019-10-25 23:10:05]
	at org.apache.lucene.util.TestRuleMarkFailure$1.evaluate(TestRuleMarkFailure.java:47) [lucene-test-framework-8.3.0.jar:8.3.0 2aa586909b911e66e1d8863aa89f173d69f86cd2 - ishan - 2019-10-25 23:10:05]
	at com.carrotsearch.randomizedtesting.rules.StatementAdapter.evaluate(StatementAdapter.java:36) [randomizedtesting-runner-2.7.1.jar:?]
	at com.carrotsearch.randomizedtesting.ThreadLeakControl$StatementRunner.run(ThreadLeakControl.java:368) [randomizedtesting-runner-2.7.1.jar:?]
	at com.carrotsearch.randomizedtesting.ThreadLeakControl.forkTimeoutingTask(ThreadLeakControl.java:817) [randomizedtesting-runner-2.7.1.jar:?]
	at com.carrotsearch.randomizedtesting.ThreadLeakControl$3.evaluate(ThreadLeakControl.java:468) [randomizedtesting-runner-2.7.1.jar:?]
	at com.carrotsearch.randomizedtesting.RandomizedRunner.runSingleTest(RandomizedRunner.java:947) [randomizedtesting-runner-2.7.1.jar:?]
	at com.carrotsearch.randomizedtesting.RandomizedRunner$5.evaluate(RandomizedRunner.java:832) [randomizedtesting-runner-2.7.1.jar:?]
	at com.carrotsearch.randomizedtesting.RandomizedRunner$6.evaluate(RandomizedRunner.java:883) [randomizedtesting-runner-2.7.1.jar:?]
	at com.carrotsearch.randomizedtesting.RandomizedRunner$7.evaluate(RandomizedRunner.java:894) [randomizedtesting-runner-2.7.1.jar:?]
	at org.apache.lucene.util.AbstractBeforeAfterRule$1.evaluate(AbstractBeforeAfterRule.java:45) [lucene-test-framework-8.3.0.jar:8.3.0 2aa586909b911e66e1d8863aa89f173d69f86cd2 - ishan - 2019-10-25 23:10:05]
	at com.carrotsearch.randomizedtesting.rules.StatementAdapter.evaluate(StatementAdapter.java:36) [randomizedtesting-runner-2.7.1.jar:?]
	at org.apache.lucene.util.TestRuleStoreClassName$1.evaluate(TestRuleStoreClassName.java:41) [lucene-test-framework-8.3.0.jar:8.3.0 2aa586909b911e66e1d8863aa89f173d69f86cd2 - ishan - 2019-10-25 23:10:05]
	at com.carrotsearch.randomizedtesting.rules.NoShadowingOrOverridesOnMethodsRule$1.evaluate(NoShadowingOrOverridesOnMethodsRule.java:40) [randomizedtesting-runner-2.7.1.jar:?]
	at com.carrotsearch.randomizedtesting.rules.NoShadowingOrOverridesOnMethodsRule$1.evaluate(NoShadowingOrOverridesOnMethodsRule.java:40) [randomizedtesting-runner-2.7.1.jar:?]
	at com.carrotsearch.randomizedtesting.rules.StatementAdapter.evaluate(StatementAdapter.java:36) [randomizedtesting-runner-2.7.1.jar:?]
	at com.carrotsearch.randomizedtesting.rules.StatementAdapter.evaluate(StatementAdapter.java:36) [randomizedtesting-runner-2.7.1.jar:?]
	at org.apache.lucene.util.TestRuleAssertionsRequired$1.evaluate(TestRuleAssertionsRequired.java:53) [lucene-test-framework-8.3.0.jar:8.3.0 2aa586909b911e66e1d8863aa89f173d69f86cd2 - ishan - 2019-10-25 23:10:05]
	at org.apache.lucene.util.TestRuleMarkFailure$1.evaluate(TestRuleMarkFailure.java:47) [lucene-test-framework-8.3.0.jar:8.3.0 2aa586909b911e66e1d8863aa89f173d69f86cd2 - ishan - 2019-10-25 23:10:05]
	at org.apache.lucene.util.TestRuleIgnoreAfterMaxFailures$1.evaluate(TestRuleIgnoreAfterMaxFailures.java:64) [lucene-test-framework-8.3.0.jar:8.3.0 2aa586909b911e66e1d8863aa89f173d69f86cd2 - ishan - 2019-10-25 23:10:05]
	at org.apache.lucene.util.TestRuleIgnoreTestSuites$1.evaluate(TestRuleIgnoreTestSuites.java:54) [lucene-test-framework-8.3.0.jar:8.3.0 2aa586909b911e66e1d8863aa89f173d69f86cd2 - ishan - 2019-10-25 23:10:05]
	at com.carrotsearch.randomizedtesting.rules.StatementAdapter.evaluate(StatementAdapter.java:36) [randomizedtesting-runner-2.7.1.jar:?]
	at com.carrotsearch.randomizedtesting.ThreadLeakControl$StatementRunner.run(ThreadLeakControl.java:368) [randomizedtesting-runner-2.7.1.jar:?]
	at java.lang.Thread.run(Thread.java:835) [?:?]
Caused by: java.lang.IllegalArgumentException: unable to consistently parse [cluster.routing.allocation.disk.watermark.low=90%], [cluster.routing.allocation.disk.watermark.high=1000m], and [cluster.routing.allocation.disk.watermark.flood_stage=95%] as percentage or bytes
	at org.elasticsearch.cluster.routing.allocation.DiskThresholdSettings.doValidate(DiskThresholdSettings.java:200) ~[main/:?]
	at org.elasticsearch.cluster.routing.allocation.DiskThresholdSettings.access$000(DiskThresholdSettings.java:39) ~[main/:?]
	at org.elasticsearch.cluster.routing.allocation.DiskThresholdSettings$LowDiskWatermarkValidator.validate(DiskThresholdSettings.java:120) ~[main/:?]
	at org.elasticsearch.cluster.routing.allocation.DiskThresholdSettings$LowDiskWatermarkValidator.validate(DiskThresholdSettings.java:109) ~[main/:?]
	at org.elasticsearch.common.settings.Setting.get(Setting.java:446) ~[main/:?]
	at org.elasticsearch.common.settings.Setting.get(Setting.java:426) ~[main/:?]
	at org.elasticsearch.common.settings.Setting$Updater.getValue(Setting.java:1014) ~[main/:?]
	... 43 more
Caused by: org.elasticsearch.ElasticsearchParseException: failed to parse setting [cluster.routing.allocation.disk.watermark.low] with value [90%] as a size in bytes: unit is missing or unrecognized
	at org.elasticsearch.common.unit.ByteSizeValue.parseBytesSizeValue(ByteSizeValue.java:225) ~[main/:7.5.1-SNAPSHOT]
	at org.elasticsearch.common.unit.ByteSizeValue.parseBytesSizeValue(ByteSizeValue.java:185) ~[main/:7.5.1-SNAPSHOT]
	at org.elasticsearch.cluster.routing.allocation.DiskThresholdSettings.thresholdBytesFromWatermark(DiskThresholdSettings.java:372) ~[main/:?]
	at org.elasticsearch.cluster.routing.allocation.DiskThresholdSettings.doValidateAsBytes(DiskThresholdSettings.java:220) ~[main/:?]
	at org.elasticsearch.cluster.routing.allocation.DiskThresholdSettings.doValidate(DiskThresholdSettings.java:189) ~[main/:?]
	at org.elasticsearch.cluster.routing.allocation.DiskThresholdSettings.access$000(DiskThresholdSettings.java:39) ~[main/:?]
	at org.elasticsearch.cluster.routing.allocation.DiskThresholdSettings$LowDiskWatermarkValidator.validate(DiskThresholdSettings.java:120) ~[main/:?]
	at org.elasticsearch.cluster.routing.allocation.DiskThresholdSettings$LowDiskWatermarkValidator.validate(DiskThresholdSettings.java:109) ~[main/:?]
	at org.elasticsearch.common.settings.Setting.get(Setting.java:446) ~[main/:?]
	at org.elasticsearch.common.settings.Setting.get(Setting.java:426) ~[main/:?]
	at org.elasticsearch.common.settings.Setting$Updater.getValue(Setting.java:1014) ~[main/:?]
	... 43 more
[2020-02-16T18:20:38,669][WARN ][o.e.c.s.ClusterSettings  ] [testIncompatibleThresholdUpdate] failed to apply settings
java.lang.IllegalArgumentException: illegal value can't update [cluster.routing.allocation.disk.watermark.low] from [85%] to [90%]
	at org.elasticsearch.common.settings.Setting$Updater.getValue(Setting.java:1021) ~[main/:?]
	at org.elasticsearch.common.settings.AbstractScopedSettings$SettingUpdater.updater(AbstractScopedSettings.java:608) ~[main/:?]
	at org.elasticsearch.common.settings.AbstractScopedSettings.applySettings(AbstractScopedSettings.java:184) [main/:?]
	at org.elasticsearch.cluster.routing.allocation.DiskThresholdSettingsTests.lambda$testIncompatibleThresholdUpdate$5(DiskThresholdSettingsTests.java:177) [test/:?]
	at org.apache.lucene.util.LuceneTestCase._expectThrows(LuceneTestCase.java:2842) [lucene-test-framework-8.3.0.jar:8.3.0 2aa586909b911e66e1d8863aa89f173d69f86cd2 - ishan - 2019-10-25 23:10:05]
	at org.apache.lucene.util.LuceneTestCase.expectThrows(LuceneTestCase.java:2717) [lucene-test-framework-8.3.0.jar:8.3.0 2aa586909b911e66e1d8863aa89f173d69f86cd2 - ishan - 2019-10-25 23:10:05]
	at org.apache.lucene.util.LuceneTestCase.expectThrows(LuceneTestCase.java:2712) [lucene-test-framework-8.3.0.jar:8.3.0 2aa586909b911e66e1d8863aa89f173d69f86cd2 - ishan - 2019-10-25 23:10:05]
	at org.elasticsearch.cluster.routing.allocation.DiskThresholdSettingsTests.testIncompatibleThresholdUpdate(DiskThresholdSettingsTests.java:177) [test/:?]
	at jdk.internal.reflect.NativeMethodAccessorImpl.invoke0(Native Method) ~[?:?]
	at jdk.internal.reflect.NativeMethodAccessorImpl.invoke(NativeMethodAccessorImpl.java:62) ~[?:?]
	at jdk.internal.reflect.DelegatingMethodAccessorImpl.invoke(DelegatingMethodAccessorImpl.java:43) ~[?:?]
	at java.lang.reflect.Method.invoke(Method.java:567) ~[?:?]
	at com.carrotsearch.randomizedtesting.RandomizedRunner.invoke(RandomizedRunner.java:1750) [randomizedtesting-runner-2.7.1.jar:?]
	at com.carrotsearch.randomizedtesting.RandomizedRunner$8.evaluate(RandomizedRunner.java:938) [randomizedtesting-runner-2.7.1.jar:?]
	at com.carrotsearch.randomizedtesting.RandomizedRunner$9.evaluate(RandomizedRunner.java:974) [randomizedtesting-runner-2.7.1.jar:?]
	at com.carrotsearch.randomizedtesting.RandomizedRunner$10.evaluate(RandomizedRunner.java:988) [randomizedtesting-runner-2.7.1.jar:?]
	at com.carrotsearch.randomizedtesting.rules.StatementAdapter.evaluate(StatementAdapter.java:36) [randomizedtesting-runner-2.7.1.jar:?]
	at org.apache.lucene.util.TestRuleSetupTeardownChained$1.evaluate(TestRuleSetupTeardownChained.java:49) [lucene-test-framework-8.3.0.jar:8.3.0 2aa586909b911e66e1d8863aa89f173d69f86cd2 - ishan - 2019-10-25 23:10:05]
	at org.apache.lucene.util.AbstractBeforeAfterRule$1.evaluate(AbstractBeforeAfterRule.java:45) [lucene-test-framework-8.3.0.jar:8.3.0 2aa586909b911e66e1d8863aa89f173d69f86cd2 - ishan - 2019-10-25 23:10:05]
	at org.apache.lucene.util.TestRuleThreadAndTestName$1.evaluate(TestRuleThreadAndTestName.java:48) [lucene-test-framework-8.3.0.jar:8.3.0 2aa586909b911e66e1d8863aa89f173d69f86cd2 - ishan - 2019-10-25 23:10:05]
	at org.apache.lucene.util.TestRuleIgnoreAfterMaxFailures$1.evaluate(TestRuleIgnoreAfterMaxFailures.java:64) [lucene-test-framework-8.3.0.jar:8.3.0 2aa586909b911e66e1d8863aa89f173d69f86cd2 - ishan - 2019-10-25 23:10:05]
	at org.apache.lucene.util.TestRuleMarkFailure$1.evaluate(TestRuleMarkFailure.java:47) [lucene-test-framework-8.3.0.jar:8.3.0 2aa586909b911e66e1d8863aa89f173d69f86cd2 - ishan - 2019-10-25 23:10:05]
	at com.carrotsearch.randomizedtesting.rules.StatementAdapter.evaluate(StatementAdapter.java:36) [randomizedtesting-runner-2.7.1.jar:?]
	at com.carrotsearch.randomizedtesting.ThreadLeakControl$StatementRunner.run(ThreadLeakControl.java:368) [randomizedtesting-runner-2.7.1.jar:?]
	at com.carrotsearch.randomizedtesting.ThreadLeakControl.forkTimeoutingTask(ThreadLeakControl.java:817) [randomizedtesting-runner-2.7.1.jar:?]
	at com.carrotsearch.randomizedtesting.ThreadLeakControl$3.evaluate(ThreadLeakControl.java:468) [randomizedtesting-runner-2.7.1.jar:?]
	at com.carrotsearch.randomizedtesting.RandomizedRunner.runSingleTest(RandomizedRunner.java:947) [randomizedtesting-runner-2.7.1.jar:?]
	at com.carrotsearch.randomizedtesting.RandomizedRunner$5.evaluate(RandomizedRunner.java:832) [randomizedtesting-runner-2.7.1.jar:?]
	at com.carrotsearch.randomizedtesting.RandomizedRunner$6.evaluate(RandomizedRunner.java:883) [randomizedtesting-runner-2.7.1.jar:?]
	at com.carrotsearch.randomizedtesting.RandomizedRunner$7.evaluate(RandomizedRunner.java:894) [randomizedtesting-runner-2.7.1.jar:?]
	at org.apache.lucene.util.AbstractBeforeAfterRule$1.evaluate(AbstractBeforeAfterRule.java:45) [lucene-test-framework-8.3.0.jar:8.3.0 2aa586909b911e66e1d8863aa89f173d69f86cd2 - ishan - 2019-10-25 23:10:05]
	at com.carrotsearch.randomizedtesting.rules.StatementAdapter.evaluate(StatementAdapter.java:36) [randomizedtesting-runner-2.7.1.jar:?]
	at org.apache.lucene.util.TestRuleStoreClassName$1.evaluate(TestRuleStoreClassName.java:41) [lucene-test-framework-8.3.0.jar:8.3.0 2aa586909b911e66e1d8863aa89f173d69f86cd2 - ishan - 2019-10-25 23:10:05]
	at com.carrotsearch.randomizedtesting.rules.NoShadowingOrOverridesOnMethodsRule$1.evaluate(NoShadowingOrOverridesOnMethodsRule.java:40) [randomizedtesting-runner-2.7.1.jar:?]
	at com.carrotsearch.randomizedtesting.rules.NoShadowingOrOverridesOnMethodsRule$1.evaluate(NoShadowingOrOverridesOnMethodsRule.java:40) [randomizedtesting-runner-2.7.1.jar:?]
	at com.carrotsearch.randomizedtesting.rules.StatementAdapter.evaluate(StatementAdapter.java:36) [randomizedtesting-runner-2.7.1.jar:?]
	at com.carrotsearch.randomizedtesting.rules.StatementAdapter.evaluate(StatementAdapter.java:36) [randomizedtesting-runner-2.7.1.jar:?]
	at org.apache.lucene.util.TestRuleAssertionsRequired$1.evaluate(TestRuleAssertionsRequired.java:53) [lucene-test-framework-8.3.0.jar:8.3.0 2aa586909b911e66e1d8863aa89f173d69f86cd2 - ishan - 2019-10-25 23:10:05]
	at org.apache.lucene.util.TestRuleMarkFailure$1.evaluate(TestRuleMarkFailure.java:47) [lucene-test-framework-8.3.0.jar:8.3.0 2aa586909b911e66e1d8863aa89f173d69f86cd2 - ishan - 2019-10-25 23:10:05]
	at org.apache.lucene.util.TestRuleIgnoreAfterMaxFailures$1.evaluate(TestRuleIgnoreAfterMaxFailures.java:64) [lucene-test-framework-8.3.0.jar:8.3.0 2aa586909b911e66e1d8863aa89f173d69f86cd2 - ishan - 2019-10-25 23:10:05]
	at org.apache.lucene.util.TestRuleIgnoreTestSuites$1.evaluate(TestRuleIgnoreTestSuites.java:54) [lucene-test-framework-8.3.0.jar:8.3.0 2aa586909b911e66e1d8863aa89f173d69f86cd2 - ishan - 2019-10-25 23:10:05]
	at com.carrotsearch.randomizedtesting.rules.StatementAdapter.evaluate(StatementAdapter.java:36) [randomizedtesting-runner-2.7.1.jar:?]
	at com.carrotsearch.randomizedtesting.ThreadLeakControl$StatementRunner.run(ThreadLeakControl.java:368) [randomizedtesting-runner-2.7.1.jar:?]
	at java.lang.Thread.run(Thread.java:835) [?:?]
Caused by: java.lang.IllegalArgumentException: unable to consistently parse [cluster.routing.allocation.disk.watermark.low=90%], [cluster.routing.allocation.disk.watermark.high=1000m], and [cluster.routing.allocation.disk.watermark.flood_stage=95%] as percentage or bytes
	at org.elasticsearch.cluster.routing.allocation.DiskThresholdSettings.doValidate(DiskThresholdSettings.java:200) ~[main/:?]
	at org.elasticsearch.cluster.routing.allocation.DiskThresholdSettings.access$000(DiskThresholdSettings.java:39) ~[main/:?]
	at org.elasticsearch.cluster.routing.allocation.DiskThresholdSettings$LowDiskWatermarkValidator.validate(DiskThresholdSettings.java:120) ~[main/:?]
	at org.elasticsearch.cluster.routing.allocation.DiskThresholdSettings$LowDiskWatermarkValidator.validate(DiskThresholdSettings.java:109) ~[main/:?]
	at org.elasticsearch.common.settings.Setting.get(Setting.java:446) ~[main/:?]
	at org.elasticsearch.common.settings.Setting.get(Setting.java:426) ~[main/:?]
	at org.elasticsearch.common.settings.Setting$Updater.getValue(Setting.java:1014) ~[main/:?]
	... 43 more
Caused by: org.elasticsearch.ElasticsearchParseException: failed to parse setting [cluster.routing.allocation.disk.watermark.low] with value [90%] as a size in bytes: unit is missing or unrecognized
	at org.elasticsearch.common.unit.ByteSizeValue.parseBytesSizeValue(ByteSizeValue.java:225) ~[main/:7.5.1-SNAPSHOT]
	at org.elasticsearch.common.unit.ByteSizeValue.parseBytesSizeValue(ByteSizeValue.java:185) ~[main/:7.5.1-SNAPSHOT]
	at org.elasticsearch.cluster.routing.allocation.DiskThresholdSettings.thresholdBytesFromWatermark(DiskThresholdSettings.java:372) ~[main/:?]
	at org.elasticsearch.cluster.routing.allocation.DiskThresholdSettings.doValidateAsBytes(DiskThresholdSettings.java:220) ~[main/:?]
	at org.elasticsearch.cluster.routing.allocation.DiskThresholdSettings.doValidate(DiskThresholdSettings.java:189) ~[main/:?]
	at org.elasticsearch.cluster.routing.allocation.DiskThresholdSettings.access$000(DiskThresholdSettings.java:39) ~[main/:?]
	at org.elasticsearch.cluster.routing.allocation.DiskThresholdSettings$LowDiskWatermarkValidator.validate(DiskThresholdSettings.java:120) ~[main/:?]
	at org.elasticsearch.cluster.routing.allocation.DiskThresholdSettings$LowDiskWatermarkValidator.validate(DiskThresholdSettings.java:109) ~[main/:?]
	at org.elasticsearch.common.settings.Setting.get(Setting.java:446) ~[main/:?]
	at org.elasticsearch.common.settings.Setting.get(Setting.java:426) ~[main/:?]
	at org.elasticsearch.common.settings.Setting$Updater.getValue(Setting.java:1014) ~[main/:?]
	... 43 more
[2020-02-16T18:20:38,670][INFO ][o.e.c.r.a.DiskThresholdSettingsTests] [testIncompatibleThresholdUpdate] after test
[2020-02-16T18:20:38,675][INFO ][o.e.c.r.a.DiskThresholdSettingsTests] [testDefaults] before test
[2020-02-16T18:20:38,676][INFO ][o.e.c.r.a.DiskThresholdSettingsTests] [testDefaults] after test
[2020-02-16T18:20:38,679][INFO ][o.e.c.r.a.DiskThresholdSettingsTests] [testInvalidHighFloodBytesUpdate] before test
[2020-02-16T18:20:38,681][WARN ][o.e.c.s.ClusterSettings  ] [testInvalidHighFloodBytesUpdate] failed to prepareCommit settings for [Updater for: {
  &quot;key&quot; : &quot;cluster.routing.allocation.disk.watermark.low&quot;,
  &quot;properties&quot; : [
    &quot;Dynamic&quot;,
    &quot;NodeScope&quot;
  ],
  &quot;is_group_setting&quot; : false,
  &quot;default&quot; : &quot;85%&quot;
}]
java.lang.IllegalArgumentException: illegal value can't update [cluster.routing.allocation.disk.watermark.low] from [85%] to [500m]
	at org.elasticsearch.common.settings.Setting$Updater.getValue(Setting.java:1021) ~[main/:?]
	at org.elasticsearch.common.settings.AbstractScopedSettings$SettingUpdater.updater(AbstractScopedSettings.java:608) ~[main/:?]
	at org.elasticsearch.common.settings.AbstractScopedSettings.applySettings(AbstractScopedSettings.java:184) [main/:?]
	at org.elasticsearch.cluster.routing.allocation.DiskThresholdSettingsTests.lambda$testInvalidHighFloodBytesUpdate$4(DiskThresholdSettingsTests.java:158) [test/:?]
	at org.apache.lucene.util.LuceneTestCase._expectThrows(LuceneTestCase.java:2842) [lucene-test-framework-8.3.0.jar:8.3.0 2aa586909b911e66e1d8863aa89f173d69f86cd2 - ishan - 2019-10-25 23:10:05]
	at org.apache.lucene.util.LuceneTestCase.expectThrows(LuceneTestCase.java:2717) [lucene-test-framework-8.3.0.jar:8.3.0 2aa586909b911e66e1d8863aa89f173d69f86cd2 - ishan - 2019-10-25 23:10:05]
	at org.apache.lucene.util.LuceneTestCase.expectThrows(LuceneTestCase.java:2712) [lucene-test-framework-8.3.0.jar:8.3.0 2aa586909b911e66e1d8863aa89f173d69f86cd2 - ishan - 2019-10-25 23:10:05]
	at org.elasticsearch.cluster.routing.allocation.DiskThresholdSettingsTests.testInvalidHighFloodBytesUpdate(DiskThresholdSettingsTests.java:158) [test/:?]
	at jdk.internal.reflect.NativeMethodAccessorImpl.invoke0(Native Method) ~[?:?]
	at jdk.internal.reflect.NativeMethodAccessorImpl.invoke(NativeMethodAccessorImpl.java:62) ~[?:?]
	at jdk.internal.reflect.DelegatingMethodAccessorImpl.invoke(DelegatingMethodAccessorImpl.java:43) ~[?:?]
	at java.lang.reflect.Method.invoke(Method.java:567) ~[?:?]
	at com.carrotsearch.randomizedtesting.RandomizedRunner.invoke(RandomizedRunner.java:1750) [randomizedtesting-runner-2.7.1.jar:?]
	at com.carrotsearch.randomizedtesting.RandomizedRunner$8.evaluate(RandomizedRunner.java:938) [randomizedtesting-runner-2.7.1.jar:?]
	at com.carrotsearch.randomizedtesting.RandomizedRunner$9.evaluate(RandomizedRunner.java:974) [randomizedtesting-runner-2.7.1.jar:?]
	at com.carrotsearch.randomizedtesting.RandomizedRunner$10.evaluate(RandomizedRunner.java:988) [randomizedtesting-runner-2.7.1.jar:?]
	at com.carrotsearch.randomizedtesting.rules.StatementAdapter.evaluate(StatementAdapter.java:36) [randomizedtesting-runner-2.7.1.jar:?]
	at org.apache.lucene.util.TestRuleSetupTeardownChained$1.evaluate(TestRuleSetupTeardownChained.java:49) [lucene-test-framework-8.3.0.jar:8.3.0 2aa586909b911e66e1d8863aa89f173d69f86cd2 - ishan - 2019-10-25 23:10:05]
	at org.apache.lucene.util.AbstractBeforeAfterRule$1.evaluate(AbstractBeforeAfterRule.java:45) [lucene-test-framework-8.3.0.jar:8.3.0 2aa586909b911e66e1d8863aa89f173d69f86cd2 - ishan - 2019-10-25 23:10:05]
	at org.apache.lucene.util.TestRuleThreadAndTestName$1.evaluate(TestRuleThreadAndTestName.java:48) [lucene-test-framework-8.3.0.jar:8.3.0 2aa586909b911e66e1d8863aa89f173d69f86cd2 - ishan - 2019-10-25 23:10:05]
	at org.apache.lucene.util.TestRuleIgnoreAfterMaxFailures$1.evaluate(TestRuleIgnoreAfterMaxFailures.java:64) [lucene-test-framework-8.3.0.jar:8.3.0 2aa586909b911e66e1d8863aa89f173d69f86cd2 - ishan - 2019-10-25 23:10:05]
	at org.apache.lucene.util.TestRuleMarkFailure$1.evaluate(TestRuleMarkFailure.java:47) [lucene-test-framework-8.3.0.jar:8.3.0 2aa586909b911e66e1d8863aa89f173d69f86cd2 - ishan - 2019-10-25 23:10:05]
	at com.carrotsearch.randomizedtesting.rules.StatementAdapter.evaluate(StatementAdapter.java:36) [randomizedtesting-runner-2.7.1.jar:?]
	at com.carrotsearch.randomizedtesting.ThreadLeakControl$StatementRunner.run(ThreadLeakControl.java:368) [randomizedtesting-runner-2.7.1.jar:?]
	at com.carrotsearch.randomizedtesting.ThreadLeakControl.forkTimeoutingTask(ThreadLeakControl.java:817) [randomizedtesting-runner-2.7.1.jar:?]
	at com.carrotsearch.randomizedtesting.ThreadLeakControl$3.evaluate(ThreadLeakControl.java:468) [randomizedtesting-runner-2.7.1.jar:?]
	at com.carrotsearch.randomizedtesting.RandomizedRunner.runSingleTest(RandomizedRunner.java:947) [randomizedtesting-runner-2.7.1.jar:?]
	at com.carrotsearch.randomizedtesting.RandomizedRunner$5.evaluate(RandomizedRunner.java:832) [randomizedtesting-runner-2.7.1.jar:?]
	at com.carrotsearch.randomizedtesting.RandomizedRunner$6.evaluate(RandomizedRunner.java:883) [randomizedtesting-runner-2.7.1.jar:?]
	at com.carrotsearch.randomizedtesting.RandomizedRunner$7.evaluate(RandomizedRunner.java:894) [randomizedtesting-runner-2.7.1.jar:?]
	at org.apache.lucene.util.AbstractBeforeAfterRule$1.evaluate(AbstractBeforeAfterRule.java:45) [lucene-test-framework-8.3.0.jar:8.3.0 2aa586909b911e66e1d8863aa89f173d69f86cd2 - ishan - 2019-10-25 23:10:05]
	at com.carrotsearch.randomizedtesting.rules.StatementAdapter.evaluate(StatementAdapter.java:36) [randomizedtesting-runner-2.7.1.jar:?]
	at org.apache.lucene.util.TestRuleStoreClassName$1.evaluate(TestRuleStoreClassName.java:41) [lucene-test-framework-8.3.0.jar:8.3.0 2aa586909b911e66e1d8863aa89f173d69f86cd2 - ishan - 2019-10-25 23:10:05]
	at com.carrotsearch.randomizedtesting.rules.NoShadowingOrOverridesOnMethodsRule$1.evaluate(NoShadowingOrOverridesOnMethodsRule.java:40) [randomizedtesting-runner-2.7.1.jar:?]
	at com.carrotsearch.randomizedtesting.rules.NoShadowingOrOverridesOnMethodsRule$1.evaluate(NoShadowingOrOverridesOnMethodsRule.java:40) [randomizedtesting-runner-2.7.1.jar:?]
	at com.carrotsearch.randomizedtesting.rules.StatementAdapter.evaluate(StatementAdapter.java:36) [randomizedtesting-runner-2.7.1.jar:?]
	at com.carrotsearch.randomizedtesting.rules.StatementAdapter.evaluate(StatementAdapter.java:36) [randomizedtesting-runner-2.7.1.jar:?]
	at org.apache.lucene.util.TestRuleAssertionsRequired$1.evaluate(TestRuleAssertionsRequired.java:53) [lucene-test-framework-8.3.0.jar:8.3.0 2aa586909b911e66e1d8863aa89f173d69f86cd2 - ishan - 2019-10-25 23:10:05]
	at org.apache.lucene.util.TestRuleMarkFailure$1.evaluate(TestRuleMarkFailure.java:47) [lucene-test-framework-8.3.0.jar:8.3.0 2aa586909b911e66e1d8863aa89f173d69f86cd2 - ishan - 2019-10-25 23:10:05]
	at org.apache.lucene.util.TestRuleIgnoreAfterMaxFailures$1.evaluate(TestRuleIgnoreAfterMaxFailures.java:64) [lucene-test-framework-8.3.0.jar:8.3.0 2aa586909b911e66e1d8863aa89f173d69f86cd2 - ishan - 2019-10-25 23:10:05]
	at org.apache.lucene.util.TestRuleIgnoreTestSuites$1.evaluate(TestRuleIgnoreTestSuites.java:54) [lucene-test-framework-8.3.0.jar:8.3.0 2aa586909b911e66e1d8863aa89f173d69f86cd2 - ishan - 2019-10-25 23:10:05]
	at com.carrotsearch.randomizedtesting.rules.StatementAdapter.evaluate(StatementAdapter.java:36) [randomizedtesting-runner-2.7.1.jar:?]
	at com.carrotsearch.randomizedtesting.ThreadLeakControl$StatementRunner.run(ThreadLeakControl.java:368) [randomizedtesting-runner-2.7.1.jar:?]
	at java.lang.Thread.run(Thread.java:835) [?:?]
Caused by: java.lang.IllegalArgumentException: low disk watermark [500m] less than high disk watermark [1000m]
	at org.elasticsearch.cluster.routing.allocation.DiskThresholdSettings.doValidateAsBytes(DiskThresholdSettings.java:226) ~[main/:?]
	at org.elasticsearch.cluster.routing.allocation.DiskThresholdSettings.doValidate(DiskThresholdSettings.java:189) ~[main/:?]
	at org.elasticsearch.cluster.routing.allocation.DiskThresholdSettings.access$000(DiskThresholdSettings.java:39) ~[main/:?]
	at org.elasticsearch.cluster.routing.allocation.DiskThresholdSettings$LowDiskWatermarkValidator.validate(DiskThresholdSettings.java:120) ~[main/:?]
	at org.elasticsearch.cluster.routing.allocation.DiskThresholdSettings$LowDiskWatermarkValidator.validate(DiskThresholdSettings.java:109) ~[main/:?]
	at org.elasticsearch.common.settings.Setting.get(Setting.java:446) ~[main/:?]
	at org.elasticsearch.common.settings.Setting.get(Setting.java:426) ~[main/:?]
	at org.elasticsearch.common.settings.Setting$Updater.getValue(Setting.java:1014) ~[main/:?]
	... 43 more
[2020-02-16T18:20:38,682][WARN ][o.e.c.s.ClusterSettings  ] [testInvalidHighFloodBytesUpdate] failed to apply settings
java.lang.IllegalArgumentException: illegal value can't update [cluster.routing.allocation.disk.watermark.low] from [85%] to [500m]
	at org.elasticsearch.common.settings.Setting$Updater.getValue(Setting.java:1021) ~[main/:?]
	at org.elasticsearch.common.settings.AbstractScopedSettings$SettingUpdater.updater(AbstractScopedSettings.java:608) ~[main/:?]
	at org.elasticsearch.common.settings.AbstractScopedSettings.applySettings(AbstractScopedSettings.java:184) [main/:?]
	at org.elasticsearch.cluster.routing.allocation.DiskThresholdSettingsTests.lambda$testInvalidHighFloodBytesUpdate$4(DiskThresholdSettingsTests.java:158) [test/:?]
	at org.apache.lucene.util.LuceneTestCase._expectThrows(LuceneTestCase.java:2842) [lucene-test-framework-8.3.0.jar:8.3.0 2aa586909b911e66e1d8863aa89f173d69f86cd2 - ishan - 2019-10-25 23:10:05]
	at org.apache.lucene.util.LuceneTestCase.expectThrows(LuceneTestCase.java:2717) [lucene-test-framework-8.3.0.jar:8.3.0 2aa586909b911e66e1d8863aa89f173d69f86cd2 - ishan - 2019-10-25 23:10:05]
	at org.apache.lucene.util.LuceneTestCase.expectThrows(LuceneTestCase.java:2712) [lucene-test-framework-8.3.0.jar:8.3.0 2aa586909b911e66e1d8863aa89f173d69f86cd2 - ishan - 2019-10-25 23:10:05]
	at org.elasticsearch.cluster.routing.allocation.DiskThresholdSettingsTests.testInvalidHighFloodBytesUpdate(DiskThresholdSettingsTests.java:158) [test/:?]
	at jdk.internal.reflect.NativeMethodAccessorImpl.invoke0(Native Method) ~[?:?]
	at jdk.internal.reflect.NativeMethodAccessorImpl.invoke(NativeMethodAccessorImpl.java:62) ~[?:?]
	at jdk.internal.reflect.DelegatingMethodAccessorImpl.invoke(DelegatingMethodAccessorImpl.java:43) ~[?:?]
	at java.lang.reflect.Method.invoke(Method.java:567) ~[?:?]
	at com.carrotsearch.randomizedtesting.RandomizedRunner.invoke(RandomizedRunner.java:1750) [randomizedtesting-runner-2.7.1.jar:?]
	at com.carrotsearch.randomizedtesting.RandomizedRunner$8.evaluate(RandomizedRunner.java:938) [randomizedtesting-runner-2.7.1.jar:?]
	at com.carrotsearch.randomizedtesting.RandomizedRunner$9.evaluate(RandomizedRunner.java:974) [randomizedtesting-runner-2.7.1.jar:?]
	at com.carrotsearch.randomizedtesting.RandomizedRunner$10.evaluate(RandomizedRunner.java:988) [randomizedtesting-runner-2.7.1.jar:?]
	at com.carrotsearch.randomizedtesting.rules.StatementAdapter.evaluate(StatementAdapter.java:36) [randomizedtesting-runner-2.7.1.jar:?]
	at org.apache.lucene.util.TestRuleSetupTeardownChained$1.evaluate(TestRuleSetupTeardownChained.java:49) [lucene-test-framework-8.3.0.jar:8.3.0 2aa586909b911e66e1d8863aa89f173d69f86cd2 - ishan - 2019-10-25 23:10:05]
	at org.apache.lucene.util.AbstractBeforeAfterRule$1.evaluate(AbstractBeforeAfterRule.java:45) [lucene-test-framework-8.3.0.jar:8.3.0 2aa586909b911e66e1d8863aa89f173d69f86cd2 - ishan - 2019-10-25 23:10:05]
	at org.apache.lucene.util.TestRuleThreadAndTestName$1.evaluate(TestRuleThreadAndTestName.java:48) [lucene-test-framework-8.3.0.jar:8.3.0 2aa586909b911e66e1d8863aa89f173d69f86cd2 - ishan - 2019-10-25 23:10:05]
	at org.apache.lucene.util.TestRuleIgnoreAfterMaxFailures$1.evaluate(TestRuleIgnoreAfterMaxFailures.java:64) [lucene-test-framework-8.3.0.jar:8.3.0 2aa586909b911e66e1d8863aa89f173d69f86cd2 - ishan - 2019-10-25 23:10:05]
	at org.apache.lucene.util.TestRuleMarkFailure$1.evaluate(TestRuleMarkFailure.java:47) [lucene-test-framework-8.3.0.jar:8.3.0 2aa586909b911e66e1d8863aa89f173d69f86cd2 - ishan - 2019-10-25 23:10:05]
	at com.carrotsearch.randomizedtesting.rules.StatementAdapter.evaluate(StatementAdapter.java:36) [randomizedtesting-runner-2.7.1.jar:?]
	at com.carrotsearch.randomizedtesting.ThreadLeakControl$StatementRunner.run(ThreadLeakControl.java:368) [randomizedtesting-runner-2.7.1.jar:?]
	at com.carrotsearch.randomizedtesting.ThreadLeakControl.forkTimeoutingTask(ThreadLeakControl.java:817) [randomizedtesting-runner-2.7.1.jar:?]
	at com.carrotsearch.randomizedtesting.ThreadLeakControl$3.evaluate(ThreadLeakControl.java:468) [randomizedtesting-runner-2.7.1.jar:?]
	at com.carrotsearch.randomizedtesting.RandomizedRunner.runSingleTest(RandomizedRunner.java:947) [randomizedtesting-runner-2.7.1.jar:?]
	at com.carrotsearch.randomizedtesting.RandomizedRunner$5.evaluate(RandomizedRunner.java:832) [randomizedtesting-runner-2.7.1.jar:?]
	at com.carrotsearch.randomizedtesting.RandomizedRunner$6.evaluate(RandomizedRunner.java:883) [randomizedtesting-runner-2.7.1.jar:?]
	at com.carrotsearch.randomizedtesting.RandomizedRunner$7.evaluate(RandomizedRunner.java:894) [randomizedtesting-runner-2.7.1.jar:?]
	at org.apache.lucene.util.AbstractBeforeAfterRule$1.evaluate(AbstractBeforeAfterRule.java:45) [lucene-test-framework-8.3.0.jar:8.3.0 2aa586909b911e66e1d8863aa89f173d69f86cd2 - ishan - 2019-10-25 23:10:05]
	at com.carrotsearch.randomizedtesting.rules.StatementAdapter.evaluate(StatementAdapter.java:36) [randomizedtesting-runner-2.7.1.jar:?]
	at org.apache.lucene.util.TestRuleStoreClassName$1.evaluate(TestRuleStoreClassName.java:41) [lucene-test-framework-8.3.0.jar:8.3.0 2aa586909b911e66e1d8863aa89f173d69f86cd2 - ishan - 2019-10-25 23:10:05]
	at com.carrotsearch.randomizedtesting.rules.NoShadowingOrOverridesOnMethodsRule$1.evaluate(NoShadowingOrOverridesOnMethodsRule.java:40) [randomizedtesting-runner-2.7.1.jar:?]
	at com.carrotsearch.randomizedtesting.rules.NoShadowingOrOverridesOnMethodsRule$1.evaluate(NoShadowingOrOverridesOnMethodsRule.java:40) [randomizedtesting-runner-2.7.1.jar:?]
	at com.carrotsearch.randomizedtesting.rules.StatementAdapter.evaluate(StatementAdapter.java:36) [randomizedtesting-runner-2.7.1.jar:?]
	at com.carrotsearch.randomizedtesting.rules.StatementAdapter.evaluate(StatementAdapter.java:36) [randomizedtesting-runner-2.7.1.jar:?]
	at org.apache.lucene.util.TestRuleAssertionsRequired$1.evaluate(TestRuleAssertionsRequired.java:53) [lucene-test-framework-8.3.0.jar:8.3.0 2aa586909b911e66e1d8863aa89f173d69f86cd2 - ishan - 2019-10-25 23:10:05]
	at org.apache.lucene.util.TestRuleMarkFailure$1.evaluate(TestRuleMarkFailure.java:47) [lucene-test-framework-8.3.0.jar:8.3.0 2aa586909b911e66e1d8863aa89f173d69f86cd2 - ishan - 2019-10-25 23:10:05]
	at org.apache.lucene.util.TestRuleIgnoreAfterMaxFailures$1.evaluate(TestRuleIgnoreAfterMaxFailures.java:64) [lucene-test-framework-8.3.0.jar:8.3.0 2aa586909b911e66e1d8863aa89f173d69f86cd2 - ishan - 2019-10-25 23:10:05]
	at org.apache.lucene.util.TestRuleIgnoreTestSuites$1.evaluate(TestRuleIgnoreTestSuites.java:54) [lucene-test-framework-8.3.0.jar:8.3.0 2aa586909b911e66e1d8863aa89f173d69f86cd2 - ishan - 2019-10-25 23:10:05]
	at com.carrotsearch.randomizedtesting.rules.StatementAdapter.evaluate(StatementAdapter.java:36) [randomizedtesting-runner-2.7.1.jar:?]
	at com.carrotsearch.randomizedtesting.ThreadLeakControl$StatementRunner.run(ThreadLeakControl.java:368) [randomizedtesting-runner-2.7.1.jar:?]
	at java.lang.Thread.run(Thread.java:835) [?:?]
Caused by: java.lang.IllegalArgumentException: low disk watermark [500m] less than high disk watermark [1000m]
	at org.elasticsearch.cluster.routing.allocation.DiskThresholdSettings.doValidateAsBytes(DiskThresholdSettings.java:226) ~[main/:?]
	at org.elasticsearch.cluster.routing.allocation.DiskThresholdSettings.doValidate(DiskThresholdSettings.java:189) ~[main/:?]
	at org.elasticsearch.cluster.routing.allocation.DiskThresholdSettings.access$000(DiskThresholdSettings.java:39) ~[main/:?]
	at org.elasticsearch.cluster.routing.allocation.DiskThresholdSettings$LowDiskWatermarkValidator.validate(DiskThresholdSettings.java:120) ~[main/:?]
	at org.elasticsearch.cluster.routing.allocation.DiskThresholdSettings$LowDiskWatermarkValidator.validate(DiskThresholdSettings.java:109) ~[main/:?]
	at org.elasticsearch.common.settings.Setting.get(Setting.java:446) ~[main/:?]
	at org.elasticsearch.common.settings.Setting.get(Setting.java:426) ~[main/:?]
	at org.elasticsearch.common.settings.Setting$Updater.getValue(Setting.java:1014) ~[main/:?]
	... 43 more
[2020-02-16T18:20:38,684][INFO ][o.e.c.r.a.DiskThresholdSettingsTests] [testInvalidHighFloodBytesUpdate] after test
[2020-02-16T18:20:38,688][INFO ][o.e.c.r.a.DiskThresholdSettingsTests] [testInvalidLowHighPercentageUpdate] before test
[2020-02-16T18:20:38,689][WARN ][o.e.c.s.ClusterSettings  ] [testInvalidLowHighPercentageUpdate] failed to prepareCommit settings for [Updater for: {
  &quot;key&quot; : &quot;cluster.routing.allocation.disk.watermark.low&quot;,
  &quot;properties&quot; : [
    &quot;Dynamic&quot;,
    &quot;NodeScope&quot;
  ],
  &quot;is_group_setting&quot; : false,
  &quot;default&quot; : &quot;85%&quot;
}]
java.lang.IllegalArgumentException: illegal value can't update [cluster.routing.allocation.disk.watermark.low] from [85%] to [90%]
	at org.elasticsearch.common.settings.Setting$Updater.getValue(Setting.java:1021) ~[main/:?]
	at org.elasticsearch.common.settings.AbstractScopedSettings$SettingUpdater.updater(AbstractScopedSettings.java:608) ~[main/:?]
	at org.elasticsearch.common.settings.AbstractScopedSettings.applySettings(AbstractScopedSettings.java:184) [main/:?]
	at org.elasticsearch.cluster.routing.allocation.DiskThresholdSettingsTests.lambda$testInvalidLowHighPercentageUpdate$1(DiskThresholdSettingsTests.java:101) [test/:?]
	at org.apache.lucene.util.LuceneTestCase._expectThrows(LuceneTestCase.java:2842) [lucene-test-framework-8.3.0.jar:8.3.0 2aa586909b911e66e1d8863aa89f173d69f86cd2 - ishan - 2019-10-25 23:10:05]
	at org.apache.lucene.util.LuceneTestCase.expectThrows(LuceneTestCase.java:2717) [lucene-test-framework-8.3.0.jar:8.3.0 2aa586909b911e66e1d8863aa89f173d69f86cd2 - ishan - 2019-10-25 23:10:05]
	at org.apache.lucene.util.LuceneTestCase.expectThrows(LuceneTestCase.java:2712) [lucene-test-framework-8.3.0.jar:8.3.0 2aa586909b911e66e1d8863aa89f173d69f86cd2 - ishan - 2019-10-25 23:10:05]
	at org.elasticsearch.cluster.routing.allocation.DiskThresholdSettingsTests.testInvalidLowHighPercentageUpdate(DiskThresholdSettingsTests.java:101) [test/:?]
	at jdk.internal.reflect.NativeMethodAccessorImpl.invoke0(Native Method) ~[?:?]
	at jdk.internal.reflect.NativeMethodAccessorImpl.invoke(NativeMethodAccessorImpl.java:62) ~[?:?]
	at jdk.internal.reflect.DelegatingMethodAccessorImpl.invoke(DelegatingMethodAccessorImpl.java:43) ~[?:?]
	at java.lang.reflect.Method.invoke(Method.java:567) ~[?:?]
	at com.carrotsearch.randomizedtesting.RandomizedRunner.invoke(RandomizedRunner.java:1750) [randomizedtesting-runner-2.7.1.jar:?]
	at com.carrotsearch.randomizedtesting.RandomizedRunner$8.evaluate(RandomizedRunner.java:938) [randomizedtesting-runner-2.7.1.jar:?]
	at com.carrotsearch.randomizedtesting.RandomizedRunner$9.evaluate(RandomizedRunner.java:974) [randomizedtesting-runner-2.7.1.jar:?]
	at com.carrotsearch.randomizedtesting.RandomizedRunner$10.evaluate(RandomizedRunner.java:988) [randomizedtesting-runner-2.7.1.jar:?]
	at com.carrotsearch.randomizedtesting.rules.StatementAdapter.evaluate(StatementAdapter.java:36) [randomizedtesting-runner-2.7.1.jar:?]
	at org.apache.lucene.util.TestRuleSetupTeardownChained$1.evaluate(TestRuleSetupTeardownChained.java:49) [lucene-test-framework-8.3.0.jar:8.3.0 2aa586909b911e66e1d8863aa89f173d69f86cd2 - ishan - 2019-10-25 23:10:05]
	at org.apache.lucene.util.AbstractBeforeAfterRule$1.evaluate(AbstractBeforeAfterRule.java:45) [lucene-test-framework-8.3.0.jar:8.3.0 2aa586909b911e66e1d8863aa89f173d69f86cd2 - ishan - 2019-10-25 23:10:05]
	at org.apache.lucene.util.TestRuleThreadAndTestName$1.evaluate(TestRuleThreadAndTestName.java:48) [lucene-test-framework-8.3.0.jar:8.3.0 2aa586909b911e66e1d8863aa89f173d69f86cd2 - ishan - 2019-10-25 23:10:05]
	at org.apache.lucene.util.TestRuleIgnoreAfterMaxFailures$1.evaluate(TestRuleIgnoreAfterMaxFailures.java:64) [lucene-test-framework-8.3.0.jar:8.3.0 2aa586909b911e66e1d8863aa89f173d69f86cd2 - ishan - 2019-10-25 23:10:05]
	at org.apache.lucene.util.TestRuleMarkFailure$1.evaluate(TestRuleMarkFailure.java:47) [lucene-test-framework-8.3.0.jar:8.3.0 2aa586909b911e66e1d8863aa89f173d69f86cd2 - ishan - 2019-10-25 23:10:05]
	at com.carrotsearch.randomizedtesting.rules.StatementAdapter.evaluate(StatementAdapter.java:36) [randomizedtesting-runner-2.7.1.jar:?]
	at com.carrotsearch.randomizedtesting.ThreadLeakControl$StatementRunner.run(ThreadLeakControl.java:368) [randomizedtesting-runner-2.7.1.jar:?]
	at com.carrotsearch.randomizedtesting.ThreadLeakControl.forkTimeoutingTask(ThreadLeakControl.java:817) [randomizedtesting-runner-2.7.1.jar:?]
	at com.carrotsearch.randomizedtesting.ThreadLeakControl$3.evaluate(ThreadLeakControl.java:468) [randomizedtesting-runner-2.7.1.jar:?]
	at com.carrotsearch.randomizedtesting.RandomizedRunner.runSingleTest(RandomizedRunner.java:947) [randomizedtesting-runner-2.7.1.jar:?]
	at com.carrotsearch.randomizedtesting.RandomizedRunner$5.evaluate(RandomizedRunner.java:832) [randomizedtesting-runner-2.7.1.jar:?]
	at com.carrotsearch.randomizedtesting.RandomizedRunner$6.evaluate(RandomizedRunner.java:883) [randomizedtesting-runner-2.7.1.jar:?]
	at com.carrotsearch.randomizedtesting.RandomizedRunner$7.evaluate(RandomizedRunner.java:894) [randomizedtesting-runner-2.7.1.jar:?]
	at org.apache.lucene.util.AbstractBeforeAfterRule$1.evaluate(AbstractBeforeAfterRule.java:45) [lucene-test-framework-8.3.0.jar:8.3.0 2aa586909b911e66e1d8863aa89f173d69f86cd2 - ishan - 2019-10-25 23:10:05]
	at com.carrotsearch.randomizedtesting.rules.StatementAdapter.evaluate(StatementAdapter.java:36) [randomizedtesting-runner-2.7.1.jar:?]
	at org.apache.lucene.util.TestRuleStoreClassName$1.evaluate(TestRuleStoreClassName.java:41) [lucene-test-framework-8.3.0.jar:8.3.0 2aa586909b911e66e1d8863aa89f173d69f86cd2 - ishan - 2019-10-25 23:10:05]
	at com.carrotsearch.randomizedtesting.rules.NoShadowingOrOverridesOnMethodsRule$1.evaluate(NoShadowingOrOverridesOnMethodsRule.java:40) [randomizedtesting-runner-2.7.1.jar:?]
	at com.carrotsearch.randomizedtesting.rules.NoShadowingOrOverridesOnMethodsRule$1.evaluate(NoShadowingOrOverridesOnMethodsRule.java:40) [randomizedtesting-runner-2.7.1.jar:?]
	at com.carrotsearch.randomizedtesting.rules.StatementAdapter.evaluate(StatementAdapter.java:36) [randomizedtesting-runner-2.7.1.jar:?]
	at com.carrotsearch.randomizedtesting.rules.StatementAdapter.evaluate(StatementAdapter.java:36) [randomizedtesting-runner-2.7.1.jar:?]
	at org.apache.lucene.util.TestRuleAssertionsRequired$1.evaluate(TestRuleAssertionsRequired.java:53) [lucene-test-framework-8.3.0.jar:8.3.0 2aa586909b911e66e1d8863aa89f173d69f86cd2 - ishan - 2019-10-25 23:10:05]
	at org.apache.lucene.util.TestRuleMarkFailure$1.evaluate(TestRuleMarkFailure.java:47) [lucene-test-framework-8.3.0.jar:8.3.0 2aa586909b911e66e1d8863aa89f173d69f86cd2 - ishan - 2019-10-25 23:10:05]
	at org.apache.lucene.util.TestRuleIgnoreAfterMaxFailures$1.evaluate(TestRuleIgnoreAfterMaxFailures.java:64) [lucene-test-framework-8.3.0.jar:8.3.0 2aa586909b911e66e1d8863aa89f173d69f86cd2 - ishan - 2019-10-25 23:10:05]
	at org.apache.lucene.util.TestRuleIgnoreTestSuites$1.evaluate(TestRuleIgnoreTestSuites.java:54) [lucene-test-framework-8.3.0.jar:8.3.0 2aa586909b911e66e1d8863aa89f173d69f86cd2 - ishan - 2019-10-25 23:10:05]
	at com.carrotsearch.randomizedtesting.rules.StatementAdapter.evaluate(StatementAdapter.java:36) [randomizedtesting-runner-2.7.1.jar:?]
	at com.carrotsearch.randomizedtesting.ThreadLeakControl$StatementRunner.run(ThreadLeakControl.java:368) [randomizedtesting-runner-2.7.1.jar:?]
	at java.lang.Thread.run(Thread.java:835) [?:?]
Caused by: java.lang.IllegalArgumentException: low disk watermark [90%] more than high disk watermark [80%]
	at org.elasticsearch.cluster.routing.allocation.DiskThresholdSettings.doValidateAsPercentage(DiskThresholdSettings.java:209) ~[main/:?]
	at org.elasticsearch.cluster.routing.allocation.DiskThresholdSettings.doValidate(DiskThresholdSettings.java:183) ~[main/:?]
	at org.elasticsearch.cluster.routing.allocation.DiskThresholdSettings.access$000(DiskThresholdSettings.java:39) ~[main/:?]
	at org.elasticsearch.cluster.routing.allocation.DiskThresholdSettings$LowDiskWatermarkValidator.validate(DiskThresholdSettings.java:120) ~[main/:?]
	at org.elasticsearch.cluster.routing.allocation.DiskThresholdSettings$LowDiskWatermarkValidator.validate(DiskThresholdSettings.java:109) ~[main/:?]
	at org.elasticsearch.common.settings.Setting.get(Setting.java:446) ~[main/:?]
	at org.elasticsearch.common.settings.Setting.get(Setting.java:426) ~[main/:?]
	at org.elasticsearch.common.settings.Setting$Updater.getValue(Setting.java:1014) ~[main/:?]
	... 43 more
[2020-02-16T18:20:38,690][WARN ][o.e.c.s.ClusterSettings  ] [testInvalidLowHighPercentageUpdate] failed to apply settings
java.lang.IllegalArgumentException: illegal value can't update [cluster.routing.allocation.disk.watermark.low] from [85%] to [90%]
	at org.elasticsearch.common.settings.Setting$Updater.getValue(Setting.java:1021) ~[main/:?]
	at org.elasticsearch.common.settings.AbstractScopedSettings$SettingUpdater.updater(AbstractScopedSettings.java:608) ~[main/:?]
	at org.elasticsearch.common.settings.AbstractScopedSettings.applySettings(AbstractScopedSettings.java:184) [main/:?]
	at org.elasticsearch.cluster.routing.allocation.DiskThresholdSettingsTests.lambda$testInvalidLowHighPercentageUpdate$1(DiskThresholdSettingsTests.java:101) [test/:?]
	at org.apache.lucene.util.LuceneTestCase._expectThrows(LuceneTestCase.java:2842) [lucene-test-framework-8.3.0.jar:8.3.0 2aa586909b911e66e1d8863aa89f173d69f86cd2 - ishan - 2019-10-25 23:10:05]
	at org.apache.lucene.util.LuceneTestCase.expectThrows(LuceneTestCase.java:2717) [lucene-test-framework-8.3.0.jar:8.3.0 2aa586909b911e66e1d8863aa89f173d69f86cd2 - ishan - 2019-10-25 23:10:05]
	at org.apache.lucene.util.LuceneTestCase.expectThrows(LuceneTestCase.java:2712) [lucene-test-framework-8.3.0.jar:8.3.0 2aa586909b911e66e1d8863aa89f173d69f86cd2 - ishan - 2019-10-25 23:10:05]
	at org.elasticsearch.cluster.routing.allocation.DiskThresholdSettingsTests.testInvalidLowHighPercentageUpdate(DiskThresholdSettingsTests.java:101) [test/:?]
	at jdk.internal.reflect.NativeMethodAccessorImpl.invoke0(Native Method) ~[?:?]
	at jdk.internal.reflect.NativeMethodAccessorImpl.invoke(NativeMethodAccessorImpl.java:62) ~[?:?]
	at jdk.internal.reflect.DelegatingMethodAccessorImpl.invoke(DelegatingMethodAccessorImpl.java:43) ~[?:?]
	at java.lang.reflect.Method.invoke(Method.java:567) ~[?:?]
	at com.carrotsearch.randomizedtesting.RandomizedRunner.invoke(RandomizedRunner.java:1750) [randomizedtesting-runner-2.7.1.jar:?]
	at com.carrotsearch.randomizedtesting.RandomizedRunner$8.evaluate(RandomizedRunner.java:938) [randomizedtesting-runner-2.7.1.jar:?]
	at com.carrotsearch.randomizedtesting.RandomizedRunner$9.evaluate(RandomizedRunner.java:974) [randomizedtesting-runner-2.7.1.jar:?]
	at com.carrotsearch.randomizedtesting.RandomizedRunner$10.evaluate(RandomizedRunner.java:988) [randomizedtesting-runner-2.7.1.jar:?]
	at com.carrotsearch.randomizedtesting.rules.StatementAdapter.evaluate(StatementAdapter.java:36) [randomizedtesting-runner-2.7.1.jar:?]
	at org.apache.lucene.util.TestRuleSetupTeardownChained$1.evaluate(TestRuleSetupTeardownChained.java:49) [lucene-test-framework-8.3.0.jar:8.3.0 2aa586909b911e66e1d8863aa89f173d69f86cd2 - ishan - 2019-10-25 23:10:05]
	at org.apache.lucene.util.AbstractBeforeAfterRule$1.evaluate(AbstractBeforeAfterRule.java:45) [lucene-test-framework-8.3.0.jar:8.3.0 2aa586909b911e66e1d8863aa89f173d69f86cd2 - ishan - 2019-10-25 23:10:05]
	at org.apache.lucene.util.TestRuleThreadAndTestName$1.evaluate(TestRuleThreadAndTestName.java:48) [lucene-test-framework-8.3.0.jar:8.3.0 2aa586909b911e66e1d8863aa89f173d69f86cd2 - ishan - 2019-10-25 23:10:05]
	at org.apache.lucene.util.TestRuleIgnoreAfterMaxFailures$1.evaluate(TestRuleIgnoreAfterMaxFailures.java:64) [lucene-test-framework-8.3.0.jar:8.3.0 2aa586909b911e66e1d8863aa89f173d69f86cd2 - ishan - 2019-10-25 23:10:05]
	at org.apache.lucene.util.TestRuleMarkFailure$1.evaluate(TestRuleMarkFailure.java:47) [lucene-test-framework-8.3.0.jar:8.3.0 2aa586909b911e66e1d8863aa89f173d69f86cd2 - ishan - 2019-10-25 23:10:05]
	at com.carrotsearch.randomizedtesting.rules.StatementAdapter.evaluate(StatementAdapter.java:36) [randomizedtesting-runner-2.7.1.jar:?]
	at com.carrotsearch.randomizedtesting.ThreadLeakControl$StatementRunner.run(ThreadLeakControl.java:368) [randomizedtesting-runner-2.7.1.jar:?]
	at com.carrotsearch.randomizedtesting.ThreadLeakControl.forkTimeoutingTask(ThreadLeakControl.java:817) [randomizedtesting-runner-2.7.1.jar:?]
	at com.carrotsearch.randomizedtesting.ThreadLeakControl$3.evaluate(ThreadLeakControl.java:468) [randomizedtesting-runner-2.7.1.jar:?]
	at com.carrotsearch.randomizedtesting.RandomizedRunner.runSingleTest(RandomizedRunner.java:947) [randomizedtesting-runner-2.7.1.jar:?]
	at com.carrotsearch.randomizedtesting.RandomizedRunner$5.evaluate(RandomizedRunner.java:832) [randomizedtesting-runner-2.7.1.jar:?]
	at com.carrotsearch.randomizedtesting.RandomizedRunner$6.evaluate(RandomizedRunner.java:883) [randomizedtesting-runner-2.7.1.jar:?]
	at com.carrotsearch.randomizedtesting.RandomizedRunner$7.evaluate(RandomizedRunner.java:894) [randomizedtesting-runner-2.7.1.jar:?]
	at org.apache.lucene.util.AbstractBeforeAfterRule$1.evaluate(AbstractBeforeAfterRule.java:45) [lucene-test-framework-8.3.0.jar:8.3.0 2aa586909b911e66e1d8863aa89f173d69f86cd2 - ishan - 2019-10-25 23:10:05]
	at com.carrotsearch.randomizedtesting.rules.StatementAdapter.evaluate(StatementAdapter.java:36) [randomizedtesting-runner-2.7.1.jar:?]
	at org.apache.lucene.util.TestRuleStoreClassName$1.evaluate(TestRuleStoreClassName.java:41) [lucene-test-framework-8.3.0.jar:8.3.0 2aa586909b911e66e1d8863aa89f173d69f86cd2 - ishan - 2019-10-25 23:10:05]
	at com.carrotsearch.randomizedtesting.rules.NoShadowingOrOverridesOnMethodsRule$1.evaluate(NoShadowingOrOverridesOnMethodsRule.java:40) [randomizedtesting-runner-2.7.1.jar:?]
	at com.carrotsearch.randomizedtesting.rules.NoShadowingOrOverridesOnMethodsRule$1.evaluate(NoShadowingOrOverridesOnMethodsRule.java:40) [randomizedtesting-runner-2.7.1.jar:?]
	at com.carrotsearch.randomizedtesting.rules.StatementAdapter.evaluate(StatementAdapter.java:36) [randomizedtesting-runner-2.7.1.jar:?]
	at com.carrotsearch.randomizedtesting.rules.StatementAdapter.evaluate(StatementAdapter.java:36) [randomizedtesting-runner-2.7.1.jar:?]
	at org.apache.lucene.util.TestRuleAssertionsRequired$1.evaluate(TestRuleAssertionsRequired.java:53) [lucene-test-framework-8.3.0.jar:8.3.0 2aa586909b911e66e1d8863aa89f173d69f86cd2 - ishan - 2019-10-25 23:10:05]
	at org.apache.lucene.util.TestRuleMarkFailure$1.evaluate(TestRuleMarkFailure.java:47) [lucene-test-framework-8.3.0.jar:8.3.0 2aa586909b911e66e1d8863aa89f173d69f86cd2 - ishan - 2019-10-25 23:10:05]
	at org.apache.lucene.util.TestRuleIgnoreAfterMaxFailures$1.evaluate(TestRuleIgnoreAfterMaxFailures.java:64) [lucene-test-framework-8.3.0.jar:8.3.0 2aa586909b911e66e1d8863aa89f173d69f86cd2 - ishan - 2019-10-25 23:10:05]
	at org.apache.lucene.util.TestRuleIgnoreTestSuites$1.evaluate(TestRuleIgnoreTestSuites.java:54) [lucene-test-framework-8.3.0.jar:8.3.0 2aa586909b911e66e1d8863aa89f173d69f86cd2 - ishan - 2019-10-25 23:10:05]
	at com.carrotsearch.randomizedtesting.rules.StatementAdapter.evaluate(StatementAdapter.java:36) [randomizedtesting-runner-2.7.1.jar:?]
	at com.carrotsearch.randomizedtesting.ThreadLeakControl$StatementRunner.run(ThreadLeakControl.java:368) [randomizedtesting-runner-2.7.1.jar:?]
	at java.lang.Thread.run(Thread.java:835) [?:?]
Caused by: java.lang.IllegalArgumentException: low disk watermark [90%] more than high disk watermark [80%]
	at org.elasticsearch.cluster.routing.allocation.DiskThresholdSettings.doValidateAsPercentage(DiskThresholdSettings.java:209) ~[main/:?]
	at org.elasticsearch.cluster.routing.allocation.DiskThresholdSettings.doValidate(DiskThresholdSettings.java:183) ~[main/:?]
	at org.elasticsearch.cluster.routing.allocation.DiskThresholdSettings.access$000(DiskThresholdSettings.java:39) ~[main/:?]
	at org.elasticsearch.cluster.routing.allocation.DiskThresholdSettings$LowDiskWatermarkValidator.validate(DiskThresholdSettings.java:120) ~[main/:?]
	at org.elasticsearch.cluster.routing.allocation.DiskThresholdSettings$LowDiskWatermarkValidator.validate(DiskThresholdSettings.java:109) ~[main/:?]
	at org.elasticsearch.common.settings.Setting.get(Setting.java:446) ~[main/:?]
	at org.elasticsearch.common.settings.Setting.get(Setting.java:426) ~[main/:?]
	at org.elasticsearch.common.settings.Setting$Updater.getValue(Setting.java:1014) ~[main/:?]
	... 43 more
[2020-02-16T18:20:38,691][INFO ][o.e.c.r.a.DiskThresholdSettingsTests] [testInvalidLowHighPercentageUpdate] after test
</pre>
</span>
</div>
</div>
<div id="footer">
<p>
<div>
<label class="hidden" id="label-for-line-wrapping-toggle" for="line-wrapping-toggle">Wrap lines
<input id="line-wrapping-toggle" type="checkbox" autocomplete="off"/>
</label>
</div>Generated by 
<a href="http://www.gradle.org">Gradle 5.6.2</a> at Feb 16, 2020, 5:26:22 PM</p>
</div>
</div>
</body>
</html>
