<?xml version="1.0" encoding="UTF-8"?>
<testsuite name="org.elasticsearch.cluster.coordination.LeaderCheckerTests" tests="4" skipped="0" failures="0" errors="0" timestamp="2020-02-16T22:20:32" hostname="Escoto-PC" time="0.228">
  <properties/>
  <testcase name="testLeaderCheckRequestEqualsHashcodeSerialization" classname="org.elasticsearch.cluster.coordination.LeaderCheckerTests" time="0.004"/>
  <testcase name="testFollowerBehaviour" classname="org.elasticsearch.cluster.coordination.LeaderCheckerTests" time="0.188"/>
  <testcase name="testFollowerFailsImmediatelyOnDisconnection" classname="org.elasticsearch.cluster.coordination.LeaderCheckerTests" time="0.019"/>
  <testcase name="testLeaderBehaviour" classname="org.elasticsearch.cluster.coordination.LeaderCheckerTests" time="0.016"/>
  <system-out><![CDATA[[2020-02-16T17:20:32,559][INFO ][o.e.c.c.LeaderCheckerTests] [testLeaderCheckRequestEqualsHashcodeSerialization] before test
[2020-02-16T17:20:32,561][INFO ][o.e.c.c.LeaderCheckerTests] [testLeaderCheckRequestEqualsHashcodeSerialization] after test
[2020-02-16T17:20:32,563][INFO ][o.e.c.c.LeaderCheckerTests] [testFollowerBehaviour] before test
[2020-02-16T17:20:32,563][INFO ][o.e.c.c.LeaderCheckerTests] [testFollowerBehaviour] --> using {"cluster.fault_detection.leader_check.interval":"57832ms","cluster.fault_detection.leader_check.timeout":"46116ms","node.name":"local-node"}
[2020-02-16T17:20:32,565][INFO ][o.e.c.c.LeaderCheckerTests] [testFollowerBehaviour] --> creating first checker
[2020-02-16T17:20:32,566][INFO ][o.e.c.c.LeaderCheckerTests] [testFollowerBehaviour] --> checking that no failure is detected in 614 checks
[2020-02-16T17:20:32,568][WARN ][o.e.t.TransportService   ] [testFollowerBehaviour] Received response for a request that has timed out, sent [50750ms] ago, timed out [4634ms] ago, action [internal:coordination/fault_detection/leader_check], node [{leader-1}{w0JavIxpSAGEHXhvcRl9zQ}{0.0.0.0}{0.0.0.0:3}{dim}], id [4]
[2020-02-16T17:20:32,568][WARN ][o.e.t.TransportService   ] [testFollowerBehaviour] Received response for a request that has timed out, sent [103467ms] ago, timed out [57351ms] ago, action [internal:coordination/fault_detection/leader_check], node [{leader-1}{w0JavIxpSAGEHXhvcRl9zQ}{0.0.0.0}{0.0.0.0:3}{dim}], id [5]
[2020-02-16T17:20:32,569][WARN ][o.e.t.TransportService   ] [testFollowerBehaviour] Received response for a request that has timed out, sent [98971ms] ago, timed out [52855ms] ago, action [internal:coordination/fault_detection/leader_check], node [{leader-1}{w0JavIxpSAGEHXhvcRl9zQ}{0.0.0.0}{0.0.0.0:3}{dim}], id [8]
[2020-02-16T17:20:32,569][WARN ][o.e.t.TransportService   ] [testFollowerBehaviour] Received response for a request that has timed out, sent [54658ms] ago, timed out [8542ms] ago, action [internal:coordination/fault_detection/leader_check], node [{leader-1}{w0JavIxpSAGEHXhvcRl9zQ}{0.0.0.0}{0.0.0.0:3}{dim}], id [10]
[2020-02-16T17:20:32,569][WARN ][o.e.t.TransportService   ] [testFollowerBehaviour] Received response for a request that has timed out, sent [51424ms] ago, timed out [5308ms] ago, action [internal:coordination/fault_detection/leader_check], node [{leader-1}{w0JavIxpSAGEHXhvcRl9zQ}{0.0.0.0}{0.0.0.0:3}{dim}], id [11]
[2020-02-16T17:20:32,569][WARN ][o.e.t.TransportService   ] [testFollowerBehaviour] Received response for a request that has timed out, sent [78084ms] ago, timed out [31968ms] ago, action [internal:coordination/fault_detection/leader_check], node [{leader-1}{w0JavIxpSAGEHXhvcRl9zQ}{0.0.0.0}{0.0.0.0:3}{dim}], id [15]
[2020-02-16T17:20:32,569][WARN ][o.e.t.TransportService   ] [testFollowerBehaviour] Received response for a request that has timed out, sent [64182ms] ago, timed out [18066ms] ago, action [internal:coordination/fault_detection/leader_check], node [{leader-1}{w0JavIxpSAGEHXhvcRl9zQ}{0.0.0.0}{0.0.0.0:3}{dim}], id [16]
[2020-02-16T17:20:32,569][WARN ][o.e.t.TransportService   ] [testFollowerBehaviour] Received response for a request that has timed out, sent [91292ms] ago, timed out [45176ms] ago, action [internal:coordination/fault_detection/leader_check], node [{leader-1}{w0JavIxpSAGEHXhvcRl9zQ}{0.0.0.0}{0.0.0.0:3}{dim}], id [19]
[2020-02-16T17:20:32,570][WARN ][o.e.t.TransportService   ] [testFollowerBehaviour] Received response for a request that has timed out, sent [69031ms] ago, timed out [22915ms] ago, action [internal:coordination/fault_detection/leader_check], node [{leader-1}{w0JavIxpSAGEHXhvcRl9zQ}{0.0.0.0}{0.0.0.0:3}{dim}], id [25]
[2020-02-16T17:20:32,570][WARN ][o.e.t.TransportService   ] [testFollowerBehaviour] Received response for a request that has timed out, sent [103965ms] ago, timed out [57849ms] ago, action [internal:coordination/fault_detection/leader_check], node [{leader-1}{w0JavIxpSAGEHXhvcRl9zQ}{0.0.0.0}{0.0.0.0:3}{dim}], id [26]
[2020-02-16T17:20:32,570][WARN ][o.e.t.TransportService   ] [testFollowerBehaviour] Received response for a request that has timed out, sent [70710ms] ago, timed out [24594ms] ago, action [internal:coordination/fault_detection/leader_check], node [{leader-1}{w0JavIxpSAGEHXhvcRl9zQ}{0.0.0.0}{0.0.0.0:3}{dim}], id [29]
[2020-02-16T17:20:32,571][WARN ][o.e.t.TransportService   ] [testFollowerBehaviour] Received response for a request that has timed out, sent [88770ms] ago, timed out [42654ms] ago, action [internal:coordination/fault_detection/leader_check], node [{leader-1}{w0JavIxpSAGEHXhvcRl9zQ}{0.0.0.0}{0.0.0.0:3}{dim}], id [34]
[2020-02-16T17:20:32,571][WARN ][o.e.t.TransportService   ] [testFollowerBehaviour] Received response for a request that has timed out, sent [59527ms] ago, timed out [13411ms] ago, action [internal:coordination/fault_detection/leader_check], node [{leader-1}{w0JavIxpSAGEHXhvcRl9zQ}{0.0.0.0}{0.0.0.0:3}{dim}], id [35]
[2020-02-16T17:20:32,571][WARN ][o.e.t.TransportService   ] [testFollowerBehaviour] Received response for a request that has timed out, sent [95674ms] ago, timed out [49558ms] ago, action [internal:coordination/fault_detection/leader_check], node [{leader-1}{w0JavIxpSAGEHXhvcRl9zQ}{0.0.0.0}{0.0.0.0:3}{dim}], id [37]
[2020-02-16T17:20:32,571][WARN ][o.e.t.TransportService   ] [testFollowerBehaviour] Received response for a request that has timed out, sent [49418ms] ago, timed out [3302ms] ago, action [internal:coordination/fault_detection/leader_check], node [{leader-1}{w0JavIxpSAGEHXhvcRl9zQ}{0.0.0.0}{0.0.0.0:3}{dim}], id [38]
[2020-02-16T17:20:32,571][WARN ][o.e.t.TransportService   ] [testFollowerBehaviour] Received response for a request that has timed out, sent [94224ms] ago, timed out [48108ms] ago, action [internal:coordination/fault_detection/leader_check], node [{leader-1}{w0JavIxpSAGEHXhvcRl9zQ}{0.0.0.0}{0.0.0.0:3}{dim}], id [43]
[2020-02-16T17:20:32,572][WARN ][o.e.t.TransportService   ] [testFollowerBehaviour] Received response for a request that has timed out, sent [61494ms] ago, timed out [15378ms] ago, action [internal:coordination/fault_detection/leader_check], node [{leader-1}{w0JavIxpSAGEHXhvcRl9zQ}{0.0.0.0}{0.0.0.0:3}{dim}], id [46]
[2020-02-16T17:20:32,572][WARN ][o.e.t.TransportService   ] [testFollowerBehaviour] Received response for a request that has timed out, sent [53809ms] ago, timed out [7693ms] ago, action [internal:coordination/fault_detection/leader_check], node [{leader-1}{w0JavIxpSAGEHXhvcRl9zQ}{0.0.0.0}{0.0.0.0:3}{dim}], id [47]
[2020-02-16T17:20:32,572][WARN ][o.e.t.TransportService   ] [testFollowerBehaviour] Received response for a request that has timed out, sent [52087ms] ago, timed out [5971ms] ago, action [internal:coordination/fault_detection/leader_check], node [{leader-1}{w0JavIxpSAGEHXhvcRl9zQ}{0.0.0.0}{0.0.0.0:3}{dim}], id [50]
[2020-02-16T17:20:32,572][WARN ][o.e.t.TransportService   ] [testFollowerBehaviour] Received response for a request that has timed out, sent [85374ms] ago, timed out [39258ms] ago, action [internal:coordination/fault_detection/leader_check], node [{leader-1}{w0JavIxpSAGEHXhvcRl9zQ}{0.0.0.0}{0.0.0.0:3}{dim}], id [52]
[2020-02-16T17:20:32,572][WARN ][o.e.t.TransportService   ] [testFollowerBehaviour] Received response for a request that has timed out, sent [105017ms] ago, timed out [58901ms] ago, action [internal:coordination/fault_detection/leader_check], node [{leader-1}{w0JavIxpSAGEHXhvcRl9zQ}{0.0.0.0}{0.0.0.0:3}{dim}], id [53]
[2020-02-16T17:20:32,572][WARN ][o.e.t.TransportService   ] [testFollowerBehaviour] Received response for a request that has timed out, sent [57227ms] ago, timed out [11111ms] ago, action [internal:coordination/fault_detection/leader_check], node [{leader-1}{w0JavIxpSAGEHXhvcRl9zQ}{0.0.0.0}{0.0.0.0:3}{dim}], id [57]
[2020-02-16T17:20:32,573][WARN ][o.e.t.TransportService   ] [testFollowerBehaviour] Received response for a request that has timed out, sent [54975ms] ago, timed out [8859ms] ago, action [internal:coordination/fault_detection/leader_check], node [{leader-1}{w0JavIxpSAGEHXhvcRl9zQ}{0.0.0.0}{0.0.0.0:3}{dim}], id [59]
[2020-02-16T17:20:32,573][WARN ][o.e.t.TransportService   ] [testFollowerBehaviour] Received response for a request that has timed out, sent [65180ms] ago, timed out [19064ms] ago, action [internal:coordination/fault_detection/leader_check], node [{leader-1}{w0JavIxpSAGEHXhvcRl9zQ}{0.0.0.0}{0.0.0.0:3}{dim}], id [60]
[2020-02-16T17:20:32,573][WARN ][o.e.t.TransportService   ] [testFollowerBehaviour] Received response for a request that has timed out, sent [55389ms] ago, timed out [9273ms] ago, action [internal:coordination/fault_detection/leader_check], node [{leader-1}{w0JavIxpSAGEHXhvcRl9zQ}{0.0.0.0}{0.0.0.0:3}{dim}], id [62]
[2020-02-16T17:20:32,573][WARN ][o.e.t.TransportService   ] [testFollowerBehaviour] Received response for a request that has timed out, sent [98593ms] ago, timed out [52477ms] ago, action [internal:coordination/fault_detection/leader_check], node [{leader-1}{w0JavIxpSAGEHXhvcRl9zQ}{0.0.0.0}{0.0.0.0:3}{dim}], id [63]
[2020-02-16T17:20:32,573][WARN ][o.e.t.TransportService   ] [testFollowerBehaviour] Received response for a request that has timed out, sent [69254ms] ago, timed out [23138ms] ago, action [internal:coordination/fault_detection/leader_check], node [{leader-1}{w0JavIxpSAGEHXhvcRl9zQ}{0.0.0.0}{0.0.0.0:3}{dim}], id [66]
[2020-02-16T17:20:32,573][WARN ][o.e.t.TransportService   ] [testFollowerBehaviour] Received response for a request that has timed out, sent [66332ms] ago, timed out [20216ms] ago, action [internal:coordination/fault_detection/leader_check], node [{leader-1}{w0JavIxpSAGEHXhvcRl9zQ}{0.0.0.0}{0.0.0.0:3}{dim}], id [68]
[2020-02-16T17:20:32,573][WARN ][o.e.t.TransportService   ] [testFollowerBehaviour] Received response for a request that has timed out, sent [86390ms] ago, timed out [40274ms] ago, action [internal:coordination/fault_detection/leader_check], node [{leader-1}{w0JavIxpSAGEHXhvcRl9zQ}{0.0.0.0}{0.0.0.0:3}{dim}], id [69]
[2020-02-16T17:20:32,574][WARN ][o.e.t.TransportService   ] [testFollowerBehaviour] Received response for a request that has timed out, sent [97641ms] ago, timed out [51525ms] ago, action [internal:coordination/fault_detection/leader_check], node [{leader-1}{w0JavIxpSAGEHXhvcRl9zQ}{0.0.0.0}{0.0.0.0:3}{dim}], id [74]
[2020-02-16T17:20:32,574][WARN ][o.e.t.TransportService   ] [testFollowerBehaviour] Received response for a request that has timed out, sent [98579ms] ago, timed out [52463ms] ago, action [internal:coordination/fault_detection/leader_check], node [{leader-1}{w0JavIxpSAGEHXhvcRl9zQ}{0.0.0.0}{0.0.0.0:3}{dim}], id [75]
[2020-02-16T17:20:32,577][WARN ][o.e.t.TransportService   ] [testFollowerBehaviour] Received response for a request that has timed out, sent [79753ms] ago, timed out [33637ms] ago, action [internal:coordination/fault_detection/leader_check], node [{leader-1}{w0JavIxpSAGEHXhvcRl9zQ}{0.0.0.0}{0.0.0.0:3}{dim}], id [83]
[2020-02-16T17:20:32,577][WARN ][o.e.t.TransportService   ] [testFollowerBehaviour] Received response for a request that has timed out, sent [69392ms] ago, timed out [23276ms] ago, action [internal:coordination/fault_detection/leader_check], node [{leader-1}{w0JavIxpSAGEHXhvcRl9zQ}{0.0.0.0}{0.0.0.0:3}{dim}], id [84]
[2020-02-16T17:20:32,577][WARN ][o.e.t.TransportService   ] [testFollowerBehaviour] Received response for a request that has timed out, sent [100670ms] ago, timed out [54554ms] ago, action [internal:coordination/fault_detection/leader_check], node [{leader-1}{w0JavIxpSAGEHXhvcRl9zQ}{0.0.0.0}{0.0.0.0:3}{dim}], id [86]
[2020-02-16T17:20:32,578][WARN ][o.e.t.TransportService   ] [testFollowerBehaviour] Received response for a request that has timed out, sent [67573ms] ago, timed out [21457ms] ago, action [internal:coordination/fault_detection/leader_check], node [{leader-1}{w0JavIxpSAGEHXhvcRl9zQ}{0.0.0.0}{0.0.0.0:3}{dim}], id [95]
[2020-02-16T17:20:32,578][WARN ][o.e.t.TransportService   ] [testFollowerBehaviour] Received response for a request that has timed out, sent [60180ms] ago, timed out [14064ms] ago, action [internal:coordination/fault_detection/leader_check], node [{leader-1}{w0JavIxpSAGEHXhvcRl9zQ}{0.0.0.0}{0.0.0.0:3}{dim}], id [97]
[2020-02-16T17:20:32,578][WARN ][o.e.t.TransportService   ] [testFollowerBehaviour] Received response for a request that has timed out, sent [65019ms] ago, timed out [18903ms] ago, action [internal:coordination/fault_detection/leader_check], node [{leader-1}{w0JavIxpSAGEHXhvcRl9zQ}{0.0.0.0}{0.0.0.0:3}{dim}], id [98]
[2020-02-16T17:20:32,578][WARN ][o.e.t.TransportService   ] [testFollowerBehaviour] Received response for a request that has timed out, sent [65087ms] ago, timed out [18971ms] ago, action [internal:coordination/fault_detection/leader_check], node [{leader-1}{w0JavIxpSAGEHXhvcRl9zQ}{0.0.0.0}{0.0.0.0:3}{dim}], id [100]
[2020-02-16T17:20:32,579][WARN ][o.e.t.TransportService   ] [testFollowerBehaviour] Received response for a request that has timed out, sent [98138ms] ago, timed out [52022ms] ago, action [internal:coordination/fault_detection/leader_check], node [{leader-1}{w0JavIxpSAGEHXhvcRl9zQ}{0.0.0.0}{0.0.0.0:3}{dim}], id [103]
[2020-02-16T17:20:32,579][WARN ][o.e.t.TransportService   ] [testFollowerBehaviour] Received response for a request that has timed out, sent [75457ms] ago, timed out [29341ms] ago, action [internal:coordination/fault_detection/leader_check], node [{leader-1}{w0JavIxpSAGEHXhvcRl9zQ}{0.0.0.0}{0.0.0.0:3}{dim}], id [104]
[2020-02-16T17:20:32,579][WARN ][o.e.t.TransportService   ] [testFollowerBehaviour] Received response for a request that has timed out, sent [69399ms] ago, timed out [23283ms] ago, action [internal:coordination/fault_detection/leader_check], node [{leader-1}{w0JavIxpSAGEHXhvcRl9zQ}{0.0.0.0}{0.0.0.0:3}{dim}], id [106]
[2020-02-16T17:20:32,579][WARN ][o.e.t.TransportService   ] [testFollowerBehaviour] Received response for a request that has timed out, sent [103479ms] ago, timed out [57363ms] ago, action [internal:coordination/fault_detection/leader_check], node [{leader-1}{w0JavIxpSAGEHXhvcRl9zQ}{0.0.0.0}{0.0.0.0:3}{dim}], id [109]
[2020-02-16T17:20:32,580][WARN ][o.e.t.TransportService   ] [testFollowerBehaviour] Received response for a request that has timed out, sent [99335ms] ago, timed out [53219ms] ago, action [internal:coordination/fault_detection/leader_check], node [{leader-1}{w0JavIxpSAGEHXhvcRl9zQ}{0.0.0.0}{0.0.0.0:3}{dim}], id [110]
[2020-02-16T17:20:32,580][WARN ][o.e.t.TransportService   ] [testFollowerBehaviour] Received response for a request that has timed out, sent [51863ms] ago, timed out [5747ms] ago, action [internal:coordination/fault_detection/leader_check], node [{leader-1}{w0JavIxpSAGEHXhvcRl9zQ}{0.0.0.0}{0.0.0.0:3}{dim}], id [112]
[2020-02-16T17:20:32,580][WARN ][o.e.t.TransportService   ] [testFollowerBehaviour] Received response for a request that has timed out, sent [62518ms] ago, timed out [16402ms] ago, action [internal:coordination/fault_detection/leader_check], node [{leader-1}{w0JavIxpSAGEHXhvcRl9zQ}{0.0.0.0}{0.0.0.0:3}{dim}], id [115]
[2020-02-16T17:20:32,580][WARN ][o.e.t.TransportService   ] [testFollowerBehaviour] Received response for a request that has timed out, sent [94806ms] ago, timed out [48690ms] ago, action [internal:coordination/fault_detection/leader_check], node [{leader-1}{w0JavIxpSAGEHXhvcRl9zQ}{0.0.0.0}{0.0.0.0:3}{dim}], id [116]
[2020-02-16T17:20:32,580][WARN ][o.e.t.TransportService   ] [testFollowerBehaviour] Received response for a request that has timed out, sent [48762ms] ago, timed out [2646ms] ago, action [internal:coordination/fault_detection/leader_check], node [{leader-1}{w0JavIxpSAGEHXhvcRl9zQ}{0.0.0.0}{0.0.0.0:3}{dim}], id [121]
[2020-02-16T17:20:32,581][WARN ][o.e.t.TransportService   ] [testFollowerBehaviour] Received response for a request that has timed out, sent [61411ms] ago, timed out [15295ms] ago, action [internal:coordination/fault_detection/leader_check], node [{leader-1}{w0JavIxpSAGEHXhvcRl9zQ}{0.0.0.0}{0.0.0.0:3}{dim}], id [122]
[2020-02-16T17:20:32,581][WARN ][o.e.t.TransportService   ] [testFollowerBehaviour] Received response for a request that has timed out, sent [101476ms] ago, timed out [55360ms] ago, action [internal:coordination/fault_detection/leader_check], node [{leader-1}{w0JavIxpSAGEHXhvcRl9zQ}{0.0.0.0}{0.0.0.0:3}{dim}], id [124]
[2020-02-16T17:20:32,581][WARN ][o.e.t.TransportService   ] [testFollowerBehaviour] Received response for a request that has timed out, sent [72462ms] ago, timed out [26346ms] ago, action [internal:coordination/fault_detection/leader_check], node [{leader-1}{w0JavIxpSAGEHXhvcRl9zQ}{0.0.0.0}{0.0.0.0:3}{dim}], id [126]
[2020-02-16T17:20:32,581][WARN ][o.e.t.TransportService   ] [testFollowerBehaviour] Received response for a request that has timed out, sent [90409ms] ago, timed out [44293ms] ago, action [internal:coordination/fault_detection/leader_check], node [{leader-1}{w0JavIxpSAGEHXhvcRl9zQ}{0.0.0.0}{0.0.0.0:3}{dim}], id [127]
[2020-02-16T17:20:32,581][WARN ][o.e.t.TransportService   ] [testFollowerBehaviour] Received response for a request that has timed out, sent [48271ms] ago, timed out [2155ms] ago, action [internal:coordination/fault_detection/leader_check], node [{leader-1}{w0JavIxpSAGEHXhvcRl9zQ}{0.0.0.0}{0.0.0.0:3}{dim}], id [129]
[2020-02-16T17:20:32,581][WARN ][o.e.t.TransportService   ] [testFollowerBehaviour] Received response for a request that has timed out, sent [85875ms] ago, timed out [39759ms] ago, action [internal:coordination/fault_detection/leader_check], node [{leader-1}{w0JavIxpSAGEHXhvcRl9zQ}{0.0.0.0}{0.0.0.0:3}{dim}], id [130]
[2020-02-16T17:20:32,582][WARN ][o.e.t.TransportService   ] [testFollowerBehaviour] Received response for a request that has timed out, sent [83310ms] ago, timed out [37194ms] ago, action [internal:coordination/fault_detection/leader_check], node [{leader-1}{w0JavIxpSAGEHXhvcRl9zQ}{0.0.0.0}{0.0.0.0:3}{dim}], id [132]
[2020-02-16T17:20:32,582][WARN ][o.e.t.TransportService   ] [testFollowerBehaviour] Received response for a request that has timed out, sent [100123ms] ago, timed out [54007ms] ago, action [internal:coordination/fault_detection/leader_check], node [{leader-1}{w0JavIxpSAGEHXhvcRl9zQ}{0.0.0.0}{0.0.0.0:3}{dim}], id [135]
[2020-02-16T17:20:32,582][WARN ][o.e.t.TransportService   ] [testFollowerBehaviour] Received response for a request that has timed out, sent [101056ms] ago, timed out [54940ms] ago, action [internal:coordination/fault_detection/leader_check], node [{leader-1}{w0JavIxpSAGEHXhvcRl9zQ}{0.0.0.0}{0.0.0.0:3}{dim}], id [141]
[2020-02-16T17:20:32,582][WARN ][o.e.t.TransportService   ] [testFollowerBehaviour] Received response for a request that has timed out, sent [86494ms] ago, timed out [40378ms] ago, action [internal:coordination/fault_detection/leader_check], node [{leader-1}{w0JavIxpSAGEHXhvcRl9zQ}{0.0.0.0}{0.0.0.0:3}{dim}], id [142]
[2020-02-16T17:20:32,583][WARN ][o.e.t.TransportService   ] [testFollowerBehaviour] Received response for a request that has timed out, sent [62524ms] ago, timed out [16408ms] ago, action [internal:coordination/fault_detection/leader_check], node [{leader-1}{w0JavIxpSAGEHXhvcRl9zQ}{0.0.0.0}{0.0.0.0:3}{dim}], id [144]
[2020-02-16T17:20:32,583][WARN ][o.e.t.TransportService   ] [testFollowerBehaviour] Received response for a request that has timed out, sent [90151ms] ago, timed out [44035ms] ago, action [internal:coordination/fault_detection/leader_check], node [{leader-1}{w0JavIxpSAGEHXhvcRl9zQ}{0.0.0.0}{0.0.0.0:3}{dim}], id [145]
[2020-02-16T17:20:32,583][WARN ][o.e.t.TransportService   ] [testFollowerBehaviour] Received response for a request that has timed out, sent [85990ms] ago, timed out [39874ms] ago, action [internal:coordination/fault_detection/leader_check], node [{leader-1}{w0JavIxpSAGEHXhvcRl9zQ}{0.0.0.0}{0.0.0.0:3}{dim}], id [147]
[2020-02-16T17:20:32,583][WARN ][o.e.t.TransportService   ] [testFollowerBehaviour] Received response for a request that has timed out, sent [92936ms] ago, timed out [46820ms] ago, action [internal:coordination/fault_detection/leader_check], node [{leader-1}{w0JavIxpSAGEHXhvcRl9zQ}{0.0.0.0}{0.0.0.0:3}{dim}], id [148]
[2020-02-16T17:20:32,583][WARN ][o.e.t.TransportService   ] [testFollowerBehaviour] Received response for a request that has timed out, sent [82540ms] ago, timed out [36424ms] ago, action [internal:coordination/fault_detection/leader_check], node [{leader-1}{w0JavIxpSAGEHXhvcRl9zQ}{0.0.0.0}{0.0.0.0:3}{dim}], id [154]
[2020-02-16T17:20:32,583][WARN ][o.e.t.TransportService   ] [testFollowerBehaviour] Received response for a request that has timed out, sent [89375ms] ago, timed out [43259ms] ago, action [internal:coordination/fault_detection/leader_check], node [{leader-1}{w0JavIxpSAGEHXhvcRl9zQ}{0.0.0.0}{0.0.0.0:3}{dim}], id [157]
[2020-02-16T17:20:32,583][WARN ][o.e.t.TransportService   ] [testFollowerBehaviour] Received response for a request that has timed out, sent [90668ms] ago, timed out [44552ms] ago, action [internal:coordination/fault_detection/leader_check], node [{leader-1}{w0JavIxpSAGEHXhvcRl9zQ}{0.0.0.0}{0.0.0.0:3}{dim}], id [160]
[2020-02-16T17:20:32,583][WARN ][o.e.t.TransportService   ] [testFollowerBehaviour] Received response for a request that has timed out, sent [93861ms] ago, timed out [47745ms] ago, action [internal:coordination/fault_detection/leader_check], node [{leader-1}{w0JavIxpSAGEHXhvcRl9zQ}{0.0.0.0}{0.0.0.0:3}{dim}], id [163]
[2020-02-16T17:20:32,584][WARN ][o.e.t.TransportService   ] [testFollowerBehaviour] Received response for a request that has timed out, sent [57480ms] ago, timed out [11364ms] ago, action [internal:coordination/fault_detection/leader_check], node [{leader-1}{w0JavIxpSAGEHXhvcRl9zQ}{0.0.0.0}{0.0.0.0:3}{dim}], id [164]
[2020-02-16T17:20:32,585][WARN ][o.e.t.TransportService   ] [testFollowerBehaviour] Received response for a request that has timed out, sent [81564ms] ago, timed out [35448ms] ago, action [internal:coordination/fault_detection/leader_check], node [{leader-1}{w0JavIxpSAGEHXhvcRl9zQ}{0.0.0.0}{0.0.0.0:3}{dim}], id [170]
[2020-02-16T17:20:32,585][WARN ][o.e.t.TransportService   ] [testFollowerBehaviour] Received response for a request that has timed out, sent [83987ms] ago, timed out [37871ms] ago, action [internal:coordination/fault_detection/leader_check], node [{leader-1}{w0JavIxpSAGEHXhvcRl9zQ}{0.0.0.0}{0.0.0.0:3}{dim}], id [171]
[2020-02-16T17:20:32,585][WARN ][o.e.t.TransportService   ] [testFollowerBehaviour] Received response for a request that has timed out, sent [58891ms] ago, timed out [12775ms] ago, action [internal:coordination/fault_detection/leader_check], node [{leader-1}{w0JavIxpSAGEHXhvcRl9zQ}{0.0.0.0}{0.0.0.0:3}{dim}], id [174]
[2020-02-16T17:20:32,585][WARN ][o.e.t.TransportService   ] [testFollowerBehaviour] Received response for a request that has timed out, sent [103125ms] ago, timed out [57009ms] ago, action [internal:coordination/fault_detection/leader_check], node [{leader-1}{w0JavIxpSAGEHXhvcRl9zQ}{0.0.0.0}{0.0.0.0:3}{dim}], id [176]
[2020-02-16T17:20:32,585][WARN ][o.e.t.TransportService   ] [testFollowerBehaviour] Received response for a request that has timed out, sent [79564ms] ago, timed out [33448ms] ago, action [internal:coordination/fault_detection/leader_check], node [{leader-1}{w0JavIxpSAGEHXhvcRl9zQ}{0.0.0.0}{0.0.0.0:3}{dim}], id [177]
[2020-02-16T17:20:32,586][WARN ][o.e.t.TransportService   ] [testFollowerBehaviour] Received response for a request that has timed out, sent [86118ms] ago, timed out [40002ms] ago, action [internal:coordination/fault_detection/leader_check], node [{leader-1}{w0JavIxpSAGEHXhvcRl9zQ}{0.0.0.0}{0.0.0.0:3}{dim}], id [182]
[2020-02-16T17:20:32,586][WARN ][o.e.t.TransportService   ] [testFollowerBehaviour] Received response for a request that has timed out, sent [91893ms] ago, timed out [45777ms] ago, action [internal:coordination/fault_detection/leader_check], node [{leader-1}{w0JavIxpSAGEHXhvcRl9zQ}{0.0.0.0}{0.0.0.0:3}{dim}], id [183]
[2020-02-16T17:20:32,586][WARN ][o.e.t.TransportService   ] [testFollowerBehaviour] Received response for a request that has timed out, sent [84250ms] ago, timed out [38134ms] ago, action [internal:coordination/fault_detection/leader_check], node [{leader-1}{w0JavIxpSAGEHXhvcRl9zQ}{0.0.0.0}{0.0.0.0:3}{dim}], id [185]
[2020-02-16T17:20:32,586][WARN ][o.e.t.TransportService   ] [testFollowerBehaviour] Received response for a request that has timed out, sent [63964ms] ago, timed out [17848ms] ago, action [internal:coordination/fault_detection/leader_check], node [{leader-1}{w0JavIxpSAGEHXhvcRl9zQ}{0.0.0.0}{0.0.0.0:3}{dim}], id [188]
[2020-02-16T17:20:32,586][WARN ][o.e.t.TransportService   ] [testFollowerBehaviour] Received response for a request that has timed out, sent [56766ms] ago, timed out [10650ms] ago, action [internal:coordination/fault_detection/leader_check], node [{leader-1}{w0JavIxpSAGEHXhvcRl9zQ}{0.0.0.0}{0.0.0.0:3}{dim}], id [190]
[2020-02-16T17:20:32,586][WARN ][o.e.t.TransportService   ] [testFollowerBehaviour] Received response for a request that has timed out, sent [87761ms] ago, timed out [41645ms] ago, action [internal:coordination/fault_detection/leader_check], node [{leader-1}{w0JavIxpSAGEHXhvcRl9zQ}{0.0.0.0}{0.0.0.0:3}{dim}], id [191]
[2020-02-16T17:20:32,586][WARN ][o.e.t.TransportService   ] [testFollowerBehaviour] Received response for a request that has timed out, sent [61706ms] ago, timed out [15590ms] ago, action [internal:coordination/fault_detection/leader_check], node [{leader-1}{w0JavIxpSAGEHXhvcRl9zQ}{0.0.0.0}{0.0.0.0:3}{dim}], id [193]
[2020-02-16T17:20:32,586][WARN ][o.e.t.TransportService   ] [testFollowerBehaviour] Received response for a request that has timed out, sent [64723ms] ago, timed out [18607ms] ago, action [internal:coordination/fault_detection/leader_check], node [{leader-1}{w0JavIxpSAGEHXhvcRl9zQ}{0.0.0.0}{0.0.0.0:3}{dim}], id [194]
[2020-02-16T17:20:32,587][WARN ][o.e.t.TransportService   ] [testFollowerBehaviour] Received response for a request that has timed out, sent [74875ms] ago, timed out [28759ms] ago, action [internal:coordination/fault_detection/leader_check], node [{leader-1}{w0JavIxpSAGEHXhvcRl9zQ}{0.0.0.0}{0.0.0.0:3}{dim}], id [197]
[2020-02-16T17:20:32,587][WARN ][o.e.t.TransportService   ] [testFollowerBehaviour] Received response for a request that has timed out, sent [53772ms] ago, timed out [7656ms] ago, action [internal:coordination/fault_detection/leader_check], node [{leader-1}{w0JavIxpSAGEHXhvcRl9zQ}{0.0.0.0}{0.0.0.0:3}{dim}], id [199]
[2020-02-16T17:20:32,587][WARN ][o.e.t.TransportService   ] [testFollowerBehaviour] Received response for a request that has timed out, sent [51579ms] ago, timed out [5463ms] ago, action [internal:coordination/fault_detection/leader_check], node [{leader-1}{w0JavIxpSAGEHXhvcRl9zQ}{0.0.0.0}{0.0.0.0:3}{dim}], id [200]
[2020-02-16T17:20:32,587][WARN ][o.e.t.TransportService   ] [testFollowerBehaviour] Received response for a request that has timed out, sent [57244ms] ago, timed out [11128ms] ago, action [internal:coordination/fault_detection/leader_check], node [{leader-1}{w0JavIxpSAGEHXhvcRl9zQ}{0.0.0.0}{0.0.0.0:3}{dim}], id [202]
[2020-02-16T17:20:32,587][WARN ][o.e.t.TransportService   ] [testFollowerBehaviour] Received response for a request that has timed out, sent [59332ms] ago, timed out [13216ms] ago, action [internal:coordination/fault_detection/leader_check], node [{leader-1}{w0JavIxpSAGEHXhvcRl9zQ}{0.0.0.0}{0.0.0.0:3}{dim}], id [203]
[2020-02-16T17:20:32,587][WARN ][o.e.t.TransportService   ] [testFollowerBehaviour] Received response for a request that has timed out, sent [64189ms] ago, timed out [18073ms] ago, action [internal:coordination/fault_detection/leader_check], node [{leader-1}{w0JavIxpSAGEHXhvcRl9zQ}{0.0.0.0}{0.0.0.0:3}{dim}], id [208]
[2020-02-16T17:20:32,588][WARN ][o.e.t.TransportService   ] [testFollowerBehaviour] Received response for a request that has timed out, sent [92570ms] ago, timed out [46454ms] ago, action [internal:coordination/fault_detection/leader_check], node [{leader-1}{w0JavIxpSAGEHXhvcRl9zQ}{0.0.0.0}{0.0.0.0:3}{dim}], id [209]
[2020-02-16T17:20:32,588][WARN ][o.e.t.TransportService   ] [testFollowerBehaviour] Received response for a request that has timed out, sent [100600ms] ago, timed out [54484ms] ago, action [internal:coordination/fault_detection/leader_check], node [{leader-1}{w0JavIxpSAGEHXhvcRl9zQ}{0.0.0.0}{0.0.0.0:3}{dim}], id [211]
[2020-02-16T17:20:32,589][WARN ][o.e.t.TransportService   ] [testFollowerBehaviour] Received response for a request that has timed out, sent [52429ms] ago, timed out [6313ms] ago, action [internal:coordination/fault_detection/leader_check], node [{leader-1}{w0JavIxpSAGEHXhvcRl9zQ}{0.0.0.0}{0.0.0.0:3}{dim}], id [212]
[2020-02-16T17:20:32,589][WARN ][o.e.t.TransportService   ] [testFollowerBehaviour] Received response for a request that has timed out, sent [87990ms] ago, timed out [41874ms] ago, action [internal:coordination/fault_detection/leader_check], node [{leader-1}{w0JavIxpSAGEHXhvcRl9zQ}{0.0.0.0}{0.0.0.0:3}{dim}], id [215]
[2020-02-16T17:20:32,589][WARN ][o.e.t.TransportService   ] [testFollowerBehaviour] Received response for a request that has timed out, sent [62534ms] ago, timed out [16418ms] ago, action [internal:coordination/fault_detection/leader_check], node [{leader-1}{w0JavIxpSAGEHXhvcRl9zQ}{0.0.0.0}{0.0.0.0:3}{dim}], id [216]
[2020-02-16T17:20:32,589][WARN ][o.e.t.TransportService   ] [testFollowerBehaviour] Received response for a request that has timed out, sent [96957ms] ago, timed out [50841ms] ago, action [internal:coordination/fault_detection/leader_check], node [{leader-1}{w0JavIxpSAGEHXhvcRl9zQ}{0.0.0.0}{0.0.0.0:3}{dim}], id [218]
[2020-02-16T17:20:32,589][WARN ][o.e.t.TransportService   ] [testFollowerBehaviour] Received response for a request that has timed out, sent [79236ms] ago, timed out [33120ms] ago, action [internal:coordination/fault_detection/leader_check], node [{leader-1}{w0JavIxpSAGEHXhvcRl9zQ}{0.0.0.0}{0.0.0.0:3}{dim}], id [220]
[2020-02-16T17:20:32,590][WARN ][o.e.t.TransportService   ] [testFollowerBehaviour] Received response for a request that has timed out, sent [51614ms] ago, timed out [5498ms] ago, action [internal:coordination/fault_detection/leader_check], node [{leader-1}{w0JavIxpSAGEHXhvcRl9zQ}{0.0.0.0}{0.0.0.0:3}{dim}], id [225]
[2020-02-16T17:20:32,590][WARN ][o.e.t.TransportService   ] [testFollowerBehaviour] Received response for a request that has timed out, sent [61875ms] ago, timed out [15759ms] ago, action [internal:coordination/fault_detection/leader_check], node [{leader-1}{w0JavIxpSAGEHXhvcRl9zQ}{0.0.0.0}{0.0.0.0:3}{dim}], id [226]
[2020-02-16T17:20:32,590][WARN ][o.e.t.TransportService   ] [testFollowerBehaviour] Received response for a request that has timed out, sent [68530ms] ago, timed out [22414ms] ago, action [internal:coordination/fault_detection/leader_check], node [{leader-1}{w0JavIxpSAGEHXhvcRl9zQ}{0.0.0.0}{0.0.0.0:3}{dim}], id [231]
[2020-02-16T17:20:32,591][WARN ][o.e.t.TransportService   ] [testFollowerBehaviour] Received response for a request that has timed out, sent [87148ms] ago, timed out [41032ms] ago, action [internal:coordination/fault_detection/leader_check], node [{leader-1}{w0JavIxpSAGEHXhvcRl9zQ}{0.0.0.0}{0.0.0.0:3}{dim}], id [232]
[2020-02-16T17:20:32,591][WARN ][o.e.t.TransportService   ] [testFollowerBehaviour] Received response for a request that has timed out, sent [88275ms] ago, timed out [42159ms] ago, action [internal:coordination/fault_detection/leader_check], node [{leader-1}{w0JavIxpSAGEHXhvcRl9zQ}{0.0.0.0}{0.0.0.0:3}{dim}], id [235]
[2020-02-16T17:20:32,591][WARN ][o.e.t.TransportService   ] [testFollowerBehaviour] Received response for a request that has timed out, sent [58143ms] ago, timed out [12027ms] ago, action [internal:coordination/fault_detection/leader_check], node [{leader-1}{w0JavIxpSAGEHXhvcRl9zQ}{0.0.0.0}{0.0.0.0:3}{dim}], id [239]
[2020-02-16T17:20:32,591][WARN ][o.e.t.TransportService   ] [testFollowerBehaviour] Received response for a request that has timed out, sent [105887ms] ago, timed out [59771ms] ago, action [internal:coordination/fault_detection/leader_check], node [{leader-1}{w0JavIxpSAGEHXhvcRl9zQ}{0.0.0.0}{0.0.0.0:3}{dim}], id [242]
[2020-02-16T17:20:32,591][WARN ][o.e.t.TransportService   ] [testFollowerBehaviour] Received response for a request that has timed out, sent [51722ms] ago, timed out [5606ms] ago, action [internal:coordination/fault_detection/leader_check], node [{leader-1}{w0JavIxpSAGEHXhvcRl9zQ}{0.0.0.0}{0.0.0.0:3}{dim}], id [244]
[2020-02-16T17:20:32,592][WARN ][o.e.t.TransportService   ] [testFollowerBehaviour] Received response for a request that has timed out, sent [46963ms] ago, timed out [847ms] ago, action [internal:coordination/fault_detection/leader_check], node [{leader-1}{w0JavIxpSAGEHXhvcRl9zQ}{0.0.0.0}{0.0.0.0:3}{dim}], id [245]
[2020-02-16T17:20:32,592][WARN ][o.e.t.TransportService   ] [testFollowerBehaviour] Received response for a request that has timed out, sent [72050ms] ago, timed out [25934ms] ago, action [internal:coordination/fault_detection/leader_check], node [{leader-1}{w0JavIxpSAGEHXhvcRl9zQ}{0.0.0.0}{0.0.0.0:3}{dim}], id [248]
[2020-02-16T17:20:32,592][WARN ][o.e.t.TransportService   ] [testFollowerBehaviour] Received response for a request that has timed out, sent [76744ms] ago, timed out [30628ms] ago, action [internal:coordination/fault_detection/leader_check], node [{leader-1}{w0JavIxpSAGEHXhvcRl9zQ}{0.0.0.0}{0.0.0.0:3}{dim}], id [249]
[2020-02-16T17:20:32,592][WARN ][o.e.t.TransportService   ] [testFollowerBehaviour] Received response for a request that has timed out, sent [56276ms] ago, timed out [10160ms] ago, action [internal:coordination/fault_detection/leader_check], node [{leader-1}{w0JavIxpSAGEHXhvcRl9zQ}{0.0.0.0}{0.0.0.0:3}{dim}], id [251]
[2020-02-16T17:20:32,592][WARN ][o.e.t.TransportService   ] [testFollowerBehaviour] Received response for a request that has timed out, sent [103374ms] ago, timed out [57258ms] ago, action [internal:coordination/fault_detection/leader_check], node [{leader-1}{w0JavIxpSAGEHXhvcRl9zQ}{0.0.0.0}{0.0.0.0:3}{dim}], id [252]
[2020-02-16T17:20:32,592][WARN ][o.e.t.TransportService   ] [testFollowerBehaviour] Received response for a request that has timed out, sent [80196ms] ago, timed out [34080ms] ago, action [internal:coordination/fault_detection/leader_check], node [{leader-1}{w0JavIxpSAGEHXhvcRl9zQ}{0.0.0.0}{0.0.0.0:3}{dim}], id [254]
[2020-02-16T17:20:32,592][WARN ][o.e.t.TransportService   ] [testFollowerBehaviour] Received response for a request that has timed out, sent [52506ms] ago, timed out [6390ms] ago, action [internal:coordination/fault_detection/leader_check], node [{leader-1}{w0JavIxpSAGEHXhvcRl9zQ}{0.0.0.0}{0.0.0.0:3}{dim}], id [255]
[2020-02-16T17:20:32,592][WARN ][o.e.t.TransportService   ] [testFollowerBehaviour] Received response for a request that has timed out, sent [89249ms] ago, timed out [43133ms] ago, action [internal:coordination/fault_detection/leader_check], node [{leader-1}{w0JavIxpSAGEHXhvcRl9zQ}{0.0.0.0}{0.0.0.0:3}{dim}], id [257]
[2020-02-16T17:20:32,592][WARN ][o.e.t.TransportService   ] [testFollowerBehaviour] Received response for a request that has timed out, sent [66747ms] ago, timed out [20631ms] ago, action [internal:coordination/fault_detection/leader_check], node [{leader-1}{w0JavIxpSAGEHXhvcRl9zQ}{0.0.0.0}{0.0.0.0:3}{dim}], id [258]
[2020-02-16T17:20:32,593][WARN ][o.e.t.TransportService   ] [testFollowerBehaviour] Received response for a request that has timed out, sent [61144ms] ago, timed out [15028ms] ago, action [internal:coordination/fault_detection/leader_check], node [{leader-1}{w0JavIxpSAGEHXhvcRl9zQ}{0.0.0.0}{0.0.0.0:3}{dim}], id [261]
[2020-02-16T17:20:32,593][WARN ][o.e.t.TransportService   ] [testFollowerBehaviour] Received response for a request that has timed out, sent [61530ms] ago, timed out [15414ms] ago, action [internal:coordination/fault_detection/leader_check], node [{leader-1}{w0JavIxpSAGEHXhvcRl9zQ}{0.0.0.0}{0.0.0.0:3}{dim}], id [263]
[2020-02-16T17:20:32,593][WARN ][o.e.t.TransportService   ] [testFollowerBehaviour] Received response for a request that has timed out, sent [56511ms] ago, timed out [10395ms] ago, action [internal:coordination/fault_detection/leader_check], node [{leader-1}{w0JavIxpSAGEHXhvcRl9zQ}{0.0.0.0}{0.0.0.0:3}{dim}], id [264]
[2020-02-16T17:20:32,593][WARN ][o.e.t.TransportService   ] [testFollowerBehaviour] Received response for a request that has timed out, sent [78658ms] ago, timed out [32542ms] ago, action [internal:coordination/fault_detection/leader_check], node [{leader-1}{w0JavIxpSAGEHXhvcRl9zQ}{0.0.0.0}{0.0.0.0:3}{dim}], id [266]
[2020-02-16T17:20:32,593][WARN ][o.e.t.TransportService   ] [testFollowerBehaviour] Received response for a request that has timed out, sent [64265ms] ago, timed out [18149ms] ago, action [internal:coordination/fault_detection/leader_check], node [{leader-1}{w0JavIxpSAGEHXhvcRl9zQ}{0.0.0.0}{0.0.0.0:3}{dim}], id [268]
[2020-02-16T17:20:32,593][WARN ][o.e.t.TransportService   ] [testFollowerBehaviour] Received response for a request that has timed out, sent [95244ms] ago, timed out [49128ms] ago, action [internal:coordination/fault_detection/leader_check], node [{leader-1}{w0JavIxpSAGEHXhvcRl9zQ}{0.0.0.0}{0.0.0.0:3}{dim}], id [269]
[2020-02-16T17:20:32,593][WARN ][o.e.t.TransportService   ] [testFollowerBehaviour] Received response for a request that has timed out, sent [84710ms] ago, timed out [38594ms] ago, action [internal:coordination/fault_detection/leader_check], node [{leader-1}{w0JavIxpSAGEHXhvcRl9zQ}{0.0.0.0}{0.0.0.0:3}{dim}], id [271]
[2020-02-16T17:20:32,599][WARN ][o.e.t.TransportService   ] [testFollowerBehaviour] Received response for a request that has timed out, sent [82574ms] ago, timed out [36458ms] ago, action [internal:coordination/fault_detection/leader_check], node [{leader-1}{w0JavIxpSAGEHXhvcRl9zQ}{0.0.0.0}{0.0.0.0:3}{dim}], id [277]
[2020-02-16T17:20:32,599][WARN ][o.e.t.TransportService   ] [testFollowerBehaviour] Received response for a request that has timed out, sent [56759ms] ago, timed out [10643ms] ago, action [internal:coordination/fault_detection/leader_check], node [{leader-1}{w0JavIxpSAGEHXhvcRl9zQ}{0.0.0.0}{0.0.0.0:3}{dim}], id [279]
[2020-02-16T17:20:32,599][WARN ][o.e.t.TransportService   ] [testFollowerBehaviour] Received response for a request that has timed out, sent [50600ms] ago, timed out [4484ms] ago, action [internal:coordination/fault_detection/leader_check], node [{leader-1}{w0JavIxpSAGEHXhvcRl9zQ}{0.0.0.0}{0.0.0.0:3}{dim}], id [280]
[2020-02-16T17:20:32,599][WARN ][o.e.t.TransportService   ] [testFollowerBehaviour] Received response for a request that has timed out, sent [93821ms] ago, timed out [47705ms] ago, action [internal:coordination/fault_detection/leader_check], node [{leader-1}{w0JavIxpSAGEHXhvcRl9zQ}{0.0.0.0}{0.0.0.0:3}{dim}], id [282]
[2020-02-16T17:20:32,599][WARN ][o.e.t.TransportService   ] [testFollowerBehaviour] Received response for a request that has timed out, sent [89189ms] ago, timed out [43073ms] ago, action [internal:coordination/fault_detection/leader_check], node [{leader-1}{w0JavIxpSAGEHXhvcRl9zQ}{0.0.0.0}{0.0.0.0:3}{dim}], id [283]
[2020-02-16T17:20:32,600][WARN ][o.e.t.TransportService   ] [testFollowerBehaviour] Received response for a request that has timed out, sent [85233ms] ago, timed out [39117ms] ago, action [internal:coordination/fault_detection/leader_check], node [{leader-1}{w0JavIxpSAGEHXhvcRl9zQ}{0.0.0.0}{0.0.0.0:3}{dim}], id [285]
[2020-02-16T17:20:32,600][WARN ][o.e.t.TransportService   ] [testFollowerBehaviour] Received response for a request that has timed out, sent [84172ms] ago, timed out [38056ms] ago, action [internal:coordination/fault_detection/leader_check], node [{leader-1}{w0JavIxpSAGEHXhvcRl9zQ}{0.0.0.0}{0.0.0.0:3}{dim}], id [288]
[2020-02-16T17:20:32,600][WARN ][o.e.t.TransportService   ] [testFollowerBehaviour] Received response for a request that has timed out, sent [93739ms] ago, timed out [47623ms] ago, action [internal:coordination/fault_detection/leader_check], node [{leader-1}{w0JavIxpSAGEHXhvcRl9zQ}{0.0.0.0}{0.0.0.0:3}{dim}], id [289]
[2020-02-16T17:20:32,600][WARN ][o.e.t.TransportService   ] [testFollowerBehaviour] Received response for a request that has timed out, sent [96646ms] ago, timed out [50530ms] ago, action [internal:coordination/fault_detection/leader_check], node [{leader-1}{w0JavIxpSAGEHXhvcRl9zQ}{0.0.0.0}{0.0.0.0:3}{dim}], id [292]
[2020-02-16T17:20:32,600][WARN ][o.e.t.TransportService   ] [testFollowerBehaviour] Received response for a request that has timed out, sent [68104ms] ago, timed out [21988ms] ago, action [internal:coordination/fault_detection/leader_check], node [{leader-1}{w0JavIxpSAGEHXhvcRl9zQ}{0.0.0.0}{0.0.0.0:3}{dim}], id [296]
[2020-02-16T17:20:32,602][WARN ][o.e.t.TransportService   ] [testFollowerBehaviour] Received response for a request that has timed out, sent [71587ms] ago, timed out [25471ms] ago, action [internal:coordination/fault_detection/leader_check], node [{leader-1}{w0JavIxpSAGEHXhvcRl9zQ}{0.0.0.0}{0.0.0.0:3}{dim}], id [300]
[2020-02-16T17:20:32,602][WARN ][o.e.t.TransportService   ] [testFollowerBehaviour] Received response for a request that has timed out, sent [76242ms] ago, timed out [30126ms] ago, action [internal:coordination/fault_detection/leader_check], node [{leader-1}{w0JavIxpSAGEHXhvcRl9zQ}{0.0.0.0}{0.0.0.0:3}{dim}], id [302]
[2020-02-16T17:20:32,602][WARN ][o.e.t.TransportService   ] [testFollowerBehaviour] Received response for a request that has timed out, sent [79535ms] ago, timed out [33419ms] ago, action [internal:coordination/fault_detection/leader_check], node [{leader-1}{w0JavIxpSAGEHXhvcRl9zQ}{0.0.0.0}{0.0.0.0:3}{dim}], id [303]
[2020-02-16T17:20:32,603][WARN ][o.e.t.TransportService   ] [testFollowerBehaviour] Received response for a request that has timed out, sent [71303ms] ago, timed out [25187ms] ago, action [internal:coordination/fault_detection/leader_check], node [{leader-1}{w0JavIxpSAGEHXhvcRl9zQ}{0.0.0.0}{0.0.0.0:3}{dim}], id [305]
[2020-02-16T17:20:32,603][WARN ][o.e.t.TransportService   ] [testFollowerBehaviour] Received response for a request that has timed out, sent [81426ms] ago, timed out [35310ms] ago, action [internal:coordination/fault_detection/leader_check], node [{leader-1}{w0JavIxpSAGEHXhvcRl9zQ}{0.0.0.0}{0.0.0.0:3}{dim}], id [306]
[2020-02-16T17:20:32,604][WARN ][o.e.t.TransportService   ] [testFollowerBehaviour] Received response for a request that has timed out, sent [71783ms] ago, timed out [25667ms] ago, action [internal:coordination/fault_detection/leader_check], node [{leader-1}{w0JavIxpSAGEHXhvcRl9zQ}{0.0.0.0}{0.0.0.0:3}{dim}], id [308]
[2020-02-16T17:20:32,604][WARN ][o.e.t.TransportService   ] [testFollowerBehaviour] Received response for a request that has timed out, sent [71074ms] ago, timed out [24958ms] ago, action [internal:coordination/fault_detection/leader_check], node [{leader-1}{w0JavIxpSAGEHXhvcRl9zQ}{0.0.0.0}{0.0.0.0:3}{dim}], id [309]
[2020-02-16T17:20:32,605][WARN ][o.e.t.TransportService   ] [testFollowerBehaviour] Received response for a request that has timed out, sent [70020ms] ago, timed out [23904ms] ago, action [internal:coordination/fault_detection/leader_check], node [{leader-1}{w0JavIxpSAGEHXhvcRl9zQ}{0.0.0.0}{0.0.0.0:3}{dim}], id [312]
[2020-02-16T17:20:32,605][WARN ][o.e.t.TransportService   ] [testFollowerBehaviour] Received response for a request that has timed out, sent [76476ms] ago, timed out [30360ms] ago, action [internal:coordination/fault_detection/leader_check], node [{leader-1}{w0JavIxpSAGEHXhvcRl9zQ}{0.0.0.0}{0.0.0.0:3}{dim}], id [314]
[2020-02-16T17:20:32,606][WARN ][o.e.t.TransportService   ] [testFollowerBehaviour] Received response for a request that has timed out, sent [55452ms] ago, timed out [9336ms] ago, action [internal:coordination/fault_detection/leader_check], node [{leader-1}{w0JavIxpSAGEHXhvcRl9zQ}{0.0.0.0}{0.0.0.0:3}{dim}], id [316]
[2020-02-16T17:20:32,606][WARN ][o.e.t.TransportService   ] [testFollowerBehaviour] Received response for a request that has timed out, sent [47957ms] ago, timed out [1841ms] ago, action [internal:coordination/fault_detection/leader_check], node [{leader-1}{w0JavIxpSAGEHXhvcRl9zQ}{0.0.0.0}{0.0.0.0:3}{dim}], id [318]
[2020-02-16T17:20:32,607][WARN ][o.e.t.TransportService   ] [testFollowerBehaviour] Received response for a request that has timed out, sent [63088ms] ago, timed out [16972ms] ago, action [internal:coordination/fault_detection/leader_check], node [{leader-1}{w0JavIxpSAGEHXhvcRl9zQ}{0.0.0.0}{0.0.0.0:3}{dim}], id [319]
[2020-02-16T17:20:32,607][WARN ][o.e.t.TransportService   ] [testFollowerBehaviour] Received response for a request that has timed out, sent [83376ms] ago, timed out [37260ms] ago, action [internal:coordination/fault_detection/leader_check], node [{leader-1}{w0JavIxpSAGEHXhvcRl9zQ}{0.0.0.0}{0.0.0.0:3}{dim}], id [321]
[2020-02-16T17:20:32,608][WARN ][o.e.t.TransportService   ] [testFollowerBehaviour] Received response for a request that has timed out, sent [101100ms] ago, timed out [54984ms] ago, action [internal:coordination/fault_detection/leader_check], node [{leader-1}{w0JavIxpSAGEHXhvcRl9zQ}{0.0.0.0}{0.0.0.0:3}{dim}], id [324]
[2020-02-16T17:20:32,609][WARN ][o.e.t.TransportService   ] [testFollowerBehaviour] Received response for a request that has timed out, sent [76345ms] ago, timed out [30229ms] ago, action [internal:coordination/fault_detection/leader_check], node [{leader-1}{w0JavIxpSAGEHXhvcRl9zQ}{0.0.0.0}{0.0.0.0:3}{dim}], id [327]
[2020-02-16T17:20:32,610][WARN ][o.e.t.TransportService   ] [testFollowerBehaviour] Received response for a request that has timed out, sent [81218ms] ago, timed out [35102ms] ago, action [internal:coordination/fault_detection/leader_check], node [{leader-1}{w0JavIxpSAGEHXhvcRl9zQ}{0.0.0.0}{0.0.0.0:3}{dim}], id [331]
[2020-02-16T17:20:32,610][WARN ][o.e.t.TransportService   ] [testFollowerBehaviour] Received response for a request that has timed out, sent [69464ms] ago, timed out [23348ms] ago, action [internal:coordination/fault_detection/leader_check], node [{leader-1}{w0JavIxpSAGEHXhvcRl9zQ}{0.0.0.0}{0.0.0.0:3}{dim}], id [332]
[2020-02-16T17:20:32,610][WARN ][o.e.t.TransportService   ] [testFollowerBehaviour] Received response for a request that has timed out, sent [104506ms] ago, timed out [58390ms] ago, action [internal:coordination/fault_detection/leader_check], node [{leader-1}{w0JavIxpSAGEHXhvcRl9zQ}{0.0.0.0}{0.0.0.0:3}{dim}], id [334]
[2020-02-16T17:20:32,610][WARN ][o.e.t.TransportService   ] [testFollowerBehaviour] Received response for a request that has timed out, sent [51025ms] ago, timed out [4909ms] ago, action [internal:coordination/fault_detection/leader_check], node [{leader-1}{w0JavIxpSAGEHXhvcRl9zQ}{0.0.0.0}{0.0.0.0:3}{dim}], id [335]
[2020-02-16T17:20:32,610][WARN ][o.e.t.TransportService   ] [testFollowerBehaviour] Received response for a request that has timed out, sent [79563ms] ago, timed out [33447ms] ago, action [internal:coordination/fault_detection/leader_check], node [{leader-1}{w0JavIxpSAGEHXhvcRl9zQ}{0.0.0.0}{0.0.0.0:3}{dim}], id [339]
[2020-02-16T17:20:32,610][WARN ][o.e.t.TransportService   ] [testFollowerBehaviour] Received response for a request that has timed out, sent [86487ms] ago, timed out [40371ms] ago, action [internal:coordination/fault_detection/leader_check], node [{leader-1}{w0JavIxpSAGEHXhvcRl9zQ}{0.0.0.0}{0.0.0.0:3}{dim}], id [340]
[2020-02-16T17:20:32,610][WARN ][o.e.t.TransportService   ] [testFollowerBehaviour] Received response for a request that has timed out, sent [72403ms] ago, timed out [26287ms] ago, action [internal:coordination/fault_detection/leader_check], node [{leader-1}{w0JavIxpSAGEHXhvcRl9zQ}{0.0.0.0}{0.0.0.0:3}{dim}], id [342]
[2020-02-16T17:20:32,610][WARN ][o.e.t.TransportService   ] [testFollowerBehaviour] Received response for a request that has timed out, sent [71196ms] ago, timed out [25080ms] ago, action [internal:coordination/fault_detection/leader_check], node [{leader-1}{w0JavIxpSAGEHXhvcRl9zQ}{0.0.0.0}{0.0.0.0:3}{dim}], id [343]
[2020-02-16T17:20:32,611][WARN ][o.e.t.TransportService   ] [testFollowerBehaviour] Received response for a request that has timed out, sent [82914ms] ago, timed out [36798ms] ago, action [internal:coordination/fault_detection/leader_check], node [{leader-1}{w0JavIxpSAGEHXhvcRl9zQ}{0.0.0.0}{0.0.0.0:3}{dim}], id [345]
[2020-02-16T17:20:32,611][WARN ][o.e.t.TransportService   ] [testFollowerBehaviour] Received response for a request that has timed out, sent [74272ms] ago, timed out [28156ms] ago, action [internal:coordination/fault_detection/leader_check], node [{leader-1}{w0JavIxpSAGEHXhvcRl9zQ}{0.0.0.0}{0.0.0.0:3}{dim}], id [346]
[2020-02-16T17:20:32,611][WARN ][o.e.t.TransportService   ] [testFollowerBehaviour] Received response for a request that has timed out, sent [83625ms] ago, timed out [37509ms] ago, action [internal:coordination/fault_detection/leader_check], node [{leader-1}{w0JavIxpSAGEHXhvcRl9zQ}{0.0.0.0}{0.0.0.0:3}{dim}], id [348]
[2020-02-16T17:20:32,611][WARN ][o.e.t.TransportService   ] [testFollowerBehaviour] Received response for a request that has timed out, sent [50149ms] ago, timed out [4033ms] ago, action [internal:coordination/fault_detection/leader_check], node [{leader-1}{w0JavIxpSAGEHXhvcRl9zQ}{0.0.0.0}{0.0.0.0:3}{dim}], id [349]
[2020-02-16T17:20:32,611][WARN ][o.e.t.TransportService   ] [testFollowerBehaviour] Received response for a request that has timed out, sent [52064ms] ago, timed out [5948ms] ago, action [internal:coordination/fault_detection/leader_check], node [{leader-1}{w0JavIxpSAGEHXhvcRl9zQ}{0.0.0.0}{0.0.0.0:3}{dim}], id [351]
[2020-02-16T17:20:32,611][WARN ][o.e.t.TransportService   ] [testFollowerBehaviour] Received response for a request that has timed out, sent [92184ms] ago, timed out [46068ms] ago, action [internal:coordination/fault_detection/leader_check], node [{leader-1}{w0JavIxpSAGEHXhvcRl9zQ}{0.0.0.0}{0.0.0.0:3}{dim}], id [353]
[2020-02-16T17:20:32,611][WARN ][o.e.t.TransportService   ] [testFollowerBehaviour] Received response for a request that has timed out, sent [57224ms] ago, timed out [11108ms] ago, action [internal:coordination/fault_detection/leader_check], node [{leader-1}{w0JavIxpSAGEHXhvcRl9zQ}{0.0.0.0}{0.0.0.0:3}{dim}], id [356]
[2020-02-16T17:20:32,611][WARN ][o.e.t.TransportService   ] [testFollowerBehaviour] Received response for a request that has timed out, sent [56688ms] ago, timed out [10572ms] ago, action [internal:coordination/fault_detection/leader_check], node [{leader-1}{w0JavIxpSAGEHXhvcRl9zQ}{0.0.0.0}{0.0.0.0:3}{dim}], id [358]
[2020-02-16T17:20:32,612][WARN ][o.e.t.TransportService   ] [testFollowerBehaviour] Received response for a request that has timed out, sent [47415ms] ago, timed out [1299ms] ago, action [internal:coordination/fault_detection/leader_check], node [{leader-1}{w0JavIxpSAGEHXhvcRl9zQ}{0.0.0.0}{0.0.0.0:3}{dim}], id [361]
[2020-02-16T17:20:32,612][WARN ][o.e.t.TransportService   ] [testFollowerBehaviour] Received response for a request that has timed out, sent [54152ms] ago, timed out [8036ms] ago, action [internal:coordination/fault_detection/leader_check], node [{leader-1}{w0JavIxpSAGEHXhvcRl9zQ}{0.0.0.0}{0.0.0.0:3}{dim}], id [362]
[2020-02-16T17:20:32,612][WARN ][o.e.t.TransportService   ] [testFollowerBehaviour] Received response for a request that has timed out, sent [67218ms] ago, timed out [21102ms] ago, action [internal:coordination/fault_detection/leader_check], node [{leader-1}{w0JavIxpSAGEHXhvcRl9zQ}{0.0.0.0}{0.0.0.0:3}{dim}], id [367]
[2020-02-16T17:20:32,612][WARN ][o.e.t.TransportService   ] [testFollowerBehaviour] Received response for a request that has timed out, sent [67048ms] ago, timed out [20932ms] ago, action [internal:coordination/fault_detection/leader_check], node [{leader-1}{w0JavIxpSAGEHXhvcRl9zQ}{0.0.0.0}{0.0.0.0:3}{dim}], id [370]
[2020-02-16T17:20:32,612][WARN ][o.e.t.TransportService   ] [testFollowerBehaviour] Received response for a request that has timed out, sent [73957ms] ago, timed out [27841ms] ago, action [internal:coordination/fault_detection/leader_check], node [{leader-1}{w0JavIxpSAGEHXhvcRl9zQ}{0.0.0.0}{0.0.0.0:3}{dim}], id [371]
[2020-02-16T17:20:32,612][WARN ][o.e.t.TransportService   ] [testFollowerBehaviour] Received response for a request that has timed out, sent [81522ms] ago, timed out [35406ms] ago, action [internal:coordination/fault_detection/leader_check], node [{leader-1}{w0JavIxpSAGEHXhvcRl9zQ}{0.0.0.0}{0.0.0.0:3}{dim}], id [373]
[2020-02-16T17:20:32,613][WARN ][o.e.t.TransportService   ] [testFollowerBehaviour] Received response for a request that has timed out, sent [52489ms] ago, timed out [6373ms] ago, action [internal:coordination/fault_detection/leader_check], node [{leader-1}{w0JavIxpSAGEHXhvcRl9zQ}{0.0.0.0}{0.0.0.0:3}{dim}], id [378]
[2020-02-16T17:20:32,613][WARN ][o.e.t.TransportService   ] [testFollowerBehaviour] Received response for a request that has timed out, sent [56421ms] ago, timed out [10305ms] ago, action [internal:coordination/fault_detection/leader_check], node [{leader-1}{w0JavIxpSAGEHXhvcRl9zQ}{0.0.0.0}{0.0.0.0:3}{dim}], id [379]
[2020-02-16T17:20:32,613][WARN ][o.e.t.TransportService   ] [testFollowerBehaviour] Received response for a request that has timed out, sent [99255ms] ago, timed out [53139ms] ago, action [internal:coordination/fault_detection/leader_check], node [{leader-1}{w0JavIxpSAGEHXhvcRl9zQ}{0.0.0.0}{0.0.0.0:3}{dim}], id [385]
[2020-02-16T17:20:32,613][WARN ][o.e.t.TransportService   ] [testFollowerBehaviour] Received response for a request that has timed out, sent [83243ms] ago, timed out [37127ms] ago, action [internal:coordination/fault_detection/leader_check], node [{leader-1}{w0JavIxpSAGEHXhvcRl9zQ}{0.0.0.0}{0.0.0.0:3}{dim}], id [387]
[2020-02-16T17:20:32,613][WARN ][o.e.t.TransportService   ] [testFollowerBehaviour] Received response for a request that has timed out, sent [62325ms] ago, timed out [16209ms] ago, action [internal:coordination/fault_detection/leader_check], node [{leader-1}{w0JavIxpSAGEHXhvcRl9zQ}{0.0.0.0}{0.0.0.0:3}{dim}], id [388]
[2020-02-16T17:20:32,614][WARN ][o.e.t.TransportService   ] [testFollowerBehaviour] Received response for a request that has timed out, sent [66398ms] ago, timed out [20282ms] ago, action [internal:coordination/fault_detection/leader_check], node [{leader-1}{w0JavIxpSAGEHXhvcRl9zQ}{0.0.0.0}{0.0.0.0:3}{dim}], id [394]
[2020-02-16T17:20:32,614][WARN ][o.e.t.TransportService   ] [testFollowerBehaviour] Received response for a request that has timed out, sent [80649ms] ago, timed out [34533ms] ago, action [internal:coordination/fault_detection/leader_check], node [{leader-1}{w0JavIxpSAGEHXhvcRl9zQ}{0.0.0.0}{0.0.0.0:3}{dim}], id [396]
[2020-02-16T17:20:32,614][WARN ][o.e.t.TransportService   ] [testFollowerBehaviour] Received response for a request that has timed out, sent [54142ms] ago, timed out [8026ms] ago, action [internal:coordination/fault_detection/leader_check], node [{leader-1}{w0JavIxpSAGEHXhvcRl9zQ}{0.0.0.0}{0.0.0.0:3}{dim}], id [397]
[2020-02-16T17:20:32,614][WARN ][o.e.t.TransportService   ] [testFollowerBehaviour] Received response for a request that has timed out, sent [97106ms] ago, timed out [50990ms] ago, action [internal:coordination/fault_detection/leader_check], node [{leader-1}{w0JavIxpSAGEHXhvcRl9zQ}{0.0.0.0}{0.0.0.0:3}{dim}], id [399]
[2020-02-16T17:20:32,614][WARN ][o.e.t.TransportService   ] [testFollowerBehaviour] Received response for a request that has timed out, sent [58344ms] ago, timed out [12228ms] ago, action [internal:coordination/fault_detection/leader_check], node [{leader-1}{w0JavIxpSAGEHXhvcRl9zQ}{0.0.0.0}{0.0.0.0:3}{dim}], id [400]
[2020-02-16T17:20:32,614][WARN ][o.e.t.TransportService   ] [testFollowerBehaviour] Received response for a request that has timed out, sent [78190ms] ago, timed out [32074ms] ago, action [internal:coordination/fault_detection/leader_check], node [{leader-1}{w0JavIxpSAGEHXhvcRl9zQ}{0.0.0.0}{0.0.0.0:3}{dim}], id [403]
[2020-02-16T17:20:32,615][WARN ][o.e.t.TransportService   ] [testFollowerBehaviour] Received response for a request that has timed out, sent [69462ms] ago, timed out [23346ms] ago, action [internal:coordination/fault_detection/leader_check], node [{leader-1}{w0JavIxpSAGEHXhvcRl9zQ}{0.0.0.0}{0.0.0.0:3}{dim}], id [404]
[2020-02-16T17:20:32,615][WARN ][o.e.t.TransportService   ] [testFollowerBehaviour] Received response for a request that has timed out, sent [49437ms] ago, timed out [3321ms] ago, action [internal:coordination/fault_detection/leader_check], node [{leader-1}{w0JavIxpSAGEHXhvcRl9zQ}{0.0.0.0}{0.0.0.0:3}{dim}], id [406]
[2020-02-16T17:20:32,615][WARN ][o.e.t.TransportService   ] [testFollowerBehaviour] Received response for a request that has timed out, sent [85272ms] ago, timed out [39156ms] ago, action [internal:coordination/fault_detection/leader_check], node [{leader-1}{w0JavIxpSAGEHXhvcRl9zQ}{0.0.0.0}{0.0.0.0:3}{dim}], id [408]
[2020-02-16T17:20:32,615][WARN ][o.e.t.TransportService   ] [testFollowerBehaviour] Received response for a request that has timed out, sent [91630ms] ago, timed out [45514ms] ago, action [internal:coordination/fault_detection/leader_check], node [{leader-1}{w0JavIxpSAGEHXhvcRl9zQ}{0.0.0.0}{0.0.0.0:3}{dim}], id [409]
[2020-02-16T17:20:32,615][WARN ][o.e.t.TransportService   ] [testFollowerBehaviour] Received response for a request that has timed out, sent [67087ms] ago, timed out [20971ms] ago, action [internal:coordination/fault_detection/leader_check], node [{leader-1}{w0JavIxpSAGEHXhvcRl9zQ}{0.0.0.0}{0.0.0.0:3}{dim}], id [411]
[2020-02-16T17:20:32,615][WARN ][o.e.t.TransportService   ] [testFollowerBehaviour] Received response for a request that has timed out, sent [97486ms] ago, timed out [51370ms] ago, action [internal:coordination/fault_detection/leader_check], node [{leader-1}{w0JavIxpSAGEHXhvcRl9zQ}{0.0.0.0}{0.0.0.0:3}{dim}], id [412]
[2020-02-16T17:20:32,615][WARN ][o.e.t.TransportService   ] [testFollowerBehaviour] Received response for a request that has timed out, sent [47517ms] ago, timed out [1401ms] ago, action [internal:coordination/fault_detection/leader_check], node [{leader-1}{w0JavIxpSAGEHXhvcRl9zQ}{0.0.0.0}{0.0.0.0:3}{dim}], id [416]
[2020-02-16T17:20:32,615][WARN ][o.e.t.TransportService   ] [testFollowerBehaviour] Received response for a request that has timed out, sent [95335ms] ago, timed out [49219ms] ago, action [internal:coordination/fault_detection/leader_check], node [{leader-1}{w0JavIxpSAGEHXhvcRl9zQ}{0.0.0.0}{0.0.0.0:3}{dim}], id [417]
[2020-02-16T17:20:32,615][WARN ][o.e.t.TransportService   ] [testFollowerBehaviour] Received response for a request that has timed out, sent [69629ms] ago, timed out [23513ms] ago, action [internal:coordination/fault_detection/leader_check], node [{leader-1}{w0JavIxpSAGEHXhvcRl9zQ}{0.0.0.0}{0.0.0.0:3}{dim}], id [421]
[2020-02-16T17:20:32,615][WARN ][o.e.t.TransportService   ] [testFollowerBehaviour] Received response for a request that has timed out, sent [73625ms] ago, timed out [27509ms] ago, action [internal:coordination/fault_detection/leader_check], node [{leader-1}{w0JavIxpSAGEHXhvcRl9zQ}{0.0.0.0}{0.0.0.0:3}{dim}], id [422]
[2020-02-16T17:20:32,616][WARN ][o.e.t.TransportService   ] [testFollowerBehaviour] Received response for a request that has timed out, sent [71510ms] ago, timed out [25394ms] ago, action [internal:coordination/fault_detection/leader_check], node [{leader-1}{w0JavIxpSAGEHXhvcRl9zQ}{0.0.0.0}{0.0.0.0:3}{dim}], id [425]
[2020-02-16T17:20:32,616][WARN ][o.e.t.TransportService   ] [testFollowerBehaviour] Received response for a request that has timed out, sent [46350ms] ago, timed out [234ms] ago, action [internal:coordination/fault_detection/leader_check], node [{leader-1}{w0JavIxpSAGEHXhvcRl9zQ}{0.0.0.0}{0.0.0.0:3}{dim}], id [426]
[2020-02-16T17:20:32,616][WARN ][o.e.t.TransportService   ] [testFollowerBehaviour] Received response for a request that has timed out, sent [56783ms] ago, timed out [10667ms] ago, action [internal:coordination/fault_detection/leader_check], node [{leader-1}{w0JavIxpSAGEHXhvcRl9zQ}{0.0.0.0}{0.0.0.0:3}{dim}], id [430]
[2020-02-16T17:20:32,616][WARN ][o.e.t.TransportService   ] [testFollowerBehaviour] Received response for a request that has timed out, sent [85607ms] ago, timed out [39491ms] ago, action [internal:coordination/fault_detection/leader_check], node [{leader-1}{w0JavIxpSAGEHXhvcRl9zQ}{0.0.0.0}{0.0.0.0:3}{dim}], id [435]
[2020-02-16T17:20:32,616][WARN ][o.e.t.TransportService   ] [testFollowerBehaviour] Received response for a request that has timed out, sent [75745ms] ago, timed out [29629ms] ago, action [internal:coordination/fault_detection/leader_check], node [{leader-1}{w0JavIxpSAGEHXhvcRl9zQ}{0.0.0.0}{0.0.0.0:3}{dim}], id [436]
[2020-02-16T17:20:32,616][WARN ][o.e.t.TransportService   ] [testFollowerBehaviour] Received response for a request that has timed out, sent [93881ms] ago, timed out [47765ms] ago, action [internal:coordination/fault_detection/leader_check], node [{leader-1}{w0JavIxpSAGEHXhvcRl9zQ}{0.0.0.0}{0.0.0.0:3}{dim}], id [438]
[2020-02-16T17:20:32,616][WARN ][o.e.t.TransportService   ] [testFollowerBehaviour] Received response for a request that has timed out, sent [76140ms] ago, timed out [30024ms] ago, action [internal:coordination/fault_detection/leader_check], node [{leader-1}{w0JavIxpSAGEHXhvcRl9zQ}{0.0.0.0}{0.0.0.0:3}{dim}], id [442]
[2020-02-16T17:20:32,616][WARN ][o.e.t.TransportService   ] [testFollowerBehaviour] Received response for a request that has timed out, sent [52528ms] ago, timed out [6412ms] ago, action [internal:coordination/fault_detection/leader_check], node [{leader-1}{w0JavIxpSAGEHXhvcRl9zQ}{0.0.0.0}{0.0.0.0:3}{dim}], id [445]
[2020-02-16T17:20:32,617][WARN ][o.e.t.TransportService   ] [testFollowerBehaviour] Received response for a request that has timed out, sent [53870ms] ago, timed out [7754ms] ago, action [internal:coordination/fault_detection/leader_check], node [{leader-1}{w0JavIxpSAGEHXhvcRl9zQ}{0.0.0.0}{0.0.0.0:3}{dim}], id [447]
[2020-02-16T17:20:32,617][WARN ][o.e.t.TransportService   ] [testFollowerBehaviour] Received response for a request that has timed out, sent [88941ms] ago, timed out [42825ms] ago, action [internal:coordination/fault_detection/leader_check], node [{leader-1}{w0JavIxpSAGEHXhvcRl9zQ}{0.0.0.0}{0.0.0.0:3}{dim}], id [448]
[2020-02-16T17:20:32,617][WARN ][o.e.t.TransportService   ] [testFollowerBehaviour] Received response for a request that has timed out, sent [74927ms] ago, timed out [28811ms] ago, action [internal:coordination/fault_detection/leader_check], node [{leader-1}{w0JavIxpSAGEHXhvcRl9zQ}{0.0.0.0}{0.0.0.0:3}{dim}], id [450]
[2020-02-16T17:20:32,617][WARN ][o.e.t.TransportService   ] [testFollowerBehaviour] Received response for a request that has timed out, sent [101621ms] ago, timed out [55505ms] ago, action [internal:coordination/fault_detection/leader_check], node [{leader-1}{w0JavIxpSAGEHXhvcRl9zQ}{0.0.0.0}{0.0.0.0:3}{dim}], id [453]
[2020-02-16T17:20:32,617][WARN ][o.e.t.TransportService   ] [testFollowerBehaviour] Received response for a request that has timed out, sent [58337ms] ago, timed out [12221ms] ago, action [internal:coordination/fault_detection/leader_check], node [{leader-1}{w0JavIxpSAGEHXhvcRl9zQ}{0.0.0.0}{0.0.0.0:3}{dim}], id [457]
[2020-02-16T17:20:32,617][WARN ][o.e.t.TransportService   ] [testFollowerBehaviour] Received response for a request that has timed out, sent [84579ms] ago, timed out [38463ms] ago, action [internal:coordination/fault_detection/leader_check], node [{leader-1}{w0JavIxpSAGEHXhvcRl9zQ}{0.0.0.0}{0.0.0.0:3}{dim}], id [459]
[2020-02-16T17:20:32,617][WARN ][o.e.t.TransportService   ] [testFollowerBehaviour] Received response for a request that has timed out, sent [70903ms] ago, timed out [24787ms] ago, action [internal:coordination/fault_detection/leader_check], node [{leader-1}{w0JavIxpSAGEHXhvcRl9zQ}{0.0.0.0}{0.0.0.0:3}{dim}], id [460]
[2020-02-16T17:20:32,618][WARN ][o.e.t.TransportService   ] [testFollowerBehaviour] Received response for a request that has timed out, sent [75112ms] ago, timed out [28996ms] ago, action [internal:coordination/fault_detection/leader_check], node [{leader-1}{w0JavIxpSAGEHXhvcRl9zQ}{0.0.0.0}{0.0.0.0:3}{dim}], id [462]
[2020-02-16T17:20:32,618][WARN ][o.e.t.TransportService   ] [testFollowerBehaviour] Received response for a request that has timed out, sent [93758ms] ago, timed out [47642ms] ago, action [internal:coordination/fault_detection/leader_check], node [{leader-1}{w0JavIxpSAGEHXhvcRl9zQ}{0.0.0.0}{0.0.0.0:3}{dim}], id [463]
[2020-02-16T17:20:32,618][WARN ][o.e.t.TransportService   ] [testFollowerBehaviour] Received response for a request that has timed out, sent [92349ms] ago, timed out [46233ms] ago, action [internal:coordination/fault_detection/leader_check], node [{leader-1}{w0JavIxpSAGEHXhvcRl9zQ}{0.0.0.0}{0.0.0.0:3}{dim}], id [465]
[2020-02-16T17:20:32,618][WARN ][o.e.t.TransportService   ] [testFollowerBehaviour] Received response for a request that has timed out, sent [83296ms] ago, timed out [37180ms] ago, action [internal:coordination/fault_detection/leader_check], node [{leader-1}{w0JavIxpSAGEHXhvcRl9zQ}{0.0.0.0}{0.0.0.0:3}{dim}], id [466]
[2020-02-16T17:20:32,618][WARN ][o.e.t.TransportService   ] [testFollowerBehaviour] Received response for a request that has timed out, sent [83607ms] ago, timed out [37491ms] ago, action [internal:coordination/fault_detection/leader_check], node [{leader-1}{w0JavIxpSAGEHXhvcRl9zQ}{0.0.0.0}{0.0.0.0:3}{dim}], id [468]
[2020-02-16T17:20:32,618][WARN ][o.e.t.TransportService   ] [testFollowerBehaviour] Received response for a request that has timed out, sent [100433ms] ago, timed out [54317ms] ago, action [internal:coordination/fault_detection/leader_check], node [{leader-1}{w0JavIxpSAGEHXhvcRl9zQ}{0.0.0.0}{0.0.0.0:3}{dim}], id [470]
[2020-02-16T17:20:32,618][WARN ][o.e.t.TransportService   ] [testFollowerBehaviour] Received response for a request that has timed out, sent [48543ms] ago, timed out [2427ms] ago, action [internal:coordination/fault_detection/leader_check], node [{leader-1}{w0JavIxpSAGEHXhvcRl9zQ}{0.0.0.0}{0.0.0.0:3}{dim}], id [473]
[2020-02-16T17:20:32,618][WARN ][o.e.t.TransportService   ] [testFollowerBehaviour] Received response for a request that has timed out, sent [87430ms] ago, timed out [41314ms] ago, action [internal:coordination/fault_detection/leader_check], node [{leader-1}{w0JavIxpSAGEHXhvcRl9zQ}{0.0.0.0}{0.0.0.0:3}{dim}], id [474]
[2020-02-16T17:20:32,619][WARN ][o.e.t.TransportService   ] [testFollowerBehaviour] Received response for a request that has timed out, sent [58844ms] ago, timed out [12728ms] ago, action [internal:coordination/fault_detection/leader_check], node [{leader-1}{w0JavIxpSAGEHXhvcRl9zQ}{0.0.0.0}{0.0.0.0:3}{dim}], id [476]
[2020-02-16T17:20:32,619][WARN ][o.e.t.TransportService   ] [testFollowerBehaviour] Received response for a request that has timed out, sent [54046ms] ago, timed out [7930ms] ago, action [internal:coordination/fault_detection/leader_check], node [{leader-1}{w0JavIxpSAGEHXhvcRl9zQ}{0.0.0.0}{0.0.0.0:3}{dim}], id [477]
[2020-02-16T17:20:32,619][WARN ][o.e.t.TransportService   ] [testFollowerBehaviour] Received response for a request that has timed out, sent [79464ms] ago, timed out [33348ms] ago, action [internal:coordination/fault_detection/leader_check], node [{leader-1}{w0JavIxpSAGEHXhvcRl9zQ}{0.0.0.0}{0.0.0.0:3}{dim}], id [479]
[2020-02-16T17:20:32,619][WARN ][o.e.t.TransportService   ] [testFollowerBehaviour] Received response for a request that has timed out, sent [94540ms] ago, timed out [48424ms] ago, action [internal:coordination/fault_detection/leader_check], node [{leader-1}{w0JavIxpSAGEHXhvcRl9zQ}{0.0.0.0}{0.0.0.0:3}{dim}], id [480]
[2020-02-16T17:20:32,620][WARN ][o.e.t.TransportService   ] [testFollowerBehaviour] Received response for a request that has timed out, sent [57833ms] ago, timed out [11717ms] ago, action [internal:coordination/fault_detection/leader_check], node [{leader-1}{w0JavIxpSAGEHXhvcRl9zQ}{0.0.0.0}{0.0.0.0:3}{dim}], id [483]
[2020-02-16T17:20:32,622][WARN ][o.e.t.TransportService   ] [testFollowerBehaviour] Received response for a request that has timed out, sent [98247ms] ago, timed out [52131ms] ago, action [internal:coordination/fault_detection/leader_check], node [{leader-1}{w0JavIxpSAGEHXhvcRl9zQ}{0.0.0.0}{0.0.0.0:3}{dim}], id [486]
[2020-02-16T17:20:32,623][WARN ][o.e.t.TransportService   ] [testFollowerBehaviour] Received response for a request that has timed out, sent [61904ms] ago, timed out [15788ms] ago, action [internal:coordination/fault_detection/leader_check], node [{leader-1}{w0JavIxpSAGEHXhvcRl9zQ}{0.0.0.0}{0.0.0.0:3}{dim}], id [489]
[2020-02-16T17:20:32,623][WARN ][o.e.t.TransportService   ] [testFollowerBehaviour] Received response for a request that has timed out, sent [78414ms] ago, timed out [32298ms] ago, action [internal:coordination/fault_detection/leader_check], node [{leader-1}{w0JavIxpSAGEHXhvcRl9zQ}{0.0.0.0}{0.0.0.0:3}{dim}], id [490]
[2020-02-16T17:20:32,623][WARN ][o.e.t.TransportService   ] [testFollowerBehaviour] Received response for a request that has timed out, sent [68714ms] ago, timed out [22598ms] ago, action [internal:coordination/fault_detection/leader_check], node [{leader-1}{w0JavIxpSAGEHXhvcRl9zQ}{0.0.0.0}{0.0.0.0:3}{dim}], id [492]
[2020-02-16T17:20:32,623][WARN ][o.e.t.TransportService   ] [testFollowerBehaviour] Received response for a request that has timed out, sent [98860ms] ago, timed out [52744ms] ago, action [internal:coordination/fault_detection/leader_check], node [{leader-1}{w0JavIxpSAGEHXhvcRl9zQ}{0.0.0.0}{0.0.0.0:3}{dim}], id [493]
[2020-02-16T17:20:32,623][WARN ][o.e.t.TransportService   ] [testFollowerBehaviour] Received response for a request that has timed out, sent [56513ms] ago, timed out [10397ms] ago, action [internal:coordination/fault_detection/leader_check], node [{leader-1}{w0JavIxpSAGEHXhvcRl9zQ}{0.0.0.0}{0.0.0.0:3}{dim}], id [495]
[2020-02-16T17:20:32,624][WARN ][o.e.t.TransportService   ] [testFollowerBehaviour] Received response for a request that has timed out, sent [82566ms] ago, timed out [36450ms] ago, action [internal:coordination/fault_detection/leader_check], node [{leader-1}{w0JavIxpSAGEHXhvcRl9zQ}{0.0.0.0}{0.0.0.0:3}{dim}], id [498]
[2020-02-16T17:20:32,624][WARN ][o.e.t.TransportService   ] [testFollowerBehaviour] Received response for a request that has timed out, sent [64918ms] ago, timed out [18802ms] ago, action [internal:coordination/fault_detection/leader_check], node [{leader-1}{w0JavIxpSAGEHXhvcRl9zQ}{0.0.0.0}{0.0.0.0:3}{dim}], id [499]
[2020-02-16T17:20:32,624][WARN ][o.e.t.TransportService   ] [testFollowerBehaviour] Received response for a request that has timed out, sent [46339ms] ago, timed out [223ms] ago, action [internal:coordination/fault_detection/leader_check], node [{leader-1}{w0JavIxpSAGEHXhvcRl9zQ}{0.0.0.0}{0.0.0.0:3}{dim}], id [502]
[2020-02-16T17:20:32,624][WARN ][o.e.t.TransportService   ] [testFollowerBehaviour] Received response for a request that has timed out, sent [72949ms] ago, timed out [26833ms] ago, action [internal:coordination/fault_detection/leader_check], node [{leader-1}{w0JavIxpSAGEHXhvcRl9zQ}{0.0.0.0}{0.0.0.0:3}{dim}], id [503]
[2020-02-16T17:20:32,625][WARN ][o.e.t.TransportService   ] [testFollowerBehaviour] Received response for a request that has timed out, sent [86780ms] ago, timed out [40664ms] ago, action [internal:coordination/fault_detection/leader_check], node [{leader-1}{w0JavIxpSAGEHXhvcRl9zQ}{0.0.0.0}{0.0.0.0:3}{dim}], id [505]
[2020-02-16T17:20:32,625][WARN ][o.e.t.TransportService   ] [testFollowerBehaviour] Received response for a request that has timed out, sent [81635ms] ago, timed out [35519ms] ago, action [internal:coordination/fault_detection/leader_check], node [{leader-1}{w0JavIxpSAGEHXhvcRl9zQ}{0.0.0.0}{0.0.0.0:3}{dim}], id [506]
[2020-02-16T17:20:32,625][WARN ][o.e.t.TransportService   ] [testFollowerBehaviour] Received response for a request that has timed out, sent [64501ms] ago, timed out [18385ms] ago, action [internal:coordination/fault_detection/leader_check], node [{leader-1}{w0JavIxpSAGEHXhvcRl9zQ}{0.0.0.0}{0.0.0.0:3}{dim}], id [508]
[2020-02-16T17:20:32,625][WARN ][o.e.t.TransportService   ] [testFollowerBehaviour] Received response for a request that has timed out, sent [48844ms] ago, timed out [2728ms] ago, action [internal:coordination/fault_detection/leader_check], node [{leader-1}{w0JavIxpSAGEHXhvcRl9zQ}{0.0.0.0}{0.0.0.0:3}{dim}], id [510]
[2020-02-16T17:20:32,625][WARN ][o.e.t.TransportService   ] [testFollowerBehaviour] Received response for a request that has timed out, sent [81018ms] ago, timed out [34902ms] ago, action [internal:coordination/fault_detection/leader_check], node [{leader-1}{w0JavIxpSAGEHXhvcRl9zQ}{0.0.0.0}{0.0.0.0:3}{dim}], id [511]
[2020-02-16T17:20:32,626][WARN ][o.e.t.TransportService   ] [testFollowerBehaviour] Received response for a request that has timed out, sent [75072ms] ago, timed out [28956ms] ago, action [internal:coordination/fault_detection/leader_check], node [{leader-1}{w0JavIxpSAGEHXhvcRl9zQ}{0.0.0.0}{0.0.0.0:3}{dim}], id [513]
[2020-02-16T17:20:32,626][WARN ][o.e.t.TransportService   ] [testFollowerBehaviour] Received response for a request that has timed out, sent [60730ms] ago, timed out [14614ms] ago, action [internal:coordination/fault_detection/leader_check], node [{leader-1}{w0JavIxpSAGEHXhvcRl9zQ}{0.0.0.0}{0.0.0.0:3}{dim}], id [515]
[2020-02-16T17:20:32,626][WARN ][o.e.t.TransportService   ] [testFollowerBehaviour] Received response for a request that has timed out, sent [102990ms] ago, timed out [56874ms] ago, action [internal:coordination/fault_detection/leader_check], node [{leader-1}{w0JavIxpSAGEHXhvcRl9zQ}{0.0.0.0}{0.0.0.0:3}{dim}], id [516]
[2020-02-16T17:20:32,626][WARN ][o.e.t.TransportService   ] [testFollowerBehaviour] Received response for a request that has timed out, sent [83697ms] ago, timed out [37581ms] ago, action [internal:coordination/fault_detection/leader_check], node [{leader-1}{w0JavIxpSAGEHXhvcRl9zQ}{0.0.0.0}{0.0.0.0:3}{dim}], id [519]
[2020-02-16T17:20:32,626][WARN ][o.e.t.TransportService   ] [testFollowerBehaviour] Received response for a request that has timed out, sent [49932ms] ago, timed out [3816ms] ago, action [internal:coordination/fault_detection/leader_check], node [{leader-1}{w0JavIxpSAGEHXhvcRl9zQ}{0.0.0.0}{0.0.0.0:3}{dim}], id [521]
[2020-02-16T17:20:32,627][WARN ][o.e.t.TransportService   ] [testFollowerBehaviour] Received response for a request that has timed out, sent [92392ms] ago, timed out [46276ms] ago, action [internal:coordination/fault_detection/leader_check], node [{leader-1}{w0JavIxpSAGEHXhvcRl9zQ}{0.0.0.0}{0.0.0.0:3}{dim}], id [522]
[2020-02-16T17:20:32,627][WARN ][o.e.t.TransportService   ] [testFollowerBehaviour] Received response for a request that has timed out, sent [89482ms] ago, timed out [43366ms] ago, action [internal:coordination/fault_detection/leader_check], node [{leader-1}{w0JavIxpSAGEHXhvcRl9zQ}{0.0.0.0}{0.0.0.0:3}{dim}], id [527]
[2020-02-16T17:20:32,627][WARN ][o.e.t.TransportService   ] [testFollowerBehaviour] Received response for a request that has timed out, sent [49995ms] ago, timed out [3879ms] ago, action [internal:coordination/fault_detection/leader_check], node [{leader-1}{w0JavIxpSAGEHXhvcRl9zQ}{0.0.0.0}{0.0.0.0:3}{dim}], id [534]
[2020-02-16T17:20:32,628][WARN ][o.e.t.TransportService   ] [testFollowerBehaviour] Received response for a request that has timed out, sent [77407ms] ago, timed out [31291ms] ago, action [internal:coordination/fault_detection/leader_check], node [{leader-1}{w0JavIxpSAGEHXhvcRl9zQ}{0.0.0.0}{0.0.0.0:3}{dim}], id [537]
[2020-02-16T17:20:32,628][WARN ][o.e.t.TransportService   ] [testFollowerBehaviour] Received response for a request that has timed out, sent [46254ms] ago, timed out [138ms] ago, action [internal:coordination/fault_detection/leader_check], node [{leader-1}{w0JavIxpSAGEHXhvcRl9zQ}{0.0.0.0}{0.0.0.0:3}{dim}], id [540]
[2020-02-16T17:20:32,628][WARN ][o.e.t.TransportService   ] [testFollowerBehaviour] Received response for a request that has timed out, sent [100426ms] ago, timed out [54310ms] ago, action [internal:coordination/fault_detection/leader_check], node [{leader-1}{w0JavIxpSAGEHXhvcRl9zQ}{0.0.0.0}{0.0.0.0:3}{dim}], id [541]
[2020-02-16T17:20:32,628][WARN ][o.e.t.TransportService   ] [testFollowerBehaviour] Received response for a request that has timed out, sent [84821ms] ago, timed out [38705ms] ago, action [internal:coordination/fault_detection/leader_check], node [{leader-1}{w0JavIxpSAGEHXhvcRl9zQ}{0.0.0.0}{0.0.0.0:3}{dim}], id [545]
[2020-02-16T17:20:32,628][WARN ][o.e.t.TransportService   ] [testFollowerBehaviour] Received response for a request that has timed out, sent [51991ms] ago, timed out [5875ms] ago, action [internal:coordination/fault_detection/leader_check], node [{leader-1}{w0JavIxpSAGEHXhvcRl9zQ}{0.0.0.0}{0.0.0.0:3}{dim}], id [547]
[2020-02-16T17:20:32,629][WARN ][o.e.t.TransportService   ] [testFollowerBehaviour] Received response for a request that has timed out, sent [57818ms] ago, timed out [11702ms] ago, action [internal:coordination/fault_detection/leader_check], node [{leader-1}{w0JavIxpSAGEHXhvcRl9zQ}{0.0.0.0}{0.0.0.0:3}{dim}], id [550]
[2020-02-16T17:20:32,629][WARN ][o.e.t.TransportService   ] [testFollowerBehaviour] Received response for a request that has timed out, sent [66998ms] ago, timed out [20882ms] ago, action [internal:coordination/fault_detection/leader_check], node [{leader-1}{w0JavIxpSAGEHXhvcRl9zQ}{0.0.0.0}{0.0.0.0:3}{dim}], id [551]
[2020-02-16T17:20:32,629][WARN ][o.e.t.TransportService   ] [testFollowerBehaviour] Received response for a request that has timed out, sent [54369ms] ago, timed out [8253ms] ago, action [internal:coordination/fault_detection/leader_check], node [{leader-1}{w0JavIxpSAGEHXhvcRl9zQ}{0.0.0.0}{0.0.0.0:3}{dim}], id [554]
[2020-02-16T17:20:32,631][WARN ][o.e.t.TransportService   ] [testFollowerBehaviour] Received response for a request that has timed out, sent [94484ms] ago, timed out [48368ms] ago, action [internal:coordination/fault_detection/leader_check], node [{leader-1}{w0JavIxpSAGEHXhvcRl9zQ}{0.0.0.0}{0.0.0.0:3}{dim}], id [557]
[2020-02-16T17:20:32,631][WARN ][o.e.t.TransportService   ] [testFollowerBehaviour] Received response for a request that has timed out, sent [77957ms] ago, timed out [31841ms] ago, action [internal:coordination/fault_detection/leader_check], node [{leader-1}{w0JavIxpSAGEHXhvcRl9zQ}{0.0.0.0}{0.0.0.0:3}{dim}], id [559]
[...]
[2020-02-16T17:20:32,703][WARN ][o.e.t.TransportService   ] [testFollowerBehaviour] Received response for a request that has timed out, sent [81583ms] ago, timed out [35467ms] ago, action [internal:coordination/fault_detection/leader_check], node [{leader-1}{w0JavIxpSAGEHXhvcRl9zQ}{0.0.0.0}{0.0.0.0:3}{dim}], id [883]
[2020-02-16T17:20:32,703][WARN ][o.e.t.TransportService   ] [testFollowerBehaviour] Received response for a request that has timed out, sent [70798ms] ago, timed out [24682ms] ago, action [internal:coordination/fault_detection/leader_check], node [{leader-1}{w0JavIxpSAGEHXhvcRl9zQ}{0.0.0.0}{0.0.0.0:3}{dim}], id [884]
[2020-02-16T17:20:32,703][WARN ][o.e.t.TransportService   ] [testFollowerBehaviour] Received response for a request that has timed out, sent [59372ms] ago, timed out [13256ms] ago, action [internal:coordination/fault_detection/leader_check], node [{leader-1}{w0JavIxpSAGEHXhvcRl9zQ}{0.0.0.0}{0.0.0.0:3}{dim}], id [886]
[2020-02-16T17:20:32,703][WARN ][o.e.t.TransportService   ] [testFollowerBehaviour] Received response for a request that has timed out, sent [74480ms] ago, timed out [28364ms] ago, action [internal:coordination/fault_detection/leader_check], node [{leader-1}{w0JavIxpSAGEHXhvcRl9zQ}{0.0.0.0}{0.0.0.0:3}{dim}], id [889]
[2020-02-16T17:20:32,704][WARN ][o.e.t.TransportService   ] [testFollowerBehaviour] Received response for a request that has timed out, sent [54720ms] ago, timed out [8604ms] ago, action [internal:coordination/fault_detection/leader_check], node [{leader-1}{w0JavIxpSAGEHXhvcRl9zQ}{0.0.0.0}{0.0.0.0:3}{dim}], id [895]
[2020-02-16T17:20:32,704][WARN ][o.e.t.TransportService   ] [testFollowerBehaviour] Received response for a request that has timed out, sent [103622ms] ago, timed out [57506ms] ago, action [internal:coordination/fault_detection/leader_check], node [{leader-1}{w0JavIxpSAGEHXhvcRl9zQ}{0.0.0.0}{0.0.0.0:3}{dim}], id [897]
[2020-02-16T17:20:32,704][WARN ][o.e.t.TransportService   ] [testFollowerBehaviour] Received response for a request that has timed out, sent [97193ms] ago, timed out [51077ms] ago, action [internal:coordination/fault_detection/leader_check], node [{leader-1}{w0JavIxpSAGEHXhvcRl9zQ}{0.0.0.0}{0.0.0.0:3}{dim}], id [898]
[2020-02-16T17:20:32,704][WARN ][o.e.t.TransportService   ] [testFollowerBehaviour] Received response for a request that has timed out, sent [88103ms] ago, timed out [41987ms] ago, action [internal:coordination/fault_detection/leader_check], node [{leader-1}{w0JavIxpSAGEHXhvcRl9zQ}{0.0.0.0}{0.0.0.0:3}{dim}], id [900]
[2020-02-16T17:20:32,704][WARN ][o.e.t.TransportService   ] [testFollowerBehaviour] Received response for a request that has timed out, sent [63228ms] ago, timed out [17112ms] ago, action [internal:coordination/fault_detection/leader_check], node [{leader-1}{w0JavIxpSAGEHXhvcRl9zQ}{0.0.0.0}{0.0.0.0:3}{dim}], id [901]
[2020-02-16T17:20:32,704][WARN ][o.e.t.TransportService   ] [testFollowerBehaviour] Received response for a request that has timed out, sent [90288ms] ago, timed out [44172ms] ago, action [internal:coordination/fault_detection/leader_check], node [{leader-1}{w0JavIxpSAGEHXhvcRl9zQ}{0.0.0.0}{0.0.0.0:3}{dim}], id [903]
[2020-02-16T17:20:32,704][WARN ][o.e.t.TransportService   ] [testFollowerBehaviour] Received response for a request that has timed out, sent [90131ms] ago, timed out [44015ms] ago, action [internal:coordination/fault_detection/leader_check], node [{leader-1}{w0JavIxpSAGEHXhvcRl9zQ}{0.0.0.0}{0.0.0.0:3}{dim}], id [905]
[2020-02-16T17:20:32,704][WARN ][o.e.t.TransportService   ] [testFollowerBehaviour] Received response for a request that has timed out, sent [89153ms] ago, timed out [43037ms] ago, action [internal:coordination/fault_detection/leader_check], node [{leader-1}{w0JavIxpSAGEHXhvcRl9zQ}{0.0.0.0}{0.0.0.0:3}{dim}], id [906]
[2020-02-16T17:20:32,704][WARN ][o.e.t.TransportService   ] [testFollowerBehaviour] Received response for a request that has timed out, sent [87838ms] ago, timed out [41722ms] ago, action [internal:coordination/fault_detection/leader_check], node [{leader-1}{w0JavIxpSAGEHXhvcRl9zQ}{0.0.0.0}{0.0.0.0:3}{dim}], id [908]
[2020-02-16T17:20:32,704][WARN ][o.e.t.TransportService   ] [testFollowerBehaviour] Received response for a request that has timed out, sent [49815ms] ago, timed out [3699ms] ago, action [internal:coordination/fault_detection/leader_check], node [{leader-1}{w0JavIxpSAGEHXhvcRl9zQ}{0.0.0.0}{0.0.0.0:3}{dim}], id [909]
[2020-02-16T17:20:32,704][WARN ][o.e.t.TransportService   ] [testFollowerBehaviour] Received response for a request that has timed out, sent [85210ms] ago, timed out [39094ms] ago, action [internal:coordination/fault_detection/leader_check], node [{leader-1}{w0JavIxpSAGEHXhvcRl9zQ}{0.0.0.0}{0.0.0.0:3}{dim}], id [913]
[2020-02-16T17:20:32,705][WARN ][o.e.t.TransportService   ] [testFollowerBehaviour] Received response for a request that has timed out, sent [101256ms] ago, timed out [55140ms] ago, action [internal:coordination/fault_detection/leader_check], node [{leader-1}{w0JavIxpSAGEHXhvcRl9zQ}{0.0.0.0}{0.0.0.0:3}{dim}], id [920]
[2020-02-16T17:20:32,705][WARN ][o.e.t.TransportService   ] [testFollowerBehaviour] Received response for a request that has timed out, sent [103663ms] ago, timed out [57547ms] ago, action [internal:coordination/fault_detection/leader_check], node [{leader-1}{w0JavIxpSAGEHXhvcRl9zQ}{0.0.0.0}{0.0.0.0:3}{dim}], id [923]
[2020-02-16T17:20:32,705][WARN ][o.e.t.TransportService   ] [testFollowerBehaviour] Received response for a request that has timed out, sent [91455ms] ago, timed out [45339ms] ago, action [internal:coordination/fault_detection/leader_check], node [{leader-1}{w0JavIxpSAGEHXhvcRl9zQ}{0.0.0.0}{0.0.0.0:3}{dim}], id [927]
[2020-02-16T17:20:32,705][WARN ][o.e.t.TransportService   ] [testFollowerBehaviour] Received response for a request that has timed out, sent [79703ms] ago, timed out [33587ms] ago, action [internal:coordination/fault_detection/leader_check], node [{leader-1}{w0JavIxpSAGEHXhvcRl9zQ}{0.0.0.0}{0.0.0.0:3}{dim}], id [930]
[2020-02-16T17:20:32,705][WARN ][o.e.t.TransportService   ] [testFollowerBehaviour] Received response for a request that has timed out, sent [60400ms] ago, timed out [14284ms] ago, action [internal:coordination/fault_detection/leader_check], node [{leader-1}{w0JavIxpSAGEHXhvcRl9zQ}{0.0.0.0}{0.0.0.0:3}{dim}], id [931]
[2020-02-16T17:20:32,723][WARN ][o.e.t.TransportService   ] [testFollowerBehaviour] Received response for a request that has timed out, sent [49669ms] ago, timed out [3553ms] ago, action [internal:coordination/fault_detection/leader_check], node [{leader-1}{w0JavIxpSAGEHXhvcRl9zQ}{0.0.0.0}{0.0.0.0:3}{dim}], id [934]
[2020-02-16T17:20:32,723][WARN ][o.e.t.TransportService   ] [testFollowerBehaviour] Received response for a request that has timed out, sent [62662ms] ago, timed out [16546ms] ago, action [internal:coordination/fault_detection/leader_check], node [{leader-1}{w0JavIxpSAGEHXhvcRl9zQ}{0.0.0.0}{0.0.0.0:3}{dim}], id [935]
[2020-02-16T17:20:32,723][WARN ][o.e.t.TransportService   ] [testFollowerBehaviour] Received response for a request that has timed out, sent [65954ms] ago, timed out [19838ms] ago, action [internal:coordination/fault_detection/leader_check], node [{leader-1}{w0JavIxpSAGEHXhvcRl9zQ}{0.0.0.0}{0.0.0.0:3}{dim}], id [937]
[2020-02-16T17:20:32,741][WARN ][o.e.t.TransportService   ] [testFollowerBehaviour] Received response for a request that has timed out, sent [61696ms] ago, timed out [15580ms] ago, action [internal:coordination/fault_detection/leader_check], node [{leader-1}{w0JavIxpSAGEHXhvcRl9zQ}{0.0.0.0}{0.0.0.0:3}{dim}], id [940]
[2020-02-16T17:20:32,741][WARN ][o.e.t.TransportService   ] [testFollowerBehaviour] Received response for a request that has timed out, sent [87829ms] ago, timed out [41713ms] ago, action [internal:coordination/fault_detection/leader_check], node [{leader-1}{w0JavIxpSAGEHXhvcRl9zQ}{0.0.0.0}{0.0.0.0:3}{dim}], id [943]
[2020-02-16T17:20:32,742][WARN ][o.e.t.TransportService   ] [testFollowerBehaviour] Received response for a request that has timed out, sent [96062ms] ago, timed out [49946ms] ago, action [internal:coordination/fault_detection/leader_check], node [{leader-1}{w0JavIxpSAGEHXhvcRl9zQ}{0.0.0.0}{0.0.0.0:3}{dim}], id [947]
[2020-02-16T17:20:32,742][WARN ][o.e.t.TransportService   ] [testFollowerBehaviour] Received response for a request that has timed out, sent [95390ms] ago, timed out [49274ms] ago, action [internal:coordination/fault_detection/leader_check], node [{leader-1}{w0JavIxpSAGEHXhvcRl9zQ}{0.0.0.0}{0.0.0.0:3}{dim}], id [951]
[2020-02-16T17:20:32,742][WARN ][o.e.t.TransportService   ] [testFollowerBehaviour] Received response for a request that has timed out, sent [87679ms] ago, timed out [41563ms] ago, action [internal:coordination/fault_detection/leader_check], node [{leader-1}{w0JavIxpSAGEHXhvcRl9zQ}{0.0.0.0}{0.0.0.0:3}{dim}], id [957]
[2020-02-16T17:20:32,742][WARN ][o.e.t.TransportService   ] [testFollowerBehaviour] Received response for a request that has timed out, sent [74978ms] ago, timed out [28862ms] ago, action [internal:coordination/fault_detection/leader_check], node [{leader-1}{w0JavIxpSAGEHXhvcRl9zQ}{0.0.0.0}{0.0.0.0:3}{dim}], id [959]
[2020-02-16T17:20:32,742][WARN ][o.e.t.TransportService   ] [testFollowerBehaviour] Received response for a request that has timed out, sent [85335ms] ago, timed out [39219ms] ago, action [internal:coordination/fault_detection/leader_check], node [{leader-1}{w0JavIxpSAGEHXhvcRl9zQ}{0.0.0.0}{0.0.0.0:3}{dim}], id [960]
[2020-02-16T17:20:32,742][WARN ][o.e.t.TransportService   ] [testFollowerBehaviour] Received response for a request that has timed out, sent [96057ms] ago, timed out [49941ms] ago, action [internal:coordination/fault_detection/leader_check], node [{leader-1}{w0JavIxpSAGEHXhvcRl9zQ}{0.0.0.0}{0.0.0.0:3}{dim}], id [962]
[2020-02-16T17:20:32,742][WARN ][o.e.t.TransportService   ] [testFollowerBehaviour] Received response for a request that has timed out, sent [82130ms] ago, timed out [36014ms] ago, action [internal:coordination/fault_detection/leader_check], node [{leader-1}{w0JavIxpSAGEHXhvcRl9zQ}{0.0.0.0}{0.0.0.0:3}{dim}], id [963]
[2020-02-16T17:20:32,743][WARN ][o.e.t.TransportService   ] [testFollowerBehaviour] Received response for a request that has timed out, sent [94044ms] ago, timed out [47928ms] ago, action [internal:coordination/fault_detection/leader_check], node [{leader-1}{w0JavIxpSAGEHXhvcRl9zQ}{0.0.0.0}{0.0.0.0:3}{dim}], id [966]
[2020-02-16T17:20:32,743][WARN ][o.e.t.TransportService   ] [testFollowerBehaviour] Received response for a request that has timed out, sent [49862ms] ago, timed out [3746ms] ago, action [internal:coordination/fault_detection/leader_check], node [{leader-1}{w0JavIxpSAGEHXhvcRl9zQ}{0.0.0.0}{0.0.0.0:3}{dim}], id [968]
[2020-02-16T17:20:32,743][WARN ][o.e.t.TransportService   ] [testFollowerBehaviour] Received response for a request that has timed out, sent [60695ms] ago, timed out [14579ms] ago, action [internal:coordination/fault_detection/leader_check], node [{leader-1}{w0JavIxpSAGEHXhvcRl9zQ}{0.0.0.0}{0.0.0.0:3}{dim}], id [970]
[2020-02-16T17:20:32,743][WARN ][o.e.t.TransportService   ] [testFollowerBehaviour] Received response for a request that has timed out, sent [97199ms] ago, timed out [51083ms] ago, action [internal:coordination/fault_detection/leader_check], node [{leader-1}{w0JavIxpSAGEHXhvcRl9zQ}{0.0.0.0}{0.0.0.0:3}{dim}], id [971]
[2020-02-16T17:20:32,743][WARN ][o.e.t.TransportService   ] [testFollowerBehaviour] Received response for a request that has timed out, sent [51236ms] ago, timed out [5120ms] ago, action [internal:coordination/fault_detection/leader_check], node [{leader-1}{w0JavIxpSAGEHXhvcRl9zQ}{0.0.0.0}{0.0.0.0:3}{dim}], id [973]
[2020-02-16T17:20:32,743][WARN ][o.e.t.TransportService   ] [testFollowerBehaviour] Received response for a request that has timed out, sent [53327ms] ago, timed out [7211ms] ago, action [internal:coordination/fault_detection/leader_check], node [{leader-1}{w0JavIxpSAGEHXhvcRl9zQ}{0.0.0.0}{0.0.0.0:3}{dim}], id [974]
[2020-02-16T17:20:32,743][WARN ][o.e.t.TransportService   ] [testFollowerBehaviour] Received response for a request that has timed out, sent [97267ms] ago, timed out [51151ms] ago, action [internal:coordination/fault_detection/leader_check], node [{leader-1}{w0JavIxpSAGEHXhvcRl9zQ}{0.0.0.0}{0.0.0.0:3}{dim}], id [977]
[2020-02-16T17:20:32,743][WARN ][o.e.t.TransportService   ] [testFollowerBehaviour] Received response for a request that has timed out, sent [73459ms] ago, timed out [27343ms] ago, action [internal:coordination/fault_detection/leader_check], node [{leader-1}{w0JavIxpSAGEHXhvcRl9zQ}{0.0.0.0}{0.0.0.0:3}{dim}], id [981]
[2020-02-16T17:20:32,743][WARN ][o.e.t.TransportService   ] [testFollowerBehaviour] Received response for a request that has timed out, sent [90365ms] ago, timed out [44249ms] ago, action [internal:coordination/fault_detection/leader_check], node [{leader-1}{w0JavIxpSAGEHXhvcRl9zQ}{0.0.0.0}{0.0.0.0:3}{dim}], id [984]
[2020-02-16T17:20:32,743][WARN ][o.e.t.TransportService   ] [testFollowerBehaviour] Received response for a request that has timed out, sent [93032ms] ago, timed out [46916ms] ago, action [internal:coordination/fault_detection/leader_check], node [{leader-1}{w0JavIxpSAGEHXhvcRl9zQ}{0.0.0.0}{0.0.0.0:3}{dim}], id [986]
[2020-02-16T17:20:32,743][WARN ][o.e.t.TransportService   ] [testFollowerBehaviour] Received response for a request that has timed out, sent [56887ms] ago, timed out [10771ms] ago, action [internal:coordination/fault_detection/leader_check], node [{leader-1}{w0JavIxpSAGEHXhvcRl9zQ}{0.0.0.0}{0.0.0.0:3}{dim}], id [990]
[2020-02-16T17:20:32,744][WARN ][o.e.t.TransportService   ] [testFollowerBehaviour] Received response for a request that has timed out, sent [46882ms] ago, timed out [766ms] ago, action [internal:coordination/fault_detection/leader_check], node [{leader-1}{w0JavIxpSAGEHXhvcRl9zQ}{0.0.0.0}{0.0.0.0:3}{dim}], id [992]
[2020-02-16T17:20:32,744][WARN ][o.e.t.TransportService   ] [testFollowerBehaviour] Received response for a request that has timed out, sent [78520ms] ago, timed out [32404ms] ago, action [internal:coordination/fault_detection/leader_check], node [{leader-1}{w0JavIxpSAGEHXhvcRl9zQ}{0.0.0.0}{0.0.0.0:3}{dim}], id [997]
[2020-02-16T17:20:32,744][WARN ][o.e.t.TransportService   ] [testFollowerBehaviour] Received response for a request that has timed out, sent [53029ms] ago, timed out [6913ms] ago, action [internal:coordination/fault_detection/leader_check], node [{leader-1}{w0JavIxpSAGEHXhvcRl9zQ}{0.0.0.0}{0.0.0.0:3}{dim}], id [1002]
[2020-02-16T17:20:32,744][WARN ][o.e.t.TransportService   ] [testFollowerBehaviour] Received response for a request that has timed out, sent [99377ms] ago, timed out [53261ms] ago, action [internal:coordination/fault_detection/leader_check], node [{leader-1}{w0JavIxpSAGEHXhvcRl9zQ}{0.0.0.0}{0.0.0.0:3}{dim}], id [1005]
[2020-02-16T17:20:32,744][WARN ][o.e.t.TransportService   ] [testFollowerBehaviour] Received response for a request that has timed out, sent [71353ms] ago, timed out [25237ms] ago, action [internal:coordination/fault_detection/leader_check], node [{leader-1}{w0JavIxpSAGEHXhvcRl9zQ}{0.0.0.0}{0.0.0.0:3}{dim}], id [1011]
[2020-02-16T17:20:32,744][WARN ][o.e.t.TransportService   ] [testFollowerBehaviour] Received response for a request that has timed out, sent [102316ms] ago, timed out [56200ms] ago, action [internal:coordination/fault_detection/leader_check], node [{leader-1}{w0JavIxpSAGEHXhvcRl9zQ}{0.0.0.0}{0.0.0.0:3}{dim}], id [1012]
[2020-02-16T17:20:32,744][WARN ][o.e.t.TransportService   ] [testFollowerBehaviour] Received response for a request that has timed out, sent [52431ms] ago, timed out [6315ms] ago, action [internal:coordination/fault_detection/leader_check], node [{leader-1}{w0JavIxpSAGEHXhvcRl9zQ}{0.0.0.0}{0.0.0.0:3}{dim}], id [1015]
[2020-02-16T17:20:32,745][WARN ][o.e.t.TransportService   ] [testFollowerBehaviour] Received response for a request that has timed out, sent [94164ms] ago, timed out [48048ms] ago, action [internal:coordination/fault_detection/leader_check], node [{leader-1}{w0JavIxpSAGEHXhvcRl9zQ}{0.0.0.0}{0.0.0.0:3}{dim}], id [1019]
[2020-02-16T17:20:32,745][WARN ][o.e.t.TransportService   ] [testFollowerBehaviour] Received response for a request that has timed out, sent [49782ms] ago, timed out [3666ms] ago, action [internal:coordination/fault_detection/leader_check], node [{leader-1}{w0JavIxpSAGEHXhvcRl9zQ}{0.0.0.0}{0.0.0.0:3}{dim}], id [1020]
[2020-02-16T17:20:32,745][WARN ][o.e.t.TransportService   ] [testFollowerBehaviour] Received response for a request that has timed out, sent [87665ms] ago, timed out [41549ms] ago, action [internal:coordination/fault_detection/leader_check], node [{leader-1}{w0JavIxpSAGEHXhvcRl9zQ}{0.0.0.0}{0.0.0.0:3}{dim}], id [1022]
[2020-02-16T17:20:32,745][WARN ][o.e.t.TransportService   ] [testFollowerBehaviour] Received response for a request that has timed out, sent [69809ms] ago, timed out [23693ms] ago, action [internal:coordination/fault_detection/leader_check], node [{leader-1}{w0JavIxpSAGEHXhvcRl9zQ}{0.0.0.0}{0.0.0.0:3}{dim}], id [1023]
[2020-02-16T17:20:32,745][WARN ][o.e.t.TransportService   ] [testFollowerBehaviour] Received response for a request that has timed out, sent [80699ms] ago, timed out [34583ms] ago, action [internal:coordination/fault_detection/leader_check], node [{leader-1}{w0JavIxpSAGEHXhvcRl9zQ}{0.0.0.0}{0.0.0.0:3}{dim}], id [1028]
[2020-02-16T17:20:32,745][WARN ][o.e.t.TransportService   ] [testFollowerBehaviour] Received response for a request that has timed out, sent [71938ms] ago, timed out [25822ms] ago, action [internal:coordination/fault_detection/leader_check], node [{leader-1}{w0JavIxpSAGEHXhvcRl9zQ}{0.0.0.0}{0.0.0.0:3}{dim}], id [1034]
[2020-02-16T17:20:32,745][WARN ][o.e.t.TransportService   ] [testFollowerBehaviour] Received response for a request that has timed out, sent [65427ms] ago, timed out [19311ms] ago, action [internal:coordination/fault_detection/leader_check], node [{leader-1}{w0JavIxpSAGEHXhvcRl9zQ}{0.0.0.0}{0.0.0.0:3}{dim}], id [1035]
[2020-02-16T17:20:32,745][WARN ][o.e.t.TransportService   ] [testFollowerBehaviour] Received response for a request that has timed out, sent [61421ms] ago, timed out [15305ms] ago, action [internal:coordination/fault_detection/leader_check], node [{leader-1}{w0JavIxpSAGEHXhvcRl9zQ}{0.0.0.0}{0.0.0.0:3}{dim}], id [1039]
[2020-02-16T17:20:32,746][WARN ][o.e.t.TransportService   ] [testFollowerBehaviour] Received response for a request that has timed out, sent [91944ms] ago, timed out [45828ms] ago, action [internal:coordination/fault_detection/leader_check], node [{leader-1}{w0JavIxpSAGEHXhvcRl9zQ}{0.0.0.0}{0.0.0.0:3}{dim}], id [1040]
[2020-02-16T17:20:32,746][INFO ][o.e.c.c.LeaderCheckerTests] [testFollowerBehaviour] --> failing at 95013360ms
[2020-02-16T17:20:32,746][WARN ][o.e.t.TransportService   ] [testFollowerBehaviour] Received response for a request that has timed out, sent [103689ms] ago, timed out [57573ms] ago, action [internal:coordination/fault_detection/leader_check], node [{leader-1}{w0JavIxpSAGEHXhvcRl9zQ}{0.0.0.0}{0.0.0.0:3}{dim}], id [1043]
[2020-02-16T17:20:32,749][INFO ][o.e.c.c.LeaderCheckerTests] [testFollowerBehaviour] after test
[2020-02-16T17:20:32,763][INFO ][o.e.c.c.LeaderCheckerTests] [testFollowerFailsImmediatelyOnDisconnection] before test
[2020-02-16T17:20:32,768][INFO ][o.e.c.c.LeaderCheckerTests] [testFollowerFailsImmediatelyOnDisconnection] after test
[2020-02-16T17:20:32,782][INFO ][o.e.c.c.LeaderCheckerTests] [testLeaderBehaviour] before test
[2020-02-16T17:20:32,785][INFO ][o.e.c.c.LeaderCheckerTests] [testLeaderBehaviour] after test
]]></system-out>
  <system-err><![CDATA[]]></system-err>
</testsuite>
