<?xml version="1.0" encoding="UTF-8"?>
<testsuite name="org.elasticsearch.index.shard.IndexShardTests" tests="82" skipped="0" failures="1" errors="0" timestamp="2020-02-16T22:23:55" hostname="Escoto-PC" time="29.83">
  <properties/>
  <testcase name="testDelayedOperationsBeforeAndAfterRelocated" classname="org.elasticsearch.index.shard.IndexShardTests" time="0.092"/>
  <testcase name="testRestoreShard" classname="org.elasticsearch.index.shard.IndexShardTests" time="0.318"/>
  <testcase name="testClosedIndicesSkipSyncGlobalCheckpoint" classname="org.elasticsearch.index.shard.IndexShardTests" time="0.167"/>
  <testcase name="testRecoverFromStoreWithOutOfOrderDelete" classname="org.elasticsearch.index.shard.IndexShardTests" time="0.304"/>
  <testcase name="testFailIfIndexNotPresentInRecoverFromStore" classname="org.elasticsearch.index.shard.IndexShardTests" time="0.196"/>
  <testcase name="testReadSnapshotAndCheckIndexConcurrently" classname="org.elasticsearch.index.shard.IndexShardTests" time="1.746"/>
  <testcase name="testPrimaryPromotionRollsGeneration" classname="org.elasticsearch.index.shard.IndexShardTests" time="0.168"/>
  <testcase name="testShardStateMetaHashCodeEquals" classname="org.elasticsearch.index.shard.IndexShardTests" time="0.003"/>
  <testcase name="testEstimateTotalDocSize" classname="org.elasticsearch.index.shard.IndexShardTests" time="0.338"/>
  <testcase name="testStressRelocated" classname="org.elasticsearch.index.shard.IndexShardTests" time="0.093"/>
  <testcase name="testCloseShardWhileEngineIsWarming" classname="org.elasticsearch.index.shard.IndexShardTests" time="0.23"/>
  <testcase name="testResetEngine" classname="org.elasticsearch.index.shard.IndexShardTests" time="1.681"/>
  <testcase name="testLockingBeforeAndAfterRelocated" classname="org.elasticsearch.index.shard.IndexShardTests" time="0.088"/>
  <testcase name="testIndexingOperationListenersIsInvokedOnRecovery" classname="org.elasticsearch.index.shard.IndexShardTests" time="0.249"/>
  <testcase name="testReaderWrapperIsUsed" classname="org.elasticsearch.index.shard.IndexShardTests" time="0.219"/>
  <testcase name="testRunUnderPrimaryPermitOnFailure" classname="org.elasticsearch.index.shard.IndexShardTests" time="0.077"/>
  <testcase name="testPrimaryHandOffUpdatesLocalCheckpoint" classname="org.elasticsearch.index.shard.IndexShardTests" time="0.408"/>
  <testcase name="testSnapshotStore" classname="org.elasticsearch.index.shard.IndexShardTests" time="0.196"/>
  <testcase name="testTranslogRecoverySyncsTranslog" classname="org.elasticsearch.index.shard.IndexShardTests" time="0.244"/>
  <testcase name="testRecoveryFailsAfterMovingToRelocatedState" classname="org.elasticsearch.index.shard.IndexShardTests" time="0.076"/>
  <testcase name="testShardActiveDuringPeerRecovery" classname="org.elasticsearch.index.shard.IndexShardTests" time="0.265"/>
  <testcase name="testOnCloseStats" classname="org.elasticsearch.index.shard.IndexShardTests" time="0.202"/>
  <testcase name="testFlushOnInactive" classname="org.elasticsearch.index.shard.IndexShardTests" time="0.218"/>
  <testcase name="testConcurrentAcquireAllReplicaOperationsPermitsWithPrimaryTermUpdate" classname="org.elasticsearch.index.shard.IndexShardTests" time="0.673"/>
  <testcase name="testResetEngineWithBrokenTranslog" classname="org.elasticsearch.index.shard.IndexShardTests" time="0.164"/>
  <testcase name="testScheduledRefresh" classname="org.elasticsearch.index.shard.IndexShardTests" time="0.174"/>
  <testcase name="testTypelessDelete" classname="org.elasticsearch.index.shard.IndexShardTests" time="0.119"/>
  <testcase name="testConcurrentTermIncreaseOnReplicaShard" classname="org.elasticsearch.index.shard.IndexShardTests" time="0.196"/>
  <testcase name="testCompletionStatsMarksSearcherAccessed" classname="org.elasticsearch.index.shard.IndexShardTests" time="0.184"/>
  <testcase name="testPublishingOrderOnPromotion" classname="org.elasticsearch.index.shard.IndexShardTests" time="0.198"/>
  <testcase name="testRelocatedShardCanNotBeRevived" classname="org.elasticsearch.index.shard.IndexShardTests" time="0.088"/>
  <testcase name="testWriteShardState" classname="org.elasticsearch.index.shard.IndexShardTests" time="0.049"/>
  <testcase name="testRestoreLocalHistoryFromTranslogOnPromotion" classname="org.elasticsearch.index.shard.IndexShardTests" time="1.221"/>
  <testcase name="testIndexCheckOnStartup" classname="org.elasticsearch.index.shard.IndexShardTests" time="0.16"/>
  <testcase name="testRecoverFromCleanStore" classname="org.elasticsearch.index.shard.IndexShardTests" time="0.178"/>
  <testcase name="testSegmentMemoryTrackedInBreaker" classname="org.elasticsearch.index.shard.IndexShardTests" time="0.201"/>
  <testcase name="testRelocatedShardCanNotBeRevivedConcurrently" classname="org.elasticsearch.index.shard.IndexShardTests" time="0.082"/>
  <testcase name="testFailShard" classname="org.elasticsearch.index.shard.IndexShardTests" time="0.179"/>
  <testcase name="testAcquireReplicaPermitAdvanceMaxSeqNoOfUpdates" classname="org.elasticsearch.index.shard.IndexShardTests" time="0.21"/>
  <testcase name="testRecoverFromStoreRemoveStaleOperations" classname="org.elasticsearch.index.shard.IndexShardTests" time="0.73"/>
  <testcase name="testDoNotTrimCommitsWhenOpenReadOnlyEngine" classname="org.elasticsearch.index.shard.IndexShardTests" time="0.413"/>
  <testcase name="testSegmentMemoryTrackedWithRandomSearchers" classname="org.elasticsearch.index.shard.IndexShardTests" time="5.46"/>
  <testcase name="testOperationPermitOnReplicaShards" classname="org.elasticsearch.index.shard.IndexShardTests" time="0.031"/>
  <testcase name="testTypelessGet" classname="org.elasticsearch.index.shard.IndexShardTests" time="0.115"/>
  <testcase name="testRefreshIsNeededWithRefreshListeners" classname="org.elasticsearch.index.shard.IndexShardTests" time="0.157"/>
  <testcase name="testShardStats" classname="org.elasticsearch.index.shard.IndexShardTests" time="0.102"/>
  <testcase name="testSearchIsReleaseIfWrapperFails" classname="org.elasticsearch.index.shard.IndexShardTests" time="0.216"/>
  <testcase name="testShardActiveDuringInternalRecovery" classname="org.elasticsearch.index.shard.IndexShardTests" time="0.217"/>
  <testcase name="testRunUnderPrimaryPermitDelaysToExecutorWhenBlocked" classname="org.elasticsearch.index.shard.IndexShardTests" time="0.152"/>
  <testcase name="testSnapshotWhileResettingEngine" classname="org.elasticsearch.index.shard.IndexShardTests" time="0.559"/>
  <testcase name="testIndexingOperationsListeners" classname="org.elasticsearch.index.shard.IndexShardTests" time="0.234"/>
  <testcase name="testShardStatsWithFailures" classname="org.elasticsearch.index.shard.IndexShardTests" time="0.096"/>
  <testcase name="testPersistenceStateMetadataPersistence" classname="org.elasticsearch.index.shard.IndexShardTests" time="0.095"/>
  <testcase name="testShardCanNotBeMarkedAsRelocatedIfRelocationCancelled" classname="org.elasticsearch.index.shard.IndexShardTests" time="0.101"/>
  <testcase name="testRecoverFromStalePrimaryForceNewHistoryUUID" classname="org.elasticsearch.index.shard.IndexShardTests" time="0.219"/>
  <testcase name="testRunUnderPrimaryPermitRunsUnderPrimaryPermit" classname="org.elasticsearch.index.shard.IndexShardTests" time="0.119"/>
  <testcase name="testAsyncFsync" classname="org.elasticsearch.index.shard.IndexShardTests" time="0.406"/>
  <testcase name="testPrimaryFillsSeqNoGapsOnPromotion" classname="org.elasticsearch.index.shard.IndexShardTests" time="0.766"/>
  <testcase name="testRecoverFromTranslog" classname="org.elasticsearch.index.shard.IndexShardTests" time="0.125"/>
  <testcase name="testRejectOperationPermitWithHigherTermWhenNotStarted" classname="org.elasticsearch.index.shard.IndexShardTests" time="0.052"/>
  <testcase name="testClosesPreventsNewOperations" classname="org.elasticsearch.index.shard.IndexShardTests" time="0.099"/>
  <testcase name="testShardDoesNotStartIfCorruptedMarkerIsPresent" classname="org.elasticsearch.index.shard.IndexShardTests" time="0.221"/>
  <testcase name="testSupplyTombstoneDoc" classname="org.elasticsearch.index.shard.IndexShardTests" time="0.193"/>
  <testcase name="testIsSearchIdle" classname="org.elasticsearch.index.shard.IndexShardTests" time="0.156"/>
  <testcase name="testMinimumCompatVersion" classname="org.elasticsearch.index.shard.IndexShardTests" time="0.13"/>
  <testcase name="testRefreshListenersDuringPeerRecovery" classname="org.elasticsearch.index.shard.IndexShardTests" time="0.356"/>
  <testcase name="testAcquirePrimaryAllOperationsPermits" classname="org.elasticsearch.index.shard.IndexShardTests" time="0.158"/>
  <testcase name="testReaderWrapperWorksWithGlobalOrdinals" classname="org.elasticsearch.index.shard.IndexShardTests" time="0.171"/>
  <testcase name="testRollbackReplicaEngineOnPromotion" classname="org.elasticsearch.index.shard.IndexShardTests" time="1.091"/>
  <testcase name="testReadSnapshotConcurrently" classname="org.elasticsearch.index.shard.IndexShardTests" time="0.308"/>
  <testcase name="testOperationPermitsOnPrimaryShards" classname="org.elasticsearch.index.shard.IndexShardTests" time="0.098"/>
  <testcase name="testRecoverFromLocalShard" classname="org.elasticsearch.index.shard.IndexShardTests" time="0.465"/>
  <testcase name="testRecoverFromStoreWithNoOps" classname="org.elasticsearch.index.shard.IndexShardTests" time="0.644"/>
  <testcase name="testRefreshMetric" classname="org.elasticsearch.index.shard.IndexShardTests" time="0.33"/>
  <testcase name="testGlobalCheckpointSync" classname="org.elasticsearch.index.shard.IndexShardTests" time="0.219"/>
  <testcase name="testCloseShardWhileResettingEngine" classname="org.elasticsearch.index.shard.IndexShardTests" time="0.284"/>
  <testcase name="testDocStats" classname="org.elasticsearch.index.shard.IndexShardTests" time="0.509"/>
  <testcase name="testExternalRefreshMetric" classname="org.elasticsearch.index.shard.IndexShardTests" time="0.335"/>
  <testcase name="testPrimaryPromotionDelaysOperations" classname="org.elasticsearch.index.shard.IndexShardTests" time="0.246"/>
  <testcase name="testRelocateMissingTarget" classname="org.elasticsearch.index.shard.IndexShardTests" time="0.135"/>
  <testcase name="testRecoverFromStore" classname="org.elasticsearch.index.shard.IndexShardTests" time="0.2"/>
  <testcase name="classMethod" classname="org.elasticsearch.index.shard.IndexShardTests" time="0.0">
    <failure message="java.io.IOException: Could not remove the following files (in the order of attempts):&#10;   E:\NotD\git\elasticsearch\server\build\testrun\test\temp\org.elasticsearch.index.shard.IndexShardTests_9EA1F2A3814E5F76-001\tempDir-241\indices\_na_\0\translog: java.nio.file.DirectoryNotEmptyException: E:\NotD\git\elasticsearch\server\build\testrun\test\temp\org.elasticsearch.index.shard.IndexShardTests_9EA1F2A3814E5F76-001\tempDir-241\indices\_na_\0\translog&#10;   E:\NotD\git\elasticsearch\server\build\testrun\test\temp\org.elasticsearch.index.shard.IndexShardTests_9EA1F2A3814E5F76-001\tempDir-241\indices\_na_\0: java.nio.file.DirectoryNotEmptyException: E:\NotD\git\elasticsearch\server\build\testrun\test\temp\org.elasticsearch.index.shard.IndexShardTests_9EA1F2A3814E5F76-001\tempDir-241\indices\_na_\0&#10;   E:\NotD\git\elasticsearch\server\build\testrun\test\temp\org.elasticsearch.index.shard.IndexShardTests_9EA1F2A3814E5F76-001\tempDir-241\indices\_na_: java.nio.file.DirectoryNotEmptyException: E:\NotD\git\elasticsearch\server\build\testrun\test\temp\org.elasticsearch.index.shard.IndexShardTests_9EA1F2A3814E5F76-001\tempDir-241\indices\_na_&#10;   E:\NotD\git\elasticsearch\server\build\testrun\test\temp\org.elasticsearch.index.shard.IndexShardTests_9EA1F2A3814E5F76-001\tempDir-241\indices: java.nio.file.DirectoryNotEmptyException: E:\NotD\git\elasticsearch\server\build\testrun\test\temp\org.elasticsearch.index.shard.IndexShardTests_9EA1F2A3814E5F76-001\tempDir-241\indices&#10;   E:\NotD\git\elasticsearch\server\build\testrun\test\temp\org.elasticsearch.index.shard.IndexShardTests_9EA1F2A3814E5F76-001\tempDir-241: java.nio.file.DirectoryNotEmptyException: E:\NotD\git\elasticsearch\server\build\testrun\test\temp\org.elasticsearch.index.shard.IndexShardTests_9EA1F2A3814E5F76-001\tempDir-241&#10;" type="java.io.IOException">java.io.IOException: Could not remove the following files (in the order of attempts):
   E:\NotD\git\elasticsearch\server\build\testrun\test\temp\org.elasticsearch.index.shard.IndexShardTests_9EA1F2A3814E5F76-001\tempDir-241\indices\_na_\0\translog: java.nio.file.DirectoryNotEmptyException: E:\NotD\git\elasticsearch\server\build\testrun\test\temp\org.elasticsearch.index.shard.IndexShardTests_9EA1F2A3814E5F76-001\tempDir-241\indices\_na_\0\translog
   E:\NotD\git\elasticsearch\server\build\testrun\test\temp\org.elasticsearch.index.shard.IndexShardTests_9EA1F2A3814E5F76-001\tempDir-241\indices\_na_\0: java.nio.file.DirectoryNotEmptyException: E:\NotD\git\elasticsearch\server\build\testrun\test\temp\org.elasticsearch.index.shard.IndexShardTests_9EA1F2A3814E5F76-001\tempDir-241\indices\_na_\0
   E:\NotD\git\elasticsearch\server\build\testrun\test\temp\org.elasticsearch.index.shard.IndexShardTests_9EA1F2A3814E5F76-001\tempDir-241\indices\_na_: java.nio.file.DirectoryNotEmptyException: E:\NotD\git\elasticsearch\server\build\testrun\test\temp\org.elasticsearch.index.shard.IndexShardTests_9EA1F2A3814E5F76-001\tempDir-241\indices\_na_
   E:\NotD\git\elasticsearch\server\build\testrun\test\temp\org.elasticsearch.index.shard.IndexShardTests_9EA1F2A3814E5F76-001\tempDir-241\indices: java.nio.file.DirectoryNotEmptyException: E:\NotD\git\elasticsearch\server\build\testrun\test\temp\org.elasticsearch.index.shard.IndexShardTests_9EA1F2A3814E5F76-001\tempDir-241\indices
   E:\NotD\git\elasticsearch\server\build\testrun\test\temp\org.elasticsearch.index.shard.IndexShardTests_9EA1F2A3814E5F76-001\tempDir-241: java.nio.file.DirectoryNotEmptyException: E:\NotD\git\elasticsearch\server\build\testrun\test\temp\org.elasticsearch.index.shard.IndexShardTests_9EA1F2A3814E5F76-001\tempDir-241

	at __randomizedtesting.SeedInfo.seed([9EA1F2A3814E5F76]:0)
	at org.apache.lucene.util.IOUtils.rm(IOUtils.java:319)
	at org.apache.lucene.util.TestRuleTemporaryFilesCleanup.afterAlways(TestRuleTemporaryFilesCleanup.java:216)
	at com.carrotsearch.randomizedtesting.rules.TestRuleAdapter$1.afterAlways(TestRuleAdapter.java:31)
	at com.carrotsearch.randomizedtesting.rules.StatementAdapter.evaluate(StatementAdapter.java:43)
	at com.carrotsearch.randomizedtesting.rules.StatementAdapter.evaluate(StatementAdapter.java:36)
	at org.apache.lucene.util.TestRuleAssertionsRequired$1.evaluate(TestRuleAssertionsRequired.java:53)
	at org.apache.lucene.util.TestRuleMarkFailure$1.evaluate(TestRuleMarkFailure.java:47)
	at org.apache.lucene.util.TestRuleIgnoreAfterMaxFailures$1.evaluate(TestRuleIgnoreAfterMaxFailures.java:64)
	at org.apache.lucene.util.TestRuleIgnoreTestSuites$1.evaluate(TestRuleIgnoreTestSuites.java:54)
	at com.carrotsearch.randomizedtesting.rules.StatementAdapter.evaluate(StatementAdapter.java:36)
	at com.carrotsearch.randomizedtesting.ThreadLeakControl$StatementRunner.run(ThreadLeakControl.java:368)
	at java.base/java.lang.Thread.run(Thread.java:835)
</failure>
  </testcase>
  <system-out><![CDATA[[2020-02-16T23:23:55,844][INFO ][o.e.i.s.IndexShardTests  ] [testDelayedOperationsBeforeAndAfterRelocated] before test
[2020-02-16T23:23:55,933][INFO ][o.e.i.s.IndexShardTests  ] [testDelayedOperationsBeforeAndAfterRelocated] after test
[2020-02-16T23:23:55,935][INFO ][o.e.i.s.IndexShardTests  ] [testRestoreShard] before test
[2020-02-16T23:23:56,251][INFO ][o.e.i.s.IndexShardTests  ] [testRestoreShard] after test
[2020-02-16T23:23:56,254][INFO ][o.e.i.s.IndexShardTests  ] [testClosedIndicesSkipSyncGlobalCheckpoint] before test
[2020-02-16T23:23:56,418][INFO ][o.e.i.s.IndexShardTests  ] [testClosedIndicesSkipSyncGlobalCheckpoint] after test
[2020-02-16T23:23:56,421][INFO ][o.e.i.s.IndexShardTests  ] [testRecoverFromStoreWithOutOfOrderDelete] before test
[2020-02-16T23:23:56,721][INFO ][o.e.i.s.IndexShardTests  ] [testRecoverFromStoreWithOutOfOrderDelete] after test
[2020-02-16T23:23:56,726][INFO ][o.e.i.s.IndexShardTests  ] [testFailIfIndexNotPresentInRecoverFromStore] before test
[2020-02-16T23:23:56,918][INFO ][o.e.i.s.IndexShardTests  ] [testFailIfIndexNotPresentInRecoverFromStore] after test
[2020-02-16T23:23:56,921][INFO ][o.e.i.s.IndexShardTests  ] [testReadSnapshotAndCheckIndexConcurrently] before test
[2020-02-16T23:23:58,663][INFO ][o.e.i.s.IndexShardTests  ] [testReadSnapshotAndCheckIndexConcurrently] after test
[2020-02-16T23:23:58,667][INFO ][o.e.i.s.IndexShardTests  ] [testPrimaryPromotionRollsGeneration] before test
[2020-02-16T23:23:58,832][INFO ][o.e.i.s.IndexShardTests  ] [testPrimaryPromotionRollsGeneration] after test
[2020-02-16T23:23:58,836][INFO ][o.e.i.s.IndexShardTests  ] [testShardStateMetaHashCodeEquals] before test
[2020-02-16T23:23:58,836][INFO ][o.e.i.s.IndexShardTests  ] [testShardStateMetaHashCodeEquals] after test
[2020-02-16T23:23:58,839][INFO ][o.e.i.s.IndexShardTests  ] [testEstimateTotalDocSize] before test
[2020-02-16T23:23:59,157][INFO ][o.e.i.s.IndexShardTests  ] [testEstimateTotalDocSize] after test
[2020-02-16T23:23:59,176][INFO ][o.e.i.s.IndexShardTests  ] [testStressRelocated] before test
[2020-02-16T23:23:59,266][INFO ][o.e.i.s.IndexShardTests  ] [testStressRelocated] after test
[2020-02-16T23:23:59,270][INFO ][o.e.i.s.IndexShardTests  ] [testCloseShardWhileEngineIsWarming] before test
[2020-02-16T23:23:59,495][INFO ][o.e.i.s.IndexShardTests  ] [testCloseShardWhileEngineIsWarming] after test
[2020-02-16T23:23:59,500][INFO ][o.e.i.s.IndexShardTests  ] [testResetEngine] before test
[2020-02-16T23:24:01,169][INFO ][o.e.i.s.IndexShardTests  ] [testResetEngine] after test
[2020-02-16T23:24:01,181][INFO ][o.e.i.s.IndexShardTests  ] [testLockingBeforeAndAfterRelocated] before test
[2020-02-16T23:24:01,266][INFO ][o.e.i.s.IndexShardTests  ] [testLockingBeforeAndAfterRelocated] after test
[2020-02-16T23:24:01,269][INFO ][o.e.i.s.IndexShardTests  ] [testIndexingOperationListenersIsInvokedOnRecovery] before test
[2020-02-16T23:24:01,514][INFO ][o.e.i.s.IndexShardTests  ] [testIndexingOperationListenersIsInvokedOnRecovery] after test
[2020-02-16T23:24:01,519][INFO ][o.e.i.s.IndexShardTests  ] [testReaderWrapperIsUsed] before test
[2020-02-16T23:24:01,732][INFO ][o.e.i.s.IndexShardTests  ] [testReaderWrapperIsUsed] after test
[2020-02-16T23:24:01,738][INFO ][o.e.i.s.IndexShardTests  ] [testRunUnderPrimaryPermitOnFailure] before test
[2020-02-16T23:24:01,812][INFO ][o.e.i.s.IndexShardTests  ] [testRunUnderPrimaryPermitOnFailure] after test
[2020-02-16T23:24:01,815][INFO ][o.e.i.s.IndexShardTests  ] [testPrimaryHandOffUpdatesLocalCheckpoint] before test
[2020-02-16T23:24:02,216][INFO ][o.e.i.s.IndexShardTests  ] [testPrimaryHandOffUpdatesLocalCheckpoint] after test
[2020-02-16T23:24:02,223][INFO ][o.e.i.s.IndexShardTests  ] [testSnapshotStore] before test
[2020-02-16T23:24:02,381][INFO ][o.e.i.s.IndexShardTests  ] [testSnapshotStore] after test
[2020-02-16T23:24:02,419][INFO ][o.e.i.s.IndexShardTests  ] [testTranslogRecoverySyncsTranslog] before test
[2020-02-16T23:24:02,660][INFO ][o.e.i.s.IndexShardTests  ] [testTranslogRecoverySyncsTranslog] after test
[2020-02-16T23:24:02,664][INFO ][o.e.i.s.IndexShardTests  ] [testRecoveryFailsAfterMovingToRelocatedState] before test
[2020-02-16T23:24:02,736][INFO ][o.e.i.s.IndexShardTests  ] [testRecoveryFailsAfterMovingToRelocatedState] after test
[2020-02-16T23:24:02,739][INFO ][o.e.i.s.IndexShardTests  ] [testShardActiveDuringPeerRecovery] before test
[2020-02-16T23:24:03,001][INFO ][o.e.i.s.IndexShardTests  ] [testShardActiveDuringPeerRecovery] after test
[2020-02-16T23:24:03,004][INFO ][o.e.i.s.IndexShardTests  ] [testOnCloseStats] before test
[2020-02-16T23:24:03,195][INFO ][o.e.i.s.IndexShardTests  ] [testOnCloseStats] after test
[2020-02-16T23:24:03,209][INFO ][o.e.i.s.IndexShardTests  ] [testFlushOnInactive] before test
[2020-02-16T23:24:03,424][INFO ][o.e.i.s.IndexShardTests  ] [testFlushOnInactive] after test
[2020-02-16T23:24:03,427][INFO ][o.e.i.s.IndexShardTests  ] [testConcurrentAcquireAllReplicaOperationsPermitsWithPrimaryTermUpdate] before test
[2020-02-16T23:24:03,878][INFO ][o.e.i.s.IndexShard       ] [org.elasticsearch.index.shard.IndexShardTests] [index][0] detected new primary with primary term [63], global checkpoint [-1], max_seq_no [838]
[2020-02-16T23:24:04,086][INFO ][o.e.i.s.IndexShard       ] [org.elasticsearch.index.shard.IndexShardTests] [index][0] detected new primary with primary term [64], global checkpoint [-1], max_seq_no [-1]
[2020-02-16T23:24:04,095][INFO ][o.e.i.s.IndexShardTests  ] [testConcurrentAcquireAllReplicaOperationsPermitsWithPrimaryTermUpdate] after test
[2020-02-16T23:24:04,100][INFO ][o.e.i.s.IndexShardTests  ] [testResetEngineWithBrokenTranslog] before test
[2020-02-16T23:24:04,259][INFO ][o.e.i.s.IndexShardTests  ] [testResetEngineWithBrokenTranslog] after test
[2020-02-16T23:24:04,263][INFO ][o.e.i.s.IndexShardTests  ] [testScheduledRefresh] before test
[2020-02-16T23:24:04,349][INFO ][o.e.c.s.IndexScopedSettings] [testScheduledRefresh] updating [index.search.idle.after] from [30s] to [0ms]
[2020-02-16T23:24:04,432][INFO ][o.e.i.s.IndexShardTests  ] [testScheduledRefresh] after test
[2020-02-16T23:24:04,437][INFO ][o.e.i.s.IndexShardTests  ] [testTypelessDelete] before test
[2020-02-16T23:24:04,553][INFO ][o.e.i.s.IndexShardTests  ] [testTypelessDelete] after test
[2020-02-16T23:24:04,556][INFO ][o.e.i.s.IndexShardTests  ] [testConcurrentTermIncreaseOnReplicaShard] before test
[2020-02-16T23:24:04,740][INFO ][o.e.i.s.IndexShard       ] [org.elasticsearch.index.shard.IndexShardTests] [index][0] detected new primary with primary term [61], global checkpoint [-1], max_seq_no [-1]
[2020-02-16T23:24:04,746][INFO ][o.e.i.s.IndexShardTests  ] [testConcurrentTermIncreaseOnReplicaShard] after test
[2020-02-16T23:24:04,750][INFO ][o.e.i.s.IndexShardTests  ] [testCompletionStatsMarksSearcherAccessed] before test
[2020-02-16T23:24:04,932][INFO ][o.e.i.s.IndexShardTests  ] [testCompletionStatsMarksSearcherAccessed] after test
[2020-02-16T23:24:04,935][INFO ][o.e.i.s.IndexShardTests  ] [testPublishingOrderOnPromotion] before test
[2020-02-16T23:24:05,127][INFO ][o.e.i.s.IndexShard       ] [org.elasticsearch.index.shard.IndexShardTests] [index][0] primary-replica resync completed with 0 operations
[2020-02-16T23:24:05,130][INFO ][o.e.i.s.IndexShardTests  ] [testPublishingOrderOnPromotion] after test
[2020-02-16T23:24:05,133][INFO ][o.e.i.s.IndexShardTests  ] [testRelocatedShardCanNotBeRevived] before test
[2020-02-16T23:24:05,218][INFO ][o.e.i.s.IndexShardTests  ] [testRelocatedShardCanNotBeRevived] after test
[2020-02-16T23:24:05,221][INFO ][o.e.i.s.IndexShardTests  ] [testWriteShardState] before test
[2020-02-16T23:24:05,244][INFO ][o.e.e.NodeEnvironment    ] [testWriteShardState] using [1] data paths, mounts [[Old HDD (E:)]], net usable_space [89.5gb], net total_space [232.8gb], types [NTFS]
[2020-02-16T23:24:05,244][INFO ][o.e.e.NodeEnvironment    ] [testWriteShardState] heap size [512mb], compressed ordinary object pointers [true]
[2020-02-16T23:24:05,267][INFO ][o.e.i.s.IndexShardTests  ] [testWriteShardState] after test
[2020-02-16T23:24:05,271][INFO ][o.e.i.s.IndexShardTests  ] [testRestoreLocalHistoryFromTranslogOnPromotion] before test
[2020-02-16T23:24:06,118][INFO ][o.e.i.s.IndexShard       ] [org.elasticsearch.index.shard.IndexShardTests] [index][0] detected new primary with primary term [19], global checkpoint [108], max_seq_no [721]
[2020-02-16T23:24:06,488][INFO ][o.e.i.s.IndexShardTests  ] [testRestoreLocalHistoryFromTranslogOnPromotion] after test
[2020-02-16T23:24:06,491][INFO ][o.e.i.s.IndexShardTests  ] [testIndexCheckOnStartup] before test
[2020-02-16T23:24:06,603][INFO ][o.e.t.CorruptionUtils    ] [testIndexCheckOnStartup] Corrupting file --  flipping at position 264 from 4c to 4d file: _0.cfe
[2020-02-16T23:24:06,604][INFO ][o.e.t.CorruptionUtils    ] [testIndexCheckOnStartup] Checksum before: [1560192971] after: [303401268] checksum value after corruption: 1560192971] file: _0.cfe length: 331
[2020-02-16T23:24:06,639][WARN ][o.e.i.s.IndexShard       ] [testIndexCheckOnStartup] [index][0] check index [failure]
checksum failed: _0.cfe
org.apache.lucene.index.CorruptIndexException: checksum failed (hardware problem?) : expected=5cfea7cb actual=35b2a23a (resource=BufferedChecksumIndexInput(MockIndexInputWrapper(NIOFSIndexInput(path="E:\NotD\git\elasticsearch\server\build\testrun\test\temp\org.elasticsearch.index.shard.IndexShardTests_9EA1F2A3814E5F76-001\tempDir-104\indices\_na_\0\index\_0.cfe"))))
	at org.apache.lucene.codecs.CodecUtil.checkFooter(CodecUtil.java:419)
	at org.apache.lucene.codecs.CodecUtil.checksumEntireFile(CodecUtil.java:526)
	at org.elasticsearch.index.store.Store.checkIntegrity(Store.java:537)
	at org.elasticsearch.index.shard.IndexShard.doCheckIndex(IndexShard.java:2478)
	at org.elasticsearch.index.shard.IndexShard.checkIndex(IndexShard.java:2454)
	at org.elasticsearch.index.shard.IndexShard.maybeCheckIndex(IndexShard.java:2444)
	at org.elasticsearch.index.shard.IndexShard.openEngineAndRecoverFromTranslog(IndexShard.java:1579)
	at org.elasticsearch.index.shard.StoreRecovery.internalRecoverFromStore(StoreRecovery.java:422)
	at org.elasticsearch.index.shard.StoreRecovery.lambda$recoverFromStore$0(StoreRecovery.java:95)
	at org.elasticsearch.index.shard.StoreRecovery.executeRecovery(StoreRecovery.java:308)
	at org.elasticsearch.index.shard.StoreRecovery.recoverFromStore(StoreRecovery.java:93)
	at org.elasticsearch.index.shard.IndexShard.recoverFromStore(IndexShard.java:1859)
	at org.elasticsearch.index.shard.IndexShardTestCase.recoverShardFromStore(IndexShardTestCase.java:549)
	at org.elasticsearch.index.shard.IndexShardTestCase.newStartedShard(IndexShardTestCase.java:511)
	at org.elasticsearch.index.shard.IndexShardTests.lambda$testIndexCheckOnStartup$78(IndexShardTests.java:3127)
	at org.apache.lucene.util.LuceneTestCase._expectThrows(LuceneTestCase.java:2842)
	at org.apache.lucene.util.LuceneTestCase.expectThrows(LuceneTestCase.java:2717)
	at org.apache.lucene.util.LuceneTestCase.expectThrows(LuceneTestCase.java:2712)
	at org.elasticsearch.index.shard.IndexShardTests.testIndexCheckOnStartup(IndexShardTests.java:3127)
	at java.base/jdk.internal.reflect.NativeMethodAccessorImpl.invoke0(Native Method)
	at java.base/jdk.internal.reflect.NativeMethodAccessorImpl.invoke(NativeMethodAccessorImpl.java:62)
	at java.base/jdk.internal.reflect.DelegatingMethodAccessorImpl.invoke(DelegatingMethodAccessorImpl.java:43)
	at java.base/java.lang.reflect.Method.invoke(Method.java:567)
	at com.carrotsearch.randomizedtesting.RandomizedRunner.invoke(RandomizedRunner.java:1750)
	at com.carrotsearch.randomizedtesting.RandomizedRunner$8.evaluate(RandomizedRunner.java:938)
	at com.carrotsearch.randomizedtesting.RandomizedRunner$9.evaluate(RandomizedRunner.java:974)
	at com.carrotsearch.randomizedtesting.RandomizedRunner$10.evaluate(RandomizedRunner.java:988)
	at com.carrotsearch.randomizedtesting.rules.StatementAdapter.evaluate(StatementAdapter.java:36)
	at org.apache.lucene.util.TestRuleSetupTeardownChained$1.evaluate(TestRuleSetupTeardownChained.java:49)
	at org.apache.lucene.util.AbstractBeforeAfterRule$1.evaluate(AbstractBeforeAfterRule.java:45)
	at org.apache.lucene.util.TestRuleThreadAndTestName$1.evaluate(TestRuleThreadAndTestName.java:48)
	at org.apache.lucene.util.TestRuleIgnoreAfterMaxFailures$1.evaluate(TestRuleIgnoreAfterMaxFailures.java:64)
	at org.apache.lucene.util.TestRuleMarkFailure$1.evaluate(TestRuleMarkFailure.java:47)
	at com.carrotsearch.randomizedtesting.rules.StatementAdapter.evaluate(StatementAdapter.java:36)
	at com.carrotsearch.randomizedtesting.ThreadLeakControl$StatementRunner.run(ThreadLeakControl.java:368)
	at com.carrotsearch.randomizedtesting.ThreadLeakControl.forkTimeoutingTask(ThreadLeakControl.java:817)
	at com.carrotsearch.randomizedtesting.ThreadLeakControl$3.evaluate(ThreadLeakControl.java:468)
	at com.carrotsearch.randomizedtesting.RandomizedRunner.runSingleTest(RandomizedRunner.java:947)
	at com.carrotsearch.randomizedtesting.RandomizedRunner$5.evaluate(RandomizedRunner.java:832)
	at com.carrotsearch.randomizedtesting.RandomizedRunner$6.evaluate(RandomizedRunner.java:883)
	at com.carrotsearch.randomizedtesting.RandomizedRunner$7.evaluate(RandomizedRunner.java:894)
	at org.apache.lucene.util.AbstractBeforeAfterRule$1.evaluate(AbstractBeforeAfterRule.java:45)
	at com.carrotsearch.randomizedtesting.rules.StatementAdapter.evaluate(StatementAdapter.java:36)
	at org.apache.lucene.util.TestRuleStoreClassName$1.evaluate(TestRuleStoreClassName.java:41)
	at com.carrotsearch.randomizedtesting.rules.NoShadowingOrOverridesOnMethodsRule$1.evaluate(NoShadowingOrOverridesOnMethodsRule.java:40)
	at com.carrotsearch.randomizedtesting.rules.NoShadowingOrOverridesOnMethodsRule$1.evaluate(NoShadowingOrOverridesOnMethodsRule.java:40)
	at com.carrotsearch.randomizedtesting.rules.StatementAdapter.evaluate(StatementAdapter.java:36)
	at com.carrotsearch.randomizedtesting.rules.StatementAdapter.evaluate(StatementAdapter.java:36)
	at org.apache.lucene.util.TestRuleAssertionsRequired$1.evaluate(TestRuleAssertionsRequired.java:53)
	at org.apache.lucene.util.TestRuleMarkFailure$1.evaluate(TestRuleMarkFailure.java:47)
	at org.apache.lucene.util.TestRuleIgnoreAfterMaxFailures$1.evaluate(TestRuleIgnoreAfterMaxFailures.java:64)
	at org.apache.lucene.util.TestRuleIgnoreTestSuites$1.evaluate(TestRuleIgnoreTestSuites.java:54)
	at com.carrotsearch.randomizedtesting.rules.StatementAdapter.evaluate(StatementAdapter.java:36)
	at com.carrotsearch.randomizedtesting.ThreadLeakControl$StatementRunner.run(ThreadLeakControl.java:368)
	at java.base/java.lang.Thread.run(Thread.java:835)
checksum passed: _0.si
checksum passed: _0.cfs
checksum passed: segments_3

[2020-02-16T23:24:06,647][INFO ][o.e.i.s.IndexShardTests  ] [testIndexCheckOnStartup] after test
[2020-02-16T23:24:06,653][INFO ][o.e.i.s.IndexShardTests  ] [testRecoverFromCleanStore] before test
[2020-02-16T23:24:06,826][INFO ][o.e.i.s.IndexShardTests  ] [testRecoverFromCleanStore] after test
[2020-02-16T23:24:06,829][INFO ][o.e.i.s.IndexShardTests  ] [testSegmentMemoryTrackedInBreaker] before test
[2020-02-16T23:24:07,027][INFO ][o.e.i.s.IndexShardTests  ] [testSegmentMemoryTrackedInBreaker] after test
[2020-02-16T23:24:07,029][INFO ][o.e.i.s.IndexShardTests  ] [testRelocatedShardCanNotBeRevivedConcurrently] before test
[2020-02-16T23:24:07,107][INFO ][o.e.i.s.IndexShardTests  ] [testRelocatedShardCanNotBeRevivedConcurrently] after test
[2020-02-16T23:24:07,113][INFO ][o.e.i.s.IndexShardTests  ] [testFailShard] before test
[2020-02-16T23:24:07,281][WARN ][o.e.i.e.Engine           ] [testFailShard] [index][0] failed engine [test shard fail]
org.apache.lucene.index.CorruptIndexException:  (resource=)
	at org.elasticsearch.index.shard.IndexShardTests.testFailShard(IndexShardTests.java:268) [test/:?]
	at jdk.internal.reflect.NativeMethodAccessorImpl.invoke0(Native Method) ~[?:?]
	at jdk.internal.reflect.NativeMethodAccessorImpl.invoke(NativeMethodAccessorImpl.java:62) ~[?:?]
	at jdk.internal.reflect.DelegatingMethodAccessorImpl.invoke(DelegatingMethodAccessorImpl.java:43) ~[?:?]
	at java.lang.reflect.Method.invoke(Method.java:567) ~[?:?]
	at com.carrotsearch.randomizedtesting.RandomizedRunner.invoke(RandomizedRunner.java:1750) [randomizedtesting-runner-2.7.1.jar:?]
	at com.carrotsearch.randomizedtesting.RandomizedRunner$8.evaluate(RandomizedRunner.java:938) [randomizedtesting-runner-2.7.1.jar:?]
	at com.carrotsearch.randomizedtesting.RandomizedRunner$9.evaluate(RandomizedRunner.java:974) [randomizedtesting-runner-2.7.1.jar:?]
	at com.carrotsearch.randomizedtesting.RandomizedRunner$10.evaluate(RandomizedRunner.java:988) [randomizedtesting-runner-2.7.1.jar:?]
	at com.carrotsearch.randomizedtesting.rules.StatementAdapter.evaluate(StatementAdapter.java:36) [randomizedtesting-runner-2.7.1.jar:?]
	at org.apache.lucene.util.TestRuleSetupTeardownChained$1.evaluate(TestRuleSetupTeardownChained.java:49) [lucene-test-framework-8.3.0.jar:8.3.0 2aa586909b911e66e1d8863aa89f173d69f86cd2 - ishan - 2019-10-25 23:10:05]
	at org.apache.lucene.util.AbstractBeforeAfterRule$1.evaluate(AbstractBeforeAfterRule.java:45) [lucene-test-framework-8.3.0.jar:8.3.0 2aa586909b911e66e1d8863aa89f173d69f86cd2 - ishan - 2019-10-25 23:10:05]
	at org.apache.lucene.util.TestRuleThreadAndTestName$1.evaluate(TestRuleThreadAndTestName.java:48) [lucene-test-framework-8.3.0.jar:8.3.0 2aa586909b911e66e1d8863aa89f173d69f86cd2 - ishan - 2019-10-25 23:10:05]
	at org.apache.lucene.util.TestRuleIgnoreAfterMaxFailures$1.evaluate(TestRuleIgnoreAfterMaxFailures.java:64) [lucene-test-framework-8.3.0.jar:8.3.0 2aa586909b911e66e1d8863aa89f173d69f86cd2 - ishan - 2019-10-25 23:10:05]
	at org.apache.lucene.util.TestRuleMarkFailure$1.evaluate(TestRuleMarkFailure.java:47) [lucene-test-framework-8.3.0.jar:8.3.0 2aa586909b911e66e1d8863aa89f173d69f86cd2 - ishan - 2019-10-25 23:10:05]
	at com.carrotsearch.randomizedtesting.rules.StatementAdapter.evaluate(StatementAdapter.java:36) [randomizedtesting-runner-2.7.1.jar:?]
	at com.carrotsearch.randomizedtesting.ThreadLeakControl$StatementRunner.run(ThreadLeakControl.java:368) [randomizedtesting-runner-2.7.1.jar:?]
	at com.carrotsearch.randomizedtesting.ThreadLeakControl.forkTimeoutingTask(ThreadLeakControl.java:817) [randomizedtesting-runner-2.7.1.jar:?]
	at com.carrotsearch.randomizedtesting.ThreadLeakControl$3.evaluate(ThreadLeakControl.java:468) [randomizedtesting-runner-2.7.1.jar:?]
	at com.carrotsearch.randomizedtesting.RandomizedRunner.runSingleTest(RandomizedRunner.java:947) [randomizedtesting-runner-2.7.1.jar:?]
	at com.carrotsearch.randomizedtesting.RandomizedRunner$5.evaluate(RandomizedRunner.java:832) [randomizedtesting-runner-2.7.1.jar:?]
	at com.carrotsearch.randomizedtesting.RandomizedRunner$6.evaluate(RandomizedRunner.java:883) [randomizedtesting-runner-2.7.1.jar:?]
	at com.carrotsearch.randomizedtesting.RandomizedRunner$7.evaluate(RandomizedRunner.java:894) [randomizedtesting-runner-2.7.1.jar:?]
	at org.apache.lucene.util.AbstractBeforeAfterRule$1.evaluate(AbstractBeforeAfterRule.java:45) [lucene-test-framework-8.3.0.jar:8.3.0 2aa586909b911e66e1d8863aa89f173d69f86cd2 - ishan - 2019-10-25 23:10:05]
	at com.carrotsearch.randomizedtesting.rules.StatementAdapter.evaluate(StatementAdapter.java:36) [randomizedtesting-runner-2.7.1.jar:?]
	at org.apache.lucene.util.TestRuleStoreClassName$1.evaluate(TestRuleStoreClassName.java:41) [lucene-test-framework-8.3.0.jar:8.3.0 2aa586909b911e66e1d8863aa89f173d69f86cd2 - ishan - 2019-10-25 23:10:05]
	at com.carrotsearch.randomizedtesting.rules.NoShadowingOrOverridesOnMethodsRule$1.evaluate(NoShadowingOrOverridesOnMethodsRule.java:40) [randomizedtesting-runner-2.7.1.jar:?]
	at com.carrotsearch.randomizedtesting.rules.NoShadowingOrOverridesOnMethodsRule$1.evaluate(NoShadowingOrOverridesOnMethodsRule.java:40) [randomizedtesting-runner-2.7.1.jar:?]
	at com.carrotsearch.randomizedtesting.rules.StatementAdapter.evaluate(StatementAdapter.java:36) [randomizedtesting-runner-2.7.1.jar:?]
	at com.carrotsearch.randomizedtesting.rules.StatementAdapter.evaluate(StatementAdapter.java:36) [randomizedtesting-runner-2.7.1.jar:?]
	at org.apache.lucene.util.TestRuleAssertionsRequired$1.evaluate(TestRuleAssertionsRequired.java:53) [lucene-test-framework-8.3.0.jar:8.3.0 2aa586909b911e66e1d8863aa89f173d69f86cd2 - ishan - 2019-10-25 23:10:05]
	at org.apache.lucene.util.TestRuleMarkFailure$1.evaluate(TestRuleMarkFailure.java:47) [lucene-test-framework-8.3.0.jar:8.3.0 2aa586909b911e66e1d8863aa89f173d69f86cd2 - ishan - 2019-10-25 23:10:05]
	at org.apache.lucene.util.TestRuleIgnoreAfterMaxFailures$1.evaluate(TestRuleIgnoreAfterMaxFailures.java:64) [lucene-test-framework-8.3.0.jar:8.3.0 2aa586909b911e66e1d8863aa89f173d69f86cd2 - ishan - 2019-10-25 23:10:05]
	at org.apache.lucene.util.TestRuleIgnoreTestSuites$1.evaluate(TestRuleIgnoreTestSuites.java:54) [lucene-test-framework-8.3.0.jar:8.3.0 2aa586909b911e66e1d8863aa89f173d69f86cd2 - ishan - 2019-10-25 23:10:05]
	at com.carrotsearch.randomizedtesting.rules.StatementAdapter.evaluate(StatementAdapter.java:36) [randomizedtesting-runner-2.7.1.jar:?]
	at com.carrotsearch.randomizedtesting.ThreadLeakControl$StatementRunner.run(ThreadLeakControl.java:368) [randomizedtesting-runner-2.7.1.jar:?]
	at java.lang.Thread.run(Thread.java:835) [?:?]
[2020-02-16T23:24:07,288][INFO ][o.e.i.s.IndexShardTests  ] [testFailShard] after test
[2020-02-16T23:24:07,291][INFO ][o.e.i.s.IndexShardTests  ] [testAcquireReplicaPermitAdvanceMaxSeqNoOfUpdates] before test
[2020-02-16T23:24:07,498][INFO ][o.e.i.s.IndexShardTests  ] [testAcquireReplicaPermitAdvanceMaxSeqNoOfUpdates] after test
[2020-02-16T23:24:07,502][INFO ][o.e.i.s.IndexShardTests  ] [testRecoverFromStoreRemoveStaleOperations] before test
[2020-02-16T23:24:08,121][INFO ][o.e.i.s.IndexShardTests  ] [testRecoverFromStoreRemoveStaleOperations] after test
[2020-02-16T23:24:08,236][INFO ][o.e.i.s.IndexShardTests  ] [testDoNotTrimCommitsWhenOpenReadOnlyEngine] before test
[2020-02-16T23:24:08,638][INFO ][o.e.i.s.IndexShardTests  ] [testDoNotTrimCommitsWhenOpenReadOnlyEngine] after test
[2020-02-16T23:24:08,646][INFO ][o.e.i.s.IndexShardTests  ] [testSegmentMemoryTrackedWithRandomSearchers] before test
[2020-02-16T23:24:08,738][INFO ][o.e.i.s.IndexShardTests  ] [testSegmentMemoryTrackedWithRandomSearchers] --> running with 3 threads and 80 iterations each
[2020-02-16T23:24:14,085][INFO ][o.e.i.s.IndexShardTests  ] [testSegmentMemoryTrackedWithRandomSearchers] --> comparing segmentMem: 1053 - breaker: 1053 => true
[2020-02-16T23:24:14,103][INFO ][o.e.i.s.IndexShardTests  ] [testSegmentMemoryTrackedWithRandomSearchers] after test
[2020-02-16T23:24:14,105][INFO ][o.e.i.s.IndexShardTests  ] [testOperationPermitOnReplicaShards] before test
[2020-02-16T23:24:14,132][INFO ][o.e.i.s.IndexShardTests  ] [testOperationPermitOnReplicaShards] shard routing to [test][0], node[local_node], relocating [sourceNode], [P], recovery_source[existing store recovery; bootstrap_history_uuid=false], s[INITIALIZING], a[id=yAmX3mHLTQ-k7d1qDr7qeA, rId=RBL1br4cQrqRt0KhWbxLag], unassigned_info[[reason=NEW_INDEX_RESTORED], at[2020-02-16T22:24:14.106Z], delayed=false, details[auto generated for test], allocation_status[no_attempt]]
[2020-02-16T23:24:14,134][INFO ][o.e.i.s.IndexShardTests  ] [testOperationPermitOnReplicaShards] after test
[2020-02-16T23:24:14,137][INFO ][o.e.i.s.IndexShardTests  ] [testTypelessGet] before test
[2020-02-16T23:24:14,249][INFO ][o.e.i.s.IndexShardTests  ] [testTypelessGet] after test
[2020-02-16T23:24:14,252][INFO ][o.e.i.s.IndexShardTests  ] [testRefreshIsNeededWithRefreshListeners] before test
[2020-02-16T23:24:14,374][INFO ][o.e.c.s.IndexScopedSettings] [testRefreshIsNeededWithRefreshListeners] updating [index.search.idle.after] from [30s] to [0ms]
[2020-02-16T23:24:14,405][INFO ][o.e.i.s.IndexShardTests  ] [testRefreshIsNeededWithRefreshListeners] after test
[2020-02-16T23:24:14,409][INFO ][o.e.i.s.IndexShardTests  ] [testShardStats] before test
[2020-02-16T23:24:14,490][INFO ][o.e.i.s.IndexShardTests  ] [testShardStats] after test
[2020-02-16T23:24:14,512][INFO ][o.e.i.s.IndexShardTests  ] [testSearchIsReleaseIfWrapperFails] before test
[2020-02-16T23:24:14,714][INFO ][o.e.i.s.IndexShardTests  ] [testSearchIsReleaseIfWrapperFails] after test
[2020-02-16T23:24:14,727][INFO ][o.e.i.s.IndexShardTests  ] [testShardActiveDuringInternalRecovery] before test
[2020-02-16T23:24:14,937][INFO ][o.e.i.s.IndexShardTests  ] [testShardActiveDuringInternalRecovery] after test
[2020-02-16T23:24:15,012][INFO ][o.e.i.s.IndexShardTests  ] [testRunUnderPrimaryPermitDelaysToExecutorWhenBlocked] before test
[2020-02-16T23:24:15,094][INFO ][o.e.i.s.IndexShardTests  ] [testRunUnderPrimaryPermitDelaysToExecutorWhenBlocked] after test
[2020-02-16T23:24:15,097][INFO ][o.e.i.s.IndexShardTests  ] [testSnapshotWhileResettingEngine] before test
[2020-02-16T23:24:15,653][INFO ][o.e.i.s.IndexShardTests  ] [testSnapshotWhileResettingEngine] after test
[2020-02-16T23:24:15,656][INFO ][o.e.i.s.IndexShardTests  ] [testIndexingOperationsListeners] before test
[2020-02-16T23:24:15,882][INFO ][o.e.i.s.IndexShardTests  ] [testIndexingOperationsListeners] after test
[2020-02-16T23:24:15,897][INFO ][o.e.i.s.IndexShardTests  ] [testShardStatsWithFailures] before test
[2020-02-16T23:24:15,977][WARN ][o.e.i.e.Engine           ] [testShardStatsWithFailures] [index][0] failed engine [Failing shard because of exception during storeStats]
org.apache.lucene.index.CorruptIndexException: Test CorruptIndexException (resource=Test resource)
	at org.elasticsearch.index.shard.IndexShardTests.lambda$testShardStatsWithFailures$38(IndexShardTests.java:1554) ~[test/:?]
	at org.elasticsearch.index.shard.IndexShardTests$16.fileLength(IndexShardTests.java:1521) ~[test/:?]
	at org.elasticsearch.index.store.ByteSizeCachingDirectory.estimateSizeInBytes(ByteSizeCachingDirectory.java:56) ~[main/:?]
	at org.elasticsearch.index.store.ByteSizeCachingDirectory.access$200(ByteSizeCachingDirectory.java:37) ~[main/:?]
	at org.elasticsearch.index.store.ByteSizeCachingDirectory$1.refresh(ByteSizeCachingDirectory.java:90) ~[main/:?]
	at org.elasticsearch.index.store.ByteSizeCachingDirectory$1.refresh(ByteSizeCachingDirectory.java:72) ~[main/:?]
	at org.elasticsearch.common.util.SingleObjectCache.getOrRefresh(SingleObjectCache.java:54) ~[main/:7.5.1-SNAPSHOT]
	at org.elasticsearch.index.store.ByteSizeCachingDirectory.estimateSizeInBytes(ByteSizeCachingDirectory.java:121) ~[main/:?]
	at org.elasticsearch.index.store.Store$StoreDirectory.estimateSize(Store.java:721) ~[main/:?]
	at org.elasticsearch.index.store.Store.stats(Store.java:369) ~[main/:?]
	at org.elasticsearch.index.shard.IndexShard.storeStats(IndexShard.java:1027) [main/:?]
	at org.apache.lucene.util.LuceneTestCase._expectThrows(LuceneTestCase.java:2842) [lucene-test-framework-8.3.0.jar:8.3.0 2aa586909b911e66e1d8863aa89f173d69f86cd2 - ishan - 2019-10-25 23:10:05]
	at org.apache.lucene.util.LuceneTestCase.expectThrows(LuceneTestCase.java:2717) [lucene-test-framework-8.3.0.jar:8.3.0 2aa586909b911e66e1d8863aa89f173d69f86cd2 - ishan - 2019-10-25 23:10:05]
	at org.apache.lucene.util.LuceneTestCase.expectThrows(LuceneTestCase.java:2712) [lucene-test-framework-8.3.0.jar:8.3.0 2aa586909b911e66e1d8863aa89f173d69f86cd2 - ishan - 2019-10-25 23:10:05]
	at org.elasticsearch.index.shard.IndexShardTests.testShardStatsWithFailures(IndexShardTests.java:1559) [test/:?]
	at jdk.internal.reflect.NativeMethodAccessorImpl.invoke0(Native Method) ~[?:?]
	at jdk.internal.reflect.NativeMethodAccessorImpl.invoke(NativeMethodAccessorImpl.java:62) ~[?:?]
	at jdk.internal.reflect.DelegatingMethodAccessorImpl.invoke(DelegatingMethodAccessorImpl.java:43) ~[?:?]
	at java.lang.reflect.Method.invoke(Method.java:567) ~[?:?]
	at com.carrotsearch.randomizedtesting.RandomizedRunner.invoke(RandomizedRunner.java:1750) [randomizedtesting-runner-2.7.1.jar:?]
	at com.carrotsearch.randomizedtesting.RandomizedRunner$8.evaluate(RandomizedRunner.java:938) [randomizedtesting-runner-2.7.1.jar:?]
	at com.carrotsearch.randomizedtesting.RandomizedRunner$9.evaluate(RandomizedRunner.java:974) [randomizedtesting-runner-2.7.1.jar:?]
	at com.carrotsearch.randomizedtesting.RandomizedRunner$10.evaluate(RandomizedRunner.java:988) [randomizedtesting-runner-2.7.1.jar:?]
	at com.carrotsearch.randomizedtesting.rules.StatementAdapter.evaluate(StatementAdapter.java:36) [randomizedtesting-runner-2.7.1.jar:?]
	at org.apache.lucene.util.TestRuleSetupTeardownChained$1.evaluate(TestRuleSetupTeardownChained.java:49) [lucene-test-framework-8.3.0.jar:8.3.0 2aa586909b911e66e1d8863aa89f173d69f86cd2 - ishan - 2019-10-25 23:10:05]
	at org.apache.lucene.util.AbstractBeforeAfterRule$1.evaluate(AbstractBeforeAfterRule.java:45) [lucene-test-framework-8.3.0.jar:8.3.0 2aa586909b911e66e1d8863aa89f173d69f86cd2 - ishan - 2019-10-25 23:10:05]
	at org.apache.lucene.util.TestRuleThreadAndTestName$1.evaluate(TestRuleThreadAndTestName.java:48) [lucene-test-framework-8.3.0.jar:8.3.0 2aa586909b911e66e1d8863aa89f173d69f86cd2 - ishan - 2019-10-25 23:10:05]
	at org.apache.lucene.util.TestRuleIgnoreAfterMaxFailures$1.evaluate(TestRuleIgnoreAfterMaxFailures.java:64) [lucene-test-framework-8.3.0.jar:8.3.0 2aa586909b911e66e1d8863aa89f173d69f86cd2 - ishan - 2019-10-25 23:10:05]
	at org.apache.lucene.util.TestRuleMarkFailure$1.evaluate(TestRuleMarkFailure.java:47) [lucene-test-framework-8.3.0.jar:8.3.0 2aa586909b911e66e1d8863aa89f173d69f86cd2 - ishan - 2019-10-25 23:10:05]
	at com.carrotsearch.randomizedtesting.rules.StatementAdapter.evaluate(StatementAdapter.java:36) [randomizedtesting-runner-2.7.1.jar:?]
	at com.carrotsearch.randomizedtesting.ThreadLeakControl$StatementRunner.run(ThreadLeakControl.java:368) [randomizedtesting-runner-2.7.1.jar:?]
	at com.carrotsearch.randomizedtesting.ThreadLeakControl.forkTimeoutingTask(ThreadLeakControl.java:817) [randomizedtesting-runner-2.7.1.jar:?]
	at com.carrotsearch.randomizedtesting.ThreadLeakControl$3.evaluate(ThreadLeakControl.java:468) [randomizedtesting-runner-2.7.1.jar:?]
	at com.carrotsearch.randomizedtesting.RandomizedRunner.runSingleTest(RandomizedRunner.java:947) [randomizedtesting-runner-2.7.1.jar:?]
	at com.carrotsearch.randomizedtesting.RandomizedRunner$5.evaluate(RandomizedRunner.java:832) [randomizedtesting-runner-2.7.1.jar:?]
	at com.carrotsearch.randomizedtesting.RandomizedRunner$6.evaluate(RandomizedRunner.java:883) [randomizedtesting-runner-2.7.1.jar:?]
	at com.carrotsearch.randomizedtesting.RandomizedRunner$7.evaluate(RandomizedRunner.java:894) [randomizedtesting-runner-2.7.1.jar:?]
	at org.apache.lucene.util.AbstractBeforeAfterRule$1.evaluate(AbstractBeforeAfterRule.java:45) [lucene-test-framework-8.3.0.jar:8.3.0 2aa586909b911e66e1d8863aa89f173d69f86cd2 - ishan - 2019-10-25 23:10:05]
	at com.carrotsearch.randomizedtesting.rules.StatementAdapter.evaluate(StatementAdapter.java:36) [randomizedtesting-runner-2.7.1.jar:?]
	at org.apache.lucene.util.TestRuleStoreClassName$1.evaluate(TestRuleStoreClassName.java:41) [lucene-test-framework-8.3.0.jar:8.3.0 2aa586909b911e66e1d8863aa89f173d69f86cd2 - ishan - 2019-10-25 23:10:05]
	at com.carrotsearch.randomizedtesting.rules.NoShadowingOrOverridesOnMethodsRule$1.evaluate(NoShadowingOrOverridesOnMethodsRule.java:40) [randomizedtesting-runner-2.7.1.jar:?]
	at com.carrotsearch.randomizedtesting.rules.NoShadowingOrOverridesOnMethodsRule$1.evaluate(NoShadowingOrOverridesOnMethodsRule.java:40) [randomizedtesting-runner-2.7.1.jar:?]
	at com.carrotsearch.randomizedtesting.rules.StatementAdapter.evaluate(StatementAdapter.java:36) [randomizedtesting-runner-2.7.1.jar:?]
	at com.carrotsearch.randomizedtesting.rules.StatementAdapter.evaluate(StatementAdapter.java:36) [randomizedtesting-runner-2.7.1.jar:?]
	at org.apache.lucene.util.TestRuleAssertionsRequired$1.evaluate(TestRuleAssertionsRequired.java:53) [lucene-test-framework-8.3.0.jar:8.3.0 2aa586909b911e66e1d8863aa89f173d69f86cd2 - ishan - 2019-10-25 23:10:05]
	at org.apache.lucene.util.TestRuleMarkFailure$1.evaluate(TestRuleMarkFailure.java:47) [lucene-test-framework-8.3.0.jar:8.3.0 2aa586909b911e66e1d8863aa89f173d69f86cd2 - ishan - 2019-10-25 23:10:05]
	at org.apache.lucene.util.TestRuleIgnoreAfterMaxFailures$1.evaluate(TestRuleIgnoreAfterMaxFailures.java:64) [lucene-test-framework-8.3.0.jar:8.3.0 2aa586909b911e66e1d8863aa89f173d69f86cd2 - ishan - 2019-10-25 23:10:05]
	at org.apache.lucene.util.TestRuleIgnoreTestSuites$1.evaluate(TestRuleIgnoreTestSuites.java:54) [lucene-test-framework-8.3.0.jar:8.3.0 2aa586909b911e66e1d8863aa89f173d69f86cd2 - ishan - 2019-10-25 23:10:05]
	at com.carrotsearch.randomizedtesting.rules.StatementAdapter.evaluate(StatementAdapter.java:36) [randomizedtesting-runner-2.7.1.jar:?]
	at com.carrotsearch.randomizedtesting.ThreadLeakControl$StatementRunner.run(ThreadLeakControl.java:368) [randomizedtesting-runner-2.7.1.jar:?]
	at java.lang.Thread.run(Thread.java:835) [?:?]
[2020-02-16T23:24:15,981][INFO ][o.e.i.s.IndexShardTests  ] [testShardStatsWithFailures] after test
[2020-02-16T23:24:15,988][INFO ][o.e.i.s.IndexShardTests  ] [testPersistenceStateMetadataPersistence] before test
[2020-02-16T23:24:16,077][INFO ][o.e.i.s.IndexShardTests  ] [testPersistenceStateMetadataPersistence] after test
[2020-02-16T23:24:16,082][INFO ][o.e.i.s.IndexShardTests  ] [testShardCanNotBeMarkedAsRelocatedIfRelocationCancelled] before test
[2020-02-16T23:24:16,179][INFO ][o.e.i.s.IndexShardTests  ] [testShardCanNotBeMarkedAsRelocatedIfRelocationCancelled] after test
[2020-02-16T23:24:16,183][INFO ][o.e.i.s.IndexShardTests  ] [testRecoverFromStalePrimaryForceNewHistoryUUID] before test
[2020-02-16T23:24:16,393][INFO ][o.e.i.s.IndexShardTests  ] [testRecoverFromStalePrimaryForceNewHistoryUUID] after test
[2020-02-16T23:24:16,401][INFO ][o.e.i.s.IndexShardTests  ] [testRunUnderPrimaryPermitRunsUnderPrimaryPermit] before test
[2020-02-16T23:24:16,478][INFO ][o.e.i.s.IndexShardTests  ] [testRunUnderPrimaryPermitRunsUnderPrimaryPermit] after test
[2020-02-16T23:24:16,521][INFO ][o.e.i.s.IndexShardTests  ] [testAsyncFsync] before test
[2020-02-16T23:24:16,924][INFO ][o.e.i.s.IndexShardTests  ] [testAsyncFsync] after test
[2020-02-16T23:24:16,933][INFO ][o.e.i.s.IndexShardTests  ] [testPrimaryFillsSeqNoGapsOnPromotion] before test
[2020-02-16T23:24:17,623][INFO ][o.e.i.s.IndexShard       ] [org.elasticsearch.index.shard.IndexShardTests] [index][0] primary-replica resync completed with 0 operations
[2020-02-16T23:24:17,689][INFO ][o.e.i.s.IndexShardTests  ] [testPrimaryFillsSeqNoGapsOnPromotion] after test
[2020-02-16T23:24:17,695][INFO ][o.e.i.s.IndexShardTests  ] [testRecoverFromTranslog] before test
[2020-02-16T23:24:17,777][INFO ][o.e.i.s.IndexShard       ] [testRecoverFromTranslog] [test][0] ignoring recovery of a corrupt translog entry
org.elasticsearch.index.mapper.MapperParsingException: failed to parse field [foo] of type [text] in document with id '2'. Preview of field's value: ''
	at org.elasticsearch.index.mapper.FieldMapper.parse(FieldMapper.java:299) ~[main/:?]
	at org.elasticsearch.index.mapper.DocumentParser.parseObjectOrField(DocumentParser.java:488) ~[main/:?]
	at org.elasticsearch.index.mapper.DocumentParser.parseValue(DocumentParser.java:614) ~[main/:?]
	at org.elasticsearch.index.mapper.DocumentParser.innerParseObject(DocumentParser.java:427) ~[main/:?]
	at org.elasticsearch.index.mapper.DocumentParser.parseObjectOrNested(DocumentParser.java:395) ~[main/:?]
	at org.elasticsearch.index.mapper.DocumentParser.internalParseDocument(DocumentParser.java:112) ~[main/:?]
	at org.elasticsearch.index.mapper.DocumentParser.parseDocument(DocumentParser.java:71) ~[main/:?]
	at org.elasticsearch.index.mapper.DocumentMapper.parse(DocumentMapper.java:267) ~[main/:?]
	at org.elasticsearch.index.shard.IndexShard.prepareIndex(IndexShard.java:791) ~[main/:?]
	at org.elasticsearch.index.shard.IndexShard.applyIndexOperation(IndexShard.java:768) ~[main/:?]
	at org.elasticsearch.index.shard.IndexShard.applyTranslogOperation(IndexShard.java:1506) ~[main/:?]
	at org.elasticsearch.index.shard.IndexShard.runTranslogRecovery(IndexShard.java:1537) [main/:?]
	at org.elasticsearch.index.shard.IndexShardTests.testRecoverFromTranslog(IndexShardTests.java:2639) [test/:?]
	at jdk.internal.reflect.NativeMethodAccessorImpl.invoke0(Native Method) ~[?:?]
	at jdk.internal.reflect.NativeMethodAccessorImpl.invoke(NativeMethodAccessorImpl.java:62) ~[?:?]
	at jdk.internal.reflect.DelegatingMethodAccessorImpl.invoke(DelegatingMethodAccessorImpl.java:43) ~[?:?]
	at java.lang.reflect.Method.invoke(Method.java:567) ~[?:?]
	at com.carrotsearch.randomizedtesting.RandomizedRunner.invoke(RandomizedRunner.java:1750) [randomizedtesting-runner-2.7.1.jar:?]
	at com.carrotsearch.randomizedtesting.RandomizedRunner$8.evaluate(RandomizedRunner.java:938) [randomizedtesting-runner-2.7.1.jar:?]
	at com.carrotsearch.randomizedtesting.RandomizedRunner$9.evaluate(RandomizedRunner.java:974) [randomizedtesting-runner-2.7.1.jar:?]
	at com.carrotsearch.randomizedtesting.RandomizedRunner$10.evaluate(RandomizedRunner.java:988) [randomizedtesting-runner-2.7.1.jar:?]
	at com.carrotsearch.randomizedtesting.rules.StatementAdapter.evaluate(StatementAdapter.java:36) [randomizedtesting-runner-2.7.1.jar:?]
	at org.apache.lucene.util.TestRuleSetupTeardownChained$1.evaluate(TestRuleSetupTeardownChained.java:49) [lucene-test-framework-8.3.0.jar:8.3.0 2aa586909b911e66e1d8863aa89f173d69f86cd2 - ishan - 2019-10-25 23:10:05]
	at org.apache.lucene.util.AbstractBeforeAfterRule$1.evaluate(AbstractBeforeAfterRule.java:45) [lucene-test-framework-8.3.0.jar:8.3.0 2aa586909b911e66e1d8863aa89f173d69f86cd2 - ishan - 2019-10-25 23:10:05]
	at org.apache.lucene.util.TestRuleThreadAndTestName$1.evaluate(TestRuleThreadAndTestName.java:48) [lucene-test-framework-8.3.0.jar:8.3.0 2aa586909b911e66e1d8863aa89f173d69f86cd2 - ishan - 2019-10-25 23:10:05]
	at org.apache.lucene.util.TestRuleIgnoreAfterMaxFailures$1.evaluate(TestRuleIgnoreAfterMaxFailures.java:64) [lucene-test-framework-8.3.0.jar:8.3.0 2aa586909b911e66e1d8863aa89f173d69f86cd2 - ishan - 2019-10-25 23:10:05]
	at org.apache.lucene.util.TestRuleMarkFailure$1.evaluate(TestRuleMarkFailure.java:47) [lucene-test-framework-8.3.0.jar:8.3.0 2aa586909b911e66e1d8863aa89f173d69f86cd2 - ishan - 2019-10-25 23:10:05]
	at com.carrotsearch.randomizedtesting.rules.StatementAdapter.evaluate(StatementAdapter.java:36) [randomizedtesting-runner-2.7.1.jar:?]
	at com.carrotsearch.randomizedtesting.ThreadLeakControl$StatementRunner.run(ThreadLeakControl.java:368) [randomizedtesting-runner-2.7.1.jar:?]
	at com.carrotsearch.randomizedtesting.ThreadLeakControl.forkTimeoutingTask(ThreadLeakControl.java:817) [randomizedtesting-runner-2.7.1.jar:?]
	at com.carrotsearch.randomizedtesting.ThreadLeakControl$3.evaluate(ThreadLeakControl.java:468) [randomizedtesting-runner-2.7.1.jar:?]
	at com.carrotsearch.randomizedtesting.RandomizedRunner.runSingleTest(RandomizedRunner.java:947) [randomizedtesting-runner-2.7.1.jar:?]
	at com.carrotsearch.randomizedtesting.RandomizedRunner$5.evaluate(RandomizedRunner.java:832) [randomizedtesting-runner-2.7.1.jar:?]
	at com.carrotsearch.randomizedtesting.RandomizedRunner$6.evaluate(RandomizedRunner.java:883) [randomizedtesting-runner-2.7.1.jar:?]
	at com.carrotsearch.randomizedtesting.RandomizedRunner$7.evaluate(RandomizedRunner.java:894) [randomizedtesting-runner-2.7.1.jar:?]
	at org.apache.lucene.util.AbstractBeforeAfterRule$1.evaluate(AbstractBeforeAfterRule.java:45) [lucene-test-framework-8.3.0.jar:8.3.0 2aa586909b911e66e1d8863aa89f173d69f86cd2 - ishan - 2019-10-25 23:10:05]
	at com.carrotsearch.randomizedtesting.rules.StatementAdapter.evaluate(StatementAdapter.java:36) [randomizedtesting-runner-2.7.1.jar:?]
	at org.apache.lucene.util.TestRuleStoreClassName$1.evaluate(TestRuleStoreClassName.java:41) [lucene-test-framework-8.3.0.jar:8.3.0 2aa586909b911e66e1d8863aa89f173d69f86cd2 - ishan - 2019-10-25 23:10:05]
	at com.carrotsearch.randomizedtesting.rules.NoShadowingOrOverridesOnMethodsRule$1.evaluate(NoShadowingOrOverridesOnMethodsRule.java:40) [randomizedtesting-runner-2.7.1.jar:?]
	at com.carrotsearch.randomizedtesting.rules.NoShadowingOrOverridesOnMethodsRule$1.evaluate(NoShadowingOrOverridesOnMethodsRule.java:40) [randomizedtesting-runner-2.7.1.jar:?]
	at com.carrotsearch.randomizedtesting.rules.StatementAdapter.evaluate(StatementAdapter.java:36) [randomizedtesting-runner-2.7.1.jar:?]
	at com.carrotsearch.randomizedtesting.rules.StatementAdapter.evaluate(StatementAdapter.java:36) [randomizedtesting-runner-2.7.1.jar:?]
	at org.apache.lucene.util.TestRuleAssertionsRequired$1.evaluate(TestRuleAssertionsRequired.java:53) [lucene-test-framework-8.3.0.jar:8.3.0 2aa586909b911e66e1d8863aa89f173d69f86cd2 - ishan - 2019-10-25 23:10:05]
	at org.apache.lucene.util.TestRuleMarkFailure$1.evaluate(TestRuleMarkFailure.java:47) [lucene-test-framework-8.3.0.jar:8.3.0 2aa586909b911e66e1d8863aa89f173d69f86cd2 - ishan - 2019-10-25 23:10:05]
	at org.apache.lucene.util.TestRuleIgnoreAfterMaxFailures$1.evaluate(TestRuleIgnoreAfterMaxFailures.java:64) [lucene-test-framework-8.3.0.jar:8.3.0 2aa586909b911e66e1d8863aa89f173d69f86cd2 - ishan - 2019-10-25 23:10:05]
	at org.apache.lucene.util.TestRuleIgnoreTestSuites$1.evaluate(TestRuleIgnoreTestSuites.java:54) [lucene-test-framework-8.3.0.jar:8.3.0 2aa586909b911e66e1d8863aa89f173d69f86cd2 - ishan - 2019-10-25 23:10:05]
	at com.carrotsearch.randomizedtesting.rules.StatementAdapter.evaluate(StatementAdapter.java:36) [randomizedtesting-runner-2.7.1.jar:?]
	at com.carrotsearch.randomizedtesting.ThreadLeakControl$StatementRunner.run(ThreadLeakControl.java:368) [randomizedtesting-runner-2.7.1.jar:?]
	at java.lang.Thread.run(Thread.java:835) [?:?]
Caused by: com.fasterxml.jackson.core.io.JsonEOFException: Unexpected end-of-input in VALUE_STRING
 at [Source: org.elasticsearch.common.bytes.BytesReference$MarkSupportingStreamInputWrapper@266525da; line: 1, column: 29]
	at com.fasterxml.jackson.core.base.ParserMinimalBase._reportInvalidEOF(ParserMinimalBase.java:483) ~[jackson-core-2.8.11.jar:2.8.11]
	at com.fasterxml.jackson.core.base.ParserMinimalBase._reportInvalidEOF(ParserMinimalBase.java:460) ~[jackson-core-2.8.11.jar:2.8.11]
	at com.fasterxml.jackson.core.json.UTF8StreamJsonParser._loadMoreGuaranteed(UTF8StreamJsonParser.java:2404) ~[jackson-core-2.8.11.jar:2.8.11]
	at com.fasterxml.jackson.core.json.UTF8StreamJsonParser._finishString2(UTF8StreamJsonParser.java:2489) ~[jackson-core-2.8.11.jar:2.8.11]
	at com.fasterxml.jackson.core.json.UTF8StreamJsonParser._finishAndReturnString(UTF8StreamJsonParser.java:2469) ~[jackson-core-2.8.11.jar:2.8.11]
	at com.fasterxml.jackson.core.json.UTF8StreamJsonParser.getText(UTF8StreamJsonParser.java:315) ~[jackson-core-2.8.11.jar:2.8.11]
	at org.elasticsearch.common.xcontent.json.JsonXContentParser.text(JsonXContentParser.java:83) ~[elasticsearch-x-content-7.5.1-SNAPSHOT.jar:7.5.1-SNAPSHOT]
	at org.elasticsearch.common.xcontent.support.AbstractXContentParser.textOrNull(AbstractXContentParser.java:253) ~[elasticsearch-x-content-7.5.1-SNAPSHOT.jar:7.5.1-SNAPSHOT]
	at org.elasticsearch.index.mapper.TextFieldMapper.parseCreateField(TextFieldMapper.java:822) ~[main/:?]
	at org.elasticsearch.index.mapper.FieldMapper.parse(FieldMapper.java:277) ~[main/:?]
	... 48 more
[2020-02-16T23:24:17,781][INFO ][o.e.i.s.IndexShard       ] [testRecoverFromTranslog] [test][0] ignoring recovery of a corrupt translog entry
org.elasticsearch.index.mapper.MapperParsingException: failed to parse field [foo] of type [text] in document with id '2'. Preview of field's value: ''
	at org.elasticsearch.index.mapper.FieldMapper.parse(FieldMapper.java:299) ~[main/:?]
	at org.elasticsearch.index.mapper.DocumentParser.parseObjectOrField(DocumentParser.java:488) ~[main/:?]
	at org.elasticsearch.index.mapper.DocumentParser.parseValue(DocumentParser.java:614) ~[main/:?]
	at org.elasticsearch.index.mapper.DocumentParser.innerParseObject(DocumentParser.java:427) ~[main/:?]
	at org.elasticsearch.index.mapper.DocumentParser.parseObjectOrNested(DocumentParser.java:395) ~[main/:?]
	at org.elasticsearch.index.mapper.DocumentParser.internalParseDocument(DocumentParser.java:112) ~[main/:?]
	at org.elasticsearch.index.mapper.DocumentParser.parseDocument(DocumentParser.java:71) ~[main/:?]
	at org.elasticsearch.index.mapper.DocumentMapper.parse(DocumentMapper.java:267) ~[main/:?]
	at org.elasticsearch.index.shard.IndexShard.prepareIndex(IndexShard.java:791) ~[main/:?]
	at org.elasticsearch.index.shard.IndexShard.applyIndexOperation(IndexShard.java:768) ~[main/:?]
	at org.elasticsearch.index.shard.IndexShard.applyTranslogOperation(IndexShard.java:1506) ~[main/:?]
	at org.elasticsearch.index.shard.IndexShard.runTranslogRecovery(IndexShard.java:1537) [main/:?]
	at org.elasticsearch.index.shard.IndexShardTests.testRecoverFromTranslog(IndexShardTests.java:2639) [test/:?]
	at jdk.internal.reflect.NativeMethodAccessorImpl.invoke0(Native Method) ~[?:?]
	at jdk.internal.reflect.NativeMethodAccessorImpl.invoke(NativeMethodAccessorImpl.java:62) ~[?:?]
	at jdk.internal.reflect.DelegatingMethodAccessorImpl.invoke(DelegatingMethodAccessorImpl.java:43) ~[?:?]
	at java.lang.reflect.Method.invoke(Method.java:567) ~[?:?]
	at com.carrotsearch.randomizedtesting.RandomizedRunner.invoke(RandomizedRunner.java:1750) [randomizedtesting-runner-2.7.1.jar:?]
	at com.carrotsearch.randomizedtesting.RandomizedRunner$8.evaluate(RandomizedRunner.java:938) [randomizedtesting-runner-2.7.1.jar:?]
	at com.carrotsearch.randomizedtesting.RandomizedRunner$9.evaluate(RandomizedRunner.java:974) [randomizedtesting-runner-2.7.1.jar:?]
	at com.carrotsearch.randomizedtesting.RandomizedRunner$10.evaluate(RandomizedRunner.java:988) [randomizedtesting-runner-2.7.1.jar:?]
	at com.carrotsearch.randomizedtesting.rules.StatementAdapter.evaluate(StatementAdapter.java:36) [randomizedtesting-runner-2.7.1.jar:?]
	at org.apache.lucene.util.TestRuleSetupTeardownChained$1.evaluate(TestRuleSetupTeardownChained.java:49) [lucene-test-framework-8.3.0.jar:8.3.0 2aa586909b911e66e1d8863aa89f173d69f86cd2 - ishan - 2019-10-25 23:10:05]
	at org.apache.lucene.util.AbstractBeforeAfterRule$1.evaluate(AbstractBeforeAfterRule.java:45) [lucene-test-framework-8.3.0.jar:8.3.0 2aa586909b911e66e1d8863aa89f173d69f86cd2 - ishan - 2019-10-25 23:10:05]
	at org.apache.lucene.util.TestRuleThreadAndTestName$1.evaluate(TestRuleThreadAndTestName.java:48) [lucene-test-framework-8.3.0.jar:8.3.0 2aa586909b911e66e1d8863aa89f173d69f86cd2 - ishan - 2019-10-25 23:10:05]
	at org.apache.lucene.util.TestRuleIgnoreAfterMaxFailures$1.evaluate(TestRuleIgnoreAfterMaxFailures.java:64) [lucene-test-framework-8.3.0.jar:8.3.0 2aa586909b911e66e1d8863aa89f173d69f86cd2 - ishan - 2019-10-25 23:10:05]
	at org.apache.lucene.util.TestRuleMarkFailure$1.evaluate(TestRuleMarkFailure.java:47) [lucene-test-framework-8.3.0.jar:8.3.0 2aa586909b911e66e1d8863aa89f173d69f86cd2 - ishan - 2019-10-25 23:10:05]
	at com.carrotsearch.randomizedtesting.rules.StatementAdapter.evaluate(StatementAdapter.java:36) [randomizedtesting-runner-2.7.1.jar:?]
	at com.carrotsearch.randomizedtesting.ThreadLeakControl$StatementRunner.run(ThreadLeakControl.java:368) [randomizedtesting-runner-2.7.1.jar:?]
	at com.carrotsearch.randomizedtesting.ThreadLeakControl.forkTimeoutingTask(ThreadLeakControl.java:817) [randomizedtesting-runner-2.7.1.jar:?]
	at com.carrotsearch.randomizedtesting.ThreadLeakControl$3.evaluate(ThreadLeakControl.java:468) [randomizedtesting-runner-2.7.1.jar:?]
	at com.carrotsearch.randomizedtesting.RandomizedRunner.runSingleTest(RandomizedRunner.java:947) [randomizedtesting-runner-2.7.1.jar:?]
	at com.carrotsearch.randomizedtesting.RandomizedRunner$5.evaluate(RandomizedRunner.java:832) [randomizedtesting-runner-2.7.1.jar:?]
	at com.carrotsearch.randomizedtesting.RandomizedRunner$6.evaluate(RandomizedRunner.java:883) [randomizedtesting-runner-2.7.1.jar:?]
	at com.carrotsearch.randomizedtesting.RandomizedRunner$7.evaluate(RandomizedRunner.java:894) [randomizedtesting-runner-2.7.1.jar:?]
	at org.apache.lucene.util.AbstractBeforeAfterRule$1.evaluate(AbstractBeforeAfterRule.java:45) [lucene-test-framework-8.3.0.jar:8.3.0 2aa586909b911e66e1d8863aa89f173d69f86cd2 - ishan - 2019-10-25 23:10:05]
	at com.carrotsearch.randomizedtesting.rules.StatementAdapter.evaluate(StatementAdapter.java:36) [randomizedtesting-runner-2.7.1.jar:?]
	at org.apache.lucene.util.TestRuleStoreClassName$1.evaluate(TestRuleStoreClassName.java:41) [lucene-test-framework-8.3.0.jar:8.3.0 2aa586909b911e66e1d8863aa89f173d69f86cd2 - ishan - 2019-10-25 23:10:05]
	at com.carrotsearch.randomizedtesting.rules.NoShadowingOrOverridesOnMethodsRule$1.evaluate(NoShadowingOrOverridesOnMethodsRule.java:40) [randomizedtesting-runner-2.7.1.jar:?]
	at com.carrotsearch.randomizedtesting.rules.NoShadowingOrOverridesOnMethodsRule$1.evaluate(NoShadowingOrOverridesOnMethodsRule.java:40) [randomizedtesting-runner-2.7.1.jar:?]
	at com.carrotsearch.randomizedtesting.rules.StatementAdapter.evaluate(StatementAdapter.java:36) [randomizedtesting-runner-2.7.1.jar:?]
	at com.carrotsearch.randomizedtesting.rules.StatementAdapter.evaluate(StatementAdapter.java:36) [randomizedtesting-runner-2.7.1.jar:?]
	at org.apache.lucene.util.TestRuleAssertionsRequired$1.evaluate(TestRuleAssertionsRequired.java:53) [lucene-test-framework-8.3.0.jar:8.3.0 2aa586909b911e66e1d8863aa89f173d69f86cd2 - ishan - 2019-10-25 23:10:05]
	at org.apache.lucene.util.TestRuleMarkFailure$1.evaluate(TestRuleMarkFailure.java:47) [lucene-test-framework-8.3.0.jar:8.3.0 2aa586909b911e66e1d8863aa89f173d69f86cd2 - ishan - 2019-10-25 23:10:05]
	at org.apache.lucene.util.TestRuleIgnoreAfterMaxFailures$1.evaluate(TestRuleIgnoreAfterMaxFailures.java:64) [lucene-test-framework-8.3.0.jar:8.3.0 2aa586909b911e66e1d8863aa89f173d69f86cd2 - ishan - 2019-10-25 23:10:05]
	at org.apache.lucene.util.TestRuleIgnoreTestSuites$1.evaluate(TestRuleIgnoreTestSuites.java:54) [lucene-test-framework-8.3.0.jar:8.3.0 2aa586909b911e66e1d8863aa89f173d69f86cd2 - ishan - 2019-10-25 23:10:05]
	at com.carrotsearch.randomizedtesting.rules.StatementAdapter.evaluate(StatementAdapter.java:36) [randomizedtesting-runner-2.7.1.jar:?]
	at com.carrotsearch.randomizedtesting.ThreadLeakControl$StatementRunner.run(ThreadLeakControl.java:368) [randomizedtesting-runner-2.7.1.jar:?]
	at java.lang.Thread.run(Thread.java:835) [?:?]
Caused by: com.fasterxml.jackson.core.io.JsonEOFException: Unexpected end-of-input in VALUE_STRING
 at [Source: org.elasticsearch.common.bytes.BytesReference$MarkSupportingStreamInputWrapper@450e221b; line: 1, column: 29]
	at com.fasterxml.jackson.core.base.ParserMinimalBase._reportInvalidEOF(ParserMinimalBase.java:483) ~[jackson-core-2.8.11.jar:2.8.11]
	at com.fasterxml.jackson.core.base.ParserMinimalBase._reportInvalidEOF(ParserMinimalBase.java:460) ~[jackson-core-2.8.11.jar:2.8.11]
	at com.fasterxml.jackson.core.json.UTF8StreamJsonParser._loadMoreGuaranteed(UTF8StreamJsonParser.java:2404) ~[jackson-core-2.8.11.jar:2.8.11]
	at com.fasterxml.jackson.core.json.UTF8StreamJsonParser._finishString2(UTF8StreamJsonParser.java:2489) ~[jackson-core-2.8.11.jar:2.8.11]
	at com.fasterxml.jackson.core.json.UTF8StreamJsonParser._finishAndReturnString(UTF8StreamJsonParser.java:2469) ~[jackson-core-2.8.11.jar:2.8.11]
	at com.fasterxml.jackson.core.json.UTF8StreamJsonParser.getText(UTF8StreamJsonParser.java:315) ~[jackson-core-2.8.11.jar:2.8.11]
	at org.elasticsearch.common.xcontent.json.JsonXContentParser.text(JsonXContentParser.java:83) ~[elasticsearch-x-content-7.5.1-SNAPSHOT.jar:7.5.1-SNAPSHOT]
	at org.elasticsearch.common.xcontent.support.AbstractXContentParser.textOrNull(AbstractXContentParser.java:253) ~[elasticsearch-x-content-7.5.1-SNAPSHOT.jar:7.5.1-SNAPSHOT]
	at org.elasticsearch.index.mapper.TextFieldMapper.parseCreateField(TextFieldMapper.java:822) ~[main/:?]
	at org.elasticsearch.index.mapper.FieldMapper.parse(FieldMapper.java:277) ~[main/:?]
	... 48 more
[2020-02-16T23:24:17,782][INFO ][o.e.i.s.IndexShard       ] [testRecoverFromTranslog] [test][0] ignoring recovery of a corrupt translog entry
org.elasticsearch.index.mapper.MapperParsingException: failed to parse field [foo] of type [text] in document with id '2'. Preview of field's value: ''
	at org.elasticsearch.index.mapper.FieldMapper.parse(FieldMapper.java:299) ~[main/:?]
	at org.elasticsearch.index.mapper.DocumentParser.parseObjectOrField(DocumentParser.java:488) ~[main/:?]
	at org.elasticsearch.index.mapper.DocumentParser.parseValue(DocumentParser.java:614) ~[main/:?]
	at org.elasticsearch.index.mapper.DocumentParser.innerParseObject(DocumentParser.java:427) ~[main/:?]
	at org.elasticsearch.index.mapper.DocumentParser.parseObjectOrNested(DocumentParser.java:395) ~[main/:?]
	at org.elasticsearch.index.mapper.DocumentParser.internalParseDocument(DocumentParser.java:112) ~[main/:?]
	at org.elasticsearch.index.mapper.DocumentParser.parseDocument(DocumentParser.java:71) ~[main/:?]
	at org.elasticsearch.index.mapper.DocumentMapper.parse(DocumentMapper.java:267) ~[main/:?]
	at org.elasticsearch.index.shard.IndexShard.prepareIndex(IndexShard.java:791) ~[main/:?]
	at org.elasticsearch.index.shard.IndexShard.applyIndexOperation(IndexShard.java:768) ~[main/:?]
	at org.elasticsearch.index.shard.IndexShard.applyTranslogOperation(IndexShard.java:1506) ~[main/:?]
	at org.elasticsearch.index.shard.IndexShard.runTranslogRecovery(IndexShard.java:1537) [main/:?]
	at org.elasticsearch.index.shard.IndexShardTests.testRecoverFromTranslog(IndexShardTests.java:2639) [test/:?]
	at jdk.internal.reflect.NativeMethodAccessorImpl.invoke0(Native Method) ~[?:?]
	at jdk.internal.reflect.NativeMethodAccessorImpl.invoke(NativeMethodAccessorImpl.java:62) ~[?:?]
	at jdk.internal.reflect.DelegatingMethodAccessorImpl.invoke(DelegatingMethodAccessorImpl.java:43) ~[?:?]
	at java.lang.reflect.Method.invoke(Method.java:567) ~[?:?]
	at com.carrotsearch.randomizedtesting.RandomizedRunner.invoke(RandomizedRunner.java:1750) [randomizedtesting-runner-2.7.1.jar:?]
	at com.carrotsearch.randomizedtesting.RandomizedRunner$8.evaluate(RandomizedRunner.java:938) [randomizedtesting-runner-2.7.1.jar:?]
	at com.carrotsearch.randomizedtesting.RandomizedRunner$9.evaluate(RandomizedRunner.java:974) [randomizedtesting-runner-2.7.1.jar:?]
	at com.carrotsearch.randomizedtesting.RandomizedRunner$10.evaluate(RandomizedRunner.java:988) [randomizedtesting-runner-2.7.1.jar:?]
	at com.carrotsearch.randomizedtesting.rules.StatementAdapter.evaluate(StatementAdapter.java:36) [randomizedtesting-runner-2.7.1.jar:?]
	at org.apache.lucene.util.TestRuleSetupTeardownChained$1.evaluate(TestRuleSetupTeardownChained.java:49) [lucene-test-framework-8.3.0.jar:8.3.0 2aa586909b911e66e1d8863aa89f173d69f86cd2 - ishan - 2019-10-25 23:10:05]
	at org.apache.lucene.util.AbstractBeforeAfterRule$1.evaluate(AbstractBeforeAfterRule.java:45) [lucene-test-framework-8.3.0.jar:8.3.0 2aa586909b911e66e1d8863aa89f173d69f86cd2 - ishan - 2019-10-25 23:10:05]
	at org.apache.lucene.util.TestRuleThreadAndTestName$1.evaluate(TestRuleThreadAndTestName.java:48) [lucene-test-framework-8.3.0.jar:8.3.0 2aa586909b911e66e1d8863aa89f173d69f86cd2 - ishan - 2019-10-25 23:10:05]
	at org.apache.lucene.util.TestRuleIgnoreAfterMaxFailures$1.evaluate(TestRuleIgnoreAfterMaxFailures.java:64) [lucene-test-framework-8.3.0.jar:8.3.0 2aa586909b911e66e1d8863aa89f173d69f86cd2 - ishan - 2019-10-25 23:10:05]
	at org.apache.lucene.util.TestRuleMarkFailure$1.evaluate(TestRuleMarkFailure.java:47) [lucene-test-framework-8.3.0.jar:8.3.0 2aa586909b911e66e1d8863aa89f173d69f86cd2 - ishan - 2019-10-25 23:10:05]
	at com.carrotsearch.randomizedtesting.rules.StatementAdapter.evaluate(StatementAdapter.java:36) [randomizedtesting-runner-2.7.1.jar:?]
	at com.carrotsearch.randomizedtesting.ThreadLeakControl$StatementRunner.run(ThreadLeakControl.java:368) [randomizedtesting-runner-2.7.1.jar:?]
	at com.carrotsearch.randomizedtesting.ThreadLeakControl.forkTimeoutingTask(ThreadLeakControl.java:817) [randomizedtesting-runner-2.7.1.jar:?]
	at com.carrotsearch.randomizedtesting.ThreadLeakControl$3.evaluate(ThreadLeakControl.java:468) [randomizedtesting-runner-2.7.1.jar:?]
	at com.carrotsearch.randomizedtesting.RandomizedRunner.runSingleTest(RandomizedRunner.java:947) [randomizedtesting-runner-2.7.1.jar:?]
	at com.carrotsearch.randomizedtesting.RandomizedRunner$5.evaluate(RandomizedRunner.java:832) [randomizedtesting-runner-2.7.1.jar:?]
	at com.carrotsearch.randomizedtesting.RandomizedRunner$6.evaluate(RandomizedRunner.java:883) [randomizedtesting-runner-2.7.1.jar:?]
	at com.carrotsearch.randomizedtesting.RandomizedRunner$7.evaluate(RandomizedRunner.java:894) [randomizedtesting-runner-2.7.1.jar:?]
	at org.apache.lucene.util.AbstractBeforeAfterRule$1.evaluate(AbstractBeforeAfterRule.java:45) [lucene-test-framework-8.3.0.jar:8.3.0 2aa586909b911e66e1d8863aa89f173d69f86cd2 - ishan - 2019-10-25 23:10:05]
	at com.carrotsearch.randomizedtesting.rules.StatementAdapter.evaluate(StatementAdapter.java:36) [randomizedtesting-runner-2.7.1.jar:?]
	at org.apache.lucene.util.TestRuleStoreClassName$1.evaluate(TestRuleStoreClassName.java:41) [lucene-test-framework-8.3.0.jar:8.3.0 2aa586909b911e66e1d8863aa89f173d69f86cd2 - ishan - 2019-10-25 23:10:05]
	at com.carrotsearch.randomizedtesting.rules.NoShadowingOrOverridesOnMethodsRule$1.evaluate(NoShadowingOrOverridesOnMethodsRule.java:40) [randomizedtesting-runner-2.7.1.jar:?]
	at com.carrotsearch.randomizedtesting.rules.NoShadowingOrOverridesOnMethodsRule$1.evaluate(NoShadowingOrOverridesOnMethodsRule.java:40) [randomizedtesting-runner-2.7.1.jar:?]
	at com.carrotsearch.randomizedtesting.rules.StatementAdapter.evaluate(StatementAdapter.java:36) [randomizedtesting-runner-2.7.1.jar:?]
	at com.carrotsearch.randomizedtesting.rules.StatementAdapter.evaluate(StatementAdapter.java:36) [randomizedtesting-runner-2.7.1.jar:?]
	at org.apache.lucene.util.TestRuleAssertionsRequired$1.evaluate(TestRuleAssertionsRequired.java:53) [lucene-test-framework-8.3.0.jar:8.3.0 2aa586909b911e66e1d8863aa89f173d69f86cd2 - ishan - 2019-10-25 23:10:05]
	at org.apache.lucene.util.TestRuleMarkFailure$1.evaluate(TestRuleMarkFailure.java:47) [lucene-test-framework-8.3.0.jar:8.3.0 2aa586909b911e66e1d8863aa89f173d69f86cd2 - ishan - 2019-10-25 23:10:05]
	at org.apache.lucene.util.TestRuleIgnoreAfterMaxFailures$1.evaluate(TestRuleIgnoreAfterMaxFailures.java:64) [lucene-test-framework-8.3.0.jar:8.3.0 2aa586909b911e66e1d8863aa89f173d69f86cd2 - ishan - 2019-10-25 23:10:05]
	at org.apache.lucene.util.TestRuleIgnoreTestSuites$1.evaluate(TestRuleIgnoreTestSuites.java:54) [lucene-test-framework-8.3.0.jar:8.3.0 2aa586909b911e66e1d8863aa89f173d69f86cd2 - ishan - 2019-10-25 23:10:05]
	at com.carrotsearch.randomizedtesting.rules.StatementAdapter.evaluate(StatementAdapter.java:36) [randomizedtesting-runner-2.7.1.jar:?]
	at com.carrotsearch.randomizedtesting.ThreadLeakControl$StatementRunner.run(ThreadLeakControl.java:368) [randomizedtesting-runner-2.7.1.jar:?]
	at java.lang.Thread.run(Thread.java:835) [?:?]
Caused by: com.fasterxml.jackson.core.io.JsonEOFException: Unexpected end-of-input in VALUE_STRING
 at [Source: org.elasticsearch.common.bytes.BytesReference$MarkSupportingStreamInputWrapper@6f60242f; line: 1, column: 29]
	at com.fasterxml.jackson.core.base.ParserMinimalBase._reportInvalidEOF(ParserMinimalBase.java:483) ~[jackson-core-2.8.11.jar:2.8.11]
	at com.fasterxml.jackson.core.base.ParserMinimalBase._reportInvalidEOF(ParserMinimalBase.java:460) ~[jackson-core-2.8.11.jar:2.8.11]
	at com.fasterxml.jackson.core.json.UTF8StreamJsonParser._loadMoreGuaranteed(UTF8StreamJsonParser.java:2404) ~[jackson-core-2.8.11.jar:2.8.11]
	at com.fasterxml.jackson.core.json.UTF8StreamJsonParser._finishString2(UTF8StreamJsonParser.java:2489) ~[jackson-core-2.8.11.jar:2.8.11]
	at com.fasterxml.jackson.core.json.UTF8StreamJsonParser._finishAndReturnString(UTF8StreamJsonParser.java:2469) ~[jackson-core-2.8.11.jar:2.8.11]
	at com.fasterxml.jackson.core.json.UTF8StreamJsonParser.getText(UTF8StreamJsonParser.java:315) ~[jackson-core-2.8.11.jar:2.8.11]
	at org.elasticsearch.common.xcontent.json.JsonXContentParser.text(JsonXContentParser.java:83) ~[elasticsearch-x-content-7.5.1-SNAPSHOT.jar:7.5.1-SNAPSHOT]
	at org.elasticsearch.common.xcontent.support.AbstractXContentParser.textOrNull(AbstractXContentParser.java:253) ~[elasticsearch-x-content-7.5.1-SNAPSHOT.jar:7.5.1-SNAPSHOT]
	at org.elasticsearch.index.mapper.TextFieldMapper.parseCreateField(TextFieldMapper.java:822) ~[main/:?]
	at org.elasticsearch.index.mapper.FieldMapper.parse(FieldMapper.java:277) ~[main/:?]
	... 48 more
[2020-02-16T23:24:17,783][INFO ][o.e.i.s.IndexShard       ] [testRecoverFromTranslog] [test][0] ignoring recovery of a corrupt translog entry
org.elasticsearch.index.mapper.MapperParsingException: failed to parse field [foo] of type [text] in document with id '2'. Preview of field's value: ''
	at org.elasticsearch.index.mapper.FieldMapper.parse(FieldMapper.java:299) ~[main/:?]
	at org.elasticsearch.index.mapper.DocumentParser.parseObjectOrField(DocumentParser.java:488) ~[main/:?]
	at org.elasticsearch.index.mapper.DocumentParser.parseValue(DocumentParser.java:614) ~[main/:?]
	at org.elasticsearch.index.mapper.DocumentParser.innerParseObject(DocumentParser.java:427) ~[main/:?]
	at org.elasticsearch.index.mapper.DocumentParser.parseObjectOrNested(DocumentParser.java:395) ~[main/:?]
	at org.elasticsearch.index.mapper.DocumentParser.internalParseDocument(DocumentParser.java:112) ~[main/:?]
	at org.elasticsearch.index.mapper.DocumentParser.parseDocument(DocumentParser.java:71) ~[main/:?]
	at org.elasticsearch.index.mapper.DocumentMapper.parse(DocumentMapper.java:267) ~[main/:?]
	at org.elasticsearch.index.shard.IndexShard.prepareIndex(IndexShard.java:791) ~[main/:?]
	at org.elasticsearch.index.shard.IndexShard.applyIndexOperation(IndexShard.java:768) ~[main/:?]
	at org.elasticsearch.index.shard.IndexShard.applyTranslogOperation(IndexShard.java:1506) ~[main/:?]
	at org.elasticsearch.index.shard.IndexShard.runTranslogRecovery(IndexShard.java:1537) [main/:?]
	at org.elasticsearch.index.shard.IndexShardTests.testRecoverFromTranslog(IndexShardTests.java:2639) [test/:?]
	at jdk.internal.reflect.NativeMethodAccessorImpl.invoke0(Native Method) ~[?:?]
	at jdk.internal.reflect.NativeMethodAccessorImpl.invoke(NativeMethodAccessorImpl.java:62) ~[?:?]
	at jdk.internal.reflect.DelegatingMethodAccessorImpl.invoke(DelegatingMethodAccessorImpl.java:43) ~[?:?]
	at java.lang.reflect.Method.invoke(Method.java:567) ~[?:?]
	at com.carrotsearch.randomizedtesting.RandomizedRunner.invoke(RandomizedRunner.java:1750) [randomizedtesting-runner-2.7.1.jar:?]
	at com.carrotsearch.randomizedtesting.RandomizedRunner$8.evaluate(RandomizedRunner.java:938) [randomizedtesting-runner-2.7.1.jar:?]
	at com.carrotsearch.randomizedtesting.RandomizedRunner$9.evaluate(RandomizedRunner.java:974) [randomizedtesting-runner-2.7.1.jar:?]
	at com.carrotsearch.randomizedtesting.RandomizedRunner$10.evaluate(RandomizedRunner.java:988) [randomizedtesting-runner-2.7.1.jar:?]
	at com.carrotsearch.randomizedtesting.rules.StatementAdapter.evaluate(StatementAdapter.java:36) [randomizedtesting-runner-2.7.1.jar:?]
	at org.apache.lucene.util.TestRuleSetupTeardownChained$1.evaluate(TestRuleSetupTeardownChained.java:49) [lucene-test-framework-8.3.0.jar:8.3.0 2aa586909b911e66e1d8863aa89f173d69f86cd2 - ishan - 2019-10-25 23:10:05]
	at org.apache.lucene.util.AbstractBeforeAfterRule$1.evaluate(AbstractBeforeAfterRule.java:45) [lucene-test-framework-8.3.0.jar:8.3.0 2aa586909b911e66e1d8863aa89f173d69f86cd2 - ishan - 2019-10-25 23:10:05]
	at org.apache.lucene.util.TestRuleThreadAndTestName$1.evaluate(TestRuleThreadAndTestName.java:48) [lucene-test-framework-8.3.0.jar:8.3.0 2aa586909b911e66e1d8863aa89f173d69f86cd2 - ishan - 2019-10-25 23:10:05]
	at org.apache.lucene.util.TestRuleIgnoreAfterMaxFailures$1.evaluate(TestRuleIgnoreAfterMaxFailures.java:64) [lucene-test-framework-8.3.0.jar:8.3.0 2aa586909b911e66e1d8863aa89f173d69f86cd2 - ishan - 2019-10-25 23:10:05]
	at org.apache.lucene.util.TestRuleMarkFailure$1.evaluate(TestRuleMarkFailure.java:47) [lucene-test-framework-8.3.0.jar:8.3.0 2aa586909b911e66e1d8863aa89f173d69f86cd2 - ishan - 2019-10-25 23:10:05]
	at com.carrotsearch.randomizedtesting.rules.StatementAdapter.evaluate(StatementAdapter.java:36) [randomizedtesting-runner-2.7.1.jar:?]
	at com.carrotsearch.randomizedtesting.ThreadLeakControl$StatementRunner.run(ThreadLeakControl.java:368) [randomizedtesting-runner-2.7.1.jar:?]
	at com.carrotsearch.randomizedtesting.ThreadLeakControl.forkTimeoutingTask(ThreadLeakControl.java:817) [randomizedtesting-runner-2.7.1.jar:?]
	at com.carrotsearch.randomizedtesting.ThreadLeakControl$3.evaluate(ThreadLeakControl.java:468) [randomizedtesting-runner-2.7.1.jar:?]
	at com.carrotsearch.randomizedtesting.RandomizedRunner.runSingleTest(RandomizedRunner.java:947) [randomizedtesting-runner-2.7.1.jar:?]
	at com.carrotsearch.randomizedtesting.RandomizedRunner$5.evaluate(RandomizedRunner.java:832) [randomizedtesting-runner-2.7.1.jar:?]
	at com.carrotsearch.randomizedtesting.RandomizedRunner$6.evaluate(RandomizedRunner.java:883) [randomizedtesting-runner-2.7.1.jar:?]
	at com.carrotsearch.randomizedtesting.RandomizedRunner$7.evaluate(RandomizedRunner.java:894) [randomizedtesting-runner-2.7.1.jar:?]
	at org.apache.lucene.util.AbstractBeforeAfterRule$1.evaluate(AbstractBeforeAfterRule.java:45) [lucene-test-framework-8.3.0.jar:8.3.0 2aa586909b911e66e1d8863aa89f173d69f86cd2 - ishan - 2019-10-25 23:10:05]
	at com.carrotsearch.randomizedtesting.rules.StatementAdapter.evaluate(StatementAdapter.java:36) [randomizedtesting-runner-2.7.1.jar:?]
	at org.apache.lucene.util.TestRuleStoreClassName$1.evaluate(TestRuleStoreClassName.java:41) [lucene-test-framework-8.3.0.jar:8.3.0 2aa586909b911e66e1d8863aa89f173d69f86cd2 - ishan - 2019-10-25 23:10:05]
	at com.carrotsearch.randomizedtesting.rules.NoShadowingOrOverridesOnMethodsRule$1.evaluate(NoShadowingOrOverridesOnMethodsRule.java:40) [randomizedtesting-runner-2.7.1.jar:?]
	at com.carrotsearch.randomizedtesting.rules.NoShadowingOrOverridesOnMethodsRule$1.evaluate(NoShadowingOrOverridesOnMethodsRule.java:40) [randomizedtesting-runner-2.7.1.jar:?]
	at com.carrotsearch.randomizedtesting.rules.StatementAdapter.evaluate(StatementAdapter.java:36) [randomizedtesting-runner-2.7.1.jar:?]
	at com.carrotsearch.randomizedtesting.rules.StatementAdapter.evaluate(StatementAdapter.java:36) [randomizedtesting-runner-2.7.1.jar:?]
	at org.apache.lucene.util.TestRuleAssertionsRequired$1.evaluate(TestRuleAssertionsRequired.java:53) [lucene-test-framework-8.3.0.jar:8.3.0 2aa586909b911e66e1d8863aa89f173d69f86cd2 - ishan - 2019-10-25 23:10:05]
	at org.apache.lucene.util.TestRuleMarkFailure$1.evaluate(TestRuleMarkFailure.java:47) [lucene-test-framework-8.3.0.jar:8.3.0 2aa586909b911e66e1d8863aa89f173d69f86cd2 - ishan - 2019-10-25 23:10:05]
	at org.apache.lucene.util.TestRuleIgnoreAfterMaxFailures$1.evaluate(TestRuleIgnoreAfterMaxFailures.java:64) [lucene-test-framework-8.3.0.jar:8.3.0 2aa586909b911e66e1d8863aa89f173d69f86cd2 - ishan - 2019-10-25 23:10:05]
	at org.apache.lucene.util.TestRuleIgnoreTestSuites$1.evaluate(TestRuleIgnoreTestSuites.java:54) [lucene-test-framework-8.3.0.jar:8.3.0 2aa586909b911e66e1d8863aa89f173d69f86cd2 - ishan - 2019-10-25 23:10:05]
	at com.carrotsearch.randomizedtesting.rules.StatementAdapter.evaluate(StatementAdapter.java:36) [randomizedtesting-runner-2.7.1.jar:?]
	at com.carrotsearch.randomizedtesting.ThreadLeakControl$StatementRunner.run(ThreadLeakControl.java:368) [randomizedtesting-runner-2.7.1.jar:?]
	at java.lang.Thread.run(Thread.java:835) [?:?]
Caused by: com.fasterxml.jackson.core.io.JsonEOFException: Unexpected end-of-input in VALUE_STRING
 at [Source: org.elasticsearch.common.bytes.BytesReference$MarkSupportingStreamInputWrapper@5245545b; line: 1, column: 29]
	at com.fasterxml.jackson.core.base.ParserMinimalBase._reportInvalidEOF(ParserMinimalBase.java:483) ~[jackson-core-2.8.11.jar:2.8.11]
	at com.fasterxml.jackson.core.base.ParserMinimalBase._reportInvalidEOF(ParserMinimalBase.java:460) ~[jackson-core-2.8.11.jar:2.8.11]
	at com.fasterxml.jackson.core.json.UTF8StreamJsonParser._loadMoreGuaranteed(UTF8StreamJsonParser.java:2404) ~[jackson-core-2.8.11.jar:2.8.11]
	at com.fasterxml.jackson.core.json.UTF8StreamJsonParser._finishString2(UTF8StreamJsonParser.java:2489) ~[jackson-core-2.8.11.jar:2.8.11]
	at com.fasterxml.jackson.core.json.UTF8StreamJsonParser._finishAndReturnString(UTF8StreamJsonParser.java:2469) ~[jackson-core-2.8.11.jar:2.8.11]
	at com.fasterxml.jackson.core.json.UTF8StreamJsonParser.getText(UTF8StreamJsonParser.java:315) ~[jackson-core-2.8.11.jar:2.8.11]
	at org.elasticsearch.common.xcontent.json.JsonXContentParser.text(JsonXContentParser.java:83) ~[elasticsearch-x-content-7.5.1-SNAPSHOT.jar:7.5.1-SNAPSHOT]
	at org.elasticsearch.common.xcontent.support.AbstractXContentParser.textOrNull(AbstractXContentParser.java:253) ~[elasticsearch-x-content-7.5.1-SNAPSHOT.jar:7.5.1-SNAPSHOT]
	at org.elasticsearch.index.mapper.TextFieldMapper.parseCreateField(TextFieldMapper.java:822) ~[main/:?]
	at org.elasticsearch.index.mapper.FieldMapper.parse(FieldMapper.java:277) ~[main/:?]
	... 48 more
[2020-02-16T23:24:17,817][INFO ][o.e.i.s.IndexShardTests  ] [testRecoverFromTranslog] after test
[2020-02-16T23:24:17,819][INFO ][o.e.i.s.IndexShardTests  ] [testRejectOperationPermitWithHigherTermWhenNotStarted] before test
[2020-02-16T23:24:17,869][INFO ][o.e.i.s.IndexShardTests  ] [testRejectOperationPermitWithHigherTermWhenNotStarted] after test
[2020-02-16T23:24:17,875][INFO ][o.e.i.s.IndexShardTests  ] [testClosesPreventsNewOperations] before test
[2020-02-16T23:24:17,966][INFO ][o.e.i.s.IndexShardTests  ] [testClosesPreventsNewOperations] after test
[2020-02-16T23:24:17,971][INFO ][o.e.i.s.IndexShardTests  ] [testShardDoesNotStartIfCorruptedMarkerIsPresent] before test
[2020-02-16T23:24:18,187][INFO ][o.e.i.s.IndexShardTests  ] [testShardDoesNotStartIfCorruptedMarkerIsPresent] after test
[2020-02-16T23:24:18,193][INFO ][o.e.i.s.IndexShardTests  ] [testSupplyTombstoneDoc] before test
[2020-02-16T23:24:18,376][INFO ][o.e.i.s.IndexShardTests  ] [testSupplyTombstoneDoc] after test
[2020-02-16T23:24:18,395][INFO ][o.e.i.s.IndexShardTests  ] [testIsSearchIdle] before test
[2020-02-16T23:24:18,525][INFO ][o.e.c.s.IndexScopedSettings] [testIsSearchIdle] updating [index.search.idle.after] from [30s] to [0ms]
[2020-02-16T23:24:18,525][INFO ][o.e.c.s.IndexScopedSettings] [testIsSearchIdle] updating [index.search.idle.after] from [0ms] to [1m]
[2020-02-16T23:24:18,526][INFO ][o.e.c.s.IndexScopedSettings] [testIsSearchIdle] updating [index.search.idle.after] from [1m] to [10ms]
[2020-02-16T23:24:18,538][INFO ][o.e.i.s.IndexShardTests  ] [testIsSearchIdle] after test
[2020-02-16T23:24:18,540][INFO ][o.e.i.s.IndexShardTests  ] [testMinimumCompatVersion] before test
[2020-02-16T23:24:18,667][INFO ][o.e.i.s.IndexShardTests  ] [testMinimumCompatVersion] after test
[2020-02-16T23:24:18,670][INFO ][o.e.i.s.IndexShardTests  ] [testRefreshListenersDuringPeerRecovery] before test
[2020-02-16T23:24:19,017][INFO ][o.e.i.s.IndexShardTests  ] [testRefreshListenersDuringPeerRecovery] after test
[2020-02-16T23:24:19,028][INFO ][o.e.i.s.IndexShardTests  ] [testAcquirePrimaryAllOperationsPermits] before test
[2020-02-16T23:24:19,181][INFO ][o.e.i.s.IndexShardTests  ] [testAcquirePrimaryAllOperationsPermits] after test
[2020-02-16T23:24:19,184][INFO ][o.e.i.s.IndexShardTests  ] [testReaderWrapperWorksWithGlobalOrdinals] before test
[2020-02-16T23:24:19,349][INFO ][o.e.i.s.IndexShardTests  ] [testReaderWrapperWorksWithGlobalOrdinals] after test
[2020-02-16T23:24:19,356][INFO ][o.e.i.s.IndexShardTests  ] [testRollbackReplicaEngineOnPromotion] before test
[2020-02-16T23:24:19,897][INFO ][o.e.i.s.IndexShard       ] [org.elasticsearch.index.shard.IndexShardTests] [index][0] detected new primary with primary term [87], global checkpoint [28], max_seq_no [590]
[2020-02-16T23:24:20,443][INFO ][o.e.i.s.IndexShardTests  ] [testRollbackReplicaEngineOnPromotion] after test
[2020-02-16T23:24:20,446][INFO ][o.e.i.s.IndexShardTests  ] [testReadSnapshotConcurrently] before test
[2020-02-16T23:24:20,751][INFO ][o.e.i.s.IndexShardTests  ] [testReadSnapshotConcurrently] after test
[2020-02-16T23:24:20,754][INFO ][o.e.i.s.IndexShardTests  ] [testOperationPermitsOnPrimaryShards] before test
[2020-02-16T23:24:20,843][INFO ][o.e.i.s.IndexShardTests  ] [testOperationPermitsOnPrimaryShards] after test
[2020-02-16T23:24:20,853][INFO ][o.e.i.s.IndexShardTests  ] [testRecoverFromLocalShard] before test
[2020-02-16T23:24:21,308][INFO ][o.e.i.s.IndexShardTests  ] [testRecoverFromLocalShard] after test
[2020-02-16T23:24:21,321][INFO ][o.e.i.s.IndexShardTests  ] [testRecoverFromStoreWithNoOps] before test
[2020-02-16T23:24:21,605][INFO ][o.e.c.s.IndexScopedSettings] [testRecoverFromStoreWithNoOps] updating [index.soft_deletes.retention.operations] from [244] to [496]
[2020-02-16T23:24:21,956][INFO ][o.e.i.s.IndexShardTests  ] [testRecoverFromStoreWithNoOps] after test
[2020-02-16T23:24:21,962][INFO ][o.e.i.s.IndexShardTests  ] [testRefreshMetric] before test
[2020-02-16T23:24:22,283][INFO ][o.e.i.s.IndexShardTests  ] [testRefreshMetric] after test
[2020-02-16T23:24:22,299][INFO ][o.e.i.s.IndexShardTests  ] [testGlobalCheckpointSync] before test
[2020-02-16T23:24:22,506][INFO ][o.e.i.s.IndexShardTests  ] [testGlobalCheckpointSync] after test
[2020-02-16T23:24:22,511][INFO ][o.e.i.s.IndexShardTests  ] [testCloseShardWhileResettingEngine] before test
[2020-02-16T23:24:22,757][INFO ][o.e.i.s.IndexShardTests  ] [[Thread-4479]] start check index
[2020-02-16T23:24:22,760][INFO ][o.e.i.s.IndexShardTests  ] [[Thread-4479]] end check index
[2020-02-16T23:24:22,791][INFO ][o.e.i.s.IndexShardTests  ] [testCloseShardWhileResettingEngine] after test
[2020-02-16T23:24:22,800][INFO ][o.e.i.s.IndexShardTests  ] [testDocStats] before test
[2020-02-16T23:24:23,267][INFO ][o.e.i.s.IndexShardTests  ] [testDocStats] after test
[2020-02-16T23:24:23,305][INFO ][o.e.i.s.IndexShardTests  ] [testExternalRefreshMetric] before test
[2020-02-16T23:24:23,633][INFO ][o.e.i.s.IndexShardTests  ] [testExternalRefreshMetric] after test
[2020-02-16T23:24:23,643][INFO ][o.e.i.s.IndexShardTests  ] [testPrimaryPromotionDelaysOperations] before test
[2020-02-16T23:24:23,878][INFO ][o.e.i.s.IndexShard       ] [org.elasticsearch.index.shard.IndexShardTests] [index][0] primary-replica resync completed with 0 operations
[2020-02-16T23:24:23,881][INFO ][o.e.i.s.IndexShardTests  ] [testPrimaryPromotionDelaysOperations] after test
[2020-02-16T23:24:23,886][INFO ][o.e.i.s.IndexShardTests  ] [testRelocateMissingTarget] before test
[2020-02-16T23:24:24,015][INFO ][o.e.i.s.IndexShardTests  ] [testRelocateMissingTarget] after test
[2020-02-16T23:24:24,028][INFO ][o.e.i.s.IndexShardTests  ] [testRecoverFromStore] before test
[2020-02-16T23:24:24,219][INFO ][o.e.i.s.IndexShardTests  ] [testRecoverFromStore] after test
]]></system-out>
  <system-err><![CDATA[REPRODUCE WITH: gradlew ':server:test' --tests "org.elasticsearch.index.shard.IndexShardTests" -Dtests.seed=9EA1F2A3814E5F76 -Dtests.security.manager=true -Dtests.locale=en-US -Dtests.timezone=America/Toronto -Dcompiler.java=12 -Druntime.java=12
NOTE: test params are: codec=Asserting(Lucene80): {}, docValues:{}, maxPointsInLeafNode=1319, maxMBSortInHeap=5.415347434349572, sim=Asserting(org.apache.lucene.search.similarities.AssertingSimilarity@5d91c111), locale=ccp-BD, timezone=Europe/Sarajevo
NOTE: Windows 7 6.1 amd64/Oracle Corporation 12.0.2 (64-bit)/cpus=4,threads=1,free=357868552,total=536870912
NOTE: All tests run in this JVM: [TruncateTokenFilterTests, BinaryDocValuesRangeQueryTests, DoubleRandomBinaryDocValuesRangeQueryTests, InetAddressRandomBinaryDocValuesRangeQueryTests, LongRandomBinaryDocValuesRangeQueryTests, SearchAfterSortedDocQueryTests, BoundedBreakIteratorScannerTests, CustomUnifiedHighlighterTests, ActionListenerTests, ActionTests, ClusterAllocationExplainRequestTests, AddVotingConfigExclusionsRequestTests, ClearVotingConfigExclusionsRequestTests, TransportAddVotingConfigExclusionsActionTests, ClusterHealthRequestTests, TransportClusterHealthActionTests, CancellableTasksTests, TransportTasksActionTests, VerifyRepositoryResponseTests, ClusterRerouteResponseTests, ClusterGetSettingsResponseTests, ClusterUpdateSettingsResponseTests, ClusterSearchShardsRequestTests, CreateSnapshotRequestTests, GetSnapshotsResponseTests, RestoreSnapshotResponseTests, SnapshotIndexStatusTests, SnapshotsStatusResponseTests, SnapshotStatusTests, ClusterStateRequestTests, ClusterStatsNodesTests, GetStoredScriptResponseTests, AliasActionsTests, TransportGetAliasesActionTests, AnalyzeRequestTests, ClearIndicesCacheResponseTests, CloseIndexResponseTests, CreateIndexRequestBuilderTests, CreateIndexResponseTests, SyncedFlushUnitTests, ForceMergeResponseTests, GetIndexActionTests, GetFieldMappingsResponseTests, PutMappingRequestTests, RefreshResponseTests, RolloverRequestTests, TransportRolloverActionTests, IndicesSegmentsRequestTests, GetSettingsRequestTests, UpdateSettingsRequestSerializationTests, IndicesShardStoreResponseTests, ResizeResponseTests, IndicesStatsResponseTests, GetIndexTemplatesResponseTests, PutIndexTemplateRequestTests, QueryExplanationTests, BackoffPolicyTests, BulkPrimaryExecutionContextTests, BulkRequestModifierTests, BulkRequestTests, BulkShardRequestTests, TransportBulkActionIndicesThatCannotBeCreatedTests, TransportBulkActionTests, TransportShardBulkActionTests, DeleteResponseTests, ExplainRequestTests, FieldCapabilitiesRequestTests, FieldCapabilitiesTests, GetRequestTests, MultiGetRequestTests, MultiGetShardRequestTests, IndexRequestBuilderTests, IndexResponseTests, PutPipelineRequestTests, SimulateDocumentVerboseResultTests, SimulatePipelineRequestParsingTests, SimulatePipelineResponseTests, WriteableIngestDocumentTests, MainResponseTests, OriginalIndicesTests, ResyncReplicationRequestTests, AbstractSearchAsyncActionTests, ClearScrollControllerTests, CountedCollectorTests, ExpandSearchPhaseTests, MultiSearchActionTookTests, MultiSearchResponseTests, SearchPhaseControllerTests, SearchRequestBuilderTests, SearchResponseMergerTests, SearchScrollAsyncActionTests, SearchShardIteratorTests, TransportMultiSearchActionTests, TransportSearchActionTests, ShardOperationFailedExceptionTests, StepListenerTests, AdapterActionFutureTests, TransportBroadcastByNodeActionTests, DefaultShardOperationFailedExceptionTests, IndicesOptionsTests, ListenerTimeoutsTests, TransportMasterNodeActionTests, RefreshPolicyTests, ReplicationOperationTests, TransportReplicationActionTests, TransportWriteActionTests, TransportActionFilterChainTests, GetTermVectorsTests, TransportMultiTermVectorsActionTests, UpdateResponseTests, BootstrapSettingsTests, ElasticsearchCliTests, ESPolicyTests, JNANativesTests, SecurityTests, CommandTests, TerminalTests, OriginSettingClientTests, TransportClientHeadersTests, TransportClientTests, ShardStartedClusterStateTaskExecutorTests, ClusterBlockTests, ClusterInfoTests, ClusterStateTaskExecutorTests, ClusterBootstrapServiceTests, CoordinationMetaDataTests, CoordinatorTests, ElectionSchedulerFactoryTests, JoinHelperTests, LagDetectorTests, LinearizabilityCheckerTests, NodeJoinTests, NoMasterBlockServiceTests, PublicationTests, ReconfiguratorTests, FeatureAwareTests, ClusterIndexHealthTests, ClusterStateHealthTests, AliasValidatorTests, ClusterNameExpressionResolverTests, DiffableStringMapTests, IndexCreationTaskTests, IndexMetaDataTests, IndexNameExpressionResolverExpressionsIterationTests, IndexTemplateMetaDataTests, MetaDataCreateIndexServiceTests, MetaDataIndexAliasesServiceTests, MetaDataIndexUpgradeServiceTests, MetaDataTests, ToAndFromJsonMetaDataTests, DiscoveryNodeFiltersTests, DiscoveryNodesTests, NodeConnectionsServiceTests, AllocateUnassignedDecisionTests, AllocationDecisionTests, AllocationServiceTests, BalanceConfigurationTests, BalanceUnbalancedClusterTests, ConcurrentRebalanceRoutingTests, DecisionTests, DiskThresholdDeciderUnitTests, EnableAllocationTests, RestoreInProgressAllocationDeciderTests, DiskThresholdMonitorTests, ElectReplicaAsPrimaryDuringRelocationTests, FailedNodeRoutingTests, FilterRoutingTests, InSyncAllocationIdTests, MoveDecisionTests, NodeVersionAllocationDeciderTests, PreferPrimaryAllocationTests, PrimaryNotRelocatedWhileBeingRecoveredTests, RebalanceAfterActiveTests, ResizeAllocationDeciderTests, RoutingNodesIntegrityTests, ShardsLimitAllocationTests, SingleShardNoReplicasRoutingTests, StartedShardsRoutingTests, ThrottlingAllocationTests, UpdateNumberOfReplicasTests, BatchedRerouteServiceTests, GroupShardsIteratorTests, Murmur3HashFunctionTests, PlainShardIteratorTests, RecoverySourceTests, ShardRoutingTests, ClusterSerializationTests, DiffableTests, MasterServiceTests, TaskExecutorTests, RoutingIteratorTests, FsBlobContainerTests, FsBlobStoreTests, ByteBufferReferenceTests, CompositeBytesReferenceTests, CacheBuilderTests, ChannelsTests, EvictingQueueTests, DeflateCompressedXContentTests, ExponentiallyWeightedMovingAverageTests, CircleBuilderTests, GeometryCollectionBuilderTests, MultiLineStringBuilderTests, MultiPolygonBuilderTests, PolygonBuilderTests, GeoJsonParserTests, GeoJsonShapeParserTests, GeometryIOTests, GeoUtilTests, ShapeBuilderTests, SpatialStrategyTests, MurmurHash3Tests, FileSystemUtilsTests, NamedWriteableRegistryTests, StreamTests, JavaJodaTimeDuellingTests, JodaTests, JsonThrowablePatternConverterTests, PrefixLoggerTests, FreqTermsEnumTests, MinScoreScorerTests, XMoreLikeThisTests, QueriesTests, ByteArrayIndexInputTests, VersionLookupTests, CidrsTests, NetworkAddressTests, NetworkServiceTests, NumbersTests, PidFileTests, ConcurrentRecyclerTests, NoneRecyclerTests, RegexTests, DateTimeUnitTests, TimeZoneRoundingTests, AddFileKeyStoreCommandTests, ConsistentSettingsServiceTests, KeyStoreWrapperTests, MemorySizeSettingsTests, RemoveSettingKeyStoreCommandTests, SecureStringTests, SettingsModuleTests, SettingTests, StringsTests, DateFormattersTests, DateUtilsTests, BoundTransportAddressTests, ByteSizeValueTests, FuzzinessTests, SizeValueTests, BigArraysTests, BytesRefHashTests, CancellableThreadsTests, AbstractAsyncTaskTests, AbstractRunnableTests, CountDownTests, EsThreadPoolExecutorTests, KeyedLockTests, PrioritizedExecutorsTests, QueueResizingEsThreadPoolExecutorTests, ResizableBlockingQueueTests, SizeBlockingQueueTests, TimedRunnableTests, IterablesTests, LongHashTests, SetsTests, SingleObjectCacheTests, UUIDTests, CborXContentParserTests, JsonVsCborTests, JsonVsSmileTests, CborXContentFilteringTests, FilterPathTests, SmileFilteringGeneratorTests, XContentHelperTests, UnknownNamedObjectExceptionTests, XContentParserUtilsTests, YamlXContentTests, SimpleLuceneTests, BlockingClusterStatePublishResponseHandlerTests, FileBasedSeedHostsProviderTests, PeerFinderMessagesTests, SeedHostsResolverTests, ElectMasterServiceTests, PendingClusterStatesQueueTests, ZenDiscoveryUnitTests, ZenFaultDetectionTests, EnvironmentTests, NodeEnvironmentTests, NodeRepurposeCommandTests, ExceptionSerializationTests, AsyncShardFetchTests, DanglingIndicesStateTests, GatewayMetaStateTests, IncrementalClusterStateWriterTests, MetaStateServiceTests, PriorityComparatorTests, WriteStateExceptionTests, CorsHandlerTests, HttpInfoTests, AnalysisTests, CustomNormalizerTests, IndexAnalyzersTests, PreBuiltAnalyzerTests, ShingleTokenFilterFactoryTests, StopTokenFilterTests, CodecTests, InternalEngineSettingsTests, LiveVersionMapTests, NoOpEngineRecoveryTests, PrunePostingsMergePolicyTests, RecoverySourcePruneMergePolicyTests, SoftDeletesPolicyTests, EsTieredMergePolicyTests, ReplaceMissingTests, FieldDataStatsTests, FilterFieldDataTests, IndexFieldDataServiceTests, MultiOrdinalsTests, PagedBytesStringFieldDataTests, ScriptDocValuesGeoPointsTests, SortedSetDVStringFieldDataTests, DocumentFieldTests, IndexingSlowLogTests, IndexServiceTests, IndexSortSettingsTests, AllFieldMapperTests, BinaryFieldTypeTests, BooleanFieldMapperTests, CamelCaseFieldNameTests, CompletionFieldTypeTests, DateFieldMapperTests, DocumentFieldMapperTests, DocumentMapperTests, DoubleIndexingDocTests, DynamicMappingVersionTests, DynamicTemplateTests, FieldAliasMapperTests, FieldNamesFieldMapperTests, FieldTypeLookupTests, GeoPointFieldMapperTests, GeoShapeFieldMapperTests, IdFieldMapperTests, IgnoredFieldTypeTests, IndexFieldTypeTests, IpFieldTypeTests, JavaMultiFieldMergeTests, KeywordFieldTypeTests, LegacyGeoShapeFieldMapperTests, LegacyMapperServiceTests, MapperMergeValidatorTests, MapperTests, MultiFieldTests, NullValueObjectMappingTests, NumberFieldMapperTests, ObjectMapperMergeTests, PathMapperTests, RangeFieldMapperTests, RangeFieldTypeTests, RoutingFieldMapperTests, SourceFieldMapperTests, StoredNumericValuesTests, TextFieldTypeTests, TypeFieldTypeTests, UidTests, VersionFieldTypeTests, MergeSchedulerSettingsTests, BoolQueryBuilderTests, CombineFunctionTests, CommonTermsQueryParserTests, DisMaxQueryBuilderTests, ExistsQueryBuilderTests, FieldValueFactorFunctionModifierTests, FunctionScoreQueryBuilderTests, ScoreFunctionBuilderTests, GeoBoundingBoxQueryBuilderTests, GeoPolygonQueryBuilderTests, IdsQueryBuilderTests, IntervalBuilderTests, LegacyGeoShapeFieldQueryTests, MatchBoolPrefixQueryBuilderTests, MatchPhrasePrefixQueryBuilderTests, MatchQueryBuilderTests, MultiMatchQueryBuilderTests, OperatorTests, QueryShardContextTests, QueryStringQueryBuilderTests, RangeQueryRewriteTests, RewriteableTests, ScriptQueryBuilderTests, SearchIndexNameMatcherTests, SpanContainingQueryBuilderTests, SpanGapQueryBuilderTests, SpanNearQueryBuilderTests, SpanOrQueryBuilderTests, SpanWithinQueryBuilderTests, TermsQueryBuilderTests, TypeQueryBuilderTests, WrapperQueryBuilderTests, BulkByScrollResponseTests, BulkByScrollTaskStatusTests, DeleteByQueryRequestTests, ReindexRequestTests, WorkerBulkByScrollTaskStateTests, RecoveryDuringReplicationTests, ESToParentBlockJoinQueryTests, GeoUtilsTests, DoubleNestedSortingTests, LongNestedSortingTests, NestedHelperTests, SearchStatsTests, CountedBitSetTests, LocalCheckpointTrackerTests, ReplicationTrackerRetentionLeaseTests, RetentionLeaseActionsTests, RetentionLeaseStatsTests, RetentionLeasesTests, RetentionLeaseSyncActionTests, RetentionLeaseXContentTests, DocsStatsTests, IndexingOperationListenerTests, IndexShardOperationPermitsTests, IndexShardTests]
]]></system-err>
</testsuite>
