<?xml version="1.0" encoding="UTF-8"?>
<testsuite name="org.elasticsearch.rest.RestControllerTests" tests="23" skipped="0" failures="0" errors="0" timestamp="2020-02-16T22:25:18" hostname="Escoto-PC" time="0.103">
  <properties/>
  <testcase name="testDispatchBadRequestUnknownCause" classname="org.elasticsearch.rest.RestControllerTests" time="0.004"/>
  <testcase name="testDispatchWithContentStreamNoContentType" classname="org.elasticsearch.rest.RestControllerTests" time="0.003"/>
  <testcase name="testFavicon" classname="org.elasticsearch.rest.RestControllerTests" time="0.005"/>
  <testcase name="testDispatchRequestAddsAndFreesBytesOnlyOnceOnError" classname="org.elasticsearch.rest.RestControllerTests" time="0.005"/>
  <testcase name="testDispatchUnsupportedContentType" classname="org.elasticsearch.rest.RestControllerTests" time="0.003"/>
  <testcase name="testRegisterAsDeprecatedHandler" classname="org.elasticsearch.rest.RestControllerTests" time="0.017"/>
  <testcase name="testNonStreamingXContentCausesErrorResponse" classname="org.elasticsearch.rest.RestControllerTests" time="0.005"/>
  <testcase name="testDispatchRequestLimitsBytes" classname="org.elasticsearch.rest.RestControllerTests" time="0.01"/>
  <testcase name="testApplyRelevantHeaders" classname="org.elasticsearch.rest.RestControllerTests" time="0.007"/>
  <testcase name="testDispatchWithContentStream" classname="org.elasticsearch.rest.RestControllerTests" time="0.003"/>
  <testcase name="testDispatchRequestAddsAndFreesBytesOnError" classname="org.elasticsearch.rest.RestControllerTests" time="0.003"/>
  <testcase name="testRegisterWithDeprecatedHandler" classname="org.elasticsearch.rest.RestControllerTests" time="0.003"/>
  <testcase name="testDispatchDoesNotRequireContentTypeForRequestsWithoutContent" classname="org.elasticsearch.rest.RestControllerTests" time="0.003"/>
  <testcase name="testDispatchBadRequest" classname="org.elasticsearch.rest.RestControllerTests" time="0.003"/>
  <testcase name="testDispatchFailsWithPlainText" classname="org.elasticsearch.rest.RestControllerTests" time="0.003"/>
  <testcase name="testDispatchRequestAddsAndFreesBytesOnSuccess" classname="org.elasticsearch.rest.RestControllerTests" time="0.004"/>
  <testcase name="testDispatchRequiresContentTypeForRequestsWithContent" classname="org.elasticsearch.rest.RestControllerTests" time="0.003"/>
  <testcase name="testRegisterSecondMethodWithDifferentNamedWildcard" classname="org.elasticsearch.rest.RestControllerTests" time="0.003"/>
  <testcase name="testDispatchWorksWithNewlineDelimitedJson" classname="org.elasticsearch.rest.RestControllerTests" time="0.003"/>
  <testcase name="testFaviconWithWrongHttpMethod" classname="org.elasticsearch.rest.RestControllerTests" time="0.003"/>
  <testcase name="testUnknownContentWithContentStream" classname="org.elasticsearch.rest.RestControllerTests" time="0.002"/>
  <testcase name="testDispatchUnsupportedHttpMethod" classname="org.elasticsearch.rest.RestControllerTests" time="0.003"/>
  <testcase name="testRestHandlerWrapper" classname="org.elasticsearch.rest.RestControllerTests" time="0.003"/>
  <system-out><![CDATA[[2020-02-16T19:25:18,221][INFO ][o.e.r.RestControllerTests] [testDispatchBadRequestUnknownCause] before test
[2020-02-16T19:25:18,223][INFO ][o.e.r.RestControllerTests] [testDispatchBadRequestUnknownCause] after test
[2020-02-16T19:25:18,225][INFO ][o.e.r.RestControllerTests] [testDispatchWithContentStreamNoContentType] before test
[2020-02-16T19:25:18,226][INFO ][o.e.r.RestControllerTests] [testDispatchWithContentStreamNoContentType] after test
[2020-02-16T19:25:18,229][INFO ][o.e.r.RestControllerTests] [testFavicon] before test
[2020-02-16T19:25:18,231][INFO ][o.e.r.RestControllerTests] [testFavicon] after test
[2020-02-16T19:25:18,233][INFO ][o.e.r.RestControllerTests] [testDispatchRequestAddsAndFreesBytesOnlyOnceOnError] before test
[2020-02-16T19:25:18,234][WARN ][r.suppressed             ] [testDispatchRequestAddsAndFreesBytesOnlyOnceOnError] path: /error, params: {}
java.lang.IllegalStateException: always throwing an exception for testing
	at org.elasticsearch.rest.RestControllerTests$ExceptionThrowingChannel.sendResponse(RestControllerTests.java:623) ~[test/:?]
	at org.elasticsearch.rest.RestController$ResourceHandlingHttpChannel.sendResponse(RestController.java:482) ~[main/:?]
	at org.elasticsearch.rest.RestController.dispatchRequest(RestController.java:224) ~[main/:?]
	at org.elasticsearch.rest.RestController.tryAllHandlers(RestController.java:295) ~[main/:?]
	at org.elasticsearch.rest.RestController.dispatchRequest(RestController.java:166) [main/:?]
	at org.elasticsearch.rest.RestControllerTests.testDispatchRequestAddsAndFreesBytesOnlyOnceOnError(RestControllerTests.java:269) [test/:?]
	at jdk.internal.reflect.NativeMethodAccessorImpl.invoke0(Native Method) ~[?:?]
	at jdk.internal.reflect.NativeMethodAccessorImpl.invoke(NativeMethodAccessorImpl.java:62) ~[?:?]
	at jdk.internal.reflect.DelegatingMethodAccessorImpl.invoke(DelegatingMethodAccessorImpl.java:43) ~[?:?]
	at java.lang.reflect.Method.invoke(Method.java:567) ~[?:?]
	at com.carrotsearch.randomizedtesting.RandomizedRunner.invoke(RandomizedRunner.java:1750) [randomizedtesting-runner-2.7.1.jar:?]
	at com.carrotsearch.randomizedtesting.RandomizedRunner$8.evaluate(RandomizedRunner.java:938) [randomizedtesting-runner-2.7.1.jar:?]
	at com.carrotsearch.randomizedtesting.RandomizedRunner$9.evaluate(RandomizedRunner.java:974) [randomizedtesting-runner-2.7.1.jar:?]
	at com.carrotsearch.randomizedtesting.RandomizedRunner$10.evaluate(RandomizedRunner.java:988) [randomizedtesting-runner-2.7.1.jar:?]
	at com.carrotsearch.randomizedtesting.rules.StatementAdapter.evaluate(StatementAdapter.java:36) [randomizedtesting-runner-2.7.1.jar:?]
	at org.apache.lucene.util.TestRuleSetupTeardownChained$1.evaluate(TestRuleSetupTeardownChained.java:49) [lucene-test-framework-8.3.0.jar:8.3.0 2aa586909b911e66e1d8863aa89f173d69f86cd2 - ishan - 2019-10-25 23:10:05]
	at org.apache.lucene.util.AbstractBeforeAfterRule$1.evaluate(AbstractBeforeAfterRule.java:45) [lucene-test-framework-8.3.0.jar:8.3.0 2aa586909b911e66e1d8863aa89f173d69f86cd2 - ishan - 2019-10-25 23:10:05]
	at org.apache.lucene.util.TestRuleThreadAndTestName$1.evaluate(TestRuleThreadAndTestName.java:48) [lucene-test-framework-8.3.0.jar:8.3.0 2aa586909b911e66e1d8863aa89f173d69f86cd2 - ishan - 2019-10-25 23:10:05]
	at org.apache.lucene.util.TestRuleIgnoreAfterMaxFailures$1.evaluate(TestRuleIgnoreAfterMaxFailures.java:64) [lucene-test-framework-8.3.0.jar:8.3.0 2aa586909b911e66e1d8863aa89f173d69f86cd2 - ishan - 2019-10-25 23:10:05]
	at org.apache.lucene.util.TestRuleMarkFailure$1.evaluate(TestRuleMarkFailure.java:47) [lucene-test-framework-8.3.0.jar:8.3.0 2aa586909b911e66e1d8863aa89f173d69f86cd2 - ishan - 2019-10-25 23:10:05]
	at com.carrotsearch.randomizedtesting.rules.StatementAdapter.evaluate(StatementAdapter.java:36) [randomizedtesting-runner-2.7.1.jar:?]
	at com.carrotsearch.randomizedtesting.ThreadLeakControl$StatementRunner.run(ThreadLeakControl.java:368) [randomizedtesting-runner-2.7.1.jar:?]
	at com.carrotsearch.randomizedtesting.ThreadLeakControl.forkTimeoutingTask(ThreadLeakControl.java:817) [randomizedtesting-runner-2.7.1.jar:?]
	at com.carrotsearch.randomizedtesting.ThreadLeakControl$3.evaluate(ThreadLeakControl.java:468) [randomizedtesting-runner-2.7.1.jar:?]
	at com.carrotsearch.randomizedtesting.RandomizedRunner.runSingleTest(RandomizedRunner.java:947) [randomizedtesting-runner-2.7.1.jar:?]
	at com.carrotsearch.randomizedtesting.RandomizedRunner$5.evaluate(RandomizedRunner.java:832) [randomizedtesting-runner-2.7.1.jar:?]
	at com.carrotsearch.randomizedtesting.RandomizedRunner$6.evaluate(RandomizedRunner.java:883) [randomizedtesting-runner-2.7.1.jar:?]
	at com.carrotsearch.randomizedtesting.RandomizedRunner$7.evaluate(RandomizedRunner.java:894) [randomizedtesting-runner-2.7.1.jar:?]
	at org.apache.lucene.util.AbstractBeforeAfterRule$1.evaluate(AbstractBeforeAfterRule.java:45) [lucene-test-framework-8.3.0.jar:8.3.0 2aa586909b911e66e1d8863aa89f173d69f86cd2 - ishan - 2019-10-25 23:10:05]
	at com.carrotsearch.randomizedtesting.rules.StatementAdapter.evaluate(StatementAdapter.java:36) [randomizedtesting-runner-2.7.1.jar:?]
	at org.apache.lucene.util.TestRuleStoreClassName$1.evaluate(TestRuleStoreClassName.java:41) [lucene-test-framework-8.3.0.jar:8.3.0 2aa586909b911e66e1d8863aa89f173d69f86cd2 - ishan - 2019-10-25 23:10:05]
	at com.carrotsearch.randomizedtesting.rules.NoShadowingOrOverridesOnMethodsRule$1.evaluate(NoShadowingOrOverridesOnMethodsRule.java:40) [randomizedtesting-runner-2.7.1.jar:?]
	at com.carrotsearch.randomizedtesting.rules.NoShadowingOrOverridesOnMethodsRule$1.evaluate(NoShadowingOrOverridesOnMethodsRule.java:40) [randomizedtesting-runner-2.7.1.jar:?]
	at com.carrotsearch.randomizedtesting.rules.StatementAdapter.evaluate(StatementAdapter.java:36) [randomizedtesting-runner-2.7.1.jar:?]
	at com.carrotsearch.randomizedtesting.rules.StatementAdapter.evaluate(StatementAdapter.java:36) [randomizedtesting-runner-2.7.1.jar:?]
	at org.apache.lucene.util.TestRuleAssertionsRequired$1.evaluate(TestRuleAssertionsRequired.java:53) [lucene-test-framework-8.3.0.jar:8.3.0 2aa586909b911e66e1d8863aa89f173d69f86cd2 - ishan - 2019-10-25 23:10:05]
	at org.apache.lucene.util.TestRuleMarkFailure$1.evaluate(TestRuleMarkFailure.java:47) [lucene-test-framework-8.3.0.jar:8.3.0 2aa586909b911e66e1d8863aa89f173d69f86cd2 - ishan - 2019-10-25 23:10:05]
	at org.apache.lucene.util.TestRuleIgnoreAfterMaxFailures$1.evaluate(TestRuleIgnoreAfterMaxFailures.java:64) [lucene-test-framework-8.3.0.jar:8.3.0 2aa586909b911e66e1d8863aa89f173d69f86cd2 - ishan - 2019-10-25 23:10:05]
	at org.apache.lucene.util.TestRuleIgnoreTestSuites$1.evaluate(TestRuleIgnoreTestSuites.java:54) [lucene-test-framework-8.3.0.jar:8.3.0 2aa586909b911e66e1d8863aa89f173d69f86cd2 - ishan - 2019-10-25 23:10:05]
	at com.carrotsearch.randomizedtesting.rules.StatementAdapter.evaluate(StatementAdapter.java:36) [randomizedtesting-runner-2.7.1.jar:?]
	at com.carrotsearch.randomizedtesting.ThreadLeakControl$StatementRunner.run(ThreadLeakControl.java:368) [randomizedtesting-runner-2.7.1.jar:?]
	at java.lang.Thread.run(Thread.java:835) [?:?]
[2020-02-16T19:25:18,235][ERROR][o.e.r.RestController     ] [testDispatchRequestAddsAndFreesBytesOnlyOnceOnError] failed to send failure response for uri [/error]
java.lang.IllegalStateException: always throwing an exception for testing
	at org.elasticsearch.rest.RestControllerTests$ExceptionThrowingChannel.sendResponse(RestControllerTests.java:623) ~[test/:?]
	at org.elasticsearch.rest.RestController.dispatchRequest(RestController.java:169) [main/:?]
	at org.elasticsearch.rest.RestControllerTests.testDispatchRequestAddsAndFreesBytesOnlyOnceOnError(RestControllerTests.java:269) [test/:?]
	at jdk.internal.reflect.NativeMethodAccessorImpl.invoke0(Native Method) ~[?:?]
	at jdk.internal.reflect.NativeMethodAccessorImpl.invoke(NativeMethodAccessorImpl.java:62) ~[?:?]
	at jdk.internal.reflect.DelegatingMethodAccessorImpl.invoke(DelegatingMethodAccessorImpl.java:43) ~[?:?]
	at java.lang.reflect.Method.invoke(Method.java:567) ~[?:?]
	at com.carrotsearch.randomizedtesting.RandomizedRunner.invoke(RandomizedRunner.java:1750) [randomizedtesting-runner-2.7.1.jar:?]
	at com.carrotsearch.randomizedtesting.RandomizedRunner$8.evaluate(RandomizedRunner.java:938) [randomizedtesting-runner-2.7.1.jar:?]
	at com.carrotsearch.randomizedtesting.RandomizedRunner$9.evaluate(RandomizedRunner.java:974) [randomizedtesting-runner-2.7.1.jar:?]
	at com.carrotsearch.randomizedtesting.RandomizedRunner$10.evaluate(RandomizedRunner.java:988) [randomizedtesting-runner-2.7.1.jar:?]
	at com.carrotsearch.randomizedtesting.rules.StatementAdapter.evaluate(StatementAdapter.java:36) [randomizedtesting-runner-2.7.1.jar:?]
	at org.apache.lucene.util.TestRuleSetupTeardownChained$1.evaluate(TestRuleSetupTeardownChained.java:49) [lucene-test-framework-8.3.0.jar:8.3.0 2aa586909b911e66e1d8863aa89f173d69f86cd2 - ishan - 2019-10-25 23:10:05]
	at org.apache.lucene.util.AbstractBeforeAfterRule$1.evaluate(AbstractBeforeAfterRule.java:45) [lucene-test-framework-8.3.0.jar:8.3.0 2aa586909b911e66e1d8863aa89f173d69f86cd2 - ishan - 2019-10-25 23:10:05]
	at org.apache.lucene.util.TestRuleThreadAndTestName$1.evaluate(TestRuleThreadAndTestName.java:48) [lucene-test-framework-8.3.0.jar:8.3.0 2aa586909b911e66e1d8863aa89f173d69f86cd2 - ishan - 2019-10-25 23:10:05]
	at org.apache.lucene.util.TestRuleIgnoreAfterMaxFailures$1.evaluate(TestRuleIgnoreAfterMaxFailures.java:64) [lucene-test-framework-8.3.0.jar:8.3.0 2aa586909b911e66e1d8863aa89f173d69f86cd2 - ishan - 2019-10-25 23:10:05]
	at org.apache.lucene.util.TestRuleMarkFailure$1.evaluate(TestRuleMarkFailure.java:47) [lucene-test-framework-8.3.0.jar:8.3.0 2aa586909b911e66e1d8863aa89f173d69f86cd2 - ishan - 2019-10-25 23:10:05]
	at com.carrotsearch.randomizedtesting.rules.StatementAdapter.evaluate(StatementAdapter.java:36) [randomizedtesting-runner-2.7.1.jar:?]
	at com.carrotsearch.randomizedtesting.ThreadLeakControl$StatementRunner.run(ThreadLeakControl.java:368) [randomizedtesting-runner-2.7.1.jar:?]
	at com.carrotsearch.randomizedtesting.ThreadLeakControl.forkTimeoutingTask(ThreadLeakControl.java:817) [randomizedtesting-runner-2.7.1.jar:?]
	at com.carrotsearch.randomizedtesting.ThreadLeakControl$3.evaluate(ThreadLeakControl.java:468) [randomizedtesting-runner-2.7.1.jar:?]
	at com.carrotsearch.randomizedtesting.RandomizedRunner.runSingleTest(RandomizedRunner.java:947) [randomizedtesting-runner-2.7.1.jar:?]
	at com.carrotsearch.randomizedtesting.RandomizedRunner$5.evaluate(RandomizedRunner.java:832) [randomizedtesting-runner-2.7.1.jar:?]
	at com.carrotsearch.randomizedtesting.RandomizedRunner$6.evaluate(RandomizedRunner.java:883) [randomizedtesting-runner-2.7.1.jar:?]
	at com.carrotsearch.randomizedtesting.RandomizedRunner$7.evaluate(RandomizedRunner.java:894) [randomizedtesting-runner-2.7.1.jar:?]
	at org.apache.lucene.util.AbstractBeforeAfterRule$1.evaluate(AbstractBeforeAfterRule.java:45) [lucene-test-framework-8.3.0.jar:8.3.0 2aa586909b911e66e1d8863aa89f173d69f86cd2 - ishan - 2019-10-25 23:10:05]
	at com.carrotsearch.randomizedtesting.rules.StatementAdapter.evaluate(StatementAdapter.java:36) [randomizedtesting-runner-2.7.1.jar:?]
	at org.apache.lucene.util.TestRuleStoreClassName$1.evaluate(TestRuleStoreClassName.java:41) [lucene-test-framework-8.3.0.jar:8.3.0 2aa586909b911e66e1d8863aa89f173d69f86cd2 - ishan - 2019-10-25 23:10:05]
	at com.carrotsearch.randomizedtesting.rules.NoShadowingOrOverridesOnMethodsRule$1.evaluate(NoShadowingOrOverridesOnMethodsRule.java:40) [randomizedtesting-runner-2.7.1.jar:?]
	at com.carrotsearch.randomizedtesting.rules.NoShadowingOrOverridesOnMethodsRule$1.evaluate(NoShadowingOrOverridesOnMethodsRule.java:40) [randomizedtesting-runner-2.7.1.jar:?]
	at com.carrotsearch.randomizedtesting.rules.StatementAdapter.evaluate(StatementAdapter.java:36) [randomizedtesting-runner-2.7.1.jar:?]
	at com.carrotsearch.randomizedtesting.rules.StatementAdapter.evaluate(StatementAdapter.java:36) [randomizedtesting-runner-2.7.1.jar:?]
	at org.apache.lucene.util.TestRuleAssertionsRequired$1.evaluate(TestRuleAssertionsRequired.java:53) [lucene-test-framework-8.3.0.jar:8.3.0 2aa586909b911e66e1d8863aa89f173d69f86cd2 - ishan - 2019-10-25 23:10:05]
	at org.apache.lucene.util.TestRuleMarkFailure$1.evaluate(TestRuleMarkFailure.java:47) [lucene-test-framework-8.3.0.jar:8.3.0 2aa586909b911e66e1d8863aa89f173d69f86cd2 - ishan - 2019-10-25 23:10:05]
	at org.apache.lucene.util.TestRuleIgnoreAfterMaxFailures$1.evaluate(TestRuleIgnoreAfterMaxFailures.java:64) [lucene-test-framework-8.3.0.jar:8.3.0 2aa586909b911e66e1d8863aa89f173d69f86cd2 - ishan - 2019-10-25 23:10:05]
	at org.apache.lucene.util.TestRuleIgnoreTestSuites$1.evaluate(TestRuleIgnoreTestSuites.java:54) [lucene-test-framework-8.3.0.jar:8.3.0 2aa586909b911e66e1d8863aa89f173d69f86cd2 - ishan - 2019-10-25 23:10:05]
	at com.carrotsearch.randomizedtesting.rules.StatementAdapter.evaluate(StatementAdapter.java:36) [randomizedtesting-runner-2.7.1.jar:?]
	at com.carrotsearch.randomizedtesting.ThreadLeakControl$StatementRunner.run(ThreadLeakControl.java:368) [randomizedtesting-runner-2.7.1.jar:?]
	at java.lang.Thread.run(Thread.java:835) [?:?]
	Suppressed: java.lang.IllegalStateException: always throwing an exception for testing
		at org.elasticsearch.rest.RestControllerTests$ExceptionThrowingChannel.sendResponse(RestControllerTests.java:623) ~[test/:?]
		at org.elasticsearch.rest.RestController$ResourceHandlingHttpChannel.sendResponse(RestController.java:482) ~[main/:?]
		at org.elasticsearch.rest.RestController.dispatchRequest(RestController.java:224) ~[main/:?]
		at org.elasticsearch.rest.RestController.tryAllHandlers(RestController.java:295) ~[main/:?]
		at org.elasticsearch.rest.RestController.dispatchRequest(RestController.java:166) [main/:?]
		at org.elasticsearch.rest.RestControllerTests.testDispatchRequestAddsAndFreesBytesOnlyOnceOnError(RestControllerTests.java:269) [test/:?]
		at jdk.internal.reflect.NativeMethodAccessorImpl.invoke0(Native Method) ~[?:?]
		at jdk.internal.reflect.NativeMethodAccessorImpl.invoke(NativeMethodAccessorImpl.java:62) ~[?:?]
		at jdk.internal.reflect.DelegatingMethodAccessorImpl.invoke(DelegatingMethodAccessorImpl.java:43) ~[?:?]
		at java.lang.reflect.Method.invoke(Method.java:567) ~[?:?]
		at com.carrotsearch.randomizedtesting.RandomizedRunner.invoke(RandomizedRunner.java:1750) [randomizedtesting-runner-2.7.1.jar:?]
		at com.carrotsearch.randomizedtesting.RandomizedRunner$8.evaluate(RandomizedRunner.java:938) [randomizedtesting-runner-2.7.1.jar:?]
		at com.carrotsearch.randomizedtesting.RandomizedRunner$9.evaluate(RandomizedRunner.java:974) [randomizedtesting-runner-2.7.1.jar:?]
		at com.carrotsearch.randomizedtesting.RandomizedRunner$10.evaluate(RandomizedRunner.java:988) [randomizedtesting-runner-2.7.1.jar:?]
		at com.carrotsearch.randomizedtesting.rules.StatementAdapter.evaluate(StatementAdapter.java:36) [randomizedtesting-runner-2.7.1.jar:?]
		at org.apache.lucene.util.TestRuleSetupTeardownChained$1.evaluate(TestRuleSetupTeardownChained.java:49) [lucene-test-framework-8.3.0.jar:8.3.0 2aa586909b911e66e1d8863aa89f173d69f86cd2 - ishan - 2019-10-25 23:10:05]
		at org.apache.lucene.util.AbstractBeforeAfterRule$1.evaluate(AbstractBeforeAfterRule.java:45) [lucene-test-framework-8.3.0.jar:8.3.0 2aa586909b911e66e1d8863aa89f173d69f86cd2 - ishan - 2019-10-25 23:10:05]
		at org.apache.lucene.util.TestRuleThreadAndTestName$1.evaluate(TestRuleThreadAndTestName.java:48) [lucene-test-framework-8.3.0.jar:8.3.0 2aa586909b911e66e1d8863aa89f173d69f86cd2 - ishan - 2019-10-25 23:10:05]
		at org.apache.lucene.util.TestRuleIgnoreAfterMaxFailures$1.evaluate(TestRuleIgnoreAfterMaxFailures.java:64) [lucene-test-framework-8.3.0.jar:8.3.0 2aa586909b911e66e1d8863aa89f173d69f86cd2 - ishan - 2019-10-25 23:10:05]
		at org.apache.lucene.util.TestRuleMarkFailure$1.evaluate(TestRuleMarkFailure.java:47) [lucene-test-framework-8.3.0.jar:8.3.0 2aa586909b911e66e1d8863aa89f173d69f86cd2 - ishan - 2019-10-25 23:10:05]
		at com.carrotsearch.randomizedtesting.rules.StatementAdapter.evaluate(StatementAdapter.java:36) [randomizedtesting-runner-2.7.1.jar:?]
		at com.carrotsearch.randomizedtesting.ThreadLeakControl$StatementRunner.run(ThreadLeakControl.java:368) [randomizedtesting-runner-2.7.1.jar:?]
		at com.carrotsearch.randomizedtesting.ThreadLeakControl.forkTimeoutingTask(ThreadLeakControl.java:817) [randomizedtesting-runner-2.7.1.jar:?]
		at com.carrotsearch.randomizedtesting.ThreadLeakControl$3.evaluate(ThreadLeakControl.java:468) [randomizedtesting-runner-2.7.1.jar:?]
		at com.carrotsearch.randomizedtesting.RandomizedRunner.runSingleTest(RandomizedRunner.java:947) [randomizedtesting-runner-2.7.1.jar:?]
		at com.carrotsearch.randomizedtesting.RandomizedRunner$5.evaluate(RandomizedRunner.java:832) [randomizedtesting-runner-2.7.1.jar:?]
		at com.carrotsearch.randomizedtesting.RandomizedRunner$6.evaluate(RandomizedRunner.java:883) [randomizedtesting-runner-2.7.1.jar:?]
		at com.carrotsearch.randomizedtesting.RandomizedRunner$7.evaluate(RandomizedRunner.java:894) [randomizedtesting-runner-2.7.1.jar:?]
		at org.apache.lucene.util.AbstractBeforeAfterRule$1.evaluate(AbstractBeforeAfterRule.java:45) [lucene-test-framework-8.3.0.jar:8.3.0 2aa586909b911e66e1d8863aa89f173d69f86cd2 - ishan - 2019-10-25 23:10:05]
		at com.carrotsearch.randomizedtesting.rules.StatementAdapter.evaluate(StatementAdapter.java:36) [randomizedtesting-runner-2.7.1.jar:?]
		at org.apache.lucene.util.TestRuleStoreClassName$1.evaluate(TestRuleStoreClassName.java:41) [lucene-test-framework-8.3.0.jar:8.3.0 2aa586909b911e66e1d8863aa89f173d69f86cd2 - ishan - 2019-10-25 23:10:05]
		at com.carrotsearch.randomizedtesting.rules.NoShadowingOrOverridesOnMethodsRule$1.evaluate(NoShadowingOrOverridesOnMethodsRule.java:40) [randomizedtesting-runner-2.7.1.jar:?]
		at com.carrotsearch.randomizedtesting.rules.NoShadowingOrOverridesOnMethodsRule$1.evaluate(NoShadowingOrOverridesOnMethodsRule.java:40) [randomizedtesting-runner-2.7.1.jar:?]
		at com.carrotsearch.randomizedtesting.rules.StatementAdapter.evaluate(StatementAdapter.java:36) [randomizedtesting-runner-2.7.1.jar:?]
		at com.carrotsearch.randomizedtesting.rules.StatementAdapter.evaluate(StatementAdapter.java:36) [randomizedtesting-runner-2.7.1.jar:?]
		at org.apache.lucene.util.TestRuleAssertionsRequired$1.evaluate(TestRuleAssertionsRequired.java:53) [lucene-test-framework-8.3.0.jar:8.3.0 2aa586909b911e66e1d8863aa89f173d69f86cd2 - ishan - 2019-10-25 23:10:05]
		at org.apache.lucene.util.TestRuleMarkFailure$1.evaluate(TestRuleMarkFailure.java:47) [lucene-test-framework-8.3.0.jar:8.3.0 2aa586909b911e66e1d8863aa89f173d69f86cd2 - ishan - 2019-10-25 23:10:05]
		at org.apache.lucene.util.TestRuleIgnoreAfterMaxFailures$1.evaluate(TestRuleIgnoreAfterMaxFailures.java:64) [lucene-test-framework-8.3.0.jar:8.3.0 2aa586909b911e66e1d8863aa89f173d69f86cd2 - ishan - 2019-10-25 23:10:05]
		at org.apache.lucene.util.TestRuleIgnoreTestSuites$1.evaluate(TestRuleIgnoreTestSuites.java:54) [lucene-test-framework-8.3.0.jar:8.3.0 2aa586909b911e66e1d8863aa89f173d69f86cd2 - ishan - 2019-10-25 23:10:05]
		at com.carrotsearch.randomizedtesting.rules.StatementAdapter.evaluate(StatementAdapter.java:36) [randomizedtesting-runner-2.7.1.jar:?]
		at com.carrotsearch.randomizedtesting.ThreadLeakControl$StatementRunner.run(ThreadLeakControl.java:368) [randomizedtesting-runner-2.7.1.jar:?]
		at java.lang.Thread.run(Thread.java:835) [?:?]
[2020-02-16T19:25:18,236][INFO ][o.e.r.RestControllerTests] [testDispatchRequestAddsAndFreesBytesOnlyOnceOnError] after test
[2020-02-16T19:25:18,238][INFO ][o.e.r.RestControllerTests] [testDispatchUnsupportedContentType] before test
[2020-02-16T19:25:18,239][INFO ][o.e.r.RestControllerTests] [testDispatchUnsupportedContentType] after test
[2020-02-16T19:25:18,240][INFO ][o.e.r.RestControllerTests] [testRegisterAsDeprecatedHandler] before test
[2020-02-16T19:25:18,256][INFO ][o.e.r.RestControllerTests] [testRegisterAsDeprecatedHandler] after test
[2020-02-16T19:25:18,258][INFO ][o.e.r.RestControllerTests] [testNonStreamingXContentCausesErrorResponse] before test
[2020-02-16T19:25:18,261][INFO ][o.e.r.RestControllerTests] [testNonStreamingXContentCausesErrorResponse] after test
[2020-02-16T19:25:18,269][INFO ][o.e.r.RestControllerTests] [testDispatchRequestLimitsBytes] before test
[2020-02-16T19:25:18,271][WARN ][o.e.i.b.in_flight_requests] [testDispatchRequestLimitsBytes] [in_flight_requests] New used memory 22 [22b] for data of [<http_request>] would be larger than configured breaker: 20 [20b], breaking
[2020-02-16T19:25:18,271][INFO ][o.e.r.RestControllerTests] [testDispatchRequestLimitsBytes] after test
[2020-02-16T19:25:18,273][INFO ][o.e.r.RestControllerTests] [testApplyRelevantHeaders] before test
[2020-02-16T19:25:18,278][INFO ][o.e.r.RestControllerTests] [testApplyRelevantHeaders] after test
[2020-02-16T19:25:18,280][INFO ][o.e.r.RestControllerTests] [testDispatchWithContentStream] before test
[2020-02-16T19:25:18,281][INFO ][o.e.r.RestControllerTests] [testDispatchWithContentStream] after test
[2020-02-16T19:25:18,283][INFO ][o.e.r.RestControllerTests] [testDispatchRequestAddsAndFreesBytesOnError] before test
[2020-02-16T19:25:18,284][INFO ][o.e.r.RestControllerTests] [testDispatchRequestAddsAndFreesBytesOnError] after test
[2020-02-16T19:25:18,286][INFO ][o.e.r.RestControllerTests] [testRegisterWithDeprecatedHandler] before test
[2020-02-16T19:25:18,287][INFO ][o.e.r.RestControllerTests] [testRegisterWithDeprecatedHandler] after test
[2020-02-16T19:25:18,289][INFO ][o.e.r.RestControllerTests] [testDispatchDoesNotRequireContentTypeForRequestsWithoutContent] before test
[2020-02-16T19:25:18,291][INFO ][o.e.r.RestControllerTests] [testDispatchDoesNotRequireContentTypeForRequestsWithoutContent] after test
[2020-02-16T19:25:18,292][INFO ][o.e.r.RestControllerTests] [testDispatchBadRequest] before test
[2020-02-16T19:25:18,293][INFO ][o.e.r.RestControllerTests] [testDispatchBadRequest] after test
[2020-02-16T19:25:18,295][INFO ][o.e.r.RestControllerTests] [testDispatchFailsWithPlainText] before test
[2020-02-16T19:25:18,297][INFO ][o.e.r.RestControllerTests] [testDispatchFailsWithPlainText] after test
[2020-02-16T19:25:18,298][INFO ][o.e.r.RestControllerTests] [testDispatchRequestAddsAndFreesBytesOnSuccess] before test
[2020-02-16T19:25:18,300][INFO ][o.e.r.RestControllerTests] [testDispatchRequestAddsAndFreesBytesOnSuccess] after test
[2020-02-16T19:25:18,302][INFO ][o.e.r.RestControllerTests] [testDispatchRequiresContentTypeForRequestsWithContent] before test
[2020-02-16T19:25:18,303][INFO ][o.e.r.RestControllerTests] [testDispatchRequiresContentTypeForRequestsWithContent] after test
[2020-02-16T19:25:18,305][INFO ][o.e.r.RestControllerTests] [testRegisterSecondMethodWithDifferentNamedWildcard] before test
[2020-02-16T19:25:18,306][INFO ][o.e.r.RestControllerTests] [testRegisterSecondMethodWithDifferentNamedWildcard] after test
[2020-02-16T19:25:18,308][INFO ][o.e.r.RestControllerTests] [testDispatchWorksWithNewlineDelimitedJson] before test
[2020-02-16T19:25:18,309][INFO ][o.e.r.RestControllerTests] [testDispatchWorksWithNewlineDelimitedJson] after test
[2020-02-16T19:25:18,311][INFO ][o.e.r.RestControllerTests] [testFaviconWithWrongHttpMethod] before test
[2020-02-16T19:25:18,313][INFO ][o.e.r.RestControllerTests] [testFaviconWithWrongHttpMethod] after test
[2020-02-16T19:25:18,314][INFO ][o.e.r.RestControllerTests] [testUnknownContentWithContentStream] before test
[2020-02-16T19:25:18,316][INFO ][o.e.r.RestControllerTests] [testUnknownContentWithContentStream] after test
[2020-02-16T19:25:18,317][INFO ][o.e.r.RestControllerTests] [testDispatchUnsupportedHttpMethod] before test
[2020-02-16T19:25:18,319][INFO ][o.e.r.RestControllerTests] [testDispatchUnsupportedHttpMethod] after test
[2020-02-16T19:25:18,320][INFO ][o.e.r.RestControllerTests] [testRestHandlerWrapper] before test
[2020-02-16T19:25:18,322][INFO ][o.e.r.RestControllerTests] [testRestHandlerWrapper] after test
]]></system-out>
  <system-err><![CDATA[]]></system-err>
</testsuite>
