<?xml version="1.0" encoding="UTF-8"?>
<testsuite name="org.elasticsearch.cluster.coordination.ClusterBootstrapServiceTests" tests="29" skipped="0" failures="0" errors="0" timestamp="2020-02-16T22:20:52" hostname="Escoto-PC" time="0.193">
  <properties/>
  <testcase name="testBootstrapsAutomaticallyWithSingleNodeDiscovery" classname="org.elasticsearch.cluster.coordination.ClusterBootstrapServiceTests" time="0.006"/>
  <testcase name="testFailBootstrapNonMasterEligibleNodeWithSingleNodeDiscovery" classname="org.elasticsearch.cluster.coordination.ClusterBootstrapServiceTests" time="0.004"/>
  <testcase name="testDoesNotBootstrapsIfZen1NodesDiscovered" classname="org.elasticsearch.cluster.coordination.ClusterBootstrapServiceTests" time="0.004"/>
  <testcase name="testFailBootstrapWithBothSingleNodeDiscoveryAndInitialMasterNodes" classname="org.elasticsearch.cluster.coordination.ClusterBootstrapServiceTests" time="0.006"/>
  <testcase name="testDoesNotBootstrapIfAlreadyBootstrapped" classname="org.elasticsearch.cluster.coordination.ClusterBootstrapServiceTests" time="0.003"/>
  <testcase name="testMatchesOnNodeHostAddress" classname="org.elasticsearch.cluster.coordination.ClusterBootstrapServiceTests" time="0.008"/>
  <testcase name="testBootstrapsOnDiscoveryOfThreeOfFiveRequiredNodes" classname="org.elasticsearch.cluster.coordination.ClusterBootstrapServiceTests" time="0.005"/>
  <testcase name="testBootstrapsOnDiscoveryOfTwoOfThreeRequiredNodes" classname="org.elasticsearch.cluster.coordination.ClusterBootstrapServiceTests" time="0.003"/>
  <testcase name="testDoesNotIncludeExtraNodes" classname="org.elasticsearch.cluster.coordination.ClusterBootstrapServiceTests" time="0.004"/>
  <testcase name="testMatchesOnNodeAddress" classname="org.elasticsearch.cluster.coordination.ClusterBootstrapServiceTests" time="0.005"/>
  <testcase name="testBootstrapsOnDiscoveryOfAllRequiredNodes" classname="org.elasticsearch.cluster.coordination.ClusterBootstrapServiceTests" time="0.005"/>
  <testcase name="testDoesNothingByDefaultIfZen1NodesDiscovered" classname="org.elasticsearch.cluster.coordination.ClusterBootstrapServiceTests" time="0.004"/>
  <testcase name="testDoesNothingByDefaultIfHostsProviderConfigured" classname="org.elasticsearch.cluster.coordination.ClusterBootstrapServiceTests" time="0.003"/>
  <testcase name="testDoesNothingByDefaultIfMasterNodesConfigured" classname="org.elasticsearch.cluster.coordination.ClusterBootstrapServiceTests" time="0.005"/>
  <testcase name="testDoesNotBootstrapIfThreeOfSixNodesDiscovered" classname="org.elasticsearch.cluster.coordination.ClusterBootstrapServiceTests" time="0.005"/>
  <testcase name="testBootstrapsAutomaticallyWithDefaultConfiguration" classname="org.elasticsearch.cluster.coordination.ClusterBootstrapServiceTests" time="0.008"/>
  <testcase name="testDoesNotBootstrapsIfNotConfigured" classname="org.elasticsearch.cluster.coordination.ClusterBootstrapServiceTests" time="0.005"/>
  <testcase name="testMatchesOnNodeName" classname="org.elasticsearch.cluster.coordination.ClusterBootstrapServiceTests" time="0.02"/>
  <testcase name="testCancelsBootstrapIfRequirementMatchesMultipleNodes" classname="org.elasticsearch.cluster.coordination.ClusterBootstrapServiceTests" time="0.006"/>
  <testcase name="testDoesNothingByDefaultIfSeedHostsConfigured" classname="org.elasticsearch.cluster.coordination.ClusterBootstrapServiceTests" time="0.004"/>
  <testcase name="testDoesNotBootstrapIfTwoOfFiveNodesDiscovered" classname="org.elasticsearch.cluster.coordination.ClusterBootstrapServiceTests" time="0.003"/>
  <testcase name="testThrowsExceptionOnDuplicates" classname="org.elasticsearch.cluster.coordination.ClusterBootstrapServiceTests" time="0.005"/>
  <testcase name="testDoesNotBootstrapIfNoNodesDiscovered" classname="org.elasticsearch.cluster.coordination.ClusterBootstrapServiceTests" time="0.008"/>
  <testcase name="testDoesNotJustMatchEverything" classname="org.elasticsearch.cluster.coordination.ClusterBootstrapServiceTests" time="0.006"/>
  <testcase name="testCancelsBootstrapIfNodeMatchesMultipleRequirements" classname="org.elasticsearch.cluster.coordination.ClusterBootstrapServiceTests" time="0.005"/>
  <testcase name="testDoesNotBootstrapsOnNonMasterNode" classname="org.elasticsearch.cluster.coordination.ClusterBootstrapServiceTests" time="0.013"/>
  <testcase name="testRetriesBootstrappingOnException" classname="org.elasticsearch.cluster.coordination.ClusterBootstrapServiceTests" time="0.022"/>
  <testcase name="testDoesNotBootstrapsIfLocalNodeNotInInitialMasterNodes" classname="org.elasticsearch.cluster.coordination.ClusterBootstrapServiceTests" time="0.01"/>
  <testcase name="testDoesNothingByDefaultOnMasterIneligibleNodes" classname="org.elasticsearch.cluster.coordination.ClusterBootstrapServiceTests" time="0.004"/>
  <system-out><![CDATA[[2020-02-17T00:20:52,223][INFO ][o.e.c.c.ClusterBootstrapServiceTests] [testBootstrapsAutomaticallyWithSingleNodeDiscovery] before test
[2020-02-17T00:20:52,227][INFO ][o.e.c.c.ClusterBootstrapServiceTests] [testBootstrapsAutomaticallyWithSingleNodeDiscovery] after test
[2020-02-17T00:20:52,229][INFO ][o.e.c.c.ClusterBootstrapServiceTests] [testFailBootstrapNonMasterEligibleNodeWithSingleNodeDiscovery] before test
[2020-02-17T00:20:52,231][INFO ][o.e.c.c.ClusterBootstrapServiceTests] [testFailBootstrapNonMasterEligibleNodeWithSingleNodeDiscovery] after test
[2020-02-17T00:20:52,233][INFO ][o.e.c.c.ClusterBootstrapServiceTests] [testDoesNotBootstrapsIfZen1NodesDiscovered] before test
[2020-02-17T00:20:52,235][INFO ][o.e.c.c.ClusterBootstrapServiceTests] [testDoesNotBootstrapsIfZen1NodesDiscovered] after test
[2020-02-17T00:20:52,239][INFO ][o.e.c.c.ClusterBootstrapServiceTests] [testFailBootstrapWithBothSingleNodeDiscoveryAndInitialMasterNodes] before test
[2020-02-17T00:20:52,241][INFO ][o.e.c.c.ClusterBootstrapServiceTests] [testFailBootstrapWithBothSingleNodeDiscoveryAndInitialMasterNodes] after test
[2020-02-17T00:20:52,243][INFO ][o.e.c.c.ClusterBootstrapServiceTests] [testDoesNotBootstrapIfAlreadyBootstrapped] before test
[2020-02-17T00:20:52,244][INFO ][o.e.c.c.ClusterBootstrapServiceTests] [testDoesNotBootstrapIfAlreadyBootstrapped] after test
[2020-02-17T00:20:52,250][INFO ][o.e.c.c.ClusterBootstrapServiceTests] [testMatchesOnNodeHostAddress] before test
[2020-02-17T00:20:52,252][INFO ][o.e.c.c.ClusterBootstrapServiceTests] [testMatchesOnNodeHostAddress] after test
[2020-02-17T00:20:52,255][INFO ][o.e.c.c.ClusterBootstrapServiceTests] [testBootstrapsOnDiscoveryOfThreeOfFiveRequiredNodes] before test
[2020-02-17T00:20:52,258][INFO ][o.e.c.c.ClusterBootstrapServiceTests] [testBootstrapsOnDiscoveryOfThreeOfFiveRequiredNodes] after test
[2020-02-17T00:20:52,260][INFO ][o.e.c.c.ClusterBootstrapServiceTests] [testBootstrapsOnDiscoveryOfTwoOfThreeRequiredNodes] before test
[2020-02-17T00:20:52,261][INFO ][o.e.c.c.ClusterBootstrapServiceTests] [testBootstrapsOnDiscoveryOfTwoOfThreeRequiredNodes] after test
[2020-02-17T00:20:52,264][INFO ][o.e.c.c.ClusterBootstrapServiceTests] [testDoesNotIncludeExtraNodes] before test
[2020-02-17T00:20:52,265][INFO ][o.e.c.c.ClusterBootstrapServiceTests] [testDoesNotIncludeExtraNodes] after test
[2020-02-17T00:20:52,267][INFO ][o.e.c.c.ClusterBootstrapServiceTests] [testMatchesOnNodeAddress] before test
[2020-02-17T00:20:52,270][INFO ][o.e.c.c.ClusterBootstrapServiceTests] [testMatchesOnNodeAddress] after test
[2020-02-17T00:20:52,273][INFO ][o.e.c.c.ClusterBootstrapServiceTests] [testBootstrapsOnDiscoveryOfAllRequiredNodes] before test
[2020-02-17T00:20:52,275][INFO ][o.e.c.c.ClusterBootstrapServiceTests] [testBootstrapsOnDiscoveryOfAllRequiredNodes] after test
[2020-02-17T00:20:52,277][INFO ][o.e.c.c.ClusterBootstrapServiceTests] [testDoesNothingByDefaultIfZen1NodesDiscovered] before test
[2020-02-17T00:20:52,279][INFO ][o.e.c.c.ClusterBootstrapService] [testDoesNothingByDefaultIfZen1NodesDiscovered] no discovery configuration found, will perform best-effort cluster bootstrapping after [3s] unless existing master is discovered
[2020-02-17T00:20:52,279][INFO ][o.e.c.c.ClusterBootstrapService] [testDoesNothingByDefaultIfZen1NodesDiscovered] avoiding best-effort cluster bootstrapping due to discovery of pre-7.0 nodes [{zen1}{PKLNZQE8TK2gGuzD7jajcQ}{0.0.0.0}{0.0.0.0:39}{m}{zen1=true}]
[2020-02-17T00:20:52,279][INFO ][o.e.c.c.ClusterBootstrapServiceTests] [testDoesNothingByDefaultIfZen1NodesDiscovered] after test
[2020-02-17T00:20:52,282][INFO ][o.e.c.c.ClusterBootstrapServiceTests] [testDoesNothingByDefaultIfHostsProviderConfigured] before test
[2020-02-17T00:20:52,283][INFO ][o.e.c.c.ClusterBootstrapServiceTests] [testDoesNothingByDefaultIfHostsProviderConfigured] after test
[2020-02-17T00:20:52,287][INFO ][o.e.c.c.ClusterBootstrapServiceTests] [testDoesNothingByDefaultIfMasterNodesConfigured] before test
[2020-02-17T00:20:52,288][INFO ][o.e.c.c.ClusterBootstrapServiceTests] [testDoesNothingByDefaultIfMasterNodesConfigured] after test
[2020-02-17T00:20:52,293][INFO ][o.e.c.c.ClusterBootstrapServiceTests] [testDoesNotBootstrapIfThreeOfSixNodesDiscovered] before test
[2020-02-17T00:20:52,294][INFO ][o.e.c.c.ClusterBootstrapServiceTests] [testDoesNotBootstrapIfThreeOfSixNodesDiscovered] after test
[2020-02-17T00:20:52,300][INFO ][o.e.c.c.ClusterBootstrapServiceTests] [testBootstrapsAutomaticallyWithDefaultConfiguration] before test
[2020-02-17T00:20:52,303][INFO ][o.e.c.c.ClusterBootstrapService] [testBootstrapsAutomaticallyWithDefaultConfiguration] no discovery configuration found, will perform best-effort cluster bootstrapping after [3s] unless existing master is discovered
[2020-02-17T00:20:52,303][INFO ][o.e.c.c.ClusterBootstrapServiceTests] [testBootstrapsAutomaticallyWithDefaultConfiguration] after test
[2020-02-17T00:20:52,307][INFO ][o.e.c.c.ClusterBootstrapServiceTests] [testDoesNotBootstrapsIfNotConfigured] before test
[2020-02-17T00:20:52,308][INFO ][o.e.c.c.ClusterBootstrapServiceTests] [testDoesNotBootstrapsIfNotConfigured] after test
[2020-02-17T00:20:52,327][INFO ][o.e.c.c.ClusterBootstrapServiceTests] [testMatchesOnNodeName] before test
[2020-02-17T00:20:52,328][INFO ][o.e.c.c.ClusterBootstrapServiceTests] [testMatchesOnNodeName] after test
[2020-02-17T00:20:52,331][INFO ][o.e.c.c.ClusterBootstrapServiceTests] [testCancelsBootstrapIfRequirementMatchesMultipleNodes] before test
[2020-02-17T00:20:52,333][WARN ][o.e.c.c.ClusterBootstrapService] [testCancelsBootstrapIfRequirementMatchesMultipleNodes] bootstrapping cancelled
java.lang.IllegalStateException: requirement [0.0.0.0] matches multiple nodes: [{other1}{yGRUaXxnzy}{a1eHc3a0RVSvIoECYQUQQA}{0.0.0.0}{0.0.0.0:59}{m}, {local}{bZdnQxvFDC}{_0TGlj_-T0iZ8RF8GfKHWA}{0.0.0.0}{0.0.0.0:58}{m}, {other2}{yZRFTaqkLJ}{S8gGVct3ScmpC_7clbAfkw}{0.0.0.0}{0.0.0.0:60}{m}]
	at org.elasticsearch.cluster.coordination.ClusterBootstrapService.checkRequirements(ClusterBootstrapService.java:242) ~[main/:?]
	at org.elasticsearch.cluster.coordination.ClusterBootstrapService.onFoundPeersUpdated(ClusterBootstrapService.java:124) [main/:?]
	at org.elasticsearch.cluster.coordination.ClusterBootstrapServiceTests.testCancelsBootstrapIfRequirementMatchesMultipleNodes(ClusterBootstrapServiceTests.java:405) [test/:?]
	at jdk.internal.reflect.NativeMethodAccessorImpl.invoke0(Native Method) ~[?:?]
	at jdk.internal.reflect.NativeMethodAccessorImpl.invoke(NativeMethodAccessorImpl.java:62) ~[?:?]
	at jdk.internal.reflect.DelegatingMethodAccessorImpl.invoke(DelegatingMethodAccessorImpl.java:43) ~[?:?]
	at java.lang.reflect.Method.invoke(Method.java:567) ~[?:?]
	at com.carrotsearch.randomizedtesting.RandomizedRunner.invoke(RandomizedRunner.java:1750) [randomizedtesting-runner-2.7.1.jar:?]
	at com.carrotsearch.randomizedtesting.RandomizedRunner$8.evaluate(RandomizedRunner.java:938) [randomizedtesting-runner-2.7.1.jar:?]
	at com.carrotsearch.randomizedtesting.RandomizedRunner$9.evaluate(RandomizedRunner.java:974) [randomizedtesting-runner-2.7.1.jar:?]
	at com.carrotsearch.randomizedtesting.RandomizedRunner$10.evaluate(RandomizedRunner.java:988) [randomizedtesting-runner-2.7.1.jar:?]
	at com.carrotsearch.randomizedtesting.rules.StatementAdapter.evaluate(StatementAdapter.java:36) [randomizedtesting-runner-2.7.1.jar:?]
	at org.apache.lucene.util.TestRuleSetupTeardownChained$1.evaluate(TestRuleSetupTeardownChained.java:49) [lucene-test-framework-8.3.0.jar:8.3.0 2aa586909b911e66e1d8863aa89f173d69f86cd2 - ishan - 2019-10-25 23:10:05]
	at org.apache.lucene.util.AbstractBeforeAfterRule$1.evaluate(AbstractBeforeAfterRule.java:45) [lucene-test-framework-8.3.0.jar:8.3.0 2aa586909b911e66e1d8863aa89f173d69f86cd2 - ishan - 2019-10-25 23:10:05]
	at org.apache.lucene.util.TestRuleThreadAndTestName$1.evaluate(TestRuleThreadAndTestName.java:48) [lucene-test-framework-8.3.0.jar:8.3.0 2aa586909b911e66e1d8863aa89f173d69f86cd2 - ishan - 2019-10-25 23:10:05]
	at org.apache.lucene.util.TestRuleIgnoreAfterMaxFailures$1.evaluate(TestRuleIgnoreAfterMaxFailures.java:64) [lucene-test-framework-8.3.0.jar:8.3.0 2aa586909b911e66e1d8863aa89f173d69f86cd2 - ishan - 2019-10-25 23:10:05]
	at org.apache.lucene.util.TestRuleMarkFailure$1.evaluate(TestRuleMarkFailure.java:47) [lucene-test-framework-8.3.0.jar:8.3.0 2aa586909b911e66e1d8863aa89f173d69f86cd2 - ishan - 2019-10-25 23:10:05]
	at com.carrotsearch.randomizedtesting.rules.StatementAdapter.evaluate(StatementAdapter.java:36) [randomizedtesting-runner-2.7.1.jar:?]
	at com.carrotsearch.randomizedtesting.ThreadLeakControl$StatementRunner.run(ThreadLeakControl.java:368) [randomizedtesting-runner-2.7.1.jar:?]
	at com.carrotsearch.randomizedtesting.ThreadLeakControl.forkTimeoutingTask(ThreadLeakControl.java:817) [randomizedtesting-runner-2.7.1.jar:?]
	at com.carrotsearch.randomizedtesting.ThreadLeakControl$3.evaluate(ThreadLeakControl.java:468) [randomizedtesting-runner-2.7.1.jar:?]
	at com.carrotsearch.randomizedtesting.RandomizedRunner.runSingleTest(RandomizedRunner.java:947) [randomizedtesting-runner-2.7.1.jar:?]
	at com.carrotsearch.randomizedtesting.RandomizedRunner$5.evaluate(RandomizedRunner.java:832) [randomizedtesting-runner-2.7.1.jar:?]
	at com.carrotsearch.randomizedtesting.RandomizedRunner$6.evaluate(RandomizedRunner.java:883) [randomizedtesting-runner-2.7.1.jar:?]
	at com.carrotsearch.randomizedtesting.RandomizedRunner$7.evaluate(RandomizedRunner.java:894) [randomizedtesting-runner-2.7.1.jar:?]
	at org.apache.lucene.util.AbstractBeforeAfterRule$1.evaluate(AbstractBeforeAfterRule.java:45) [lucene-test-framework-8.3.0.jar:8.3.0 2aa586909b911e66e1d8863aa89f173d69f86cd2 - ishan - 2019-10-25 23:10:05]
	at com.carrotsearch.randomizedtesting.rules.StatementAdapter.evaluate(StatementAdapter.java:36) [randomizedtesting-runner-2.7.1.jar:?]
	at org.apache.lucene.util.TestRuleStoreClassName$1.evaluate(TestRuleStoreClassName.java:41) [lucene-test-framework-8.3.0.jar:8.3.0 2aa586909b911e66e1d8863aa89f173d69f86cd2 - ishan - 2019-10-25 23:10:05]
	at com.carrotsearch.randomizedtesting.rules.NoShadowingOrOverridesOnMethodsRule$1.evaluate(NoShadowingOrOverridesOnMethodsRule.java:40) [randomizedtesting-runner-2.7.1.jar:?]
	at com.carrotsearch.randomizedtesting.rules.NoShadowingOrOverridesOnMethodsRule$1.evaluate(NoShadowingOrOverridesOnMethodsRule.java:40) [randomizedtesting-runner-2.7.1.jar:?]
	at com.carrotsearch.randomizedtesting.rules.StatementAdapter.evaluate(StatementAdapter.java:36) [randomizedtesting-runner-2.7.1.jar:?]
	at com.carrotsearch.randomizedtesting.rules.StatementAdapter.evaluate(StatementAdapter.java:36) [randomizedtesting-runner-2.7.1.jar:?]
	at org.apache.lucene.util.TestRuleAssertionsRequired$1.evaluate(TestRuleAssertionsRequired.java:53) [lucene-test-framework-8.3.0.jar:8.3.0 2aa586909b911e66e1d8863aa89f173d69f86cd2 - ishan - 2019-10-25 23:10:05]
	at org.apache.lucene.util.TestRuleMarkFailure$1.evaluate(TestRuleMarkFailure.java:47) [lucene-test-framework-8.3.0.jar:8.3.0 2aa586909b911e66e1d8863aa89f173d69f86cd2 - ishan - 2019-10-25 23:10:05]
	at org.apache.lucene.util.TestRuleIgnoreAfterMaxFailures$1.evaluate(TestRuleIgnoreAfterMaxFailures.java:64) [lucene-test-framework-8.3.0.jar:8.3.0 2aa586909b911e66e1d8863aa89f173d69f86cd2 - ishan - 2019-10-25 23:10:05]
	at org.apache.lucene.util.TestRuleIgnoreTestSuites$1.evaluate(TestRuleIgnoreTestSuites.java:54) [lucene-test-framework-8.3.0.jar:8.3.0 2aa586909b911e66e1d8863aa89f173d69f86cd2 - ishan - 2019-10-25 23:10:05]
	at com.carrotsearch.randomizedtesting.rules.StatementAdapter.evaluate(StatementAdapter.java:36) [randomizedtesting-runner-2.7.1.jar:?]
	at com.carrotsearch.randomizedtesting.ThreadLeakControl$StatementRunner.run(ThreadLeakControl.java:368) [randomizedtesting-runner-2.7.1.jar:?]
	at java.lang.Thread.run(Thread.java:835) [?:?]
[2020-02-17T00:20:52,334][INFO ][o.e.c.c.ClusterBootstrapServiceTests] [testCancelsBootstrapIfRequirementMatchesMultipleNodes] after test
[2020-02-17T00:20:52,336][INFO ][o.e.c.c.ClusterBootstrapServiceTests] [testDoesNothingByDefaultIfSeedHostsConfigured] before test
[2020-02-17T00:20:52,338][INFO ][o.e.c.c.ClusterBootstrapServiceTests] [testDoesNothingByDefaultIfSeedHostsConfigured] after test
[2020-02-17T00:20:52,340][INFO ][o.e.c.c.ClusterBootstrapServiceTests] [testDoesNotBootstrapIfTwoOfFiveNodesDiscovered] before test
[2020-02-17T00:20:52,341][INFO ][o.e.c.c.ClusterBootstrapServiceTests] [testDoesNotBootstrapIfTwoOfFiveNodesDiscovered] after test
[2020-02-17T00:20:52,344][INFO ][o.e.c.c.ClusterBootstrapServiceTests] [testThrowsExceptionOnDuplicates] before test
[2020-02-17T00:20:52,346][INFO ][o.e.c.c.ClusterBootstrapServiceTests] [testThrowsExceptionOnDuplicates] after test
[2020-02-17T00:20:52,352][INFO ][o.e.c.c.ClusterBootstrapServiceTests] [testDoesNotBootstrapIfNoNodesDiscovered] before test
[2020-02-17T00:20:52,354][INFO ][o.e.c.c.ClusterBootstrapServiceTests] [testDoesNotBootstrapIfNoNodesDiscovered] after test
[2020-02-17T00:20:52,358][INFO ][o.e.c.c.ClusterBootstrapServiceTests] [testDoesNotJustMatchEverything] before test
[2020-02-17T00:20:52,360][INFO ][o.e.c.c.ClusterBootstrapService] [testDoesNotJustMatchEverything] skipping cluster bootstrapping as local node does not match bootstrap requirements: [ADfNPFmjOQ]
[2020-02-17T00:20:52,360][INFO ][o.e.c.c.ClusterBootstrapServiceTests] [testDoesNotJustMatchEverything] after test
[2020-02-17T00:20:52,362][INFO ][o.e.c.c.ClusterBootstrapServiceTests] [testCancelsBootstrapIfNodeMatchesMultipleRequirements] before test
[2020-02-17T00:20:52,364][WARN ][o.e.c.c.ClusterBootstrapService] [testCancelsBootstrapIfNodeMatchesMultipleRequirements] bootstrapping cancelled
java.lang.IllegalStateException: node [{other1}{EWFPhzwcww}{Djw5quHUSL22fbz94TiBbA}{0.0.0.0}{0.0.0.0:77}{m}] matches multiple requirements: [0.0.0.0:77, other1]
	at org.elasticsearch.cluster.coordination.ClusterBootstrapService.checkRequirements(ClusterBootstrapService.java:248) ~[main/:?]
	at org.elasticsearch.cluster.coordination.ClusterBootstrapService.onFoundPeersUpdated(ClusterBootstrapService.java:124) [main/:?]
	at org.elasticsearch.cluster.coordination.ClusterBootstrapServiceTests.testCancelsBootstrapIfNodeMatchesMultipleRequirements(ClusterBootstrapServiceTests.java:424) [test/:?]
	at jdk.internal.reflect.NativeMethodAccessorImpl.invoke0(Native Method) ~[?:?]
	at jdk.internal.reflect.NativeMethodAccessorImpl.invoke(NativeMethodAccessorImpl.java:62) ~[?:?]
	at jdk.internal.reflect.DelegatingMethodAccessorImpl.invoke(DelegatingMethodAccessorImpl.java:43) ~[?:?]
	at java.lang.reflect.Method.invoke(Method.java:567) ~[?:?]
	at com.carrotsearch.randomizedtesting.RandomizedRunner.invoke(RandomizedRunner.java:1750) [randomizedtesting-runner-2.7.1.jar:?]
	at com.carrotsearch.randomizedtesting.RandomizedRunner$8.evaluate(RandomizedRunner.java:938) [randomizedtesting-runner-2.7.1.jar:?]
	at com.carrotsearch.randomizedtesting.RandomizedRunner$9.evaluate(RandomizedRunner.java:974) [randomizedtesting-runner-2.7.1.jar:?]
	at com.carrotsearch.randomizedtesting.RandomizedRunner$10.evaluate(RandomizedRunner.java:988) [randomizedtesting-runner-2.7.1.jar:?]
	at com.carrotsearch.randomizedtesting.rules.StatementAdapter.evaluate(StatementAdapter.java:36) [randomizedtesting-runner-2.7.1.jar:?]
	at org.apache.lucene.util.TestRuleSetupTeardownChained$1.evaluate(TestRuleSetupTeardownChained.java:49) [lucene-test-framework-8.3.0.jar:8.3.0 2aa586909b911e66e1d8863aa89f173d69f86cd2 - ishan - 2019-10-25 23:10:05]
	at org.apache.lucene.util.AbstractBeforeAfterRule$1.evaluate(AbstractBeforeAfterRule.java:45) [lucene-test-framework-8.3.0.jar:8.3.0 2aa586909b911e66e1d8863aa89f173d69f86cd2 - ishan - 2019-10-25 23:10:05]
	at org.apache.lucene.util.TestRuleThreadAndTestName$1.evaluate(TestRuleThreadAndTestName.java:48) [lucene-test-framework-8.3.0.jar:8.3.0 2aa586909b911e66e1d8863aa89f173d69f86cd2 - ishan - 2019-10-25 23:10:05]
	at org.apache.lucene.util.TestRuleIgnoreAfterMaxFailures$1.evaluate(TestRuleIgnoreAfterMaxFailures.java:64) [lucene-test-framework-8.3.0.jar:8.3.0 2aa586909b911e66e1d8863aa89f173d69f86cd2 - ishan - 2019-10-25 23:10:05]
	at org.apache.lucene.util.TestRuleMarkFailure$1.evaluate(TestRuleMarkFailure.java:47) [lucene-test-framework-8.3.0.jar:8.3.0 2aa586909b911e66e1d8863aa89f173d69f86cd2 - ishan - 2019-10-25 23:10:05]
	at com.carrotsearch.randomizedtesting.rules.StatementAdapter.evaluate(StatementAdapter.java:36) [randomizedtesting-runner-2.7.1.jar:?]
	at com.carrotsearch.randomizedtesting.ThreadLeakControl$StatementRunner.run(ThreadLeakControl.java:368) [randomizedtesting-runner-2.7.1.jar:?]
	at com.carrotsearch.randomizedtesting.ThreadLeakControl.forkTimeoutingTask(ThreadLeakControl.java:817) [randomizedtesting-runner-2.7.1.jar:?]
	at com.carrotsearch.randomizedtesting.ThreadLeakControl$3.evaluate(ThreadLeakControl.java:468) [randomizedtesting-runner-2.7.1.jar:?]
	at com.carrotsearch.randomizedtesting.RandomizedRunner.runSingleTest(RandomizedRunner.java:947) [randomizedtesting-runner-2.7.1.jar:?]
	at com.carrotsearch.randomizedtesting.RandomizedRunner$5.evaluate(RandomizedRunner.java:832) [randomizedtesting-runner-2.7.1.jar:?]
	at com.carrotsearch.randomizedtesting.RandomizedRunner$6.evaluate(RandomizedRunner.java:883) [randomizedtesting-runner-2.7.1.jar:?]
	at com.carrotsearch.randomizedtesting.RandomizedRunner$7.evaluate(RandomizedRunner.java:894) [randomizedtesting-runner-2.7.1.jar:?]
	at org.apache.lucene.util.AbstractBeforeAfterRule$1.evaluate(AbstractBeforeAfterRule.java:45) [lucene-test-framework-8.3.0.jar:8.3.0 2aa586909b911e66e1d8863aa89f173d69f86cd2 - ishan - 2019-10-25 23:10:05]
	at com.carrotsearch.randomizedtesting.rules.StatementAdapter.evaluate(StatementAdapter.java:36) [randomizedtesting-runner-2.7.1.jar:?]
	at org.apache.lucene.util.TestRuleStoreClassName$1.evaluate(TestRuleStoreClassName.java:41) [lucene-test-framework-8.3.0.jar:8.3.0 2aa586909b911e66e1d8863aa89f173d69f86cd2 - ishan - 2019-10-25 23:10:05]
	at com.carrotsearch.randomizedtesting.rules.NoShadowingOrOverridesOnMethodsRule$1.evaluate(NoShadowingOrOverridesOnMethodsRule.java:40) [randomizedtesting-runner-2.7.1.jar:?]
	at com.carrotsearch.randomizedtesting.rules.NoShadowingOrOverridesOnMethodsRule$1.evaluate(NoShadowingOrOverridesOnMethodsRule.java:40) [randomizedtesting-runner-2.7.1.jar:?]
	at com.carrotsearch.randomizedtesting.rules.StatementAdapter.evaluate(StatementAdapter.java:36) [randomizedtesting-runner-2.7.1.jar:?]
	at com.carrotsearch.randomizedtesting.rules.StatementAdapter.evaluate(StatementAdapter.java:36) [randomizedtesting-runner-2.7.1.jar:?]
	at org.apache.lucene.util.TestRuleAssertionsRequired$1.evaluate(TestRuleAssertionsRequired.java:53) [lucene-test-framework-8.3.0.jar:8.3.0 2aa586909b911e66e1d8863aa89f173d69f86cd2 - ishan - 2019-10-25 23:10:05]
	at org.apache.lucene.util.TestRuleMarkFailure$1.evaluate(TestRuleMarkFailure.java:47) [lucene-test-framework-8.3.0.jar:8.3.0 2aa586909b911e66e1d8863aa89f173d69f86cd2 - ishan - 2019-10-25 23:10:05]
	at org.apache.lucene.util.TestRuleIgnoreAfterMaxFailures$1.evaluate(TestRuleIgnoreAfterMaxFailures.java:64) [lucene-test-framework-8.3.0.jar:8.3.0 2aa586909b911e66e1d8863aa89f173d69f86cd2 - ishan - 2019-10-25 23:10:05]
	at org.apache.lucene.util.TestRuleIgnoreTestSuites$1.evaluate(TestRuleIgnoreTestSuites.java:54) [lucene-test-framework-8.3.0.jar:8.3.0 2aa586909b911e66e1d8863aa89f173d69f86cd2 - ishan - 2019-10-25 23:10:05]
	at com.carrotsearch.randomizedtesting.rules.StatementAdapter.evaluate(StatementAdapter.java:36) [randomizedtesting-runner-2.7.1.jar:?]
	at com.carrotsearch.randomizedtesting.ThreadLeakControl$StatementRunner.run(ThreadLeakControl.java:368) [randomizedtesting-runner-2.7.1.jar:?]
	at java.lang.Thread.run(Thread.java:835) [?:?]
[2020-02-17T00:20:52,365][INFO ][o.e.c.c.ClusterBootstrapServiceTests] [testCancelsBootstrapIfNodeMatchesMultipleRequirements] after test
[2020-02-17T00:20:52,377][INFO ][o.e.c.c.ClusterBootstrapServiceTests] [testDoesNotBootstrapsOnNonMasterNode] before test
[2020-02-17T00:20:52,378][INFO ][o.e.c.c.ClusterBootstrapServiceTests] [testDoesNotBootstrapsOnNonMasterNode] after test
[2020-02-17T00:20:52,394][INFO ][o.e.c.c.ClusterBootstrapServiceTests] [testRetriesBootstrappingOnException] before test
[2020-02-17T00:20:52,396][WARN ][o.e.c.c.ClusterBootstrapService] [testRetriesBootstrappingOnException] exception when bootstrapping with VotingConfiguration{wGTttjbZwg,TMZfqrlYGo,vDOTgqxJra}, rescheduling
org.elasticsearch.ElasticsearchException: test
	at org.elasticsearch.cluster.coordination.ClusterBootstrapServiceTests.lambda$testRetriesBootstrappingOnException$50(ClusterBootstrapServiceTests.java:384) ~[test/:?]
	at org.elasticsearch.cluster.coordination.ClusterBootstrapService.doBootstrap(ClusterBootstrapService.java:205) [main/:?]
	at org.elasticsearch.cluster.coordination.ClusterBootstrapService.startBootstrap(ClusterBootstrapService.java:191) [main/:?]
	at org.elasticsearch.cluster.coordination.ClusterBootstrapService.onFoundPeersUpdated(ClusterBootstrapService.java:144) [main/:?]
	at org.elasticsearch.cluster.coordination.ClusterBootstrapServiceTests.testRetriesBootstrappingOnException(ClusterBootstrapServiceTests.java:389) [test/:?]
	at jdk.internal.reflect.NativeMethodAccessorImpl.invoke0(Native Method) ~[?:?]
	at jdk.internal.reflect.NativeMethodAccessorImpl.invoke(NativeMethodAccessorImpl.java:62) ~[?:?]
	at jdk.internal.reflect.DelegatingMethodAccessorImpl.invoke(DelegatingMethodAccessorImpl.java:43) ~[?:?]
	at java.lang.reflect.Method.invoke(Method.java:567) ~[?:?]
	at com.carrotsearch.randomizedtesting.RandomizedRunner.invoke(RandomizedRunner.java:1750) [randomizedtesting-runner-2.7.1.jar:?]
	at com.carrotsearch.randomizedtesting.RandomizedRunner$8.evaluate(RandomizedRunner.java:938) [randomizedtesting-runner-2.7.1.jar:?]
	at com.carrotsearch.randomizedtesting.RandomizedRunner$9.evaluate(RandomizedRunner.java:974) [randomizedtesting-runner-2.7.1.jar:?]
	at com.carrotsearch.randomizedtesting.RandomizedRunner$10.evaluate(RandomizedRunner.java:988) [randomizedtesting-runner-2.7.1.jar:?]
	at com.carrotsearch.randomizedtesting.rules.StatementAdapter.evaluate(StatementAdapter.java:36) [randomizedtesting-runner-2.7.1.jar:?]
	at org.apache.lucene.util.TestRuleSetupTeardownChained$1.evaluate(TestRuleSetupTeardownChained.java:49) [lucene-test-framework-8.3.0.jar:8.3.0 2aa586909b911e66e1d8863aa89f173d69f86cd2 - ishan - 2019-10-25 23:10:05]
	at org.apache.lucene.util.AbstractBeforeAfterRule$1.evaluate(AbstractBeforeAfterRule.java:45) [lucene-test-framework-8.3.0.jar:8.3.0 2aa586909b911e66e1d8863aa89f173d69f86cd2 - ishan - 2019-10-25 23:10:05]
	at org.apache.lucene.util.TestRuleThreadAndTestName$1.evaluate(TestRuleThreadAndTestName.java:48) [lucene-test-framework-8.3.0.jar:8.3.0 2aa586909b911e66e1d8863aa89f173d69f86cd2 - ishan - 2019-10-25 23:10:05]
	at org.apache.lucene.util.TestRuleIgnoreAfterMaxFailures$1.evaluate(TestRuleIgnoreAfterMaxFailures.java:64) [lucene-test-framework-8.3.0.jar:8.3.0 2aa586909b911e66e1d8863aa89f173d69f86cd2 - ishan - 2019-10-25 23:10:05]
	at org.apache.lucene.util.TestRuleMarkFailure$1.evaluate(TestRuleMarkFailure.java:47) [lucene-test-framework-8.3.0.jar:8.3.0 2aa586909b911e66e1d8863aa89f173d69f86cd2 - ishan - 2019-10-25 23:10:05]
	at com.carrotsearch.randomizedtesting.rules.StatementAdapter.evaluate(StatementAdapter.java:36) [randomizedtesting-runner-2.7.1.jar:?]
	at com.carrotsearch.randomizedtesting.ThreadLeakControl$StatementRunner.run(ThreadLeakControl.java:368) [randomizedtesting-runner-2.7.1.jar:?]
	at com.carrotsearch.randomizedtesting.ThreadLeakControl.forkTimeoutingTask(ThreadLeakControl.java:817) [randomizedtesting-runner-2.7.1.jar:?]
	at com.carrotsearch.randomizedtesting.ThreadLeakControl$3.evaluate(ThreadLeakControl.java:468) [randomizedtesting-runner-2.7.1.jar:?]
	at com.carrotsearch.randomizedtesting.RandomizedRunner.runSingleTest(RandomizedRunner.java:947) [randomizedtesting-runner-2.7.1.jar:?]
	at com.carrotsearch.randomizedtesting.RandomizedRunner$5.evaluate(RandomizedRunner.java:832) [randomizedtesting-runner-2.7.1.jar:?]
	at com.carrotsearch.randomizedtesting.RandomizedRunner$6.evaluate(RandomizedRunner.java:883) [randomizedtesting-runner-2.7.1.jar:?]
	at com.carrotsearch.randomizedtesting.RandomizedRunner$7.evaluate(RandomizedRunner.java:894) [randomizedtesting-runner-2.7.1.jar:?]
	at org.apache.lucene.util.AbstractBeforeAfterRule$1.evaluate(AbstractBeforeAfterRule.java:45) [lucene-test-framework-8.3.0.jar:8.3.0 2aa586909b911e66e1d8863aa89f173d69f86cd2 - ishan - 2019-10-25 23:10:05]
	at com.carrotsearch.randomizedtesting.rules.StatementAdapter.evaluate(StatementAdapter.java:36) [randomizedtesting-runner-2.7.1.jar:?]
	at org.apache.lucene.util.TestRuleStoreClassName$1.evaluate(TestRuleStoreClassName.java:41) [lucene-test-framework-8.3.0.jar:8.3.0 2aa586909b911e66e1d8863aa89f173d69f86cd2 - ishan - 2019-10-25 23:10:05]
	at com.carrotsearch.randomizedtesting.rules.NoShadowingOrOverridesOnMethodsRule$1.evaluate(NoShadowingOrOverridesOnMethodsRule.java:40) [randomizedtesting-runner-2.7.1.jar:?]
	at com.carrotsearch.randomizedtesting.rules.NoShadowingOrOverridesOnMethodsRule$1.evaluate(NoShadowingOrOverridesOnMethodsRule.java:40) [randomizedtesting-runner-2.7.1.jar:?]
	at com.carrotsearch.randomizedtesting.rules.StatementAdapter.evaluate(StatementAdapter.java:36) [randomizedtesting-runner-2.7.1.jar:?]
	at com.carrotsearch.randomizedtesting.rules.StatementAdapter.evaluate(StatementAdapter.java:36) [randomizedtesting-runner-2.7.1.jar:?]
	at org.apache.lucene.util.TestRuleAssertionsRequired$1.evaluate(TestRuleAssertionsRequired.java:53) [lucene-test-framework-8.3.0.jar:8.3.0 2aa586909b911e66e1d8863aa89f173d69f86cd2 - ishan - 2019-10-25 23:10:05]
	at org.apache.lucene.util.TestRuleMarkFailure$1.evaluate(TestRuleMarkFailure.java:47) [lucene-test-framework-8.3.0.jar:8.3.0 2aa586909b911e66e1d8863aa89f173d69f86cd2 - ishan - 2019-10-25 23:10:05]
	at org.apache.lucene.util.TestRuleIgnoreAfterMaxFailures$1.evaluate(TestRuleIgnoreAfterMaxFailures.java:64) [lucene-test-framework-8.3.0.jar:8.3.0 2aa586909b911e66e1d8863aa89f173d69f86cd2 - ishan - 2019-10-25 23:10:05]
	at org.apache.lucene.util.TestRuleIgnoreTestSuites$1.evaluate(TestRuleIgnoreTestSuites.java:54) [lucene-test-framework-8.3.0.jar:8.3.0 2aa586909b911e66e1d8863aa89f173d69f86cd2 - ishan - 2019-10-25 23:10:05]
	at com.carrotsearch.randomizedtesting.rules.StatementAdapter.evaluate(StatementAdapter.java:36) [randomizedtesting-runner-2.7.1.jar:?]
	at com.carrotsearch.randomizedtesting.ThreadLeakControl$StatementRunner.run(ThreadLeakControl.java:368) [randomizedtesting-runner-2.7.1.jar:?]
	at java.lang.Thread.run(Thread.java:835) [?:?]
[2020-02-17T00:20:52,397][WARN ][o.e.c.c.ClusterBootstrapService] [testRetriesBootstrappingOnException] exception when bootstrapping with VotingConfiguration{wGTttjbZwg,TMZfqrlYGo,vDOTgqxJra}, rescheduling
org.elasticsearch.ElasticsearchException: test
	at org.elasticsearch.cluster.coordination.ClusterBootstrapServiceTests.lambda$testRetriesBootstrappingOnException$50(ClusterBootstrapServiceTests.java:384) ~[test/:?]
	at org.elasticsearch.cluster.coordination.ClusterBootstrapService.doBootstrap(ClusterBootstrapService.java:205) [main/:?]
	at org.elasticsearch.cluster.coordination.ClusterBootstrapService.access$300(ClusterBootstrapService.java:59) [main/:?]
	at org.elasticsearch.cluster.coordination.ClusterBootstrapService$2.run(ClusterBootstrapService.java:212) [main/:?]
	at org.elasticsearch.cluster.coordination.DeterministicTaskQueue$2$1.run(DeterministicTaskQueue.java:341) [framework-7.5.1-SNAPSHOT.jar:?]
	at org.elasticsearch.cluster.coordination.DeterministicTaskQueue.runTask(DeterministicTaskQueue.java:130) [framework-7.5.1-SNAPSHOT.jar:?]
	at org.elasticsearch.cluster.coordination.DeterministicTaskQueue.runRandomTask(DeterministicTaskQueue.java:124) [framework-7.5.1-SNAPSHOT.jar:?]
	at org.elasticsearch.cluster.coordination.DeterministicTaskQueue.runAllTasks(DeterministicTaskQueue.java:83) [framework-7.5.1-SNAPSHOT.jar:?]
	at org.elasticsearch.cluster.coordination.ClusterBootstrapServiceTests.testRetriesBootstrappingOnException(ClusterBootstrapServiceTests.java:390) [test/:?]
	at jdk.internal.reflect.NativeMethodAccessorImpl.invoke0(Native Method) ~[?:?]
	at jdk.internal.reflect.NativeMethodAccessorImpl.invoke(NativeMethodAccessorImpl.java:62) ~[?:?]
	at jdk.internal.reflect.DelegatingMethodAccessorImpl.invoke(DelegatingMethodAccessorImpl.java:43) ~[?:?]
	at java.lang.reflect.Method.invoke(Method.java:567) ~[?:?]
	at com.carrotsearch.randomizedtesting.RandomizedRunner.invoke(RandomizedRunner.java:1750) [randomizedtesting-runner-2.7.1.jar:?]
	at com.carrotsearch.randomizedtesting.RandomizedRunner$8.evaluate(RandomizedRunner.java:938) [randomizedtesting-runner-2.7.1.jar:?]
	at com.carrotsearch.randomizedtesting.RandomizedRunner$9.evaluate(RandomizedRunner.java:974) [randomizedtesting-runner-2.7.1.jar:?]
	at com.carrotsearch.randomizedtesting.RandomizedRunner$10.evaluate(RandomizedRunner.java:988) [randomizedtesting-runner-2.7.1.jar:?]
	at com.carrotsearch.randomizedtesting.rules.StatementAdapter.evaluate(StatementAdapter.java:36) [randomizedtesting-runner-2.7.1.jar:?]
	at org.apache.lucene.util.TestRuleSetupTeardownChained$1.evaluate(TestRuleSetupTeardownChained.java:49) [lucene-test-framework-8.3.0.jar:8.3.0 2aa586909b911e66e1d8863aa89f173d69f86cd2 - ishan - 2019-10-25 23:10:05]
	at org.apache.lucene.util.AbstractBeforeAfterRule$1.evaluate(AbstractBeforeAfterRule.java:45) [lucene-test-framework-8.3.0.jar:8.3.0 2aa586909b911e66e1d8863aa89f173d69f86cd2 - ishan - 2019-10-25 23:10:05]
	at org.apache.lucene.util.TestRuleThreadAndTestName$1.evaluate(TestRuleThreadAndTestName.java:48) [lucene-test-framework-8.3.0.jar:8.3.0 2aa586909b911e66e1d8863aa89f173d69f86cd2 - ishan - 2019-10-25 23:10:05]
	at org.apache.lucene.util.TestRuleIgnoreAfterMaxFailures$1.evaluate(TestRuleIgnoreAfterMaxFailures.java:64) [lucene-test-framework-8.3.0.jar:8.3.0 2aa586909b911e66e1d8863aa89f173d69f86cd2 - ishan - 2019-10-25 23:10:05]
	at org.apache.lucene.util.TestRuleMarkFailure$1.evaluate(TestRuleMarkFailure.java:47) [lucene-test-framework-8.3.0.jar:8.3.0 2aa586909b911e66e1d8863aa89f173d69f86cd2 - ishan - 2019-10-25 23:10:05]
	at com.carrotsearch.randomizedtesting.rules.StatementAdapter.evaluate(StatementAdapter.java:36) [randomizedtesting-runner-2.7.1.jar:?]
	at com.carrotsearch.randomizedtesting.ThreadLeakControl$StatementRunner.run(ThreadLeakControl.java:368) [randomizedtesting-runner-2.7.1.jar:?]
	at com.carrotsearch.randomizedtesting.ThreadLeakControl.forkTimeoutingTask(ThreadLeakControl.java:817) [randomizedtesting-runner-2.7.1.jar:?]
	at com.carrotsearch.randomizedtesting.ThreadLeakControl$3.evaluate(ThreadLeakControl.java:468) [randomizedtesting-runner-2.7.1.jar:?]
	at com.carrotsearch.randomizedtesting.RandomizedRunner.runSingleTest(RandomizedRunner.java:947) [randomizedtesting-runner-2.7.1.jar:?]
	at com.carrotsearch.randomizedtesting.RandomizedRunner$5.evaluate(RandomizedRunner.java:832) [randomizedtesting-runner-2.7.1.jar:?]
	at com.carrotsearch.randomizedtesting.RandomizedRunner$6.evaluate(RandomizedRunner.java:883) [randomizedtesting-runner-2.7.1.jar:?]
	at com.carrotsearch.randomizedtesting.RandomizedRunner$7.evaluate(RandomizedRunner.java:894) [randomizedtesting-runner-2.7.1.jar:?]
	at org.apache.lucene.util.AbstractBeforeAfterRule$1.evaluate(AbstractBeforeAfterRule.java:45) [lucene-test-framework-8.3.0.jar:8.3.0 2aa586909b911e66e1d8863aa89f173d69f86cd2 - ishan - 2019-10-25 23:10:05]
	at com.carrotsearch.randomizedtesting.rules.StatementAdapter.evaluate(StatementAdapter.java:36) [randomizedtesting-runner-2.7.1.jar:?]
	at org.apache.lucene.util.TestRuleStoreClassName$1.evaluate(TestRuleStoreClassName.java:41) [lucene-test-framework-8.3.0.jar:8.3.0 2aa586909b911e66e1d8863aa89f173d69f86cd2 - ishan - 2019-10-25 23:10:05]
	at com.carrotsearch.randomizedtesting.rules.NoShadowingOrOverridesOnMethodsRule$1.evaluate(NoShadowingOrOverridesOnMethodsRule.java:40) [randomizedtesting-runner-2.7.1.jar:?]
	at com.carrotsearch.randomizedtesting.rules.NoShadowingOrOverridesOnMethodsRule$1.evaluate(NoShadowingOrOverridesOnMethodsRule.java:40) [randomizedtesting-runner-2.7.1.jar:?]
	at com.carrotsearch.randomizedtesting.rules.StatementAdapter.evaluate(StatementAdapter.java:36) [randomizedtesting-runner-2.7.1.jar:?]
	at com.carrotsearch.randomizedtesting.rules.StatementAdapter.evaluate(StatementAdapter.java:36) [randomizedtesting-runner-2.7.1.jar:?]
	at org.apache.lucene.util.TestRuleAssertionsRequired$1.evaluate(TestRuleAssertionsRequired.java:53) [lucene-test-framework-8.3.0.jar:8.3.0 2aa586909b911e66e1d8863aa89f173d69f86cd2 - ishan - 2019-10-25 23:10:05]
	at org.apache.lucene.util.TestRuleMarkFailure$1.evaluate(TestRuleMarkFailure.java:47) [lucene-test-framework-8.3.0.jar:8.3.0 2aa586909b911e66e1d8863aa89f173d69f86cd2 - ishan - 2019-10-25 23:10:05]
	at org.apache.lucene.util.TestRuleIgnoreAfterMaxFailures$1.evaluate(TestRuleIgnoreAfterMaxFailures.java:64) [lucene-test-framework-8.3.0.jar:8.3.0 2aa586909b911e66e1d8863aa89f173d69f86cd2 - ishan - 2019-10-25 23:10:05]
	at org.apache.lucene.util.TestRuleIgnoreTestSuites$1.evaluate(TestRuleIgnoreTestSuites.java:54) [lucene-test-framework-8.3.0.jar:8.3.0 2aa586909b911e66e1d8863aa89f173d69f86cd2 - ishan - 2019-10-25 23:10:05]
	at com.carrotsearch.randomizedtesting.rules.StatementAdapter.evaluate(StatementAdapter.java:36) [randomizedtesting-runner-2.7.1.jar:?]
	at com.carrotsearch.randomizedtesting.ThreadLeakControl$StatementRunner.run(ThreadLeakControl.java:368) [randomizedtesting-runner-2.7.1.jar:?]
	at java.lang.Thread.run(Thread.java:835) [?:?]
[2020-02-17T00:20:52,398][WARN ][o.e.c.c.ClusterBootstrapService] [testRetriesBootstrappingOnException] exception when bootstrapping with VotingConfiguration{wGTttjbZwg,TMZfqrlYGo,vDOTgqxJra}, rescheduling
org.elasticsearch.ElasticsearchException: test
	at org.elasticsearch.cluster.coordination.ClusterBootstrapServiceTests.lambda$testRetriesBootstrappingOnException$50(ClusterBootstrapServiceTests.java:384) ~[test/:?]
	at org.elasticsearch.cluster.coordination.ClusterBootstrapService.doBootstrap(ClusterBootstrapService.java:205) [main/:?]
	at org.elasticsearch.cluster.coordination.ClusterBootstrapService.access$300(ClusterBootstrapService.java:59) [main/:?]
	at org.elasticsearch.cluster.coordination.ClusterBootstrapService$2.run(ClusterBootstrapService.java:212) [main/:?]
	at org.elasticsearch.cluster.coordination.DeterministicTaskQueue$2$1.run(DeterministicTaskQueue.java:341) [framework-7.5.1-SNAPSHOT.jar:?]
	at org.elasticsearch.cluster.coordination.DeterministicTaskQueue.runTask(DeterministicTaskQueue.java:130) [framework-7.5.1-SNAPSHOT.jar:?]
	at org.elasticsearch.cluster.coordination.DeterministicTaskQueue.runRandomTask(DeterministicTaskQueue.java:124) [framework-7.5.1-SNAPSHOT.jar:?]
	at org.elasticsearch.cluster.coordination.DeterministicTaskQueue.runAllTasks(DeterministicTaskQueue.java:83) [framework-7.5.1-SNAPSHOT.jar:?]
	at org.elasticsearch.cluster.coordination.ClusterBootstrapServiceTests.testRetriesBootstrappingOnException(ClusterBootstrapServiceTests.java:390) [test/:?]
	at jdk.internal.reflect.NativeMethodAccessorImpl.invoke0(Native Method) ~[?:?]
	at jdk.internal.reflect.NativeMethodAccessorImpl.invoke(NativeMethodAccessorImpl.java:62) ~[?:?]
	at jdk.internal.reflect.DelegatingMethodAccessorImpl.invoke(DelegatingMethodAccessorImpl.java:43) ~[?:?]
	at java.lang.reflect.Method.invoke(Method.java:567) ~[?:?]
	at com.carrotsearch.randomizedtesting.RandomizedRunner.invoke(RandomizedRunner.java:1750) [randomizedtesting-runner-2.7.1.jar:?]
	at com.carrotsearch.randomizedtesting.RandomizedRunner$8.evaluate(RandomizedRunner.java:938) [randomizedtesting-runner-2.7.1.jar:?]
	at com.carrotsearch.randomizedtesting.RandomizedRunner$9.evaluate(RandomizedRunner.java:974) [randomizedtesting-runner-2.7.1.jar:?]
	at com.carrotsearch.randomizedtesting.RandomizedRunner$10.evaluate(RandomizedRunner.java:988) [randomizedtesting-runner-2.7.1.jar:?]
	at com.carrotsearch.randomizedtesting.rules.StatementAdapter.evaluate(StatementAdapter.java:36) [randomizedtesting-runner-2.7.1.jar:?]
	at org.apache.lucene.util.TestRuleSetupTeardownChained$1.evaluate(TestRuleSetupTeardownChained.java:49) [lucene-test-framework-8.3.0.jar:8.3.0 2aa586909b911e66e1d8863aa89f173d69f86cd2 - ishan - 2019-10-25 23:10:05]
	at org.apache.lucene.util.AbstractBeforeAfterRule$1.evaluate(AbstractBeforeAfterRule.java:45) [lucene-test-framework-8.3.0.jar:8.3.0 2aa586909b911e66e1d8863aa89f173d69f86cd2 - ishan - 2019-10-25 23:10:05]
	at org.apache.lucene.util.TestRuleThreadAndTestName$1.evaluate(TestRuleThreadAndTestName.java:48) [lucene-test-framework-8.3.0.jar:8.3.0 2aa586909b911e66e1d8863aa89f173d69f86cd2 - ishan - 2019-10-25 23:10:05]
	at org.apache.lucene.util.TestRuleIgnoreAfterMaxFailures$1.evaluate(TestRuleIgnoreAfterMaxFailures.java:64) [lucene-test-framework-8.3.0.jar:8.3.0 2aa586909b911e66e1d8863aa89f173d69f86cd2 - ishan - 2019-10-25 23:10:05]
	at org.apache.lucene.util.TestRuleMarkFailure$1.evaluate(TestRuleMarkFailure.java:47) [lucene-test-framework-8.3.0.jar:8.3.0 2aa586909b911e66e1d8863aa89f173d69f86cd2 - ishan - 2019-10-25 23:10:05]
	at com.carrotsearch.randomizedtesting.rules.StatementAdapter.evaluate(StatementAdapter.java:36) [randomizedtesting-runner-2.7.1.jar:?]
	at com.carrotsearch.randomizedtesting.ThreadLeakControl$StatementRunner.run(ThreadLeakControl.java:368) [randomizedtesting-runner-2.7.1.jar:?]
	at com.carrotsearch.randomizedtesting.ThreadLeakControl.forkTimeoutingTask(ThreadLeakControl.java:817) [randomizedtesting-runner-2.7.1.jar:?]
	at com.carrotsearch.randomizedtesting.ThreadLeakControl$3.evaluate(ThreadLeakControl.java:468) [randomizedtesting-runner-2.7.1.jar:?]
	at com.carrotsearch.randomizedtesting.RandomizedRunner.runSingleTest(RandomizedRunner.java:947) [randomizedtesting-runner-2.7.1.jar:?]
	at com.carrotsearch.randomizedtesting.RandomizedRunner$5.evaluate(RandomizedRunner.java:832) [randomizedtesting-runner-2.7.1.jar:?]
	at com.carrotsearch.randomizedtesting.RandomizedRunner$6.evaluate(RandomizedRunner.java:883) [randomizedtesting-runner-2.7.1.jar:?]
	at com.carrotsearch.randomizedtesting.RandomizedRunner$7.evaluate(RandomizedRunner.java:894) [randomizedtesting-runner-2.7.1.jar:?]
	at org.apache.lucene.util.AbstractBeforeAfterRule$1.evaluate(AbstractBeforeAfterRule.java:45) [lucene-test-framework-8.3.0.jar:8.3.0 2aa586909b911e66e1d8863aa89f173d69f86cd2 - ishan - 2019-10-25 23:10:05]
	at com.carrotsearch.randomizedtesting.rules.StatementAdapter.evaluate(StatementAdapter.java:36) [randomizedtesting-runner-2.7.1.jar:?]
	at org.apache.lucene.util.TestRuleStoreClassName$1.evaluate(TestRuleStoreClassName.java:41) [lucene-test-framework-8.3.0.jar:8.3.0 2aa586909b911e66e1d8863aa89f173d69f86cd2 - ishan - 2019-10-25 23:10:05]
	at com.carrotsearch.randomizedtesting.rules.NoShadowingOrOverridesOnMethodsRule$1.evaluate(NoShadowingOrOverridesOnMethodsRule.java:40) [randomizedtesting-runner-2.7.1.jar:?]
	at com.carrotsearch.randomizedtesting.rules.NoShadowingOrOverridesOnMethodsRule$1.evaluate(NoShadowingOrOverridesOnMethodsRule.java:40) [randomizedtesting-runner-2.7.1.jar:?]
	at com.carrotsearch.randomizedtesting.rules.StatementAdapter.evaluate(StatementAdapter.java:36) [randomizedtesting-runner-2.7.1.jar:?]
	at com.carrotsearch.randomizedtesting.rules.StatementAdapter.evaluate(StatementAdapter.java:36) [randomizedtesting-runner-2.7.1.jar:?]
	at org.apache.lucene.util.TestRuleAssertionsRequired$1.evaluate(TestRuleAssertionsRequired.java:53) [lucene-test-framework-8.3.0.jar:8.3.0 2aa586909b911e66e1d8863aa89f173d69f86cd2 - ishan - 2019-10-25 23:10:05]
	at org.apache.lucene.util.TestRuleMarkFailure$1.evaluate(TestRuleMarkFailure.java:47) [lucene-test-framework-8.3.0.jar:8.3.0 2aa586909b911e66e1d8863aa89f173d69f86cd2 - ishan - 2019-10-25 23:10:05]
	at org.apache.lucene.util.TestRuleIgnoreAfterMaxFailures$1.evaluate(TestRuleIgnoreAfterMaxFailures.java:64) [lucene-test-framework-8.3.0.jar:8.3.0 2aa586909b911e66e1d8863aa89f173d69f86cd2 - ishan - 2019-10-25 23:10:05]
	at org.apache.lucene.util.TestRuleIgnoreTestSuites$1.evaluate(TestRuleIgnoreTestSuites.java:54) [lucene-test-framework-8.3.0.jar:8.3.0 2aa586909b911e66e1d8863aa89f173d69f86cd2 - ishan - 2019-10-25 23:10:05]
	at com.carrotsearch.randomizedtesting.rules.StatementAdapter.evaluate(StatementAdapter.java:36) [randomizedtesting-runner-2.7.1.jar:?]
	at com.carrotsearch.randomizedtesting.ThreadLeakControl$StatementRunner.run(ThreadLeakControl.java:368) [randomizedtesting-runner-2.7.1.jar:?]
	at java.lang.Thread.run(Thread.java:835) [?:?]
[2020-02-17T00:20:52,399][WARN ][o.e.c.c.ClusterBootstrapService] [testRetriesBootstrappingOnException] exception when bootstrapping with VotingConfiguration{wGTttjbZwg,TMZfqrlYGo,vDOTgqxJra}, rescheduling
org.elasticsearch.ElasticsearchException: test
	at org.elasticsearch.cluster.coordination.ClusterBootstrapServiceTests.lambda$testRetriesBootstrappingOnException$50(ClusterBootstrapServiceTests.java:384) ~[test/:?]
	at org.elasticsearch.cluster.coordination.ClusterBootstrapService.doBootstrap(ClusterBootstrapService.java:205) [main/:?]
	at org.elasticsearch.cluster.coordination.ClusterBootstrapService.access$300(ClusterBootstrapService.java:59) [main/:?]
	at org.elasticsearch.cluster.coordination.ClusterBootstrapService$2.run(ClusterBootstrapService.java:212) [main/:?]
	at org.elasticsearch.cluster.coordination.DeterministicTaskQueue$2$1.run(DeterministicTaskQueue.java:341) [framework-7.5.1-SNAPSHOT.jar:?]
	at org.elasticsearch.cluster.coordination.DeterministicTaskQueue.runTask(DeterministicTaskQueue.java:130) [framework-7.5.1-SNAPSHOT.jar:?]
	at org.elasticsearch.cluster.coordination.DeterministicTaskQueue.runRandomTask(DeterministicTaskQueue.java:124) [framework-7.5.1-SNAPSHOT.jar:?]
	at org.elasticsearch.cluster.coordination.DeterministicTaskQueue.runAllTasks(DeterministicTaskQueue.java:83) [framework-7.5.1-SNAPSHOT.jar:?]
	at org.elasticsearch.cluster.coordination.ClusterBootstrapServiceTests.testRetriesBootstrappingOnException(ClusterBootstrapServiceTests.java:390) [test/:?]
	at jdk.internal.reflect.NativeMethodAccessorImpl.invoke0(Native Method) ~[?:?]
	at jdk.internal.reflect.NativeMethodAccessorImpl.invoke(NativeMethodAccessorImpl.java:62) ~[?:?]
	at jdk.internal.reflect.DelegatingMethodAccessorImpl.invoke(DelegatingMethodAccessorImpl.java:43) ~[?:?]
	at java.lang.reflect.Method.invoke(Method.java:567) ~[?:?]
	at com.carrotsearch.randomizedtesting.RandomizedRunner.invoke(RandomizedRunner.java:1750) [randomizedtesting-runner-2.7.1.jar:?]
	at com.carrotsearch.randomizedtesting.RandomizedRunner$8.evaluate(RandomizedRunner.java:938) [randomizedtesting-runner-2.7.1.jar:?]
	at com.carrotsearch.randomizedtesting.RandomizedRunner$9.evaluate(RandomizedRunner.java:974) [randomizedtesting-runner-2.7.1.jar:?]
	at com.carrotsearch.randomizedtesting.RandomizedRunner$10.evaluate(RandomizedRunner.java:988) [randomizedtesting-runner-2.7.1.jar:?]
	at com.carrotsearch.randomizedtesting.rules.StatementAdapter.evaluate(StatementAdapter.java:36) [randomizedtesting-runner-2.7.1.jar:?]
	at org.apache.lucene.util.TestRuleSetupTeardownChained$1.evaluate(TestRuleSetupTeardownChained.java:49) [lucene-test-framework-8.3.0.jar:8.3.0 2aa586909b911e66e1d8863aa89f173d69f86cd2 - ishan - 2019-10-25 23:10:05]
	at org.apache.lucene.util.AbstractBeforeAfterRule$1.evaluate(AbstractBeforeAfterRule.java:45) [lucene-test-framework-8.3.0.jar:8.3.0 2aa586909b911e66e1d8863aa89f173d69f86cd2 - ishan - 2019-10-25 23:10:05]
	at org.apache.lucene.util.TestRuleThreadAndTestName$1.evaluate(TestRuleThreadAndTestName.java:48) [lucene-test-framework-8.3.0.jar:8.3.0 2aa586909b911e66e1d8863aa89f173d69f86cd2 - ishan - 2019-10-25 23:10:05]
	at org.apache.lucene.util.TestRuleIgnoreAfterMaxFailures$1.evaluate(TestRuleIgnoreAfterMaxFailures.java:64) [lucene-test-framework-8.3.0.jar:8.3.0 2aa586909b911e66e1d8863aa89f173d69f86cd2 - ishan - 2019-10-25 23:10:05]
	at org.apache.lucene.util.TestRuleMarkFailure$1.evaluate(TestRuleMarkFailure.java:47) [lucene-test-framework-8.3.0.jar:8.3.0 2aa586909b911e66e1d8863aa89f173d69f86cd2 - ishan - 2019-10-25 23:10:05]
	at com.carrotsearch.randomizedtesting.rules.StatementAdapter.evaluate(StatementAdapter.java:36) [randomizedtesting-runner-2.7.1.jar:?]
	at com.carrotsearch.randomizedtesting.ThreadLeakControl$StatementRunner.run(ThreadLeakControl.java:368) [randomizedtesting-runner-2.7.1.jar:?]
	at com.carrotsearch.randomizedtesting.ThreadLeakControl.forkTimeoutingTask(ThreadLeakControl.java:817) [randomizedtesting-runner-2.7.1.jar:?]
	at com.carrotsearch.randomizedtesting.ThreadLeakControl$3.evaluate(ThreadLeakControl.java:468) [randomizedtesting-runner-2.7.1.jar:?]
	at com.carrotsearch.randomizedtesting.RandomizedRunner.runSingleTest(RandomizedRunner.java:947) [randomizedtesting-runner-2.7.1.jar:?]
	at com.carrotsearch.randomizedtesting.RandomizedRunner$5.evaluate(RandomizedRunner.java:832) [randomizedtesting-runner-2.7.1.jar:?]
	at com.carrotsearch.randomizedtesting.RandomizedRunner$6.evaluate(RandomizedRunner.java:883) [randomizedtesting-runner-2.7.1.jar:?]
	at com.carrotsearch.randomizedtesting.RandomizedRunner$7.evaluate(RandomizedRunner.java:894) [randomizedtesting-runner-2.7.1.jar:?]
	at org.apache.lucene.util.AbstractBeforeAfterRule$1.evaluate(AbstractBeforeAfterRule.java:45) [lucene-test-framework-8.3.0.jar:8.3.0 2aa586909b911e66e1d8863aa89f173d69f86cd2 - ishan - 2019-10-25 23:10:05]
	at com.carrotsearch.randomizedtesting.rules.StatementAdapter.evaluate(StatementAdapter.java:36) [randomizedtesting-runner-2.7.1.jar:?]
	at org.apache.lucene.util.TestRuleStoreClassName$1.evaluate(TestRuleStoreClassName.java:41) [lucene-test-framework-8.3.0.jar:8.3.0 2aa586909b911e66e1d8863aa89f173d69f86cd2 - ishan - 2019-10-25 23:10:05]
	at com.carrotsearch.randomizedtesting.rules.NoShadowingOrOverridesOnMethodsRule$1.evaluate(NoShadowingOrOverridesOnMethodsRule.java:40) [randomizedtesting-runner-2.7.1.jar:?]
	at com.carrotsearch.randomizedtesting.rules.NoShadowingOrOverridesOnMethodsRule$1.evaluate(NoShadowingOrOverridesOnMethodsRule.java:40) [randomizedtesting-runner-2.7.1.jar:?]
	at com.carrotsearch.randomizedtesting.rules.StatementAdapter.evaluate(StatementAdapter.java:36) [randomizedtesting-runner-2.7.1.jar:?]
	at com.carrotsearch.randomizedtesting.rules.StatementAdapter.evaluate(StatementAdapter.java:36) [randomizedtesting-runner-2.7.1.jar:?]
	at org.apache.lucene.util.TestRuleAssertionsRequired$1.evaluate(TestRuleAssertionsRequired.java:53) [lucene-test-framework-8.3.0.jar:8.3.0 2aa586909b911e66e1d8863aa89f173d69f86cd2 - ishan - 2019-10-25 23:10:05]
	at org.apache.lucene.util.TestRuleMarkFailure$1.evaluate(TestRuleMarkFailure.java:47) [lucene-test-framework-8.3.0.jar:8.3.0 2aa586909b911e66e1d8863aa89f173d69f86cd2 - ishan - 2019-10-25 23:10:05]
	at org.apache.lucene.util.TestRuleIgnoreAfterMaxFailures$1.evaluate(TestRuleIgnoreAfterMaxFailures.java:64) [lucene-test-framework-8.3.0.jar:8.3.0 2aa586909b911e66e1d8863aa89f173d69f86cd2 - ishan - 2019-10-25 23:10:05]
	at org.apache.lucene.util.TestRuleIgnoreTestSuites$1.evaluate(TestRuleIgnoreTestSuites.java:54) [lucene-test-framework-8.3.0.jar:8.3.0 2aa586909b911e66e1d8863aa89f173d69f86cd2 - ishan - 2019-10-25 23:10:05]
	at com.carrotsearch.randomizedtesting.rules.StatementAdapter.evaluate(StatementAdapter.java:36) [randomizedtesting-runner-2.7.1.jar:?]
	at com.carrotsearch.randomizedtesting.ThreadLeakControl$StatementRunner.run(ThreadLeakControl.java:368) [randomizedtesting-runner-2.7.1.jar:?]
	at java.lang.Thread.run(Thread.java:835) [?:?]
[2020-02-17T00:20:52,400][INFO ][o.e.c.c.ClusterBootstrapServiceTests] [testRetriesBootstrappingOnException] after test
[2020-02-17T00:20:52,408][INFO ][o.e.c.c.ClusterBootstrapServiceTests] [testDoesNotBootstrapsIfLocalNodeNotInInitialMasterNodes] before test
[2020-02-17T00:20:52,410][INFO ][o.e.c.c.ClusterBootstrapService] [testDoesNotBootstrapsIfLocalNodeNotInInitialMasterNodes] skipping cluster bootstrapping as local node does not match bootstrap requirements: [other1, other2]
[2020-02-17T00:20:52,410][INFO ][o.e.c.c.ClusterBootstrapServiceTests] [testDoesNotBootstrapsIfLocalNodeNotInInitialMasterNodes] after test
[2020-02-17T00:20:52,413][INFO ][o.e.c.c.ClusterBootstrapServiceTests] [testDoesNothingByDefaultOnMasterIneligibleNodes] before test
[2020-02-17T00:20:52,414][INFO ][o.e.c.c.ClusterBootstrapServiceTests] [testDoesNothingByDefaultOnMasterIneligibleNodes] after test
]]></system-out>
  <system-err><![CDATA[]]></system-err>
</testsuite>
