<?xml version="1.0" encoding="UTF-8"?>
<testsuite name="org.elasticsearch.common.geo.builders.MultiLineStringBuilderTests" tests="4" skipped="0" failures="1" errors="0" timestamp="2020-02-16T22:21:42" hostname="Escoto-PC" time="0.025">
  <properties/>
  <testcase name="testFromXContent" classname="org.elasticsearch.common.geo.builders.MultiLineStringBuilderTests" time="0.015"/>
  <testcase name="testEqualsAndHashcode" classname="org.elasticsearch.common.geo.builders.MultiLineStringBuilderTests" time="0.003"/>
  <testcase name="testSerialization" classname="org.elasticsearch.common.geo.builders.MultiLineStringBuilderTests" time="0.001"/>
  <testcase name="classMethod" classname="org.elasticsearch.common.geo.builders.MultiLineStringBuilderTests" time="0.0">
    <failure message="java.io.IOException: Could not remove the following files (in the order of attempts):&#10;   E:\NotD\git\elasticsearch\server\build\testrun\test\temp\org.elasticsearch.common.geo.builders.MultiLineStringBuilderTests_9EA1F2A3814E5F76-001\tempDir-001: java.nio.file.AccessDeniedException: E:\NotD\git\elasticsearch\server\build\testrun\test\temp\org.elasticsearch.common.geo.builders.MultiLineStringBuilderTests_9EA1F2A3814E5F76-001\tempDir-001&#10;   E:\NotD\git\elasticsearch\server\build\testrun\test\temp\org.elasticsearch.common.geo.builders.MultiLineStringBuilderTests_9EA1F2A3814E5F76-001: java.nio.file.DirectoryNotEmptyException: E:\NotD\git\elasticsearch\server\build\testrun\test\temp\org.elasticsearch.common.geo.builders.MultiLineStringBuilderTests_9EA1F2A3814E5F76-001&#10;" type="java.io.IOException">java.io.IOException: Could not remove the following files (in the order of attempts):
   E:\NotD\git\elasticsearch\server\build\testrun\test\temp\org.elasticsearch.common.geo.builders.MultiLineStringBuilderTests_9EA1F2A3814E5F76-001\tempDir-001: java.nio.file.AccessDeniedException: E:\NotD\git\elasticsearch\server\build\testrun\test\temp\org.elasticsearch.common.geo.builders.MultiLineStringBuilderTests_9EA1F2A3814E5F76-001\tempDir-001
   E:\NotD\git\elasticsearch\server\build\testrun\test\temp\org.elasticsearch.common.geo.builders.MultiLineStringBuilderTests_9EA1F2A3814E5F76-001: java.nio.file.DirectoryNotEmptyException: E:\NotD\git\elasticsearch\server\build\testrun\test\temp\org.elasticsearch.common.geo.builders.MultiLineStringBuilderTests_9EA1F2A3814E5F76-001

	at __randomizedtesting.SeedInfo.seed([9EA1F2A3814E5F76]:0)
	at org.apache.lucene.util.IOUtils.rm(IOUtils.java:319)
	at org.apache.lucene.util.TestRuleTemporaryFilesCleanup.afterAlways(TestRuleTemporaryFilesCleanup.java:216)
	at com.carrotsearch.randomizedtesting.rules.TestRuleAdapter$1.afterAlways(TestRuleAdapter.java:31)
	at com.carrotsearch.randomizedtesting.rules.StatementAdapter.evaluate(StatementAdapter.java:43)
	at com.carrotsearch.randomizedtesting.rules.StatementAdapter.evaluate(StatementAdapter.java:36)
	at org.apache.lucene.util.TestRuleAssertionsRequired$1.evaluate(TestRuleAssertionsRequired.java:53)
	at org.apache.lucene.util.TestRuleMarkFailure$1.evaluate(TestRuleMarkFailure.java:47)
	at org.apache.lucene.util.TestRuleIgnoreAfterMaxFailures$1.evaluate(TestRuleIgnoreAfterMaxFailures.java:64)
	at org.apache.lucene.util.TestRuleIgnoreTestSuites$1.evaluate(TestRuleIgnoreTestSuites.java:54)
	at com.carrotsearch.randomizedtesting.rules.StatementAdapter.evaluate(StatementAdapter.java:36)
	at com.carrotsearch.randomizedtesting.ThreadLeakControl$StatementRunner.run(ThreadLeakControl.java:368)
	at java.base/java.lang.Thread.run(Thread.java:835)
</failure>
  </testcase>
  <system-out><![CDATA[[2020-02-16T16:21:42,229][INFO ][o.e.c.g.b.MultiLineStringBuilderTests] [testFromXContent] before test
[2020-02-16T16:21:42,240][INFO ][o.e.c.g.b.MultiLineStringBuilderTests] [testFromXContent] after test
[2020-02-16T16:21:42,243][INFO ][o.e.c.g.b.MultiLineStringBuilderTests] [testEqualsAndHashcode] before test
[2020-02-16T16:21:42,244][INFO ][o.e.c.g.b.MultiLineStringBuilderTests] [testEqualsAndHashcode] after test
[2020-02-16T16:21:42,245][INFO ][o.e.c.g.b.MultiLineStringBuilderTests] [testSerialization] before test
[2020-02-16T16:21:42,246][INFO ][o.e.c.g.b.MultiLineStringBuilderTests] [testSerialization] after test
]]></system-out>
  <system-err><![CDATA[REPRODUCE WITH: gradlew ':server:test' --tests "org.elasticsearch.common.geo.builders.MultiLineStringBuilderTests" -Dtests.seed=9EA1F2A3814E5F76 -Dtests.security.manager=true -Dtests.locale=en-US -Dtests.timezone=America/Toronto -Dcompiler.java=12 -Druntime.java=12
NOTE: test params are: codec=Asserting(Lucene80): {}, docValues:{}, maxPointsInLeafNode=1439, maxMBSortInHeap=5.693294005509121, sim=Asserting(org.apache.lucene.search.similarities.AssertingSimilarity@46849491), locale=bez, timezone=America/El_Salvador
NOTE: Windows 7 6.1 amd64/Oracle Corporation 12.0.2 (64-bit)/cpus=4,threads=1,free=244039176,total=536870912
NOTE: All tests run in this JVM: [TruncateTokenFilterTests, BinaryDocValuesRangeQueryTests, DoubleRandomBinaryDocValuesRangeQueryTests, InetAddressRandomBinaryDocValuesRangeQueryTests, LongRandomBinaryDocValuesRangeQueryTests, SearchAfterSortedDocQueryTests, BoundedBreakIteratorScannerTests, CustomUnifiedHighlighterTests, ActionListenerTests, ActionTests, ClusterAllocationExplainRequestTests, AddVotingConfigExclusionsRequestTests, ClearVotingConfigExclusionsRequestTests, TransportAddVotingConfigExclusionsActionTests, ClusterHealthRequestTests, TransportClusterHealthActionTests, CancellableTasksTests, TransportTasksActionTests, VerifyRepositoryResponseTests, ClusterRerouteResponseTests, ClusterGetSettingsResponseTests, ClusterUpdateSettingsResponseTests, ClusterSearchShardsRequestTests, CreateSnapshotRequestTests, GetSnapshotsResponseTests, RestoreSnapshotResponseTests, SnapshotIndexStatusTests, SnapshotsStatusResponseTests, SnapshotStatusTests, ClusterStateRequestTests, ClusterStatsNodesTests, GetStoredScriptResponseTests, AliasActionsTests, TransportGetAliasesActionTests, AnalyzeRequestTests, ClearIndicesCacheResponseTests, CloseIndexResponseTests, CreateIndexRequestBuilderTests, CreateIndexResponseTests, SyncedFlushUnitTests, ForceMergeResponseTests, GetIndexActionTests, GetFieldMappingsResponseTests, PutMappingRequestTests, RefreshResponseTests, RolloverRequestTests, TransportRolloverActionTests, IndicesSegmentsRequestTests, GetSettingsRequestTests, UpdateSettingsRequestSerializationTests, IndicesShardStoreResponseTests, ResizeResponseTests, IndicesStatsResponseTests, GetIndexTemplatesResponseTests, PutIndexTemplateRequestTests, QueryExplanationTests, BackoffPolicyTests, BulkPrimaryExecutionContextTests, BulkRequestModifierTests, BulkRequestTests, BulkShardRequestTests, TransportBulkActionIndicesThatCannotBeCreatedTests, TransportBulkActionTests, TransportShardBulkActionTests, DeleteResponseTests, ExplainRequestTests, FieldCapabilitiesRequestTests, FieldCapabilitiesTests, GetRequestTests, MultiGetRequestTests, MultiGetShardRequestTests, IndexRequestBuilderTests, IndexResponseTests, PutPipelineRequestTests, SimulateDocumentVerboseResultTests, SimulatePipelineRequestParsingTests, SimulatePipelineResponseTests, WriteableIngestDocumentTests, MainResponseTests, OriginalIndicesTests, ResyncReplicationRequestTests, AbstractSearchAsyncActionTests, ClearScrollControllerTests, CountedCollectorTests, ExpandSearchPhaseTests, MultiSearchActionTookTests, MultiSearchResponseTests, SearchPhaseControllerTests, SearchRequestBuilderTests, SearchResponseMergerTests, SearchScrollAsyncActionTests, SearchShardIteratorTests, TransportMultiSearchActionTests, TransportSearchActionTests, ShardOperationFailedExceptionTests, StepListenerTests, AdapterActionFutureTests, TransportBroadcastByNodeActionTests, DefaultShardOperationFailedExceptionTests, IndicesOptionsTests, ListenerTimeoutsTests, TransportMasterNodeActionTests, RefreshPolicyTests, ReplicationOperationTests, TransportReplicationActionTests, TransportWriteActionTests, TransportActionFilterChainTests, GetTermVectorsTests, TransportMultiTermVectorsActionTests, UpdateResponseTests, BootstrapSettingsTests, ElasticsearchCliTests, ESPolicyTests, JNANativesTests, SecurityTests, CommandTests, TerminalTests, OriginSettingClientTests, TransportClientHeadersTests, TransportClientTests, ShardStartedClusterStateTaskExecutorTests, ClusterBlockTests, ClusterInfoTests, ClusterStateTaskExecutorTests, ClusterBootstrapServiceTests, CoordinationMetaDataTests, CoordinatorTests, ElectionSchedulerFactoryTests, JoinHelperTests, LagDetectorTests, LinearizabilityCheckerTests, NodeJoinTests, NoMasterBlockServiceTests, PublicationTests, ReconfiguratorTests, FeatureAwareTests, ClusterIndexHealthTests, ClusterStateHealthTests, AliasValidatorTests, ClusterNameExpressionResolverTests, DiffableStringMapTests, IndexCreationTaskTests, IndexMetaDataTests, IndexNameExpressionResolverExpressionsIterationTests, IndexTemplateMetaDataTests, MetaDataCreateIndexServiceTests, MetaDataIndexAliasesServiceTests, MetaDataIndexUpgradeServiceTests, MetaDataTests, ToAndFromJsonMetaDataTests, DiscoveryNodeFiltersTests, DiscoveryNodesTests, NodeConnectionsServiceTests, AllocateUnassignedDecisionTests, AllocationDecisionTests, AllocationServiceTests, BalanceConfigurationTests, BalanceUnbalancedClusterTests, ConcurrentRebalanceRoutingTests, DecisionTests, DiskThresholdDeciderUnitTests, EnableAllocationTests, RestoreInProgressAllocationDeciderTests, DiskThresholdMonitorTests, ElectReplicaAsPrimaryDuringRelocationTests, FailedNodeRoutingTests, FilterRoutingTests, InSyncAllocationIdTests, MoveDecisionTests, NodeVersionAllocationDeciderTests, PreferPrimaryAllocationTests, PrimaryNotRelocatedWhileBeingRecoveredTests, RebalanceAfterActiveTests, ResizeAllocationDeciderTests, RoutingNodesIntegrityTests, ShardsLimitAllocationTests, SingleShardNoReplicasRoutingTests, StartedShardsRoutingTests, ThrottlingAllocationTests, UpdateNumberOfReplicasTests, BatchedRerouteServiceTests, GroupShardsIteratorTests, Murmur3HashFunctionTests, PlainShardIteratorTests, RecoverySourceTests, ShardRoutingTests, ClusterSerializationTests, DiffableTests, MasterServiceTests, TaskExecutorTests, RoutingIteratorTests, FsBlobContainerTests, FsBlobStoreTests, ByteBufferReferenceTests, CompositeBytesReferenceTests, CacheBuilderTests, ChannelsTests, EvictingQueueTests, DeflateCompressedXContentTests, ExponentiallyWeightedMovingAverageTests, CircleBuilderTests, GeometryCollectionBuilderTests, MultiLineStringBuilderTests]
]]></system-err>
</testsuite>
