<?xml version="1.0" encoding="UTF-8"?>
<testsuite name="org.elasticsearch.index.engine.InternalEngineTests" tests="121" skipped="0" failures="0" errors="0" timestamp="2020-02-16T22:21:16" hostname="Escoto-PC" time="38.658">
  <properties/>
  <testcase name="testRetryWithAutogeneratedIdsAndWrongOrderWorksAndNoDuplicateDocs" classname="org.elasticsearch.index.engine.InternalEngineTests" time="0.061"/>
  <testcase name="testRebuildLocalCheckpointTrackerAndVersionMap" classname="org.elasticsearch.index.engine.InternalEngineTests" time="0.543"/>
  <testcase name="testSearchResultRelease" classname="org.elasticsearch.index.engine.InternalEngineTests" time="0.062"/>
  <testcase name="testConcurrentGetAndSetOnPrimary" classname="org.elasticsearch.index.engine.InternalEngineTests" time="0.44"/>
  <testcase name="testVersionOnPrimaryWithConcurrentRefresh" classname="org.elasticsearch.index.engine.InternalEngineTests" time="2.57"/>
  <testcase name="testVersioningNewIndex" classname="org.elasticsearch.index.engine.InternalEngineTests" time="0.052"/>
  <testcase name="testLuceneHistoryOnPrimary" classname="org.elasticsearch.index.engine.InternalEngineTests" time="0.13"/>
  <testcase name="testTranslogMultipleOperationsSameDocument" classname="org.elasticsearch.index.engine.InternalEngineTests" time="0.069"/>
  <testcase name="testCommitAdvancesMinTranslogForRecovery" classname="org.elasticsearch.index.engine.InternalEngineTests" time="0.098"/>
  <testcase name="testStressUpdateSameDocWhileGettingIt" classname="org.elasticsearch.index.engine.InternalEngineTests" time="0.212"/>
  <testcase name="testAlwaysRecordReplicaOrPeerRecoveryOperationsToTranslog" classname="org.elasticsearch.index.engine.InternalEngineTests" time="0.081"/>
  <testcase name="testFailStart" classname="org.elasticsearch.index.engine.InternalEngineTests" time="0.189"/>
  <testcase name="testRecoveryFromTranslogUpToSeqNo" classname="org.elasticsearch.index.engine.InternalEngineTests" time="0.126"/>
  <testcase name="testNoOpFailure" classname="org.elasticsearch.index.engine.InternalEngineTests" time="0.065"/>
  <testcase name="testEngineMaxTimestampIsInitialized" classname="org.elasticsearch.index.engine.InternalEngineTests" time="0.329"/>
  <testcase name="testCurrentTranslogIDisCommitted" classname="org.elasticsearch.index.engine.InternalEngineTests" time="0.165"/>
  <testcase name="testCleanupCommitsWhenReleaseSnapshot" classname="org.elasticsearch.index.engine.InternalEngineTests" time="0.535"/>
  <testcase name="testSegmentContainsOnlyNoOps" classname="org.elasticsearch.index.engine.InternalEngineTests" time="0.045"/>
  <testcase name="testDeleteFailureSoftDeletesEnabledDocAlreadyDeleted" classname="org.elasticsearch.index.engine.InternalEngineTests" time="0.082"/>
  <testcase name="testReplicatedVersioningWithFlush" classname="org.elasticsearch.index.engine.InternalEngineTests" time="0.126"/>
  <testcase name="testOutOfOrderSequenceNumbersWithVersionConflict" classname="org.elasticsearch.index.engine.InternalEngineTests" time="0.049"/>
  <testcase name="testPruneAwayDeletedButRetainedIds" classname="org.elasticsearch.index.engine.InternalEngineTests" time="0.1"/>
  <testcase name="testForceMergeWithSoftDeletesRetention" classname="org.elasticsearch.index.engine.InternalEngineTests" time="0.185"/>
  <testcase name="testSettings" classname="org.elasticsearch.index.engine.InternalEngineTests" time="0.059"/>
  <testcase name="testCleanUpCommitsWhenGlobalCheckpointAdvanced" classname="org.elasticsearch.index.engine.InternalEngineTests" time="0.085"/>
  <testcase name="testDeleteFailureSoftDeletesEnabled" classname="org.elasticsearch.index.engine.InternalEngineTests" time="0.082"/>
  <testcase name="testConcurrentAppendUpdateAndRefresh" classname="org.elasticsearch.index.engine.InternalEngineTests" time="0.3"/>
  <testcase name="testConcurrentExternalVersioningOnPrimary" classname="org.elasticsearch.index.engine.InternalEngineTests" time="0.101"/>
  <testcase name="testTreatDocumentFailureAsFatalError" classname="org.elasticsearch.index.engine.InternalEngineTests" time="0.069"/>
  <testcase name="testStressShouldPeriodicallyFlush" classname="org.elasticsearch.index.engine.InternalEngineTests" time="1.991"/>
  <testcase name="testInternalVersioningOnPrimary" classname="org.elasticsearch.index.engine.InternalEngineTests" time="0.074"/>
  <testcase name="testOutOfOrderDocsOnReplica" classname="org.elasticsearch.index.engine.InternalEngineTests" time="0.15"/>
  <testcase name="testDoubleDeliveryReplica" classname="org.elasticsearch.index.engine.InternalEngineTests" time="0.077"/>
  <testcase name="testRetryWithAutogeneratedIdWorksAndNoDuplicateDocs" classname="org.elasticsearch.index.engine.InternalEngineTests" time="0.077"/>
  <testcase name="testTranslogReplayWithFailure" classname="org.elasticsearch.index.engine.InternalEngineTests" time="0.117"/>
  <testcase name="testSegmentsWithMergeFlag" classname="org.elasticsearch.index.engine.InternalEngineTests" time="0.12"/>
  <testcase name="testTranslogRecoveryWithMultipleGenerations" classname="org.elasticsearch.index.engine.InternalEngineTests" time="0.944"/>
  <testcase name="testFailEngineOnRandomIO" classname="org.elasticsearch.index.engine.InternalEngineTests" time="0.086"/>
  <testcase name="testConcurrentOutOfOrderDocsOnReplica" classname="org.elasticsearch.index.engine.InternalEngineTests" time="0.513"/>
  <testcase name="testTrimUnsafeCommits" classname="org.elasticsearch.index.engine.InternalEngineTests" time="0.247"/>
  <testcase name="testNoOpOnClosingEngine" classname="org.elasticsearch.index.engine.InternalEngineTests" time="0.068"/>
  <testcase name="testGetIfSeqNoIfPrimaryTerm" classname="org.elasticsearch.index.engine.InternalEngineTests" time="0.06"/>
  <testcase name="testSegmentsWithIndexSort" classname="org.elasticsearch.index.engine.InternalEngineTests" time="0.097"/>
  <testcase name="testSequenceNumberAdvancesToMaxSeqOnEngineOpenOnPrimary" classname="org.elasticsearch.index.engine.InternalEngineTests" time="0.149"/>
  <testcase name="testNonInternalVersioningOnPrimary" classname="org.elasticsearch.index.engine.InternalEngineTests" time="0.117"/>
  <testcase name="testIndexWriterIFDInfoStream" classname="org.elasticsearch.index.engine.InternalEngineTests" time="0.087"/>
  <testcase name="testMaxSeqNoInCommitUserData" classname="org.elasticsearch.index.engine.InternalEngineTests" time="0.147"/>
  <testcase name="testDeleteWithFatalError" classname="org.elasticsearch.index.engine.InternalEngineTests" time="0.081"/>
  <testcase name="testDoubleDeliveryReplicaAppendingAndDeleteOnly" classname="org.elasticsearch.index.engine.InternalEngineTests" time="0.091"/>
  <testcase name="testTranslogRecoveryDoesNotReplayIntoTranslog" classname="org.elasticsearch.index.engine.InternalEngineTests" time="0.094"/>
  <testcase name="testVersioningNewCreate" classname="org.elasticsearch.index.engine.InternalEngineTests" time="0.06"/>
  <testcase name="testSequenceIDs" classname="org.elasticsearch.index.engine.InternalEngineTests" time="0.087"/>
  <testcase name="testAcquireIndexCommit" classname="org.elasticsearch.index.engine.InternalEngineTests" time="0.098"/>
  <testcase name="testLookupSeqNoByIdInLucene" classname="org.elasticsearch.index.engine.InternalEngineTests" time="0.156"/>
  <testcase name="testGetReaderAttributes" classname="org.elasticsearch.index.engine.InternalEngineTests" time="0.118"/>
  <testcase name="testSeqNoGenerator" classname="org.elasticsearch.index.engine.InternalEngineTests" time="0.063"/>
  <testcase name="testSeqNoAndCheckpoints" classname="org.elasticsearch.index.engine.InternalEngineTests" time="0.195"/>
  <testcase name="testForceMergeWithSoftDeletesRetentionAndRecoverySource" classname="org.elasticsearch.index.engine.InternalEngineTests" time="0.259"/>
  <testcase name="testDoubleDeliveryPrimary" classname="org.elasticsearch.index.engine.InternalEngineTests" time="0.076"/>
  <testcase name="testSoftDeleteOnClosingEngine" classname="org.elasticsearch.index.engine.InternalEngineTests" time="1.398"/>
  <testcase name="testRequireSoftDeletesWhenAccessingChangesSnapshot" classname="org.elasticsearch.index.engine.InternalEngineTests" time="0.093"/>
  <testcase name="testVersionMapAfterAutoIDDocument" classname="org.elasticsearch.index.engine.InternalEngineTests" time="0.07"/>
  <testcase name="testSimpleOperations" classname="org.elasticsearch.index.engine.InternalEngineTests" time="0.085"/>
  <testcase name="testHandleDocumentFailure" classname="org.elasticsearch.index.engine.InternalEngineTests" time="0.104"/>
  <testcase name="testLastRefreshCheckpoint" classname="org.elasticsearch.index.engine.InternalEngineTests" time="1.597"/>
  <testcase name="testForceMergeAndClose" classname="org.elasticsearch.index.engine.InternalEngineTests" time="0.301"/>
  <testcase name="testEnableGcDeletes" classname="org.elasticsearch.index.engine.InternalEngineTests" time="1.088"/>
  <testcase name="testVersioningPromotedReplica" classname="org.elasticsearch.index.engine.InternalEngineTests" time="0.092"/>
  <testcase name="testAcquireSearcherOnClosingEngine" classname="org.elasticsearch.index.engine.InternalEngineTests" time="0.046"/>
  <testcase name="testLuceneSnapshotRefreshesOnlyOnce" classname="org.elasticsearch.index.engine.InternalEngineTests" time="0.089"/>
  <testcase name="testSegmentsWithSoftDeletes" classname="org.elasticsearch.index.engine.InternalEngineTests" time="0.089"/>
  <testcase name="testAppendConcurrently" classname="org.elasticsearch.index.engine.InternalEngineTests" time="0.171"/>
  <testcase name="testVersioningCreateExistsException" classname="org.elasticsearch.index.engine.InternalEngineTests" time="0.059"/>
  <testcase name="testRefreshAndCloseEngineConcurrently" classname="org.elasticsearch.index.engine.InternalEngineTests" time="0.093"/>
  <testcase name="testRefreshScopedSearcher" classname="org.elasticsearch.index.engine.InternalEngineTests" time="0.112"/>
  <testcase name="testSyncedFlushVanishesOnReplay" classname="org.elasticsearch.index.engine.InternalEngineTests" time="0.108"/>
  <testcase name="testSegmentsStatsIncludingFileSizes" classname="org.elasticsearch.index.engine.InternalEngineTests" time="0.204"/>
  <testcase name="testPruneOnlyDeletesAtMostLocalCheckpoint" classname="org.elasticsearch.index.engine.InternalEngineTests" time="0.147"/>
  <testcase name="testSkipTranslogReplay" classname="org.elasticsearch.index.engine.InternalEngineTests" time="0.081"/>
  <testcase name="testTrackMaxSeqNoOfUpdatesOrDeletesOnPrimary" classname="org.elasticsearch.index.engine.InternalEngineTests" time="0.136"/>
  <testcase name="testMissingTranslog" classname="org.elasticsearch.index.engine.InternalEngineTests" time="0.128"/>
  <testcase name="testShouldPeriodicallyFlushAfterMerge" classname="org.elasticsearch.index.engine.InternalEngineTests" time="0.135"/>
  <testcase name="testRandomOperations" classname="org.elasticsearch.index.engine.InternalEngineTests" time="1.402"/>
  <testcase name="testVerboseSegments" classname="org.elasticsearch.index.engine.InternalEngineTests" time="0.12"/>
  <testcase name="testFillUpSequenceIdGapsOnRecovery" classname="org.elasticsearch.index.engine.InternalEngineTests" time="0.107"/>
  <testcase name="testFlushIsDisabledDuringTranslogRecovery" classname="org.elasticsearch.index.engine.InternalEngineTests" time="0.108"/>
  <testcase name="testRestoreLocalHistoryFromTranslog" classname="org.elasticsearch.index.engine.InternalEngineTests" time="0.279"/>
  <testcase name="testTranslogCleanUpPostCommitCrash" classname="org.elasticsearch.index.engine.InternalEngineTests" time="0.145"/>
  <testcase name="testMinGenerationForSeqNo" classname="org.elasticsearch.index.engine.InternalEngineTests" time="0.788"/>
  <testcase name="testTranslogReplay" classname="org.elasticsearch.index.engine.InternalEngineTests" time="0.134"/>
  <testcase name="testRenewSyncFlush" classname="org.elasticsearch.index.engine.InternalEngineTests" time="0.46"/>
  <testcase name="testRecoverFromLocalTranslog" classname="org.elasticsearch.index.engine.InternalEngineTests" time="0.972"/>
  <testcase name="testVersionedUpdate" classname="org.elasticsearch.index.engine.InternalEngineTests" time="0.104"/>
  <testcase name="testStoreHonorsLuceneVersion" classname="org.elasticsearch.index.engine.InternalEngineTests" time="0.179"/>
  <testcase name="testConcurrentEngineClosed" classname="org.elasticsearch.index.engine.InternalEngineTests" time="0.084"/>
  <testcase name="testExtractShardId" classname="org.elasticsearch.index.engine.InternalEngineTests" time="0.077"/>
  <testcase name="testRetryConcurrently" classname="org.elasticsearch.index.engine.InternalEngineTests" time="0.439"/>
  <testcase name="testNotWarmUpSearcherInEngineCtor" classname="org.elasticsearch.index.engine.InternalEngineTests" time="0.117"/>
  <testcase name="testKeepMinRetainedSeqNoByMergePolicy" classname="org.elasticsearch.index.engine.InternalEngineTests" time="8.046"/>
  <testcase name="testRefreshDoesNotBlockClosing" classname="org.elasticsearch.index.engine.InternalEngineTests" time="0.205"/>
  <testcase name="testLookupVersionWithPrunedAwayIds" classname="org.elasticsearch.index.engine.InternalEngineTests" time="0.339"/>
  <testcase name="testKeepTranslogAfterGlobalCheckpoint" classname="org.elasticsearch.index.engine.InternalEngineTests" time="0.286"/>
  <testcase name="testConcurrentGetAndFlush" classname="org.elasticsearch.index.engine.InternalEngineTests" time="0.182"/>
  <testcase name="testUpdateWithFullyDeletedSegments" classname="org.elasticsearch.index.engine.InternalEngineTests" time="0.194"/>
  <testcase name="testDoubleDeliveryReplicaAppendingOnly" classname="org.elasticsearch.index.engine.InternalEngineTests" time="0.108"/>
  <testcase name="testSyncedFlush" classname="org.elasticsearch.index.engine.InternalEngineTests" time="0.176"/>
  <testcase name="testRealtimeGetOnlyRefreshIfNeeded" classname="org.elasticsearch.index.engine.InternalEngineTests" time="0.212"/>
  <testcase name="testSyncedFlushSurvivesEngineRestart" classname="org.elasticsearch.index.engine.InternalEngineTests" time="0.3"/>
  <testcase name="testOpenSoftDeletesIndexWithSoftDeletesDisabled" classname="org.elasticsearch.index.engine.InternalEngineTests" time="0.314"/>
  <testcase name="testSegmentsWithoutSoftDeletes" classname="org.elasticsearch.index.engine.InternalEngineTests" time="0.176"/>
  <testcase name="testNoOps" classname="org.elasticsearch.index.engine.InternalEngineTests" time="0.21"/>
  <testcase name="testConcurrentWritesAndCommits" classname="org.elasticsearch.index.engine.InternalEngineTests" time="0.826"/>
  <testcase name="testRecoverFromForeignTranslog" classname="org.elasticsearch.index.engine.InternalEngineTests" time="0.174"/>
  <testcase name="testForceMergeWithoutSoftDeletes" classname="org.elasticsearch.index.engine.InternalEngineTests" time="0.337"/>
  <testcase name="testCommitStats" classname="org.elasticsearch.index.engine.InternalEngineTests" time="0.166"/>
  <testcase name="testIndexWriterInfoStream" classname="org.elasticsearch.index.engine.InternalEngineTests" time="0.153"/>
  <testcase name="testLuceneHistoryOnReplica" classname="org.elasticsearch.index.engine.InternalEngineTests" time="0.184"/>
  <testcase name="testShouldPeriodicallyFlush" classname="org.elasticsearch.index.engine.InternalEngineTests" time="0.245"/>
  <testcase name="testBasicCreatedFlag" classname="org.elasticsearch.index.engine.InternalEngineTests" time="0.121"/>
  <testcase name="testShardNotAvailableExceptionWhenEngineClosedConcurrently" classname="org.elasticsearch.index.engine.InternalEngineTests" time="0.094"/>
  <testcase name="testDeleteFailureSoftDeletesDisabled" classname="org.elasticsearch.index.engine.InternalEngineTests" time="0.15"/>
  <system-out><![CDATA[[2020-02-17T01:21:16,071][INFO ][o.e.i.e.InternalEngineTests] [testRetryWithAutogeneratedIdsAndWrongOrderWorksAndNoDuplicateDocs] before test
[2020-02-17T01:21:16,128][INFO ][o.e.i.e.InternalEngineTests] [testRetryWithAutogeneratedIdsAndWrongOrderWorksAndNoDuplicateDocs] after test
[2020-02-17T01:21:16,132][INFO ][o.e.i.e.InternalEngineTests] [testRebuildLocalCheckpointTrackerAndVersionMap] before test
[2020-02-17T01:21:16,672][INFO ][o.e.i.e.InternalEngineTests] [testRebuildLocalCheckpointTrackerAndVersionMap] after test
[2020-02-17T01:21:16,679][INFO ][o.e.i.e.InternalEngineTests] [testSearchResultRelease] before test
[2020-02-17T01:21:16,734][INFO ][o.e.i.e.InternalEngineTests] [testSearchResultRelease] after test
[2020-02-17T01:21:16,743][INFO ][o.e.i.e.InternalEngineTests] [testConcurrentGetAndSetOnPrimary] before test
[2020-02-17T01:21:17,174][INFO ][o.e.i.e.InternalEngineTests] [testConcurrentGetAndSetOnPrimary] after test
[2020-02-17T01:21:17,181][INFO ][o.e.i.e.InternalEngineTests] [testVersionOnPrimaryWithConcurrentRefresh] before test
[2020-02-17T01:21:17,226][INFO ][o.e.i.e.InternalEngineTests] [testVersionOnPrimaryWithConcurrentRefresh] performing [D]
[2020-02-17T01:21:17,289][INFO ][o.e.i.e.InternalEngineTests] [testVersionOnPrimaryWithConcurrentRefresh] performing [I]
[2020-02-17T01:21:17,346][INFO ][o.e.i.e.InternalEngineTests] [testVersionOnPrimaryWithConcurrentRefresh] performing [I] (versioned 2, seqNo 1, term 3634127188491078316 )
[2020-02-17T01:21:17,346][INFO ][o.e.i.e.InternalEngineTests] [testVersionOnPrimaryWithConcurrentRefresh] performing [I]
[2020-02-17T01:21:17,361][INFO ][o.e.i.e.InternalEngineTests] [testVersionOnPrimaryWithConcurrentRefresh] performing [I] (versioned 4, seqNo 3, term 3634127188491078316 )
[2020-02-17T01:21:17,374][INFO ][o.e.i.e.InternalEngineTests] [testVersionOnPrimaryWithConcurrentRefresh] performing [D] (versioned 5, seqNo 4, term 3634127188491078316 )
[2020-02-17T01:21:17,388][INFO ][o.e.i.e.InternalEngineTests] [testVersionOnPrimaryWithConcurrentRefresh] performing [I] (conflict 5) (versioned 6, seqNo 5, term 3634127188491078316 )
[2020-02-17T01:21:17,388][INFO ][o.e.i.e.InternalEngineTests] [testVersionOnPrimaryWithConcurrentRefresh] performing [I] (versioned -4, seqNo 5, term 3634127188491078316 )
[2020-02-17T01:21:17,406][INFO ][o.e.i.e.InternalEngineTests] [testVersionOnPrimaryWithConcurrentRefresh] performing [D]
[2020-02-17T01:21:17,424][INFO ][o.e.i.e.InternalEngineTests] [testVersionOnPrimaryWithConcurrentRefresh] performing [I]
[2020-02-17T01:21:17,438][INFO ][o.e.i.e.InternalEngineTests] [testVersionOnPrimaryWithConcurrentRefresh] performing [I]
[2020-02-17T01:21:17,527][INFO ][o.e.i.e.InternalEngineTests] [testVersionOnPrimaryWithConcurrentRefresh] performing [I]
[2020-02-17T01:21:17,527][INFO ][o.e.i.e.InternalEngineTests] [testVersionOnPrimaryWithConcurrentRefresh] performing [D]
[2020-02-17T01:21:17,561][INFO ][o.e.i.e.InternalEngineTests] [testVersionOnPrimaryWithConcurrentRefresh] performing [D] (versioned -4, seqNo 11, term 3634127188491078316 )
[2020-02-17T01:21:17,573][INFO ][o.e.i.e.InternalEngineTests] [testVersionOnPrimaryWithConcurrentRefresh] performing [I] (versioned 13, seqNo 12, term 3634127188491078316 )
[2020-02-17T01:21:17,596][INFO ][o.e.i.e.InternalEngineTests] [testVersionOnPrimaryWithConcurrentRefresh] performing [I]
[2020-02-17T01:21:17,628][INFO ][o.e.i.e.InternalEngineTests] [testVersionOnPrimaryWithConcurrentRefresh] performing [D]
[2020-02-17T01:21:17,629][INFO ][o.e.i.e.InternalEngineTests] [testVersionOnPrimaryWithConcurrentRefresh] performing [I]
[2020-02-17T01:21:17,656][INFO ][o.e.i.e.InternalEngineTests] [testVersionOnPrimaryWithConcurrentRefresh] performing [D]
[2020-02-17T01:21:17,676][INFO ][o.e.i.e.InternalEngineTests] [testVersionOnPrimaryWithConcurrentRefresh] performing [D]
[2020-02-17T01:21:17,677][INFO ][o.e.i.e.InternalEngineTests] [testVersionOnPrimaryWithConcurrentRefresh] performing [I] (versioned -4, seqNo 18, term 3634127188491078316 )
[2020-02-17T01:21:17,695][INFO ][o.e.i.e.InternalEngineTests] [testVersionOnPrimaryWithConcurrentRefresh] performing [I]
[2020-02-17T01:21:17,722][INFO ][o.e.i.e.InternalEngineTests] [testVersionOnPrimaryWithConcurrentRefresh] performing [I] (versioned 21, seqNo 20, term 3634127188491078316 )
[2020-02-17T01:21:17,749][INFO ][o.e.i.e.InternalEngineTests] [testVersionOnPrimaryWithConcurrentRefresh] performing [D]
[2020-02-17T01:21:17,778][INFO ][o.e.i.e.InternalEngineTests] [testVersionOnPrimaryWithConcurrentRefresh] performing [I] (versioned 23, seqNo 22, term 3634127188491078316 )
[2020-02-17T01:21:17,778][INFO ][o.e.i.e.InternalEngineTests] [testVersionOnPrimaryWithConcurrentRefresh] performing [I]
[2020-02-17T01:21:17,779][INFO ][o.e.i.e.InternalEngineTests] [testVersionOnPrimaryWithConcurrentRefresh] performing [D]
[2020-02-17T01:21:17,779][INFO ][o.e.i.e.InternalEngineTests] [testVersionOnPrimaryWithConcurrentRefresh] performing [I]
[2020-02-17T01:21:17,813][INFO ][o.e.i.e.InternalEngineTests] [testVersionOnPrimaryWithConcurrentRefresh] performing [I] (versioned 27, seqNo 26, term 3634127188491078316 )
[2020-02-17T01:21:17,872][INFO ][o.e.i.e.InternalEngineTests] [testVersionOnPrimaryWithConcurrentRefresh] performing [I]
[2020-02-17T01:21:17,916][INFO ][o.e.i.e.InternalEngineTests] [testVersionOnPrimaryWithConcurrentRefresh] performing [I] (versioned 29, seqNo 28, term 3634127188491078316 )
[2020-02-17T01:21:17,929][INFO ][o.e.i.e.InternalEngineTests] [testVersionOnPrimaryWithConcurrentRefresh] performing [D]
[2020-02-17T01:21:17,947][INFO ][o.e.i.e.InternalEngineTests] [testVersionOnPrimaryWithConcurrentRefresh] performing [I]
[2020-02-17T01:21:17,948][INFO ][o.e.i.e.InternalEngineTests] [testVersionOnPrimaryWithConcurrentRefresh] performing [D] (versioned 32, seqNo 31, term 3634127188491078316 )
[2020-02-17T01:21:17,970][INFO ][o.e.i.e.InternalEngineTests] [testVersionOnPrimaryWithConcurrentRefresh] performing [D] (versioned -4, seqNo 32, term 3634127188491078316 )
[2020-02-17T01:21:17,971][INFO ][o.e.i.e.InternalEngineTests] [testVersionOnPrimaryWithConcurrentRefresh] performing [D]
[2020-02-17T01:21:18,015][INFO ][o.e.i.e.InternalEngineTests] [testVersionOnPrimaryWithConcurrentRefresh] performing [I] (conflict 34) (versioned -4, seqNo 34, term 3634127188491078316 )
[2020-02-17T01:21:18,015][INFO ][o.e.i.e.InternalEngineTests] [testVersionOnPrimaryWithConcurrentRefresh] performing [D]
[2020-02-17T01:21:18,015][INFO ][o.e.i.e.InternalEngineTests] [testVersionOnPrimaryWithConcurrentRefresh] performing [D] (versioned -4, seqNo 35, term 3634127188491078316 )
[2020-02-17T01:21:18,015][INFO ][o.e.i.e.InternalEngineTests] [testVersionOnPrimaryWithConcurrentRefresh] performing [I]
[2020-02-17T01:21:18,032][INFO ][o.e.i.e.InternalEngineTests] [testVersionOnPrimaryWithConcurrentRefresh] performing [I] (versioned 38, seqNo 37, term 3634127188491078316 )
[2020-02-17T01:21:18,075][INFO ][o.e.i.e.InternalEngineTests] [testVersionOnPrimaryWithConcurrentRefresh] performing [D] (versioned 39, seqNo 38, term 3634127188491078316 )
[2020-02-17T01:21:18,091][INFO ][o.e.i.e.InternalEngineTests] [testVersionOnPrimaryWithConcurrentRefresh] performing [I] (versioned 40, seqNo 39, term 3634127188491078316 )
[2020-02-17T01:21:18,092][INFO ][o.e.i.e.InternalEngineTests] [testVersionOnPrimaryWithConcurrentRefresh] performing [I] (versioned 41, seqNo 40, term 3634127188491078316 )
[2020-02-17T01:21:18,122][INFO ][o.e.i.e.InternalEngineTests] [testVersionOnPrimaryWithConcurrentRefresh] performing [I]
[2020-02-17T01:21:18,145][INFO ][o.e.i.e.InternalEngineTests] [testVersionOnPrimaryWithConcurrentRefresh] performing [I]
[2020-02-17T01:21:18,160][INFO ][o.e.i.e.InternalEngineTests] [testVersionOnPrimaryWithConcurrentRefresh] performing [D] (versioned 44, seqNo 43, term 3634127188491078316 )
[2020-02-17T01:21:18,161][INFO ][o.e.i.e.InternalEngineTests] [testVersionOnPrimaryWithConcurrentRefresh] performing [D] (versioned -4, seqNo 44, term 3634127188491078316 )
[2020-02-17T01:21:18,161][INFO ][o.e.i.e.InternalEngineTests] [testVersionOnPrimaryWithConcurrentRefresh] performing [I] (versioned -4, seqNo 45, term 3634127188491078316 )
[2020-02-17T01:21:18,161][INFO ][o.e.i.e.InternalEngineTests] [testVersionOnPrimaryWithConcurrentRefresh] performing [D]
[2020-02-17T01:21:18,161][INFO ][o.e.i.e.InternalEngineTests] [testVersionOnPrimaryWithConcurrentRefresh] performing [D]
[2020-02-17T01:21:18,181][INFO ][o.e.i.e.InternalEngineTests] [testVersionOnPrimaryWithConcurrentRefresh] performing [D] (versioned -4, seqNo 48, term 3634127188491078316 )
[2020-02-17T01:21:18,190][INFO ][o.e.i.e.InternalEngineTests] [testVersionOnPrimaryWithConcurrentRefresh] performing [D] (conflict 49) (versioned -4, seqNo 49, term 3634127188491078316 )
[2020-02-17T01:21:18,191][INFO ][o.e.i.e.InternalEngineTests] [testVersionOnPrimaryWithConcurrentRefresh] performing [D] (versioned -4, seqNo 49, term 3634127188491078316 )
[2020-02-17T01:21:18,212][INFO ][o.e.i.e.InternalEngineTests] [testVersionOnPrimaryWithConcurrentRefresh] performing [I] (versioned -4, seqNo 50, term 3634127188491078316 )
[2020-02-17T01:21:18,320][INFO ][o.e.i.e.InternalEngineTests] [testVersionOnPrimaryWithConcurrentRefresh] performing [I]
[2020-02-17T01:21:18,326][INFO ][o.e.i.e.InternalEngineTests] [testVersionOnPrimaryWithConcurrentRefresh] performing [D]
[2020-02-17T01:21:18,339][INFO ][o.e.i.e.InternalEngineTests] [testVersionOnPrimaryWithConcurrentRefresh] performing [D]
[2020-02-17T01:21:18,351][INFO ][o.e.i.e.InternalEngineTests] [testVersionOnPrimaryWithConcurrentRefresh] performing [D] (versioned 55, seqNo 54, term 3634127188491078316 )
[2020-02-17T01:21:18,355][INFO ][o.e.i.e.InternalEngineTests] [testVersionOnPrimaryWithConcurrentRefresh] performing [I] (versioned -4, seqNo 55, term 3634127188491078316 )
[2020-02-17T01:21:18,365][INFO ][o.e.i.e.InternalEngineTests] [testVersionOnPrimaryWithConcurrentRefresh] performing [I] (versioned 57, seqNo 56, term 3634127188491078316 )
[2020-02-17T01:21:18,371][INFO ][o.e.i.e.InternalEngineTests] [testVersionOnPrimaryWithConcurrentRefresh] performing [I] (versioned 58, seqNo 57, term 3634127188491078316 )
[2020-02-17T01:21:18,372][INFO ][o.e.i.e.InternalEngineTests] [testVersionOnPrimaryWithConcurrentRefresh] performing [I] (versioned 59, seqNo 58, term 3634127188491078316 )
[2020-02-17T01:21:18,378][INFO ][o.e.i.e.InternalEngineTests] [testVersionOnPrimaryWithConcurrentRefresh] performing [I] (versioned 60, seqNo 59, term 3634127188491078316 )
[2020-02-17T01:21:18,389][INFO ][o.e.i.e.InternalEngineTests] [testVersionOnPrimaryWithConcurrentRefresh] performing [D] (versioned 61, seqNo 60, term 3634127188491078316 )
[2020-02-17T01:21:18,450][INFO ][o.e.i.e.InternalEngineTests] [testVersionOnPrimaryWithConcurrentRefresh] performing [D] (versioned 62, seqNo 61, term 3634127188491078316 )
[2020-02-17T01:21:18,505][INFO ][o.e.i.e.InternalEngineTests] [testVersionOnPrimaryWithConcurrentRefresh] performing [I] (versioned 63, seqNo 62, term 3634127188491078316 )
[2020-02-17T01:21:18,510][INFO ][o.e.i.e.InternalEngineTests] [testVersionOnPrimaryWithConcurrentRefresh] performing [I] (versioned 64, seqNo 63, term 3634127188491078316 )
[2020-02-17T01:21:18,511][INFO ][o.e.i.e.InternalEngineTests] [testVersionOnPrimaryWithConcurrentRefresh] performing [D] (versioned 65, seqNo 64, term 3634127188491078316 )
[2020-02-17T01:21:18,674][INFO ][o.e.i.e.InternalEngineTests] [testVersionOnPrimaryWithConcurrentRefresh] performing [D] (versioned 66, seqNo 65, term 3634127188491078316 )
[2020-02-17T01:21:18,679][INFO ][o.e.i.e.InternalEngineTests] [testVersionOnPrimaryWithConcurrentRefresh] performing [I]
[2020-02-17T01:21:18,695][INFO ][o.e.i.e.InternalEngineTests] [testVersionOnPrimaryWithConcurrentRefresh] performing [I]
[2020-02-17T01:21:18,700][INFO ][o.e.i.e.InternalEngineTests] [testVersionOnPrimaryWithConcurrentRefresh] performing [D] (versioned 69, seqNo 68, term 3634127188491078316 )
[2020-02-17T01:21:18,701][INFO ][o.e.i.e.InternalEngineTests] [testVersionOnPrimaryWithConcurrentRefresh] performing [I]
[2020-02-17T01:21:18,721][INFO ][o.e.i.e.InternalEngineTests] [testVersionOnPrimaryWithConcurrentRefresh] performing [I] (versioned 71, seqNo 70, term 3634127188491078316 )
[2020-02-17T01:21:18,725][INFO ][o.e.i.e.InternalEngineTests] [testVersionOnPrimaryWithConcurrentRefresh] performing [D]
[2020-02-17T01:21:18,943][INFO ][o.e.i.e.InternalEngineTests] [testVersionOnPrimaryWithConcurrentRefresh] performing [D]
[2020-02-17T01:21:18,954][INFO ][o.e.i.e.InternalEngineTests] [testVersionOnPrimaryWithConcurrentRefresh] performing [D] (versioned 74, seqNo 73, term 3634127188491078316 )
[2020-02-17T01:21:18,983][INFO ][o.e.i.e.InternalEngineTests] [testVersionOnPrimaryWithConcurrentRefresh] performing [D]
[2020-02-17T01:21:18,988][INFO ][o.e.i.e.InternalEngineTests] [testVersionOnPrimaryWithConcurrentRefresh] performing [I] (versioned -4, seqNo 75, term 3634127188491078316 )
[2020-02-17T01:21:18,999][INFO ][o.e.i.e.InternalEngineTests] [testVersionOnPrimaryWithConcurrentRefresh] performing [I] (versioned 77, seqNo 76, term 3634127188491078316 )
[2020-02-17T01:21:19,012][INFO ][o.e.i.e.InternalEngineTests] [testVersionOnPrimaryWithConcurrentRefresh] performing [D]
[2020-02-17T01:21:19,012][INFO ][o.e.i.e.InternalEngineTests] [testVersionOnPrimaryWithConcurrentRefresh] performing [I]
[2020-02-17T01:21:19,154][INFO ][o.e.i.e.InternalEngineTests] [testVersionOnPrimaryWithConcurrentRefresh] performing [I]
[2020-02-17T01:21:19,179][INFO ][o.e.i.e.InternalEngineTests] [testVersionOnPrimaryWithConcurrentRefresh] performing [I]
[2020-02-17T01:21:19,743][INFO ][o.e.i.e.InternalEngineTests] [testVersionOnPrimaryWithConcurrentRefresh] after test
[2020-02-17T01:21:19,749][INFO ][o.e.i.e.InternalEngineTests] [testVersioningNewIndex] before test
[2020-02-17T01:21:19,796][INFO ][o.e.i.e.InternalEngineTests] [testVersioningNewIndex] after test
[2020-02-17T01:21:19,798][INFO ][o.e.i.e.InternalEngineTests] [testLuceneHistoryOnPrimary] before test
[2020-02-17T01:21:19,926][INFO ][o.e.i.e.InternalEngineTests] [testLuceneHistoryOnPrimary] after test
[2020-02-17T01:21:19,932][INFO ][o.e.i.e.InternalEngineTests] [testTranslogMultipleOperationsSameDocument] before test
[2020-02-17T01:21:19,995][INFO ][o.e.i.e.InternalEngineTests] [testTranslogMultipleOperationsSameDocument] after test
[2020-02-17T01:21:19,997][INFO ][o.e.i.e.InternalEngineTests] [testCommitAdvancesMinTranslogForRecovery] before test
[2020-02-17T01:21:20,092][INFO ][o.e.i.e.InternalEngineTests] [testCommitAdvancesMinTranslogForRecovery] after test
[2020-02-17T01:21:20,095][INFO ][o.e.i.e.InternalEngineTests] [testStressUpdateSameDocWhileGettingIt] before test
[2020-02-17T01:21:20,152][INFO ][o.e.c.s.IndexScopedSettings] [testStressUpdateSameDocWhileGettingIt] updating [index.gc_deletes] from [1h] to [1ms]
[2020-02-17T01:21:20,304][INFO ][o.e.i.e.InternalEngineTests] [testStressUpdateSameDocWhileGettingIt] after test
[2020-02-17T01:21:20,307][INFO ][o.e.i.e.InternalEngineTests] [testAlwaysRecordReplicaOrPeerRecoveryOperationsToTranslog] before test
[2020-02-17T01:21:20,386][INFO ][o.e.i.e.InternalEngineTests] [testAlwaysRecordReplicaOrPeerRecoveryOperationsToTranslog] after test
[2020-02-17T01:21:20,389][INFO ][o.e.i.e.InternalEngineTests] [testFailStart] before test
[2020-02-17T01:21:20,576][INFO ][o.e.i.e.InternalEngineTests] [testFailStart] after test
[2020-02-17T01:21:20,578][INFO ][o.e.i.e.InternalEngineTests] [testRecoveryFromTranslogUpToSeqNo] before test
[2020-02-17T01:21:20,701][INFO ][o.e.i.e.InternalEngineTests] [testRecoveryFromTranslogUpToSeqNo] after test
[2020-02-17T01:21:20,706][INFO ][o.e.i.e.InternalEngineTests] [testNoOpFailure] before test
[2020-02-17T01:21:20,758][WARN ][o.e.i.e.Engine           ] [testNoOpFailure] [index][0] failed engine [no-op origin[PRIMARY] seq#[0] failed at document level]
java.lang.IllegalArgumentException: fatal
	at org.elasticsearch.index.engine.InternalEngineTests$17.addDocument(InternalEngineTests.java:6070) ~[test/:?]
	at org.elasticsearch.index.engine.InternalEngine.innerNoOp(InternalEngine.java:1539) [main/:?]
	at org.elasticsearch.index.engine.InternalEngine.noOp(InternalEngine.java:1502) [main/:?]
	at org.elasticsearch.index.engine.InternalEngineTests.lambda$testNoOpFailure$95(InternalEngineTests.java:6078) [test/:?]
	at org.apache.lucene.util.LuceneTestCase._expectThrows(LuceneTestCase.java:2842) [lucene-test-framework-8.3.0.jar:8.3.0 2aa586909b911e66e1d8863aa89f173d69f86cd2 - ishan - 2019-10-25 23:10:05]
	at org.apache.lucene.util.LuceneTestCase.expectThrows(LuceneTestCase.java:2717) [lucene-test-framework-8.3.0.jar:8.3.0 2aa586909b911e66e1d8863aa89f173d69f86cd2 - ishan - 2019-10-25 23:10:05]
	at org.apache.lucene.util.LuceneTestCase.expectThrows(LuceneTestCase.java:2712) [lucene-test-framework-8.3.0.jar:8.3.0 2aa586909b911e66e1d8863aa89f173d69f86cd2 - ishan - 2019-10-25 23:10:05]
	at org.elasticsearch.index.engine.InternalEngineTests.testNoOpFailure(InternalEngineTests.java:6078) [test/:?]
	at jdk.internal.reflect.NativeMethodAccessorImpl.invoke0(Native Method) ~[?:?]
	at jdk.internal.reflect.NativeMethodAccessorImpl.invoke(NativeMethodAccessorImpl.java:62) ~[?:?]
	at jdk.internal.reflect.DelegatingMethodAccessorImpl.invoke(DelegatingMethodAccessorImpl.java:43) ~[?:?]
	at java.lang.reflect.Method.invoke(Method.java:567) ~[?:?]
	at com.carrotsearch.randomizedtesting.RandomizedRunner.invoke(RandomizedRunner.java:1750) [randomizedtesting-runner-2.7.1.jar:?]
	at com.carrotsearch.randomizedtesting.RandomizedRunner$8.evaluate(RandomizedRunner.java:938) [randomizedtesting-runner-2.7.1.jar:?]
	at com.carrotsearch.randomizedtesting.RandomizedRunner$9.evaluate(RandomizedRunner.java:974) [randomizedtesting-runner-2.7.1.jar:?]
	at com.carrotsearch.randomizedtesting.RandomizedRunner$10.evaluate(RandomizedRunner.java:988) [randomizedtesting-runner-2.7.1.jar:?]
	at com.carrotsearch.randomizedtesting.rules.StatementAdapter.evaluate(StatementAdapter.java:36) [randomizedtesting-runner-2.7.1.jar:?]
	at org.apache.lucene.util.TestRuleSetupTeardownChained$1.evaluate(TestRuleSetupTeardownChained.java:49) [lucene-test-framework-8.3.0.jar:8.3.0 2aa586909b911e66e1d8863aa89f173d69f86cd2 - ishan - 2019-10-25 23:10:05]
	at org.apache.lucene.util.AbstractBeforeAfterRule$1.evaluate(AbstractBeforeAfterRule.java:45) [lucene-test-framework-8.3.0.jar:8.3.0 2aa586909b911e66e1d8863aa89f173d69f86cd2 - ishan - 2019-10-25 23:10:05]
	at org.apache.lucene.util.TestRuleThreadAndTestName$1.evaluate(TestRuleThreadAndTestName.java:48) [lucene-test-framework-8.3.0.jar:8.3.0 2aa586909b911e66e1d8863aa89f173d69f86cd2 - ishan - 2019-10-25 23:10:05]
	at org.apache.lucene.util.TestRuleIgnoreAfterMaxFailures$1.evaluate(TestRuleIgnoreAfterMaxFailures.java:64) [lucene-test-framework-8.3.0.jar:8.3.0 2aa586909b911e66e1d8863aa89f173d69f86cd2 - ishan - 2019-10-25 23:10:05]
	at org.apache.lucene.util.TestRuleMarkFailure$1.evaluate(TestRuleMarkFailure.java:47) [lucene-test-framework-8.3.0.jar:8.3.0 2aa586909b911e66e1d8863aa89f173d69f86cd2 - ishan - 2019-10-25 23:10:05]
	at com.carrotsearch.randomizedtesting.rules.StatementAdapter.evaluate(StatementAdapter.java:36) [randomizedtesting-runner-2.7.1.jar:?]
	at com.carrotsearch.randomizedtesting.ThreadLeakControl$StatementRunner.run(ThreadLeakControl.java:368) [randomizedtesting-runner-2.7.1.jar:?]
	at com.carrotsearch.randomizedtesting.ThreadLeakControl.forkTimeoutingTask(ThreadLeakControl.java:817) [randomizedtesting-runner-2.7.1.jar:?]
	at com.carrotsearch.randomizedtesting.ThreadLeakControl$3.evaluate(ThreadLeakControl.java:468) [randomizedtesting-runner-2.7.1.jar:?]
	at com.carrotsearch.randomizedtesting.RandomizedRunner.runSingleTest(RandomizedRunner.java:947) [randomizedtesting-runner-2.7.1.jar:?]
	at com.carrotsearch.randomizedtesting.RandomizedRunner$5.evaluate(RandomizedRunner.java:832) [randomizedtesting-runner-2.7.1.jar:?]
	at com.carrotsearch.randomizedtesting.RandomizedRunner$6.evaluate(RandomizedRunner.java:883) [randomizedtesting-runner-2.7.1.jar:?]
	at com.carrotsearch.randomizedtesting.RandomizedRunner$7.evaluate(RandomizedRunner.java:894) [randomizedtesting-runner-2.7.1.jar:?]
	at org.apache.lucene.util.AbstractBeforeAfterRule$1.evaluate(AbstractBeforeAfterRule.java:45) [lucene-test-framework-8.3.0.jar:8.3.0 2aa586909b911e66e1d8863aa89f173d69f86cd2 - ishan - 2019-10-25 23:10:05]
	at com.carrotsearch.randomizedtesting.rules.StatementAdapter.evaluate(StatementAdapter.java:36) [randomizedtesting-runner-2.7.1.jar:?]
	at org.apache.lucene.util.TestRuleStoreClassName$1.evaluate(TestRuleStoreClassName.java:41) [lucene-test-framework-8.3.0.jar:8.3.0 2aa586909b911e66e1d8863aa89f173d69f86cd2 - ishan - 2019-10-25 23:10:05]
	at com.carrotsearch.randomizedtesting.rules.NoShadowingOrOverridesOnMethodsRule$1.evaluate(NoShadowingOrOverridesOnMethodsRule.java:40) [randomizedtesting-runner-2.7.1.jar:?]
	at com.carrotsearch.randomizedtesting.rules.NoShadowingOrOverridesOnMethodsRule$1.evaluate(NoShadowingOrOverridesOnMethodsRule.java:40) [randomizedtesting-runner-2.7.1.jar:?]
	at com.carrotsearch.randomizedtesting.rules.StatementAdapter.evaluate(StatementAdapter.java:36) [randomizedtesting-runner-2.7.1.jar:?]
	at com.carrotsearch.randomizedtesting.rules.StatementAdapter.evaluate(StatementAdapter.java:36) [randomizedtesting-runner-2.7.1.jar:?]
	at org.apache.lucene.util.TestRuleAssertionsRequired$1.evaluate(TestRuleAssertionsRequired.java:53) [lucene-test-framework-8.3.0.jar:8.3.0 2aa586909b911e66e1d8863aa89f173d69f86cd2 - ishan - 2019-10-25 23:10:05]
	at org.apache.lucene.util.TestRuleMarkFailure$1.evaluate(TestRuleMarkFailure.java:47) [lucene-test-framework-8.3.0.jar:8.3.0 2aa586909b911e66e1d8863aa89f173d69f86cd2 - ishan - 2019-10-25 23:10:05]
	at org.apache.lucene.util.TestRuleIgnoreAfterMaxFailures$1.evaluate(TestRuleIgnoreAfterMaxFailures.java:64) [lucene-test-framework-8.3.0.jar:8.3.0 2aa586909b911e66e1d8863aa89f173d69f86cd2 - ishan - 2019-10-25 23:10:05]
	at org.apache.lucene.util.TestRuleIgnoreTestSuites$1.evaluate(TestRuleIgnoreTestSuites.java:54) [lucene-test-framework-8.3.0.jar:8.3.0 2aa586909b911e66e1d8863aa89f173d69f86cd2 - ishan - 2019-10-25 23:10:05]
	at com.carrotsearch.randomizedtesting.rules.StatementAdapter.evaluate(StatementAdapter.java:36) [randomizedtesting-runner-2.7.1.jar:?]
	at com.carrotsearch.randomizedtesting.ThreadLeakControl$StatementRunner.run(ThreadLeakControl.java:368) [randomizedtesting-runner-2.7.1.jar:?]
	at java.lang.Thread.run(Thread.java:835) [?:?]
[2020-02-17T01:21:20,767][INFO ][o.e.i.e.InternalEngineTests] [testNoOpFailure] after test
[2020-02-17T01:21:20,769][INFO ][o.e.i.e.InternalEngineTests] [testEngineMaxTimestampIsInitialized] before test
[2020-02-17T01:21:21,096][INFO ][o.e.i.e.InternalEngineTests] [testEngineMaxTimestampIsInitialized] after test
[2020-02-17T01:21:21,100][INFO ][o.e.i.e.InternalEngineTests] [testCurrentTranslogIDisCommitted] before test
[2020-02-17T01:21:21,261][INFO ][o.e.i.e.InternalEngineTests] [testCurrentTranslogIDisCommitted] after test
[2020-02-17T01:21:21,264][INFO ][o.e.i.e.InternalEngineTests] [testCleanupCommitsWhenReleaseSnapshot] before test
[2020-02-17T01:21:21,795][INFO ][o.e.i.e.InternalEngineTests] [testCleanupCommitsWhenReleaseSnapshot] after test
[2020-02-17T01:21:21,797][INFO ][o.e.i.e.InternalEngineTests] [testSegmentContainsOnlyNoOps] before test
[2020-02-17T01:21:21,841][INFO ][o.e.i.e.InternalEngineTests] [testSegmentContainsOnlyNoOps] after test
[2020-02-17T01:21:21,844][INFO ][o.e.i.e.InternalEngineTests] [testDeleteFailureSoftDeletesEnabledDocAlreadyDeleted] before test
[2020-02-17T01:21:21,907][WARN ][o.e.i.e.Engine           ] [testDeleteFailureSoftDeletesEnabledDocAlreadyDeleted] [index][0] failed engine [delete id[0] origin [PRIMARY] seq#[2] failed at the document level]
java.lang.IllegalArgumentException: fatal
	at org.elasticsearch.index.engine.InternalEngineTests.lambda$runTestDeleteFailure$99(InternalEngineTests.java:6121) ~[test/:?]
	at org.elasticsearch.index.engine.InternalEngineTests$ThrowingIndexWriter.maybeThrowFailure(InternalEngineTests.java:3307) ~[test/:?]
	at org.elasticsearch.index.engine.InternalEngineTests$ThrowingIndexWriter.addDocument(InternalEngineTests.java:3301) ~[test/:?]
	at org.elasticsearch.index.engine.InternalEngine.deleteInLucene(InternalEngine.java:1409) [main/:?]
	at org.elasticsearch.index.engine.InternalEngine.delete(InternalEngine.java:1295) [main/:?]
	at org.elasticsearch.index.engine.InternalTestEngine.delete(InternalTestEngine.java:72) [framework-7.5.1-SNAPSHOT.jar:?]
	at org.elasticsearch.index.engine.InternalEngineTests.lambda$runTestDeleteFailure$100(InternalEngineTests.java:6122) [test/:?]
	at org.apache.lucene.util.LuceneTestCase._expectThrows(LuceneTestCase.java:2842) [lucene-test-framework-8.3.0.jar:8.3.0 2aa586909b911e66e1d8863aa89f173d69f86cd2 - ishan - 2019-10-25 23:10:05]
	at org.apache.lucene.util.LuceneTestCase.expectThrows(LuceneTestCase.java:2717) [lucene-test-framework-8.3.0.jar:8.3.0 2aa586909b911e66e1d8863aa89f173d69f86cd2 - ishan - 2019-10-25 23:10:05]
	at org.apache.lucene.util.LuceneTestCase.expectThrows(LuceneTestCase.java:2712) [lucene-test-framework-8.3.0.jar:8.3.0 2aa586909b911e66e1d8863aa89f173d69f86cd2 - ishan - 2019-10-25 23:10:05]
	at org.elasticsearch.index.engine.InternalEngineTests.runTestDeleteFailure(InternalEngineTests.java:6122) [test/:?]
	at org.elasticsearch.index.engine.InternalEngineTests.testDeleteFailureSoftDeletesEnabledDocAlreadyDeleted(InternalEngineTests.java:6088) [test/:?]
	at jdk.internal.reflect.NativeMethodAccessorImpl.invoke0(Native Method) ~[?:?]
	at jdk.internal.reflect.NativeMethodAccessorImpl.invoke(NativeMethodAccessorImpl.java:62) ~[?:?]
	at jdk.internal.reflect.DelegatingMethodAccessorImpl.invoke(DelegatingMethodAccessorImpl.java:43) ~[?:?]
	at java.lang.reflect.Method.invoke(Method.java:567) ~[?:?]
	at com.carrotsearch.randomizedtesting.RandomizedRunner.invoke(RandomizedRunner.java:1750) [randomizedtesting-runner-2.7.1.jar:?]
	at com.carrotsearch.randomizedtesting.RandomizedRunner$8.evaluate(RandomizedRunner.java:938) [randomizedtesting-runner-2.7.1.jar:?]
	at com.carrotsearch.randomizedtesting.RandomizedRunner$9.evaluate(RandomizedRunner.java:974) [randomizedtesting-runner-2.7.1.jar:?]
	at com.carrotsearch.randomizedtesting.RandomizedRunner$10.evaluate(RandomizedRunner.java:988) [randomizedtesting-runner-2.7.1.jar:?]
	at com.carrotsearch.randomizedtesting.rules.StatementAdapter.evaluate(StatementAdapter.java:36) [randomizedtesting-runner-2.7.1.jar:?]
	at org.apache.lucene.util.TestRuleSetupTeardownChained$1.evaluate(TestRuleSetupTeardownChained.java:49) [lucene-test-framework-8.3.0.jar:8.3.0 2aa586909b911e66e1d8863aa89f173d69f86cd2 - ishan - 2019-10-25 23:10:05]
	at org.apache.lucene.util.AbstractBeforeAfterRule$1.evaluate(AbstractBeforeAfterRule.java:45) [lucene-test-framework-8.3.0.jar:8.3.0 2aa586909b911e66e1d8863aa89f173d69f86cd2 - ishan - 2019-10-25 23:10:05]
	at org.apache.lucene.util.TestRuleThreadAndTestName$1.evaluate(TestRuleThreadAndTestName.java:48) [lucene-test-framework-8.3.0.jar:8.3.0 2aa586909b911e66e1d8863aa89f173d69f86cd2 - ishan - 2019-10-25 23:10:05]
	at org.apache.lucene.util.TestRuleIgnoreAfterMaxFailures$1.evaluate(TestRuleIgnoreAfterMaxFailures.java:64) [lucene-test-framework-8.3.0.jar:8.3.0 2aa586909b911e66e1d8863aa89f173d69f86cd2 - ishan - 2019-10-25 23:10:05]
	at org.apache.lucene.util.TestRuleMarkFailure$1.evaluate(TestRuleMarkFailure.java:47) [lucene-test-framework-8.3.0.jar:8.3.0 2aa586909b911e66e1d8863aa89f173d69f86cd2 - ishan - 2019-10-25 23:10:05]
	at com.carrotsearch.randomizedtesting.rules.StatementAdapter.evaluate(StatementAdapter.java:36) [randomizedtesting-runner-2.7.1.jar:?]
	at com.carrotsearch.randomizedtesting.ThreadLeakControl$StatementRunner.run(ThreadLeakControl.java:368) [randomizedtesting-runner-2.7.1.jar:?]
	at com.carrotsearch.randomizedtesting.ThreadLeakControl.forkTimeoutingTask(ThreadLeakControl.java:817) [randomizedtesting-runner-2.7.1.jar:?]
	at com.carrotsearch.randomizedtesting.ThreadLeakControl$3.evaluate(ThreadLeakControl.java:468) [randomizedtesting-runner-2.7.1.jar:?]
	at com.carrotsearch.randomizedtesting.RandomizedRunner.runSingleTest(RandomizedRunner.java:947) [randomizedtesting-runner-2.7.1.jar:?]
	at com.carrotsearch.randomizedtesting.RandomizedRunner$5.evaluate(RandomizedRunner.java:832) [randomizedtesting-runner-2.7.1.jar:?]
	at com.carrotsearch.randomizedtesting.RandomizedRunner$6.evaluate(RandomizedRunner.java:883) [randomizedtesting-runner-2.7.1.jar:?]
	at com.carrotsearch.randomizedtesting.RandomizedRunner$7.evaluate(RandomizedRunner.java:894) [randomizedtesting-runner-2.7.1.jar:?]
	at org.apache.lucene.util.AbstractBeforeAfterRule$1.evaluate(AbstractBeforeAfterRule.java:45) [lucene-test-framework-8.3.0.jar:8.3.0 2aa586909b911e66e1d8863aa89f173d69f86cd2 - ishan - 2019-10-25 23:10:05]
	at com.carrotsearch.randomizedtesting.rules.StatementAdapter.evaluate(StatementAdapter.java:36) [randomizedtesting-runner-2.7.1.jar:?]
	at org.apache.lucene.util.TestRuleStoreClassName$1.evaluate(TestRuleStoreClassName.java:41) [lucene-test-framework-8.3.0.jar:8.3.0 2aa586909b911e66e1d8863aa89f173d69f86cd2 - ishan - 2019-10-25 23:10:05]
	at com.carrotsearch.randomizedtesting.rules.NoShadowingOrOverridesOnMethodsRule$1.evaluate(NoShadowingOrOverridesOnMethodsRule.java:40) [randomizedtesting-runner-2.7.1.jar:?]
	at com.carrotsearch.randomizedtesting.rules.NoShadowingOrOverridesOnMethodsRule$1.evaluate(NoShadowingOrOverridesOnMethodsRule.java:40) [randomizedtesting-runner-2.7.1.jar:?]
	at com.carrotsearch.randomizedtesting.rules.StatementAdapter.evaluate(StatementAdapter.java:36) [randomizedtesting-runner-2.7.1.jar:?]
	at com.carrotsearch.randomizedtesting.rules.StatementAdapter.evaluate(StatementAdapter.java:36) [randomizedtesting-runner-2.7.1.jar:?]
	at org.apache.lucene.util.TestRuleAssertionsRequired$1.evaluate(TestRuleAssertionsRequired.java:53) [lucene-test-framework-8.3.0.jar:8.3.0 2aa586909b911e66e1d8863aa89f173d69f86cd2 - ishan - 2019-10-25 23:10:05]
	at org.apache.lucene.util.TestRuleMarkFailure$1.evaluate(TestRuleMarkFailure.java:47) [lucene-test-framework-8.3.0.jar:8.3.0 2aa586909b911e66e1d8863aa89f173d69f86cd2 - ishan - 2019-10-25 23:10:05]
	at org.apache.lucene.util.TestRuleIgnoreAfterMaxFailures$1.evaluate(TestRuleIgnoreAfterMaxFailures.java:64) [lucene-test-framework-8.3.0.jar:8.3.0 2aa586909b911e66e1d8863aa89f173d69f86cd2 - ishan - 2019-10-25 23:10:05]
	at org.apache.lucene.util.TestRuleIgnoreTestSuites$1.evaluate(TestRuleIgnoreTestSuites.java:54) [lucene-test-framework-8.3.0.jar:8.3.0 2aa586909b911e66e1d8863aa89f173d69f86cd2 - ishan - 2019-10-25 23:10:05]
	at com.carrotsearch.randomizedtesting.rules.StatementAdapter.evaluate(StatementAdapter.java:36) [randomizedtesting-runner-2.7.1.jar:?]
	at com.carrotsearch.randomizedtesting.ThreadLeakControl$StatementRunner.run(ThreadLeakControl.java:368) [randomizedtesting-runner-2.7.1.jar:?]
	at java.lang.Thread.run(Thread.java:835) [?:?]
[2020-02-17T01:21:21,923][INFO ][o.e.i.e.InternalEngineTests] [testDeleteFailureSoftDeletesEnabledDocAlreadyDeleted] after test
[2020-02-17T01:21:21,926][INFO ][o.e.i.e.InternalEngineTests] [testReplicatedVersioningWithFlush] before test
[2020-02-17T01:21:22,049][INFO ][o.e.i.e.InternalEngineTests] [testReplicatedVersioningWithFlush] after test
[2020-02-17T01:21:22,052][INFO ][o.e.i.e.InternalEngineTests] [testOutOfOrderSequenceNumbersWithVersionConflict] before test
[2020-02-17T01:21:22,098][INFO ][o.e.i.e.InternalEngineTests] [testOutOfOrderSequenceNumbersWithVersionConflict] after test
[2020-02-17T01:21:22,102][INFO ][o.e.i.e.InternalEngineTests] [testPruneAwayDeletedButRetainedIds] before test
[2020-02-17T01:21:22,198][INFO ][o.e.i.e.InternalEngineTests] [testPruneAwayDeletedButRetainedIds] after test
[2020-02-17T01:21:22,200][INFO ][o.e.i.e.InternalEngineTests] [testForceMergeWithSoftDeletesRetention] before test
[2020-02-17T01:21:22,340][INFO ][o.e.c.s.IndexScopedSettings] [testForceMergeWithSoftDeletesRetention] updating [index.soft_deletes.retention.operations] from [5] to [0]
[2020-02-17T01:21:22,382][INFO ][o.e.i.e.InternalEngineTests] [testForceMergeWithSoftDeletesRetention] after test
[2020-02-17T01:21:22,388][INFO ][o.e.i.e.InternalEngineTests] [testSettings] before test
[2020-02-17T01:21:22,442][INFO ][o.e.i.e.InternalEngineTests] [testSettings] after test
[2020-02-17T01:21:22,449][INFO ][o.e.i.e.InternalEngineTests] [testCleanUpCommitsWhenGlobalCheckpointAdvanced] before test
[2020-02-17T01:21:22,527][INFO ][o.e.i.e.InternalEngineTests] [testCleanUpCommitsWhenGlobalCheckpointAdvanced] after test
[2020-02-17T01:21:22,532][INFO ][o.e.i.e.InternalEngineTests] [testDeleteFailureSoftDeletesEnabled] before test
[2020-02-17T01:21:22,595][WARN ][o.e.i.e.Engine           ] [testDeleteFailureSoftDeletesEnabled] [index][0] failed engine [delete id[0] origin [PRIMARY] seq#[1] failed at the document level]
java.lang.IllegalArgumentException: fatal
	at org.elasticsearch.index.engine.InternalEngineTests.lambda$runTestDeleteFailure$99(InternalEngineTests.java:6121) ~[test/:?]
	at org.elasticsearch.index.engine.InternalEngineTests$ThrowingIndexWriter.maybeThrowFailure(InternalEngineTests.java:3307) ~[test/:?]
	at org.elasticsearch.index.engine.InternalEngineTests$ThrowingIndexWriter.softUpdateDocument(InternalEngineTests.java:3321) ~[test/:?]
	at org.elasticsearch.index.engine.InternalEngine.deleteInLucene(InternalEngine.java:1411) [main/:?]
	at org.elasticsearch.index.engine.InternalEngine.delete(InternalEngine.java:1295) [main/:?]
	at org.elasticsearch.index.engine.InternalTestEngine.delete(InternalTestEngine.java:72) [framework-7.5.1-SNAPSHOT.jar:?]
	at org.elasticsearch.index.engine.InternalEngineTests.lambda$runTestDeleteFailure$100(InternalEngineTests.java:6122) [test/:?]
	at org.apache.lucene.util.LuceneTestCase._expectThrows(LuceneTestCase.java:2842) [lucene-test-framework-8.3.0.jar:8.3.0 2aa586909b911e66e1d8863aa89f173d69f86cd2 - ishan - 2019-10-25 23:10:05]
	at org.apache.lucene.util.LuceneTestCase.expectThrows(LuceneTestCase.java:2717) [lucene-test-framework-8.3.0.jar:8.3.0 2aa586909b911e66e1d8863aa89f173d69f86cd2 - ishan - 2019-10-25 23:10:05]
	at org.apache.lucene.util.LuceneTestCase.expectThrows(LuceneTestCase.java:2712) [lucene-test-framework-8.3.0.jar:8.3.0 2aa586909b911e66e1d8863aa89f173d69f86cd2 - ishan - 2019-10-25 23:10:05]
	at org.elasticsearch.index.engine.InternalEngineTests.runTestDeleteFailure(InternalEngineTests.java:6122) [test/:?]
	at org.elasticsearch.index.engine.InternalEngineTests.testDeleteFailureSoftDeletesEnabled(InternalEngineTests.java:6092) [test/:?]
	at jdk.internal.reflect.NativeMethodAccessorImpl.invoke0(Native Method) ~[?:?]
	at jdk.internal.reflect.NativeMethodAccessorImpl.invoke(NativeMethodAccessorImpl.java:62) ~[?:?]
	at jdk.internal.reflect.DelegatingMethodAccessorImpl.invoke(DelegatingMethodAccessorImpl.java:43) ~[?:?]
	at java.lang.reflect.Method.invoke(Method.java:567) ~[?:?]
	at com.carrotsearch.randomizedtesting.RandomizedRunner.invoke(RandomizedRunner.java:1750) [randomizedtesting-runner-2.7.1.jar:?]
	at com.carrotsearch.randomizedtesting.RandomizedRunner$8.evaluate(RandomizedRunner.java:938) [randomizedtesting-runner-2.7.1.jar:?]
	at com.carrotsearch.randomizedtesting.RandomizedRunner$9.evaluate(RandomizedRunner.java:974) [randomizedtesting-runner-2.7.1.jar:?]
	at com.carrotsearch.randomizedtesting.RandomizedRunner$10.evaluate(RandomizedRunner.java:988) [randomizedtesting-runner-2.7.1.jar:?]
	at com.carrotsearch.randomizedtesting.rules.StatementAdapter.evaluate(StatementAdapter.java:36) [randomizedtesting-runner-2.7.1.jar:?]
	at org.apache.lucene.util.TestRuleSetupTeardownChained$1.evaluate(TestRuleSetupTeardownChained.java:49) [lucene-test-framework-8.3.0.jar:8.3.0 2aa586909b911e66e1d8863aa89f173d69f86cd2 - ishan - 2019-10-25 23:10:05]
	at org.apache.lucene.util.AbstractBeforeAfterRule$1.evaluate(AbstractBeforeAfterRule.java:45) [lucene-test-framework-8.3.0.jar:8.3.0 2aa586909b911e66e1d8863aa89f173d69f86cd2 - ishan - 2019-10-25 23:10:05]
	at org.apache.lucene.util.TestRuleThreadAndTestName$1.evaluate(TestRuleThreadAndTestName.java:48) [lucene-test-framework-8.3.0.jar:8.3.0 2aa586909b911e66e1d8863aa89f173d69f86cd2 - ishan - 2019-10-25 23:10:05]
	at org.apache.lucene.util.TestRuleIgnoreAfterMaxFailures$1.evaluate(TestRuleIgnoreAfterMaxFailures.java:64) [lucene-test-framework-8.3.0.jar:8.3.0 2aa586909b911e66e1d8863aa89f173d69f86cd2 - ishan - 2019-10-25 23:10:05]
	at org.apache.lucene.util.TestRuleMarkFailure$1.evaluate(TestRuleMarkFailure.java:47) [lucene-test-framework-8.3.0.jar:8.3.0 2aa586909b911e66e1d8863aa89f173d69f86cd2 - ishan - 2019-10-25 23:10:05]
	at com.carrotsearch.randomizedtesting.rules.StatementAdapter.evaluate(StatementAdapter.java:36) [randomizedtesting-runner-2.7.1.jar:?]
	at com.carrotsearch.randomizedtesting.ThreadLeakControl$StatementRunner.run(ThreadLeakControl.java:368) [randomizedtesting-runner-2.7.1.jar:?]
	at com.carrotsearch.randomizedtesting.ThreadLeakControl.forkTimeoutingTask(ThreadLeakControl.java:817) [randomizedtesting-runner-2.7.1.jar:?]
	at com.carrotsearch.randomizedtesting.ThreadLeakControl$3.evaluate(ThreadLeakControl.java:468) [randomizedtesting-runner-2.7.1.jar:?]
	at com.carrotsearch.randomizedtesting.RandomizedRunner.runSingleTest(RandomizedRunner.java:947) [randomizedtesting-runner-2.7.1.jar:?]
	at com.carrotsearch.randomizedtesting.RandomizedRunner$5.evaluate(RandomizedRunner.java:832) [randomizedtesting-runner-2.7.1.jar:?]
	at com.carrotsearch.randomizedtesting.RandomizedRunner$6.evaluate(RandomizedRunner.java:883) [randomizedtesting-runner-2.7.1.jar:?]
	at com.carrotsearch.randomizedtesting.RandomizedRunner$7.evaluate(RandomizedRunner.java:894) [randomizedtesting-runner-2.7.1.jar:?]
	at org.apache.lucene.util.AbstractBeforeAfterRule$1.evaluate(AbstractBeforeAfterRule.java:45) [lucene-test-framework-8.3.0.jar:8.3.0 2aa586909b911e66e1d8863aa89f173d69f86cd2 - ishan - 2019-10-25 23:10:05]
	at com.carrotsearch.randomizedtesting.rules.StatementAdapter.evaluate(StatementAdapter.java:36) [randomizedtesting-runner-2.7.1.jar:?]
	at org.apache.lucene.util.TestRuleStoreClassName$1.evaluate(TestRuleStoreClassName.java:41) [lucene-test-framework-8.3.0.jar:8.3.0 2aa586909b911e66e1d8863aa89f173d69f86cd2 - ishan - 2019-10-25 23:10:05]
	at com.carrotsearch.randomizedtesting.rules.NoShadowingOrOverridesOnMethodsRule$1.evaluate(NoShadowingOrOverridesOnMethodsRule.java:40) [randomizedtesting-runner-2.7.1.jar:?]
	at com.carrotsearch.randomizedtesting.rules.NoShadowingOrOverridesOnMethodsRule$1.evaluate(NoShadowingOrOverridesOnMethodsRule.java:40) [randomizedtesting-runner-2.7.1.jar:?]
	at com.carrotsearch.randomizedtesting.rules.StatementAdapter.evaluate(StatementAdapter.java:36) [randomizedtesting-runner-2.7.1.jar:?]
	at com.carrotsearch.randomizedtesting.rules.StatementAdapter.evaluate(StatementAdapter.java:36) [randomizedtesting-runner-2.7.1.jar:?]
	at org.apache.lucene.util.TestRuleAssertionsRequired$1.evaluate(TestRuleAssertionsRequired.java:53) [lucene-test-framework-8.3.0.jar:8.3.0 2aa586909b911e66e1d8863aa89f173d69f86cd2 - ishan - 2019-10-25 23:10:05]
	at org.apache.lucene.util.TestRuleMarkFailure$1.evaluate(TestRuleMarkFailure.java:47) [lucene-test-framework-8.3.0.jar:8.3.0 2aa586909b911e66e1d8863aa89f173d69f86cd2 - ishan - 2019-10-25 23:10:05]
	at org.apache.lucene.util.TestRuleIgnoreAfterMaxFailures$1.evaluate(TestRuleIgnoreAfterMaxFailures.java:64) [lucene-test-framework-8.3.0.jar:8.3.0 2aa586909b911e66e1d8863aa89f173d69f86cd2 - ishan - 2019-10-25 23:10:05]
	at org.apache.lucene.util.TestRuleIgnoreTestSuites$1.evaluate(TestRuleIgnoreTestSuites.java:54) [lucene-test-framework-8.3.0.jar:8.3.0 2aa586909b911e66e1d8863aa89f173d69f86cd2 - ishan - 2019-10-25 23:10:05]
	at com.carrotsearch.randomizedtesting.rules.StatementAdapter.evaluate(StatementAdapter.java:36) [randomizedtesting-runner-2.7.1.jar:?]
	at com.carrotsearch.randomizedtesting.ThreadLeakControl$StatementRunner.run(ThreadLeakControl.java:368) [randomizedtesting-runner-2.7.1.jar:?]
	at java.lang.Thread.run(Thread.java:835) [?:?]
[2020-02-17T01:21:22,607][INFO ][o.e.i.e.InternalEngineTests] [testDeleteFailureSoftDeletesEnabled] after test
[2020-02-17T01:21:22,611][INFO ][o.e.i.e.InternalEngineTests] [testConcurrentAppendUpdateAndRefresh] before test
[2020-02-17T01:21:22,908][INFO ][o.e.i.e.InternalEngineTests] [testConcurrentAppendUpdateAndRefresh] after test
[2020-02-17T01:21:22,913][INFO ][o.e.i.e.InternalEngineTests] [testConcurrentExternalVersioningOnPrimary] before test
[2020-02-17T01:21:23,010][INFO ][o.e.i.e.InternalEngineTests] [testConcurrentExternalVersioningOnPrimary] after test
[2020-02-17T01:21:23,014][INFO ][o.e.i.e.InternalEngineTests] [testTreatDocumentFailureAsFatalError] before test
[2020-02-17T01:21:23,062][WARN ][o.e.i.e.Engine           ] [testTreatDocumentFailureAsFatalError] [index][0] failed engine [index id[1] origin[PEER_RECOVERY] seq#[4574794772105829339]]
java.io.IOException: simulated
	at org.elasticsearch.index.engine.InternalEngineTests.testTreatDocumentFailureAsFatalError(InternalEngineTests.java:6021) [test/:?]
	at jdk.internal.reflect.NativeMethodAccessorImpl.invoke0(Native Method) ~[?:?]
	at jdk.internal.reflect.NativeMethodAccessorImpl.invoke(NativeMethodAccessorImpl.java:62) ~[?:?]
	at jdk.internal.reflect.DelegatingMethodAccessorImpl.invoke(DelegatingMethodAccessorImpl.java:43) ~[?:?]
	at java.lang.reflect.Method.invoke(Method.java:567) ~[?:?]
	at com.carrotsearch.randomizedtesting.RandomizedRunner.invoke(RandomizedRunner.java:1750) [randomizedtesting-runner-2.7.1.jar:?]
	at com.carrotsearch.randomizedtesting.RandomizedRunner$8.evaluate(RandomizedRunner.java:938) [randomizedtesting-runner-2.7.1.jar:?]
	at com.carrotsearch.randomizedtesting.RandomizedRunner$9.evaluate(RandomizedRunner.java:974) [randomizedtesting-runner-2.7.1.jar:?]
	at com.carrotsearch.randomizedtesting.RandomizedRunner$10.evaluate(RandomizedRunner.java:988) [randomizedtesting-runner-2.7.1.jar:?]
	at com.carrotsearch.randomizedtesting.rules.StatementAdapter.evaluate(StatementAdapter.java:36) [randomizedtesting-runner-2.7.1.jar:?]
	at org.apache.lucene.util.TestRuleSetupTeardownChained$1.evaluate(TestRuleSetupTeardownChained.java:49) [lucene-test-framework-8.3.0.jar:8.3.0 2aa586909b911e66e1d8863aa89f173d69f86cd2 - ishan - 2019-10-25 23:10:05]
	at org.apache.lucene.util.AbstractBeforeAfterRule$1.evaluate(AbstractBeforeAfterRule.java:45) [lucene-test-framework-8.3.0.jar:8.3.0 2aa586909b911e66e1d8863aa89f173d69f86cd2 - ishan - 2019-10-25 23:10:05]
	at org.apache.lucene.util.TestRuleThreadAndTestName$1.evaluate(TestRuleThreadAndTestName.java:48) [lucene-test-framework-8.3.0.jar:8.3.0 2aa586909b911e66e1d8863aa89f173d69f86cd2 - ishan - 2019-10-25 23:10:05]
	at org.apache.lucene.util.TestRuleIgnoreAfterMaxFailures$1.evaluate(TestRuleIgnoreAfterMaxFailures.java:64) [lucene-test-framework-8.3.0.jar:8.3.0 2aa586909b911e66e1d8863aa89f173d69f86cd2 - ishan - 2019-10-25 23:10:05]
	at org.apache.lucene.util.TestRuleMarkFailure$1.evaluate(TestRuleMarkFailure.java:47) [lucene-test-framework-8.3.0.jar:8.3.0 2aa586909b911e66e1d8863aa89f173d69f86cd2 - ishan - 2019-10-25 23:10:05]
	at com.carrotsearch.randomizedtesting.rules.StatementAdapter.evaluate(StatementAdapter.java:36) [randomizedtesting-runner-2.7.1.jar:?]
	at com.carrotsearch.randomizedtesting.ThreadLeakControl$StatementRunner.run(ThreadLeakControl.java:368) [randomizedtesting-runner-2.7.1.jar:?]
	at com.carrotsearch.randomizedtesting.ThreadLeakControl.forkTimeoutingTask(ThreadLeakControl.java:817) [randomizedtesting-runner-2.7.1.jar:?]
	at com.carrotsearch.randomizedtesting.ThreadLeakControl$3.evaluate(ThreadLeakControl.java:468) [randomizedtesting-runner-2.7.1.jar:?]
	at com.carrotsearch.randomizedtesting.RandomizedRunner.runSingleTest(RandomizedRunner.java:947) [randomizedtesting-runner-2.7.1.jar:?]
	at com.carrotsearch.randomizedtesting.RandomizedRunner$5.evaluate(RandomizedRunner.java:832) [randomizedtesting-runner-2.7.1.jar:?]
	at com.carrotsearch.randomizedtesting.RandomizedRunner$6.evaluate(RandomizedRunner.java:883) [randomizedtesting-runner-2.7.1.jar:?]
	at com.carrotsearch.randomizedtesting.RandomizedRunner$7.evaluate(RandomizedRunner.java:894) [randomizedtesting-runner-2.7.1.jar:?]
	at org.apache.lucene.util.AbstractBeforeAfterRule$1.evaluate(AbstractBeforeAfterRule.java:45) [lucene-test-framework-8.3.0.jar:8.3.0 2aa586909b911e66e1d8863aa89f173d69f86cd2 - ishan - 2019-10-25 23:10:05]
	at com.carrotsearch.randomizedtesting.rules.StatementAdapter.evaluate(StatementAdapter.java:36) [randomizedtesting-runner-2.7.1.jar:?]
	at org.apache.lucene.util.TestRuleStoreClassName$1.evaluate(TestRuleStoreClassName.java:41) [lucene-test-framework-8.3.0.jar:8.3.0 2aa586909b911e66e1d8863aa89f173d69f86cd2 - ishan - 2019-10-25 23:10:05]
	at com.carrotsearch.randomizedtesting.rules.NoShadowingOrOverridesOnMethodsRule$1.evaluate(NoShadowingOrOverridesOnMethodsRule.java:40) [randomizedtesting-runner-2.7.1.jar:?]
	at com.carrotsearch.randomizedtesting.rules.NoShadowingOrOverridesOnMethodsRule$1.evaluate(NoShadowingOrOverridesOnMethodsRule.java:40) [randomizedtesting-runner-2.7.1.jar:?]
	at com.carrotsearch.randomizedtesting.rules.StatementAdapter.evaluate(StatementAdapter.java:36) [randomizedtesting-runner-2.7.1.jar:?]
	at com.carrotsearch.randomizedtesting.rules.StatementAdapter.evaluate(StatementAdapter.java:36) [randomizedtesting-runner-2.7.1.jar:?]
	at org.apache.lucene.util.TestRuleAssertionsRequired$1.evaluate(TestRuleAssertionsRequired.java:53) [lucene-test-framework-8.3.0.jar:8.3.0 2aa586909b911e66e1d8863aa89f173d69f86cd2 - ishan - 2019-10-25 23:10:05]
	at org.apache.lucene.util.TestRuleMarkFailure$1.evaluate(TestRuleMarkFailure.java:47) [lucene-test-framework-8.3.0.jar:8.3.0 2aa586909b911e66e1d8863aa89f173d69f86cd2 - ishan - 2019-10-25 23:10:05]
	at org.apache.lucene.util.TestRuleIgnoreAfterMaxFailures$1.evaluate(TestRuleIgnoreAfterMaxFailures.java:64) [lucene-test-framework-8.3.0.jar:8.3.0 2aa586909b911e66e1d8863aa89f173d69f86cd2 - ishan - 2019-10-25 23:10:05]
	at org.apache.lucene.util.TestRuleIgnoreTestSuites$1.evaluate(TestRuleIgnoreTestSuites.java:54) [lucene-test-framework-8.3.0.jar:8.3.0 2aa586909b911e66e1d8863aa89f173d69f86cd2 - ishan - 2019-10-25 23:10:05]
	at com.carrotsearch.randomizedtesting.rules.StatementAdapter.evaluate(StatementAdapter.java:36) [randomizedtesting-runner-2.7.1.jar:?]
	at com.carrotsearch.randomizedtesting.ThreadLeakControl$StatementRunner.run(ThreadLeakControl.java:368) [randomizedtesting-runner-2.7.1.jar:?]
	at java.lang.Thread.run(Thread.java:835) [?:?]
[2020-02-17T01:21:23,080][INFO ][o.e.i.e.InternalEngineTests] [testTreatDocumentFailureAsFatalError] after test
[2020-02-17T01:21:23,082][INFO ][o.e.i.e.InternalEngineTests] [testStressShouldPeriodicallyFlush] before test
[2020-02-17T01:21:23,116][INFO ][o.e.c.s.IndexScopedSettings] [testStressShouldPeriodicallyFlush] updating [index.translog.flush_threshold_size] from [512mb] to [2094b]
[2020-02-17T01:21:23,116][INFO ][o.e.c.s.IndexScopedSettings] [testStressShouldPeriodicallyFlush] updating [index.translog.generation_threshold_size] from [64mb] to [4099b]
[2020-02-17T01:21:25,070][INFO ][o.e.i.e.InternalEngineTests] [testStressShouldPeriodicallyFlush] after test
[2020-02-17T01:21:25,073][INFO ][o.e.i.e.InternalEngineTests] [testInternalVersioningOnPrimary] before test
[2020-02-17T01:21:25,102][INFO ][o.e.i.e.InternalEngineTests] [testInternalVersioningOnPrimary] performing [I] (versioned -1, seqNo -2, term 0 )
[2020-02-17T01:21:25,108][INFO ][o.e.i.e.InternalEngineTests] [testInternalVersioningOnPrimary] performing [D] (versioned 1, seqNo 0, term 4789200021708163645 )
[2020-02-17T01:21:25,109][INFO ][o.e.i.e.InternalEngineTests] [testInternalVersioningOnPrimary] performing [I]
[2020-02-17T01:21:25,114][INFO ][o.e.i.e.InternalEngineTests] [testInternalVersioningOnPrimary] performing [D]
[2020-02-17T01:21:25,118][INFO ][o.e.i.e.InternalEngineTests] [testInternalVersioningOnPrimary] performing [D] (versioned -4, seqNo 3, term 4789200021708163645 )
[2020-02-17T01:21:25,119][INFO ][o.e.i.e.InternalEngineTests] [testInternalVersioningOnPrimary] performing [D] (versioned 5, seqNo 4, term 4789200021708163645 )
[2020-02-17T01:21:25,119][INFO ][o.e.i.e.InternalEngineTests] [testInternalVersioningOnPrimary] performing [I] (versioned -4, seqNo 5, term 4789200021708163645 )
[2020-02-17T01:21:25,145][INFO ][o.e.i.e.InternalEngineTests] [testInternalVersioningOnPrimary] after test
[2020-02-17T01:21:25,150][INFO ][o.e.i.e.InternalEngineTests] [testOutOfOrderDocsOnReplica] before test
[2020-02-17T01:21:25,203][INFO ][o.e.i.e.InternalEngineTests] [testOutOfOrderDocsOnReplica] performing [D], v [8], seq# [16], term [3]
[2020-02-17T01:21:25,213][INFO ][o.e.i.e.InternalEngineTests] [testOutOfOrderDocsOnReplica] performing [I], v [3], seq# [8], term [3]
[2020-02-17T01:21:25,222][INFO ][o.e.i.e.InternalEngineTests] [testOutOfOrderDocsOnReplica] performing [D], v [5], seq# [12], term [3]
[2020-02-17T01:21:25,231][INFO ][o.e.i.e.InternalEngineTests] [testOutOfOrderDocsOnReplica] performing [D], v [9], seq# [18], term [3]
[2020-02-17T01:21:25,233][INFO ][o.e.i.e.InternalEngineTests] [testOutOfOrderDocsOnReplica] performing [I], v [1], seq# [2], term [3]
[2020-02-17T01:21:25,236][INFO ][o.e.i.e.InternalEngineTests] [testOutOfOrderDocsOnReplica] performing [D], v [6], seq# [14], term [3]
[2020-02-17T01:21:25,237][INFO ][o.e.i.e.InternalEngineTests] [testOutOfOrderDocsOnReplica] performing [D], v [3], seq# [6], term [3]
[2020-02-17T01:21:25,238][INFO ][o.e.i.e.InternalEngineTests] [testOutOfOrderDocsOnReplica] performing [I], v [0], seq# [0], term [3]
[2020-02-17T01:21:25,238][INFO ][o.e.i.e.InternalEngineTests] [testOutOfOrderDocsOnReplica] performing [I], v [4], seq# [10], term [3]
[2020-02-17T01:21:25,244][INFO ][o.e.i.e.InternalEngineTests] [testOutOfOrderDocsOnReplica] performing [I], v [1], seq# [4], term [3]
[2020-02-17T01:21:25,294][INFO ][o.e.i.e.InternalEngineTests] [testOutOfOrderDocsOnReplica] after test
[2020-02-17T01:21:25,302][INFO ][o.e.i.e.InternalEngineTests] [testDoubleDeliveryReplica] before test
[2020-02-17T01:21:25,371][INFO ][o.e.i.e.InternalEngineTests] [testDoubleDeliveryReplica] after test
[2020-02-17T01:21:25,374][INFO ][o.e.i.e.InternalEngineTests] [testRetryWithAutogeneratedIdWorksAndNoDuplicateDocs] before test
[2020-02-17T01:21:25,448][INFO ][o.e.i.e.InternalEngineTests] [testRetryWithAutogeneratedIdWorksAndNoDuplicateDocs] after test
[2020-02-17T01:21:25,458][INFO ][o.e.i.e.InternalEngineTests] [testTranslogReplayWithFailure] before test
[2020-02-17T01:21:25,566][INFO ][o.e.i.e.InternalEngineTests] [testTranslogReplayWithFailure] after test
[2020-02-17T01:21:25,570][INFO ][o.e.i.e.InternalEngineTests] [testSegmentsWithMergeFlag] before test
[2020-02-17T01:21:25,687][INFO ][o.e.i.e.InternalEngineTests] [testSegmentsWithMergeFlag] after test
[2020-02-17T01:21:25,692][INFO ][o.e.i.e.InternalEngineTests] [testTranslogRecoveryWithMultipleGenerations] before test
[2020-02-17T01:21:26,630][INFO ][o.e.i.e.InternalEngineTests] [testTranslogRecoveryWithMultipleGenerations] after test
[2020-02-17T01:21:26,632][INFO ][o.e.i.e.InternalEngineTests] [testFailEngineOnRandomIO] before test
[2020-02-17T01:21:26,691][WARN ][o.e.i.e.Engine           ] [[Thread-308]] [index][0] failed engine [refresh failed source[test]]
org.apache.lucene.store.MockDirectoryWrapper$FakeIOException: null
	at org.elasticsearch.index.engine.InternalEngineTests$11.afterRefresh(InternalEngineTests.java:3958) ~[test/:?]
	at org.apache.lucene.search.ReferenceManager.notifyRefreshListenersRefreshed(ReferenceManager.java:285) ~[lucene-core-8.3.0.jar:8.3.0 2aa586909b911e66e1d8863aa89f173d69f86cd2 - ishan - 2019-10-25 23:10:03]
	at org.apache.lucene.search.ReferenceManager.doMaybeRefresh(ReferenceManager.java:190) ~[lucene-core-8.3.0.jar:8.3.0 2aa586909b911e66e1d8863aa89f173d69f86cd2 - ishan - 2019-10-25 23:10:03]
	at org.apache.lucene.search.ReferenceManager.maybeRefreshBlocking(ReferenceManager.java:253) ~[lucene-core-8.3.0.jar:8.3.0 2aa586909b911e66e1d8863aa89f173d69f86cd2 - ishan - 2019-10-25 23:10:03]
	at org.elasticsearch.index.engine.InternalEngine.refresh(InternalEngine.java:1603) [main/:?]
	at org.elasticsearch.index.engine.InternalEngine.refresh(InternalEngine.java:1580) [main/:?]
	at org.elasticsearch.index.engine.InternalEngineTests.lambda$testFailEngineOnRandomIO$46(InternalEngineTests.java:3983) [test/:?]
	at java.lang.Thread.run(Thread.java:835) [?:?]
[2020-02-17T01:21:26,716][INFO ][o.e.i.e.InternalEngineTests] [testFailEngineOnRandomIO] after test
[2020-02-17T01:21:26,719][INFO ][o.e.i.e.InternalEngineTests] [testConcurrentOutOfOrderDocsOnReplica] before test
[2020-02-17T01:21:27,230][INFO ][o.e.i.e.InternalEngineTests] [testConcurrentOutOfOrderDocsOnReplica] after test
[2020-02-17T01:21:27,232][INFO ][o.e.i.e.InternalEngineTests] [testTrimUnsafeCommits] before test
[2020-02-17T01:21:27,477][INFO ][o.e.i.e.InternalEngineTests] [testTrimUnsafeCommits] after test
[2020-02-17T01:21:27,479][INFO ][o.e.i.e.InternalEngineTests] [testNoOpOnClosingEngine] before test
[2020-02-17T01:21:27,544][INFO ][o.e.i.e.InternalEngineTests] [testNoOpOnClosingEngine] after test
[2020-02-17T01:21:27,548][INFO ][o.e.i.e.InternalEngineTests] [testGetIfSeqNoIfPrimaryTerm] before test
[2020-02-17T01:21:27,604][INFO ][o.e.i.e.InternalEngineTests] [testGetIfSeqNoIfPrimaryTerm] after test
[2020-02-17T01:21:27,608][INFO ][o.e.i.e.InternalEngineTests] [testSegmentsWithIndexSort] before test
[2020-02-17T01:21:27,702][INFO ][o.e.i.e.InternalEngineTests] [testSegmentsWithIndexSort] after test
[2020-02-17T01:21:27,704][INFO ][o.e.i.e.InternalEngineTests] [testSequenceNumberAdvancesToMaxSeqOnEngineOpenOnPrimary] before test
[2020-02-17T01:21:27,850][INFO ][o.e.i.e.InternalEngineTests] [testSequenceNumberAdvancesToMaxSeqOnEngineOpenOnPrimary] after test
[2020-02-17T01:21:27,852][INFO ][o.e.i.e.InternalEngineTests] [testNonInternalVersioningOnPrimary] before test
[2020-02-17T01:21:27,879][INFO ][o.e.i.e.InternalEngineTests] [testNonInternalVersioningOnPrimary] performing [D], v [0], seq# [-2], term [2]
[2020-02-17T01:21:27,884][INFO ][o.e.i.e.InternalEngineTests] [testNonInternalVersioningOnPrimary] performing [D], v [0], seq# [-2], term [2]
[2020-02-17T01:21:27,889][INFO ][o.e.i.e.InternalEngineTests] [testNonInternalVersioningOnPrimary] performing [D], v [2], seq# [-2], term [2]
[2020-02-17T01:21:27,890][INFO ][o.e.i.e.InternalEngineTests] [testNonInternalVersioningOnPrimary] performing [I], v [3], seq# [-2], term [2]
[2020-02-17T01:21:27,890][INFO ][o.e.i.e.InternalEngineTests] [testNonInternalVersioningOnPrimary] performing [I], v [3], seq# [-2], term [2]
[2020-02-17T01:21:27,892][INFO ][o.e.i.e.InternalEngineTests] [testNonInternalVersioningOnPrimary] performing [I], v [5], seq# [-2], term [2]
[2020-02-17T01:21:27,901][INFO ][o.e.i.e.InternalEngineTests] [testNonInternalVersioningOnPrimary] performing [D], v [6], seq# [-2], term [2]
[2020-02-17T01:21:27,902][INFO ][o.e.i.e.InternalEngineTests] [testNonInternalVersioningOnPrimary] performing [D], v [7], seq# [-2], term [2]
[2020-02-17T01:21:27,905][INFO ][o.e.i.e.InternalEngineTests] [testNonInternalVersioningOnPrimary] performing [D], v [7], seq# [-2], term [2]
[2020-02-17T01:21:27,907][INFO ][o.e.i.e.InternalEngineTests] [testNonInternalVersioningOnPrimary] performing [I], v [8], seq# [-2], term [2]
[2020-02-17T01:21:27,913][INFO ][o.e.i.e.InternalEngineTests] [testNonInternalVersioningOnPrimary] performing [D], v [10], seq# [-2], term [2]
[2020-02-17T01:21:27,967][INFO ][o.e.i.e.InternalEngineTests] [testNonInternalVersioningOnPrimary] after test
[2020-02-17T01:21:27,969][INFO ][o.e.i.e.InternalEngineTests] [testIndexWriterIFDInfoStream] before test
[2020-02-17T01:21:28,022][TRACE][o.e.i.e.E.IFD            ] [testIndexWriterIFDInfoStream] [index][0] TEST-InternalEngineTests.testIndexWriterIFDInfoStream-seed#[9EA1F2A3814E5F76] IFD: now checkpoint "_0(8.3.0):c1:[diagnostics={os=Windows 7, java.vendor=Oracle Corporation, java.version=12.0.2, java.vm.version=12.0.2+10, lucene.version=8.3.0, os.arch=amd64, java.runtime.version=12.0.2+10, source=flush, os.version=6.1, timestamp=1581891688014}]:[attributes={Lucene50StoredFieldsFormat.mode=BEST_SPEED}] _1(8.3.0):c1:[diagnostics={os=Windows 7, java.vendor=Oracle Corporation, java.version=12.0.2, java.vm.version=12.0.2+10, lucene.version=8.3.0, os.arch=amd64, java.runtime.version=12.0.2+10, source=flush, os.version=6.1, timestamp=1581891688021}]:[attributes={Lucene50StoredFieldsFormat.mode=BEST_SPEED}]" [2 segments ; isCommit = false]
[2020-02-17T01:21:28,022][TRACE][o.e.i.e.E.IFD            ] [testIndexWriterIFDInfoStream] [index][0] TEST-InternalEngineTests.testIndexWriterIFDInfoStream-seed#[9EA1F2A3814E5F76] IFD: 0 msec to checkpoint
[2020-02-17T01:21:28,022][TRACE][o.e.i.e.E.IFD            ] [testIndexWriterIFDInfoStream] [index][0] TEST-InternalEngineTests.testIndexWriterIFDInfoStream-seed#[9EA1F2A3814E5F76] IFD: will delete new file "_1.nvd"
[2020-02-17T01:21:28,022][TRACE][o.e.i.e.E.IFD            ] [testIndexWriterIFDInfoStream] [index][0] TEST-InternalEngineTests.testIndexWriterIFDInfoStream-seed#[9EA1F2A3814E5F76] IFD: will delete new file "_1.dim"
[2020-02-17T01:21:28,022][TRACE][o.e.i.e.E.IFD            ] [testIndexWriterIFDInfoStream] [index][0] TEST-InternalEngineTests.testIndexWriterIFDInfoStream-seed#[9EA1F2A3814E5F76] IFD: will delete new file "_1.nvm"
[2020-02-17T01:21:28,022][TRACE][o.e.i.e.E.IFD            ] [testIndexWriterIFDInfoStream] [index][0] TEST-InternalEngineTests.testIndexWriterIFDInfoStream-seed#[9EA1F2A3814E5F76] IFD: will delete new file "_1.fnm"
[2020-02-17T01:21:28,022][TRACE][o.e.i.e.E.IFD            ] [testIndexWriterIFDInfoStream] [index][0] TEST-InternalEngineTests.testIndexWriterIFDInfoStream-seed#[9EA1F2A3814E5F76] IFD: will delete new file "_1.dii"
[2020-02-17T01:21:28,022][TRACE][o.e.i.e.E.IFD            ] [testIndexWriterIFDInfoStream] [index][0] TEST-InternalEngineTests.testIndexWriterIFDInfoStream-seed#[9EA1F2A3814E5F76] IFD: will delete new file "_1_Asserting_0.dvm"
[2020-02-17T01:21:28,022][TRACE][o.e.i.e.E.IFD            ] [testIndexWriterIFDInfoStream] [index][0] TEST-InternalEngineTests.testIndexWriterIFDInfoStream-seed#[9EA1F2A3814E5F76] IFD: will delete new file "_1_Asserting_0.tip"
[2020-02-17T01:21:28,022][TRACE][o.e.i.e.E.IFD            ] [testIndexWriterIFDInfoStream] [index][0] TEST-InternalEngineTests.testIndexWriterIFDInfoStream-seed#[9EA1F2A3814E5F76] IFD: will delete new file "_1_Asserting_0.doc"
[2020-02-17T01:21:28,023][TRACE][o.e.i.e.E.IFD            ] [testIndexWriterIFDInfoStream] [index][0] TEST-InternalEngineTests.testIndexWriterIFDInfoStream-seed#[9EA1F2A3814E5F76] IFD: will delete new file "_1_Asserting_0.tim"
[2020-02-17T01:21:28,023][TRACE][o.e.i.e.E.IFD            ] [testIndexWriterIFDInfoStream] [index][0] TEST-InternalEngineTests.testIndexWriterIFDInfoStream-seed#[9EA1F2A3814E5F76] IFD: will delete new file "_1_Asserting_0.dvd"
[2020-02-17T01:21:28,023][TRACE][o.e.i.e.E.IFD            ] [testIndexWriterIFDInfoStream] [index][0] TEST-InternalEngineTests.testIndexWriterIFDInfoStream-seed#[9EA1F2A3814E5F76] IFD: will delete new file "_1_Asserting_0.pos"
[2020-02-17T01:21:28,023][TRACE][o.e.i.e.E.IFD            ] [testIndexWriterIFDInfoStream] [index][0] TEST-InternalEngineTests.testIndexWriterIFDInfoStream-seed#[9EA1F2A3814E5F76] IFD: will delete new file "_1.fdx"
[2020-02-17T01:21:28,023][TRACE][o.e.i.e.E.IFD            ] [testIndexWriterIFDInfoStream] [index][0] TEST-InternalEngineTests.testIndexWriterIFDInfoStream-seed#[9EA1F2A3814E5F76] IFD: will delete new file "_1.fdt"
[2020-02-17T01:21:28,023][TRACE][o.e.i.e.E.IFD            ] [testIndexWriterIFDInfoStream] [index][0] TEST-InternalEngineTests.testIndexWriterIFDInfoStream-seed#[9EA1F2A3814E5F76] IFD: delete [_1.nvd, _1.dim, _1.nvm, _1.fnm, _1.dii, _1_Asserting_0.dvm, _1_Asserting_0.tip, _1_Asserting_0.doc, _1_Asserting_0.tim, _1_Asserting_0.dvd, _1_Asserting_0.pos, _1.fdx, _1.fdt]
[2020-02-17T01:21:28,023][TRACE][o.e.i.e.E.IFD            ] [testIndexWriterIFDInfoStream] [index][0] TEST-InternalEngineTests.testIndexWriterIFDInfoStream-seed#[9EA1F2A3814E5F76] IFD: now checkpoint "_0(8.3.0):c1/1:[diagnostics={os=Windows 7, java.vendor=Oracle Corporation, java.version=12.0.2, java.vm.version=12.0.2+10, lucene.version=8.3.0, os.arch=amd64, java.runtime.version=12.0.2+10, source=flush, os.version=6.1, timestamp=1581891688014}]:[attributes={Lucene50StoredFieldsFormat.mode=BEST_SPEED}] _1(8.3.0):c1:[diagnostics={os=Windows 7, java.vendor=Oracle Corporation, java.version=12.0.2, java.vm.version=12.0.2+10, lucene.version=8.3.0, os.arch=amd64, java.runtime.version=12.0.2+10, source=flush, os.version=6.1, timestamp=1581891688021}]:[attributes={Lucene50StoredFieldsFormat.mode=BEST_SPEED}]" [2 segments ; isCommit = false]
[2020-02-17T01:21:28,023][TRACE][o.e.i.e.E.IFD            ] [testIndexWriterIFDInfoStream] [index][0] TEST-InternalEngineTests.testIndexWriterIFDInfoStream-seed#[9EA1F2A3814E5F76] IFD: 0 msec to checkpoint
[2020-02-17T01:21:28,023][TRACE][o.e.i.e.E.IFD            ] [testIndexWriterIFDInfoStream] [index][0] TEST-InternalEngineTests.testIndexWriterIFDInfoStream-seed#[9EA1F2A3814E5F76] IFD: now checkpoint "_1(8.3.0):c1:[diagnostics={os=Windows 7, java.vendor=Oracle Corporation, java.version=12.0.2, java.vm.version=12.0.2+10, lucene.version=8.3.0, os.arch=amd64, java.runtime.version=12.0.2+10, source=flush, os.version=6.1, timestamp=1581891688021}]:[attributes={Lucene50StoredFieldsFormat.mode=BEST_SPEED}]" [1 segments ; isCommit = false]
[2020-02-17T01:21:28,023][TRACE][o.e.i.e.E.IFD            ] [testIndexWriterIFDInfoStream] [index][0] TEST-InternalEngineTests.testIndexWriterIFDInfoStream-seed#[9EA1F2A3814E5F76] IFD: 0 msec to checkpoint
[2020-02-17T01:21:28,024][TRACE][o.e.i.e.E.IFD            ] [testIndexWriterIFDInfoStream] [index][0] TEST-InternalEngineTests.testIndexWriterIFDInfoStream-seed#[9EA1F2A3814E5F76] IFD: now checkpoint "_1(8.3.0):c1:[diagnostics={os=Windows 7, java.vendor=Oracle Corporation, java.version=12.0.2, java.vm.version=12.0.2+10, lucene.version=8.3.0, os.arch=amd64, java.runtime.version=12.0.2+10, source=flush, os.version=6.1, timestamp=1581891688021}]:[attributes={Lucene50StoredFieldsFormat.mode=BEST_SPEED}]" [1 segments ; isCommit = true]
[2020-02-17T01:21:28,024][TRACE][o.e.i.e.E.IFD            ] [testIndexWriterIFDInfoStream] [index][0] TEST-InternalEngineTests.testIndexWriterIFDInfoStream-seed#[9EA1F2A3814E5F76] IFD: 0 msec to checkpoint
[2020-02-17T01:21:28,054][INFO ][o.e.i.e.InternalEngineTests] [testIndexWriterIFDInfoStream] after test
[2020-02-17T01:21:28,084][INFO ][o.e.i.e.InternalEngineTests] [testMaxSeqNoInCommitUserData] before test
[2020-02-17T01:21:28,201][INFO ][o.e.i.e.InternalEngineTests] [testMaxSeqNoInCommitUserData] after test
[2020-02-17T01:21:28,204][INFO ][o.e.i.e.InternalEngineTests] [testDeleteWithFatalError] before test
[2020-02-17T01:21:28,263][WARN ][o.e.i.e.Engine           ] [testDeleteWithFatalError] [index][0] failed engine [delete]
java.lang.IllegalStateException: fail to store tombstone
	at org.elasticsearch.index.engine.InternalEngineTests.testDeleteWithFatalError(InternalEngineTests.java:3408) [test/:?]
	at jdk.internal.reflect.NativeMethodAccessorImpl.invoke0(Native Method) ~[?:?]
	at jdk.internal.reflect.NativeMethodAccessorImpl.invoke(NativeMethodAccessorImpl.java:62) ~[?:?]
	at jdk.internal.reflect.DelegatingMethodAccessorImpl.invoke(DelegatingMethodAccessorImpl.java:43) ~[?:?]
	at java.lang.reflect.Method.invoke(Method.java:567) ~[?:?]
	at com.carrotsearch.randomizedtesting.RandomizedRunner.invoke(RandomizedRunner.java:1750) [randomizedtesting-runner-2.7.1.jar:?]
	at com.carrotsearch.randomizedtesting.RandomizedRunner$8.evaluate(RandomizedRunner.java:938) [randomizedtesting-runner-2.7.1.jar:?]
[...]
[2020-02-17T01:21:53,856][TRACE][o.e.i.e.E.IFD            ] [testIndexWriterInfoStream] [index][0] TEST-InternalEngineTests.testIndexWriterInfoStream-seed#[9EA1F2A3814E5F76] IFD: 0 msec to checkpoint
[2020-02-17T01:21:53,856][TRACE][o.e.i.e.E.IW             ] [testIndexWriterInfoStream] [index][0] TEST-InternalEngineTests.testIndexWriterInfoStream-seed#[9EA1F2A3814E5F76] IW: commit: took 8.5 msec
[2020-02-17T01:21:53,856][TRACE][o.e.i.e.E.IW             ] [testIndexWriterInfoStream] [index][0] TEST-InternalEngineTests.testIndexWriterInfoStream-seed#[9EA1F2A3814E5F76] IW: commit: done
[2020-02-17T01:21:53,856][TRACE][o.e.i.e.E.IW             ] [testIndexWriterInfoStream] [index][0] TEST-InternalEngineTests.testIndexWriterInfoStream-seed#[9EA1F2A3814E5F76] IW: 
dir=store(ByteSizeCachingDirectory(MockDirectoryWrapper(NRTCachingDirectory(RAMDirectory@7db77391 lockFactory=org.apache.lucene.store.SingleInstanceLockFactory@38d457e4; maxCacheMB=0.984375 maxMergeSizeMB=0.2353515625))))
index=_0(8.3.0):c1:[diagnostics={os=Windows 7, java.vendor=Oracle Corporation, java.version=12.0.2, java.vm.version=12.0.2+10, lucene.version=8.3.0, os.arch=amd64, java.runtime.version=12.0.2+10, source=flush, os.version=6.1, timestamp=1581891713837}]:[attributes={Lucene50StoredFieldsFormat.mode=BEST_SPEED}]:fieldInfosGen=1:dvGen=1 :softDel=1 _1(8.3.0):c1:[diagnostics={os=Windows 7, java.vendor=Oracle Corporation, java.version=12.0.2, java.vm.version=12.0.2+10, lucene.version=8.3.0, os.arch=amd64, java.runtime.version=12.0.2+10, source=flush, os.version=6.1, timestamp=1581891713850}]:[attributes={Lucene50StoredFieldsFormat.mode=BEST_SPEED}]
version=8.3.0
analyzer=org.apache.lucene.analysis.MockAnalyzer
ramBufferSizeMB=51.19999980926514
maxBufferedDocs=-1
mergedSegmentWarmer=null
delPolicy=org.elasticsearch.index.engine.CombinedDeletionPolicy
commit=null
openMode=APPEND
similarity=org.apache.lucene.search.similarities.AssertingSimilarity
mergeScheduler=EngineMergeScheduler: maxThreadCount=2, maxMergeCount=7, ioThrottle=true
codec=Asserting(Lucene80)
infoStream=org.elasticsearch.common.lucene.LoggerInfoStream
mergePolicy=ElasticsearchMergePolicy(RecoverySourcePruneMergePolicy(SoftDeletesRetentionMergePolicy(PrunePostingsMergePolicy([TieredMergePolicy: maxMergeAtOnce=10, maxMergeAtOnceExplicit=12, maxMergedSegmentMB=93.01953125, floorSegmentMB=1.4013671875, forceMergeDeletesPctAllowed=29.862279117314916, segmentsPerTier=21.0, maxCFSSegmentSizeMB=8.796093022207999E12, noCFSRatio=1.0, deletesPctAllowed=34.57212186186412))))
indexerThreadPool=org.apache.lucene.index.DocumentsWriterPerThreadPool@5bbc87af
readerPooling=true
perThreadHardLimitMB=1945
useCompoundFile=true
commitOnClose=false
indexSort=null
checkPendingFlushOnUpdate=true
softDeletesField=__soft_deletes
readerAttributes={blocktree.terms.fst._id=ON_HEAP, blocktree.terms.fst=ON_HEAP}
writer=org.elasticsearch.index.engine.InternalEngine$AssertingIndexWriter@444574a6

[2020-02-17T01:21:53,857][TRACE][o.e.i.e.E.IW             ] [testIndexWriterInfoStream] [index][0] TEST-InternalEngineTests.testIndexWriterInfoStream-seed#[9EA1F2A3814E5F76] IW: MMapDirectory.UNMAP_SUPPORTED=true
[2020-02-17T01:21:53,857][TRACE][o.e.i.e.E.MP             ] [testIndexWriterInfoStream] [index][0] TEST-InternalEngineTests.testIndexWriterInfoStream-seed#[9EA1F2A3814E5F76] MP:   seg=_0(8.3.0):c1/1:[diagnostics={os=Windows 7, java.vendor=Oracle Corporation, java.version=12.0.2, java.vm.version=12.0.2+10, lucene.version=8.3.0, os.arch=amd64, java.runtime.version=12.0.2+10, source=flush, os.version=6.1, timestamp=1581891713837}]:[attributes={Lucene50StoredFieldsFormat.mode=BEST_SPEED}]:fieldInfosGen=1:dvGen=1 :softDel=1 size=0.003 MB [floored]
[2020-02-17T01:21:53,857][TRACE][o.e.i.e.E.MP             ] [testIndexWriterInfoStream] [index][0] TEST-InternalEngineTests.testIndexWriterInfoStream-seed#[9EA1F2A3814E5F76] MP:   seg=_1(8.3.0):c1:[diagnostics={os=Windows 7, java.vendor=Oracle Corporation, java.version=12.0.2, java.vm.version=12.0.2+10, lucene.version=8.3.0, os.arch=amd64, java.runtime.version=12.0.2+10, source=flush, os.version=6.1, timestamp=1581891713850}]:[attributes={Lucene50StoredFieldsFormat.mode=BEST_SPEED}] size=0.002 MB [floored]
[2020-02-17T01:21:53,857][TRACE][o.e.i.e.E.MP             ] [testIndexWriterInfoStream] [index][0] TEST-InternalEngineTests.testIndexWriterInfoStream-seed#[9EA1F2A3814E5F76] MP: findMerges: 2 segments
[2020-02-17T01:21:53,857][TRACE][o.e.i.e.E.MP             ] [testIndexWriterInfoStream] [index][0] TEST-InternalEngineTests.testIndexWriterInfoStream-seed#[9EA1F2A3814E5F76] MP:   allowedSegmentCount=21 vs count=2 (eligible count=2)
[2020-02-17T01:21:53,857][TRACE][o.e.i.e.E.MS             ] [testIndexWriterInfoStream] [index][0] TEST-InternalEngineTests.testIndexWriterInfoStream-seed#[9EA1F2A3814E5F76] MS: now merge
[2020-02-17T01:21:53,858][TRACE][o.e.i.e.E.MS             ] [testIndexWriterInfoStream] [index][0] TEST-InternalEngineTests.testIndexWriterInfoStream-seed#[9EA1F2A3814E5F76] MS:   index: _0(8.3.0):c1:[diagnostics={os=Windows 7, java.vendor=Oracle Corporation, java.version=12.0.2, java.vm.version=12.0.2+10, lucene.version=8.3.0, os.arch=amd64, java.runtime.version=12.0.2+10, source=flush, os.version=6.1, timestamp=1581891713837}]:[attributes={Lucene50StoredFieldsFormat.mode=BEST_SPEED}]:fieldInfosGen=1:dvGen=1 :softDel=1 _1(8.3.0):c1:[diagnostics={os=Windows 7, java.vendor=Oracle Corporation, java.version=12.0.2, java.vm.version=12.0.2+10, lucene.version=8.3.0, os.arch=amd64, java.runtime.version=12.0.2+10, source=flush, os.version=6.1, timestamp=1581891713850}]:[attributes={Lucene50StoredFieldsFormat.mode=BEST_SPEED}]
[2020-02-17T01:21:53,858][TRACE][o.e.i.e.E.MS             ] [testIndexWriterInfoStream] [index][0] TEST-InternalEngineTests.testIndexWriterInfoStream-seed#[9EA1F2A3814E5F76] MS:   no more merges pending; now return
[2020-02-17T01:21:53,858][TRACE][o.e.i.e.Engine           ] [testIndexWriterInfoStream] [index][0] finished commit for flush
[2020-02-17T01:21:53,858][DEBUG][o.e.i.e.Engine           ] [testIndexWriterInfoStream] [index][0] new commit on flush, hasUncommittedChanges:true, force:false, shouldPeriodicallyFlush:false
[2020-02-17T01:21:53,858][TRACE][o.e.i.e.E.IW             ] [testIndexWriterInfoStream] [index][0] TEST-InternalEngineTests.testIndexWriterInfoStream-seed#[9EA1F2A3814E5F76] IW: nrtIsCurrent: infoVersion matches: false; DW changes: false; BD changes: false
[2020-02-17T01:21:53,858][TRACE][o.e.i.e.E.IW             ] [testIndexWriterInfoStream] [index][0] TEST-InternalEngineTests.testIndexWriterInfoStream-seed#[9EA1F2A3814E5F76] IW: flush at getReader
[2020-02-17T01:21:53,858][TRACE][o.e.i.e.E.DW             ] [testIndexWriterInfoStream] [index][0] TEST-InternalEngineTests.testIndexWriterInfoStream-seed#[9EA1F2A3814E5F76] DW: startFullFlush
[2020-02-17T01:21:53,858][TRACE][o.e.i.e.E.IW             ] [testIndexWriterInfoStream] [index][0] TEST-InternalEngineTests.testIndexWriterInfoStream-seed#[9EA1F2A3814E5F76] IW: now apply all deletes for all segments buffered updates bytesUsed=0 reader pool bytesUsed=0
[2020-02-17T01:21:53,858][TRACE][o.e.i.e.E.BD             ] [testIndexWriterInfoStream] [index][0] TEST-InternalEngineTests.testIndexWriterInfoStream-seed#[9EA1F2A3814E5F76] BD: waitApply: no deletes to apply
[2020-02-17T01:21:53,859][TRACE][o.e.i.e.E.IW             ] [testIndexWriterInfoStream] [index][0] TEST-InternalEngineTests.testIndexWriterInfoStream-seed#[9EA1F2A3814E5F76] IW: incRefDeleter for NRT reader version=13 segments=_0(8.3.0):c1:[diagnostics={os=Windows 7, java.vendor=Oracle Corporation, java.version=12.0.2, java.vm.version=12.0.2+10, lucene.version=8.3.0, os.arch=amd64, java.runtime.version=12.0.2+10, source=flush, os.version=6.1, timestamp=1581891713837}]:[attributes={Lucene50StoredFieldsFormat.mode=BEST_SPEED}]:fieldInfosGen=1:dvGen=1 :softDel=1 _1(8.3.0):c1:[diagnostics={os=Windows 7, java.vendor=Oracle Corporation, java.version=12.0.2, java.vm.version=12.0.2+10, lucene.version=8.3.0, os.arch=amd64, java.runtime.version=12.0.2+10, source=flush, os.version=6.1, timestamp=1581891713850}]:[attributes={Lucene50StoredFieldsFormat.mode=BEST_SPEED}]
[2020-02-17T01:21:53,859][TRACE][o.e.i.e.E.IW             ] [testIndexWriterInfoStream] [index][0] TEST-InternalEngineTests.testIndexWriterInfoStream-seed#[9EA1F2A3814E5F76] IW: return reader version=13 reader=StandardDirectoryReader(segments_4:13:nrt _0(8.3.0):c1/1:[diagnostics={os=Windows 7, java.vendor=Oracle Corporation, java.version=12.0.2, java.vm.version=12.0.2+10, lucene.version=8.3.0, os.arch=amd64, java.runtime.version=12.0.2+10, source=flush, os.version=6.1, timestamp=1581891713837}]:[attributes={Lucene50StoredFieldsFormat.mode=BEST_SPEED}]:fieldInfosGen=1:dvGen=1 :softDel=1 _1(8.3.0):c1:[diagnostics={os=Windows 7, java.vendor=Oracle Corporation, java.version=12.0.2, java.vm.version=12.0.2+10, lucene.version=8.3.0, os.arch=amd64, java.runtime.version=12.0.2+10, source=flush, os.version=6.1, timestamp=1581891713850}]:[attributes={Lucene50StoredFieldsFormat.mode=BEST_SPEED}])
[2020-02-17T01:21:53,859][TRACE][o.e.i.e.E.DW             ] [testIndexWriterInfoStream] [index][0] TEST-InternalEngineTests.testIndexWriterInfoStream-seed#[9EA1F2A3814E5F76] DW: TEST-InternalEngineTests.testIndexWriterInfoStream-seed#[9EA1F2A3814E5F76] finishFullFlush success=true
[2020-02-17T01:21:53,859][TRACE][o.e.i.e.E.IW             ] [testIndexWriterInfoStream] [index][0] TEST-InternalEngineTests.testIndexWriterInfoStream-seed#[9EA1F2A3814E5F76] IW: getReader took 1 msec
[2020-02-17T01:21:53,859][TRACE][o.e.i.e.E.IW             ] [testIndexWriterInfoStream] [index][0] TEST-InternalEngineTests.testIndexWriterInfoStream-seed#[9EA1F2A3814E5F76] IW: decRefDeleter for NRT reader version=9 segments=_0(8.3.0):c1:[diagnostics={os=Windows 7, java.vendor=Oracle Corporation, java.version=12.0.2, java.vm.version=12.0.2+10, lucene.version=8.3.0, os.arch=amd64, java.runtime.version=12.0.2+10, source=flush, os.version=6.1, timestamp=1581891713837}]:[attributes={Lucene50StoredFieldsFormat.mode=BEST_SPEED}]
[2020-02-17T01:21:53,932][INFO ][o.e.i.e.InternalEngineTests] [testIndexWriterInfoStream] after test
[2020-02-17T01:21:53,933][INFO ][o.e.i.e.InternalEngineTests] [testLuceneHistoryOnReplica] before test
[2020-02-17T01:21:54,116][INFO ][o.e.i.e.InternalEngineTests] [testLuceneHistoryOnReplica] after test
[2020-02-17T01:21:54,124][INFO ][o.e.i.e.InternalEngineTests] [testShouldPeriodicallyFlush] before test
[2020-02-17T01:21:54,162][INFO ][o.e.c.s.IndexScopedSettings] [testShouldPeriodicallyFlush] updating [index.translog.flush_threshold_size] from [512mb] to [2106b]
[2020-02-17T01:21:54,361][INFO ][o.e.i.e.InternalEngineTests] [testShouldPeriodicallyFlush] after test
[2020-02-17T01:21:54,364][INFO ][o.e.i.e.InternalEngineTests] [testBasicCreatedFlag] before test
[2020-02-17T01:21:54,482][INFO ][o.e.i.e.InternalEngineTests] [testBasicCreatedFlag] after test
[2020-02-17T01:21:54,488][INFO ][o.e.i.e.InternalEngineTests] [testShardNotAvailableExceptionWhenEngineClosedConcurrently] before test
[2020-02-17T01:21:54,533][INFO ][o.e.i.e.InternalEngineTests] [[Thread-555]] try with refresh
[2020-02-17T01:21:54,534][INFO ][o.e.i.e.InternalEngineTests] [testShardNotAvailableExceptionWhenEngineClosedConcurrently] exception caught: 
org.apache.lucene.store.AlreadyClosedException: this ReferenceManager is closed
	at org.apache.lucene.search.ReferenceManager.ensureOpen(ReferenceManager.java:54) ~[lucene-core-8.3.0.jar:8.3.0 2aa586909b911e66e1d8863aa89f173d69f86cd2 - ishan - 2019-10-25 23:10:03]
	at org.apache.lucene.search.ReferenceManager.maybeRefreshBlocking(ReferenceManager.java:248) ~[lucene-core-8.3.0.jar:8.3.0 2aa586909b911e66e1d8863aa89f173d69f86cd2 - ishan - 2019-10-25 23:10:03]
	at org.elasticsearch.index.engine.InternalEngine.refresh(InternalEngine.java:1603) ~[main/:?]
	at org.elasticsearch.index.engine.InternalEngine.refresh(InternalEngine.java:1580) ~[main/:?]
	at org.elasticsearch.index.engine.InternalEngineTests$5.run(InternalEngineTests.java:3215) ~[test/:?]
[2020-02-17T01:21:54,576][INFO ][o.e.i.e.InternalEngineTests] [testShardNotAvailableExceptionWhenEngineClosedConcurrently] after test
[2020-02-17T01:21:54,579][INFO ][o.e.i.e.InternalEngineTests] [testDeleteFailureSoftDeletesDisabled] before test
[2020-02-17T01:21:54,688][WARN ][o.e.i.e.Engine           ] [testDeleteFailureSoftDeletesDisabled] [index][0] failed engine [delete id[0] origin [PRIMARY] seq#[1] failed at the document level]
java.lang.IllegalArgumentException: fatal
	at org.elasticsearch.index.engine.InternalEngineTests.lambda$runTestDeleteFailure$99(InternalEngineTests.java:6121) ~[test/:?]
	at org.elasticsearch.index.engine.InternalEngineTests$ThrowingIndexWriter.maybeThrowFailure(InternalEngineTests.java:3307) ~[test/:?]
	at org.elasticsearch.index.engine.InternalEngineTests$ThrowingIndexWriter.deleteDocuments(InternalEngineTests.java:3327) ~[test/:?]
	at org.elasticsearch.index.engine.InternalEngine.deleteInLucene(InternalEngine.java:1416) [main/:?]
	at org.elasticsearch.index.engine.InternalEngine.delete(InternalEngine.java:1295) [main/:?]
	at org.elasticsearch.index.engine.InternalTestEngine.delete(InternalTestEngine.java:72) [framework-7.5.1-SNAPSHOT.jar:?]
	at org.elasticsearch.index.engine.InternalEngineTests.lambda$runTestDeleteFailure$100(InternalEngineTests.java:6122) [test/:?]
	at org.apache.lucene.util.LuceneTestCase._expectThrows(LuceneTestCase.java:2842) [lucene-test-framework-8.3.0.jar:8.3.0 2aa586909b911e66e1d8863aa89f173d69f86cd2 - ishan - 2019-10-25 23:10:05]
	at org.apache.lucene.util.LuceneTestCase.expectThrows(LuceneTestCase.java:2717) [lucene-test-framework-8.3.0.jar:8.3.0 2aa586909b911e66e1d8863aa89f173d69f86cd2 - ishan - 2019-10-25 23:10:05]
	at org.apache.lucene.util.LuceneTestCase.expectThrows(LuceneTestCase.java:2712) [lucene-test-framework-8.3.0.jar:8.3.0 2aa586909b911e66e1d8863aa89f173d69f86cd2 - ishan - 2019-10-25 23:10:05]
	at org.elasticsearch.index.engine.InternalEngineTests.runTestDeleteFailure(InternalEngineTests.java:6122) [test/:?]
	at org.elasticsearch.index.engine.InternalEngineTests.testDeleteFailureSoftDeletesDisabled(InternalEngineTests.java:6096) [test/:?]
	at jdk.internal.reflect.NativeMethodAccessorImpl.invoke0(Native Method) ~[?:?]
	at jdk.internal.reflect.NativeMethodAccessorImpl.invoke(NativeMethodAccessorImpl.java:62) ~[?:?]
	at jdk.internal.reflect.DelegatingMethodAccessorImpl.invoke(DelegatingMethodAccessorImpl.java:43) ~[?:?]
	at java.lang.reflect.Method.invoke(Method.java:567) ~[?:?]
	at com.carrotsearch.randomizedtesting.RandomizedRunner.invoke(RandomizedRunner.java:1750) [randomizedtesting-runner-2.7.1.jar:?]
	at com.carrotsearch.randomizedtesting.RandomizedRunner$8.evaluate(RandomizedRunner.java:938) [randomizedtesting-runner-2.7.1.jar:?]
	at com.carrotsearch.randomizedtesting.RandomizedRunner$9.evaluate(RandomizedRunner.java:974) [randomizedtesting-runner-2.7.1.jar:?]
	at com.carrotsearch.randomizedtesting.RandomizedRunner$10.evaluate(RandomizedRunner.java:988) [randomizedtesting-runner-2.7.1.jar:?]
	at com.carrotsearch.randomizedtesting.rules.StatementAdapter.evaluate(StatementAdapter.java:36) [randomizedtesting-runner-2.7.1.jar:?]
	at org.apache.lucene.util.TestRuleSetupTeardownChained$1.evaluate(TestRuleSetupTeardownChained.java:49) [lucene-test-framework-8.3.0.jar:8.3.0 2aa586909b911e66e1d8863aa89f173d69f86cd2 - ishan - 2019-10-25 23:10:05]
	at org.apache.lucene.util.AbstractBeforeAfterRule$1.evaluate(AbstractBeforeAfterRule.java:45) [lucene-test-framework-8.3.0.jar:8.3.0 2aa586909b911e66e1d8863aa89f173d69f86cd2 - ishan - 2019-10-25 23:10:05]
	at org.apache.lucene.util.TestRuleThreadAndTestName$1.evaluate(TestRuleThreadAndTestName.java:48) [lucene-test-framework-8.3.0.jar:8.3.0 2aa586909b911e66e1d8863aa89f173d69f86cd2 - ishan - 2019-10-25 23:10:05]
	at org.apache.lucene.util.TestRuleIgnoreAfterMaxFailures$1.evaluate(TestRuleIgnoreAfterMaxFailures.java:64) [lucene-test-framework-8.3.0.jar:8.3.0 2aa586909b911e66e1d8863aa89f173d69f86cd2 - ishan - 2019-10-25 23:10:05]
	at org.apache.lucene.util.TestRuleMarkFailure$1.evaluate(TestRuleMarkFailure.java:47) [lucene-test-framework-8.3.0.jar:8.3.0 2aa586909b911e66e1d8863aa89f173d69f86cd2 - ishan - 2019-10-25 23:10:05]
	at com.carrotsearch.randomizedtesting.rules.StatementAdapter.evaluate(StatementAdapter.java:36) [randomizedtesting-runner-2.7.1.jar:?]
	at com.carrotsearch.randomizedtesting.ThreadLeakControl$StatementRunner.run(ThreadLeakControl.java:368) [randomizedtesting-runner-2.7.1.jar:?]
	at com.carrotsearch.randomizedtesting.ThreadLeakControl.forkTimeoutingTask(ThreadLeakControl.java:817) [randomizedtesting-runner-2.7.1.jar:?]
	at com.carrotsearch.randomizedtesting.ThreadLeakControl$3.evaluate(ThreadLeakControl.java:468) [randomizedtesting-runner-2.7.1.jar:?]
	at com.carrotsearch.randomizedtesting.RandomizedRunner.runSingleTest(RandomizedRunner.java:947) [randomizedtesting-runner-2.7.1.jar:?]
	at com.carrotsearch.randomizedtesting.RandomizedRunner$5.evaluate(RandomizedRunner.java:832) [randomizedtesting-runner-2.7.1.jar:?]
	at com.carrotsearch.randomizedtesting.RandomizedRunner$6.evaluate(RandomizedRunner.java:883) [randomizedtesting-runner-2.7.1.jar:?]
	at com.carrotsearch.randomizedtesting.RandomizedRunner$7.evaluate(RandomizedRunner.java:894) [randomizedtesting-runner-2.7.1.jar:?]
	at org.apache.lucene.util.AbstractBeforeAfterRule$1.evaluate(AbstractBeforeAfterRule.java:45) [lucene-test-framework-8.3.0.jar:8.3.0 2aa586909b911e66e1d8863aa89f173d69f86cd2 - ishan - 2019-10-25 23:10:05]
	at com.carrotsearch.randomizedtesting.rules.StatementAdapter.evaluate(StatementAdapter.java:36) [randomizedtesting-runner-2.7.1.jar:?]
	at org.apache.lucene.util.TestRuleStoreClassName$1.evaluate(TestRuleStoreClassName.java:41) [lucene-test-framework-8.3.0.jar:8.3.0 2aa586909b911e66e1d8863aa89f173d69f86cd2 - ishan - 2019-10-25 23:10:05]
	at com.carrotsearch.randomizedtesting.rules.NoShadowingOrOverridesOnMethodsRule$1.evaluate(NoShadowingOrOverridesOnMethodsRule.java:40) [randomizedtesting-runner-2.7.1.jar:?]
	at com.carrotsearch.randomizedtesting.rules.NoShadowingOrOverridesOnMethodsRule$1.evaluate(NoShadowingOrOverridesOnMethodsRule.java:40) [randomizedtesting-runner-2.7.1.jar:?]
	at com.carrotsearch.randomizedtesting.rules.StatementAdapter.evaluate(StatementAdapter.java:36) [randomizedtesting-runner-2.7.1.jar:?]
	at com.carrotsearch.randomizedtesting.rules.StatementAdapter.evaluate(StatementAdapter.java:36) [randomizedtesting-runner-2.7.1.jar:?]
	at org.apache.lucene.util.TestRuleAssertionsRequired$1.evaluate(TestRuleAssertionsRequired.java:53) [lucene-test-framework-8.3.0.jar:8.3.0 2aa586909b911e66e1d8863aa89f173d69f86cd2 - ishan - 2019-10-25 23:10:05]
	at org.apache.lucene.util.TestRuleMarkFailure$1.evaluate(TestRuleMarkFailure.java:47) [lucene-test-framework-8.3.0.jar:8.3.0 2aa586909b911e66e1d8863aa89f173d69f86cd2 - ishan - 2019-10-25 23:10:05]
	at org.apache.lucene.util.TestRuleIgnoreAfterMaxFailures$1.evaluate(TestRuleIgnoreAfterMaxFailures.java:64) [lucene-test-framework-8.3.0.jar:8.3.0 2aa586909b911e66e1d8863aa89f173d69f86cd2 - ishan - 2019-10-25 23:10:05]
	at org.apache.lucene.util.TestRuleIgnoreTestSuites$1.evaluate(TestRuleIgnoreTestSuites.java:54) [lucene-test-framework-8.3.0.jar:8.3.0 2aa586909b911e66e1d8863aa89f173d69f86cd2 - ishan - 2019-10-25 23:10:05]
	at com.carrotsearch.randomizedtesting.rules.StatementAdapter.evaluate(StatementAdapter.java:36) [randomizedtesting-runner-2.7.1.jar:?]
	at com.carrotsearch.randomizedtesting.ThreadLeakControl$StatementRunner.run(ThreadLeakControl.java:368) [randomizedtesting-runner-2.7.1.jar:?]
	at java.lang.Thread.run(Thread.java:835) [?:?]
[2020-02-17T01:21:54,725][INFO ][o.e.i.e.InternalEngineTests] [testDeleteFailureSoftDeletesDisabled] after test
]]></system-out>
  <system-err><![CDATA[]]></system-err>
</testsuite>
