<?xml version="1.0" encoding="UTF-8"?>
<testsuite name="org.elasticsearch.cluster.coordination.NodeJoinTests" tests="9" skipped="0" failures="0" errors="0" timestamp="2020-02-16T22:21:31" hostname="Escoto-PC" time="0.455">
  <properties/>
  <testcase name="testJoinWithHigherTermButBetterStateStillElectsMasterThroughSelfJoin" classname="org.elasticsearch.cluster.coordination.NodeJoinTests" time="0.02"/>
  <testcase name="testJoinElectedLeader" classname="org.elasticsearch.cluster.coordination.NodeJoinTests" time="0.061"/>
  <testcase name="testJoinWithHigherTermButBetterStateGetsRejected" classname="org.elasticsearch.cluster.coordination.NodeJoinTests" time="0.033"/>
  <testcase name="testJoinWithHigherTermElectsLeader" classname="org.elasticsearch.cluster.coordination.NodeJoinTests" time="0.042"/>
  <testcase name="testBecomeFollowerFailsPendingJoin" classname="org.elasticsearch.cluster.coordination.NodeJoinTests" time="0.021"/>
  <testcase name="testJoinAccumulation" classname="org.elasticsearch.cluster.coordination.NodeJoinTests" time="0.055"/>
  <testcase name="testJoinFollowerFails" classname="org.elasticsearch.cluster.coordination.NodeJoinTests" time="0.044"/>
  <testcase name="testConcurrentJoining" classname="org.elasticsearch.cluster.coordination.NodeJoinTests" time="0.11"/>
  <testcase name="testJoinFollowerWithHigherTerm" classname="org.elasticsearch.cluster.coordination.NodeJoinTests" time="0.009"/>
  <system-out><![CDATA[[2020-02-17T01:21:31,889][INFO ][o.e.c.c.NodeJoinTests    ] [testJoinWithHigherTermButBetterStateStillElectsMasterThroughSelfJoin] before test
[2020-02-17T01:21:31,900][INFO ][o.e.c.c.ClusterBootstrapService] [testJoinWithHigherTermButBetterStateStillElectsMasterThroughSelfJoin] no discovery configuration found, will perform best-effort cluster bootstrapping after [3s] unless existing master is discovered
[2020-02-17T01:21:31,903][INFO ][o.e.c.s.MasterService    ] [testJoinWithHigherTermButBetterStateStillElectsMasterThroughSelfJoin] elected-as-master ([1] nodes joined)[{master_1}{1}{4EU7IydkQX2RAn4dOOfmnA}{0.0.0.0}{0.0.0.0:2}{m} elect leader, _BECOME_MASTER_TASK_, _FINISH_ELECTION_], term: 9, version: 8, delta: master node changed {previous [], current [{master_0}{0}{xCXX9Z0XTIOqBuWD4wVuCA}{0.0.0.0}{0.0.0.0:1}{m}]}, added {{master_1}{1}{4EU7IydkQX2RAn4dOOfmnA}{0.0.0.0}{0.0.0.0:2}{m}}
[2020-02-17T01:21:31,904][INFO ][o.e.c.c.NodeJoinTests    ] [testJoinWithHigherTermButBetterStateStillElectsMasterThroughSelfJoin] after test
[2020-02-17T01:21:31,959][INFO ][o.e.c.c.NodeJoinTests    ] [testJoinElectedLeader] before test
[2020-02-17T01:21:31,963][INFO ][o.e.c.c.ClusterBootstrapService] [testJoinElectedLeader] no discovery configuration found, will perform best-effort cluster bootstrapping after [3s] unless existing master is discovered
[2020-02-17T01:21:31,964][INFO ][o.e.c.s.MasterService    ] [testJoinElectedLeader] elected-as-master ([1] nodes joined)[{master_0}{0}{fp83gfCOQ7mU2pX0_78S4g}{0.0.0.0}{0.0.0.0:3}{m} elect leader, _BECOME_MASTER_TASK_, _FINISH_ELECTION_], term: 14, version: 11, delta: master node changed {previous [], current [{master_0}{0}{fp83gfCOQ7mU2pX0_78S4g}{0.0.0.0}{0.0.0.0:3}{m}]}
[2020-02-17T01:21:31,964][INFO ][o.e.c.s.MasterService    ] [testJoinElectedLeader] node-join[{master_1}{1}{7FXP5ICBROC3W7EuHm_QYA}{0.0.0.0}{0.0.0.0:4}{m} join existing leader], term: 14, version: 12, delta: added {{master_1}{1}{7FXP5ICBROC3W7EuHm_QYA}{0.0.0.0}{0.0.0.0:4}{m}}
[2020-02-17T01:21:31,965][INFO ][o.e.c.c.NodeJoinTests    ] [testJoinElectedLeader] after test
[2020-02-17T01:21:31,988][INFO ][o.e.c.c.NodeJoinTests    ] [testJoinWithHigherTermButBetterStateGetsRejected] before test
[2020-02-17T01:21:31,994][INFO ][o.e.c.c.ClusterBootstrapService] [testJoinWithHigherTermButBetterStateGetsRejected] no discovery configuration found, will perform best-effort cluster bootstrapping after [3s] unless existing master is discovered
[2020-02-17T01:21:31,996][ERROR][o.e.c.c.NodeJoinTests    ] [testJoinWithHigherTermButBetterStateGetsRejected] unexpected error for future [join of JoinRequest{sourceNode={master_1}{1}{uOjfP_WmRMqMylp92dEBfQ}{0.0.0.0}{0.0.0.0:6}{m}, optionalJoin=Optional[Join{term=13, lastAcceptedTerm=8, lastAcceptedVersion=5, sourceNode={master_1}{1}{uOjfP_WmRMqMylp92dEBfQ}{0.0.0.0}{0.0.0.0:6}{m}, targetNode={master_0}{0}{snaFKPzJQqmkn7awZPLtxQ}{0.0.0.0}{0.0.0.0:5}{m}}]}]]
org.elasticsearch.cluster.coordination.CoordinationStateRejectedException: incoming last accepted version 5 of join higher than current last accepted version 3 in term 8
	at org.elasticsearch.cluster.coordination.CoordinationState.handleJoin(CoordinationState.java:244) ~[main/:?]
	at org.elasticsearch.cluster.coordination.Coordinator.handleJoin(Coordinator.java:979) ~[main/:?]
	at java.util.Optional.ifPresent(Optional.java:183) ~[?:?]
	at org.elasticsearch.cluster.coordination.Coordinator.processJoinRequest(Coordinator.java:524) ~[main/:?]
	at org.elasticsearch.cluster.coordination.Coordinator.lambda$handleJoinRequest$7(Coordinator.java:490) ~[main/:?]
	at org.elasticsearch.action.ActionListener$1.onResponse(ActionListener.java:63) [main/:?]
	at org.elasticsearch.common.util.concurrent.ListenableFuture$1.doRun(ListenableFuture.java:112) [main/:?]
	at org.elasticsearch.common.util.concurrent.AbstractRunnable.run(AbstractRunnable.java:37) [main/:?]
	at org.elasticsearch.common.util.concurrent.EsExecutors$DirectExecutorService.execute(EsExecutors.java:225) [main/:?]
	at org.elasticsearch.common.util.concurrent.ListenableFuture.notifyListener(ListenableFuture.java:106) [main/:?]
	at org.elasticsearch.common.util.concurrent.ListenableFuture.lambda$done$0(ListenableFuture.java:98) [main/:?]
	at java.util.ArrayList.forEach(ArrayList.java:1540) [?:?]
	at org.elasticsearch.common.util.concurrent.ListenableFuture.done(ListenableFuture.java:98) [main/:?]
	at org.elasticsearch.common.util.concurrent.BaseFuture.set(BaseFuture.java:144) [main/:?]
	at org.elasticsearch.common.util.concurrent.ListenableFuture.onResponse(ListenableFuture.java:127) [main/:?]
	at org.elasticsearch.transport.ConnectionManager.lambda$connectToNode$1(ConnectionManager.java:165) [main/:?]
	at org.elasticsearch.action.ActionListener$1.onResponse(ActionListener.java:63) [main/:?]
	at org.elasticsearch.action.ActionListener.lambda$map$2(ActionListener.java:146) [main/:?]
	at org.elasticsearch.action.ActionListener$1.onResponse(ActionListener.java:63) [main/:?]
	at org.elasticsearch.transport.TransportService$5.onResponse(TransportService.java:466) [main/:?]
	at org.elasticsearch.transport.TransportService$5.onResponse(TransportService.java:456) [main/:?]
	at org.elasticsearch.action.ActionListenerResponseHandler.handleResponse(ActionListenerResponseHandler.java:54) [main/:?]
	at org.elasticsearch.transport.TransportService$ContextRestoreResponseHandler.handleResponse(TransportService.java:1110) [main/:?]
	at org.elasticsearch.test.transport.MockTransport.handleResponse(MockTransport.java:106) [framework-7.5.1-SNAPSHOT.jar:7.5.1-SNAPSHOT]
	at org.elasticsearch.cluster.coordination.NodeJoinTests$1.onSendRequest(NodeJoinTests.java:157) [test/:?]
	at org.elasticsearch.test.transport.MockTransport$1.sendRequest(MockTransport.java:181) [framework-7.5.1-SNAPSHOT.jar:7.5.1-SNAPSHOT]
	at org.elasticsearch.transport.TransportService.sendRequestInternal(TransportService.java:692) [main/:?]
	at org.elasticsearch.transport.TransportService.sendRequest(TransportService.java:602) [main/:?]
	at org.elasticsearch.transport.TransportService.handshake(TransportService.java:453) [main/:?]
	at org.elasticsearch.transport.TransportService.lambda$connectionValidator$6(TransportService.java:376) [main/:?]
	at org.elasticsearch.transport.ConnectionManager.lambda$connectToNode$3(ConnectionManager.java:141) [main/:?]
	at org.elasticsearch.action.ActionListener$1.onResponse(ActionListener.java:63) [main/:?]
	at org.elasticsearch.action.ActionListener.lambda$map$2(ActionListener.java:146) [main/:?]
	at org.elasticsearch.action.ActionListener$1.onResponse(ActionListener.java:63) [main/:?]
	at org.elasticsearch.test.transport.MockTransport.openConnection(MockTransport.java:167) [framework-7.5.1-SNAPSHOT.jar:7.5.1-SNAPSHOT]
	at org.elasticsearch.transport.ConnectionManager.internalOpenConnection(ConnectionManager.java:245) [main/:?]
	at org.elasticsearch.transport.ConnectionManager.connectToNode(ConnectionManager.java:140) [main/:?]
	at org.elasticsearch.test.transport.StubbableConnectionManager.connectToNode(StubbableConnectionManager.java:103) [framework-7.5.1-SNAPSHOT.jar:7.5.1-SNAPSHOT]
	at org.elasticsearch.transport.TransportService.connectToNode(TransportService.java:370) [main/:?]
	at org.elasticsearch.transport.TransportService.connectToNode(TransportService.java:354) [main/:?]
	at org.elasticsearch.cluster.coordination.Coordinator.handleJoinRequest(Coordinator.java:477) [main/:?]
	at org.elasticsearch.cluster.coordination.JoinHelper.lambda$new$0(JoinHelper.java:125) [main/:?]
	at org.elasticsearch.transport.RequestHandlerRegistry.processMessageReceived(RequestHandlerRegistry.java:63) [main/:?]
	at org.elasticsearch.cluster.coordination.NodeJoinTests.joinNodeAsync(NodeJoinTests.java:230) [test/:?]
	at org.elasticsearch.cluster.coordination.NodeJoinTests.joinNodeAndRun(NodeJoinTests.java:265) [test/:?]
	at org.elasticsearch.cluster.coordination.NodeJoinTests.lambda$testJoinWithHigherTermButBetterStateGetsRejected$7(NodeJoinTests.java:301) [test/:?]
	at org.apache.lucene.util.LuceneTestCase._expectThrows(LuceneTestCase.java:2842) [lucene-test-framework-8.3.0.jar:8.3.0 2aa586909b911e66e1d8863aa89f173d69f86cd2 - ishan - 2019-10-25 23:10:05]
	at org.apache.lucene.util.LuceneTestCase.expectThrows(LuceneTestCase.java:2717) [lucene-test-framework-8.3.0.jar:8.3.0 2aa586909b911e66e1d8863aa89f173d69f86cd2 - ishan - 2019-10-25 23:10:05]
	at org.apache.lucene.util.LuceneTestCase.expectThrows(LuceneTestCase.java:2712) [lucene-test-framework-8.3.0.jar:8.3.0 2aa586909b911e66e1d8863aa89f173d69f86cd2 - ishan - 2019-10-25 23:10:05]
	at org.elasticsearch.cluster.coordination.NodeJoinTests.testJoinWithHigherTermButBetterStateGetsRejected(NodeJoinTests.java:300) [test/:?]
	at jdk.internal.reflect.NativeMethodAccessorImpl.invoke0(Native Method) ~[?:?]
	at jdk.internal.reflect.NativeMethodAccessorImpl.invoke(NativeMethodAccessorImpl.java:62) ~[?:?]
	at jdk.internal.reflect.DelegatingMethodAccessorImpl.invoke(DelegatingMethodAccessorImpl.java:43) ~[?:?]
	at java.lang.reflect.Method.invoke(Method.java:567) ~[?:?]
	at com.carrotsearch.randomizedtesting.RandomizedRunner.invoke(RandomizedRunner.java:1750) [randomizedtesting-runner-2.7.1.jar:?]
	at com.carrotsearch.randomizedtesting.RandomizedRunner$8.evaluate(RandomizedRunner.java:938) [randomizedtesting-runner-2.7.1.jar:?]
	at com.carrotsearch.randomizedtesting.RandomizedRunner$9.evaluate(RandomizedRunner.java:974) [randomizedtesting-runner-2.7.1.jar:?]
	at com.carrotsearch.randomizedtesting.RandomizedRunner$10.evaluate(RandomizedRunner.java:988) [randomizedtesting-runner-2.7.1.jar:?]
	at com.carrotsearch.randomizedtesting.rules.StatementAdapter.evaluate(StatementAdapter.java:36) [randomizedtesting-runner-2.7.1.jar:?]
	at org.apache.lucene.util.TestRuleSetupTeardownChained$1.evaluate(TestRuleSetupTeardownChained.java:49) [lucene-test-framework-8.3.0.jar:8.3.0 2aa586909b911e66e1d8863aa89f173d69f86cd2 - ishan - 2019-10-25 23:10:05]
	at org.apache.lucene.util.AbstractBeforeAfterRule$1.evaluate(AbstractBeforeAfterRule.java:45) [lucene-test-framework-8.3.0.jar:8.3.0 2aa586909b911e66e1d8863aa89f173d69f86cd2 - ishan - 2019-10-25 23:10:05]
	at org.apache.lucene.util.TestRuleThreadAndTestName$1.evaluate(TestRuleThreadAndTestName.java:48) [lucene-test-framework-8.3.0.jar:8.3.0 2aa586909b911e66e1d8863aa89f173d69f86cd2 - ishan - 2019-10-25 23:10:05]
	at org.apache.lucene.util.TestRuleIgnoreAfterMaxFailures$1.evaluate(TestRuleIgnoreAfterMaxFailures.java:64) [lucene-test-framework-8.3.0.jar:8.3.0 2aa586909b911e66e1d8863aa89f173d69f86cd2 - ishan - 2019-10-25 23:10:05]
	at org.apache.lucene.util.TestRuleMarkFailure$1.evaluate(TestRuleMarkFailure.java:47) [lucene-test-framework-8.3.0.jar:8.3.0 2aa586909b911e66e1d8863aa89f173d69f86cd2 - ishan - 2019-10-25 23:10:05]
	at com.carrotsearch.randomizedtesting.rules.StatementAdapter.evaluate(StatementAdapter.java:36) [randomizedtesting-runner-2.7.1.jar:?]
	at com.carrotsearch.randomizedtesting.ThreadLeakControl$StatementRunner.run(ThreadLeakControl.java:368) [randomizedtesting-runner-2.7.1.jar:?]
	at com.carrotsearch.randomizedtesting.ThreadLeakControl.forkTimeoutingTask(ThreadLeakControl.java:817) [randomizedtesting-runner-2.7.1.jar:?]
	at com.carrotsearch.randomizedtesting.ThreadLeakControl$3.evaluate(ThreadLeakControl.java:468) [randomizedtesting-runner-2.7.1.jar:?]
	at com.carrotsearch.randomizedtesting.RandomizedRunner.runSingleTest(RandomizedRunner.java:947) [randomizedtesting-runner-2.7.1.jar:?]
	at com.carrotsearch.randomizedtesting.RandomizedRunner$5.evaluate(RandomizedRunner.java:832) [randomizedtesting-runner-2.7.1.jar:?]
	at com.carrotsearch.randomizedtesting.RandomizedRunner$6.evaluate(RandomizedRunner.java:883) [randomizedtesting-runner-2.7.1.jar:?]
	at com.carrotsearch.randomizedtesting.RandomizedRunner$7.evaluate(RandomizedRunner.java:894) [randomizedtesting-runner-2.7.1.jar:?]
	at org.apache.lucene.util.AbstractBeforeAfterRule$1.evaluate(AbstractBeforeAfterRule.java:45) [lucene-test-framework-8.3.0.jar:8.3.0 2aa586909b911e66e1d8863aa89f173d69f86cd2 - ishan - 2019-10-25 23:10:05]
	at com.carrotsearch.randomizedtesting.rules.StatementAdapter.evaluate(StatementAdapter.java:36) [randomizedtesting-runner-2.7.1.jar:?]
	at org.apache.lucene.util.TestRuleStoreClassName$1.evaluate(TestRuleStoreClassName.java:41) [lucene-test-framework-8.3.0.jar:8.3.0 2aa586909b911e66e1d8863aa89f173d69f86cd2 - ishan - 2019-10-25 23:10:05]
	at com.carrotsearch.randomizedtesting.rules.NoShadowingOrOverridesOnMethodsRule$1.evaluate(NoShadowingOrOverridesOnMethodsRule.java:40) [randomizedtesting-runner-2.7.1.jar:?]
	at com.carrotsearch.randomizedtesting.rules.NoShadowingOrOverridesOnMethodsRule$1.evaluate(NoShadowingOrOverridesOnMethodsRule.java:40) [randomizedtesting-runner-2.7.1.jar:?]
	at com.carrotsearch.randomizedtesting.rules.StatementAdapter.evaluate(StatementAdapter.java:36) [randomizedtesting-runner-2.7.1.jar:?]
	at com.carrotsearch.randomizedtesting.rules.StatementAdapter.evaluate(StatementAdapter.java:36) [randomizedtesting-runner-2.7.1.jar:?]
	at org.apache.lucene.util.TestRuleAssertionsRequired$1.evaluate(TestRuleAssertionsRequired.java:53) [lucene-test-framework-8.3.0.jar:8.3.0 2aa586909b911e66e1d8863aa89f173d69f86cd2 - ishan - 2019-10-25 23:10:05]
	at org.apache.lucene.util.TestRuleMarkFailure$1.evaluate(TestRuleMarkFailure.java:47) [lucene-test-framework-8.3.0.jar:8.3.0 2aa586909b911e66e1d8863aa89f173d69f86cd2 - ishan - 2019-10-25 23:10:05]
	at org.apache.lucene.util.TestRuleIgnoreAfterMaxFailures$1.evaluate(TestRuleIgnoreAfterMaxFailures.java:64) [lucene-test-framework-8.3.0.jar:8.3.0 2aa586909b911e66e1d8863aa89f173d69f86cd2 - ishan - 2019-10-25 23:10:05]
	at org.apache.lucene.util.TestRuleIgnoreTestSuites$1.evaluate(TestRuleIgnoreTestSuites.java:54) [lucene-test-framework-8.3.0.jar:8.3.0 2aa586909b911e66e1d8863aa89f173d69f86cd2 - ishan - 2019-10-25 23:10:05]
	at com.carrotsearch.randomizedtesting.rules.StatementAdapter.evaluate(StatementAdapter.java:36) [randomizedtesting-runner-2.7.1.jar:?]
	at com.carrotsearch.randomizedtesting.ThreadLeakControl$StatementRunner.run(ThreadLeakControl.java:368) [randomizedtesting-runner-2.7.1.jar:?]
	at java.lang.Thread.run(Thread.java:835) [?:?]
[2020-02-17T01:21:31,998][INFO ][o.e.c.c.NodeJoinTests    ] [testJoinWithHigherTermButBetterStateGetsRejected] after test
[2020-02-17T01:21:32,034][INFO ][o.e.c.c.NodeJoinTests    ] [testJoinWithHigherTermElectsLeader] before test
[2020-02-17T01:21:32,039][INFO ][o.e.c.c.ClusterBootstrapService] [testJoinWithHigherTermElectsLeader] no discovery configuration found, will perform best-effort cluster bootstrapping after [3s] unless existing master is discovered
[2020-02-17T01:21:32,040][INFO ][o.e.c.s.MasterService    ] [testJoinWithHigherTermElectsLeader] elected-as-master ([1] nodes joined)[{master_1}{1}{f79lLM28TNylX0Af_SmyZQ}{0.0.0.0}{0.0.0.0:8}{m} elect leader, _BECOME_MASTER_TASK_, _FINISH_ELECTION_], term: 11, version: 6, delta: master node changed {previous [], current [{master_0}{0}{kKpiIksFTNqzgPaAczpzdw}{0.0.0.0}{0.0.0.0:7}{m}]}, added {{master_1}{1}{f79lLM28TNylX0Af_SmyZQ}{0.0.0.0}{0.0.0.0:8}{m}}
[2020-02-17T01:21:32,040][INFO ][o.e.c.c.NodeJoinTests    ] [testJoinWithHigherTermElectsLeader] after test
[2020-02-17T01:21:32,054][INFO ][o.e.c.c.NodeJoinTests    ] [testBecomeFollowerFailsPendingJoin] before test
[2020-02-17T01:21:32,058][INFO ][o.e.c.c.ClusterBootstrapService] [testBecomeFollowerFailsPendingJoin] no discovery configuration found, will perform best-effort cluster bootstrapping after [3s] unless existing master is discovered
[2020-02-17T01:21:32,059][ERROR][o.e.c.c.NodeJoinTests    ] [testBecomeFollowerFailsPendingJoin] unexpected error for future [join of JoinRequest{sourceNode={master_0}{0}{wCtmFh2PQnWXgNH4lCRPow}{0.0.0.0}{0.0.0.0:9}{m}, optionalJoin=Optional[Join{term=11, lastAcceptedTerm=4, lastAcceptedVersion=7, sourceNode={master_0}{0}{wCtmFh2PQnWXgNH4lCRPow}{0.0.0.0}{0.0.0.0:9}{m}, targetNode={master_0}{0}{wCtmFh2PQnWXgNH4lCRPow}{0.0.0.0}{0.0.0.0:9}{m}}]}]]
org.elasticsearch.cluster.coordination.CoordinationStateRejectedException: became follower
	at org.elasticsearch.cluster.coordination.JoinHelper$CandidateJoinAccumulator.lambda$close$3(JoinHelper.java:467) [main/:?]
	at java.util.HashMap$Values.forEach(HashMap.java:976) [?:?]
	at org.elasticsearch.cluster.coordination.JoinHelper$CandidateJoinAccumulator.close(JoinHelper.java:467) [main/:?]
	at org.elasticsearch.cluster.coordination.Coordinator.becomeFollower(Coordinator.java:613) [main/:?]
	at org.elasticsearch.cluster.coordination.Coordinator.onFollowerCheckRequest(Coordinator.java:251) [main/:?]
	at org.elasticsearch.cluster.coordination.FollowersChecker$2.doRun(FollowersChecker.java:188) [main/:?]
	at org.elasticsearch.common.util.concurrent.AbstractRunnable.run(AbstractRunnable.java:37) [main/:?]
	at org.elasticsearch.cluster.coordination.DeterministicTaskQueue.runTask(DeterministicTaskQueue.java:130) [framework-7.5.1-SNAPSHOT.jar:?]
	at org.elasticsearch.cluster.coordination.DeterministicTaskQueue.runRandomTask(DeterministicTaskQueue.java:124) [framework-7.5.1-SNAPSHOT.jar:?]
	at org.elasticsearch.cluster.coordination.DeterministicTaskQueue.runAllRunnableTasks(DeterministicTaskQueue.java:74) [framework-7.5.1-SNAPSHOT.jar:?]
	at org.elasticsearch.cluster.coordination.NodeJoinTests.handleFollowerCheckFrom(NodeJoinTests.java:434) [test/:?]
	at org.elasticsearch.cluster.coordination.NodeJoinTests.testBecomeFollowerFailsPendingJoin(NodeJoinTests.java:467) [test/:?]
	at jdk.internal.reflect.NativeMethodAccessorImpl.invoke0(Native Method) ~[?:?]
	at jdk.internal.reflect.NativeMethodAccessorImpl.invoke(NativeMethodAccessorImpl.java:62) ~[?:?]
	at jdk.internal.reflect.DelegatingMethodAccessorImpl.invoke(DelegatingMethodAccessorImpl.java:43) ~[?:?]
	at java.lang.reflect.Method.invoke(Method.java:567) ~[?:?]
	at com.carrotsearch.randomizedtesting.RandomizedRunner.invoke(RandomizedRunner.java:1750) [randomizedtesting-runner-2.7.1.jar:?]
	at com.carrotsearch.randomizedtesting.RandomizedRunner$8.evaluate(RandomizedRunner.java:938) [randomizedtesting-runner-2.7.1.jar:?]
	at com.carrotsearch.randomizedtesting.RandomizedRunner$9.evaluate(RandomizedRunner.java:974) [randomizedtesting-runner-2.7.1.jar:?]
	at com.carrotsearch.randomizedtesting.RandomizedRunner$10.evaluate(RandomizedRunner.java:988) [randomizedtesting-runner-2.7.1.jar:?]
	at com.carrotsearch.randomizedtesting.rules.StatementAdapter.evaluate(StatementAdapter.java:36) [randomizedtesting-runner-2.7.1.jar:?]
	at org.apache.lucene.util.TestRuleSetupTeardownChained$1.evaluate(TestRuleSetupTeardownChained.java:49) [lucene-test-framework-8.3.0.jar:8.3.0 2aa586909b911e66e1d8863aa89f173d69f86cd2 - ishan - 2019-10-25 23:10:05]
	at org.apache.lucene.util.AbstractBeforeAfterRule$1.evaluate(AbstractBeforeAfterRule.java:45) [lucene-test-framework-8.3.0.jar:8.3.0 2aa586909b911e66e1d8863aa89f173d69f86cd2 - ishan - 2019-10-25 23:10:05]
	at org.apache.lucene.util.TestRuleThreadAndTestName$1.evaluate(TestRuleThreadAndTestName.java:48) [lucene-test-framework-8.3.0.jar:8.3.0 2aa586909b911e66e1d8863aa89f173d69f86cd2 - ishan - 2019-10-25 23:10:05]
	at org.apache.lucene.util.TestRuleIgnoreAfterMaxFailures$1.evaluate(TestRuleIgnoreAfterMaxFailures.java:64) [lucene-test-framework-8.3.0.jar:8.3.0 2aa586909b911e66e1d8863aa89f173d69f86cd2 - ishan - 2019-10-25 23:10:05]
	at org.apache.lucene.util.TestRuleMarkFailure$1.evaluate(TestRuleMarkFailure.java:47) [lucene-test-framework-8.3.0.jar:8.3.0 2aa586909b911e66e1d8863aa89f173d69f86cd2 - ishan - 2019-10-25 23:10:05]
	at com.carrotsearch.randomizedtesting.rules.StatementAdapter.evaluate(StatementAdapter.java:36) [randomizedtesting-runner-2.7.1.jar:?]
	at com.carrotsearch.randomizedtesting.ThreadLeakControl$StatementRunner.run(ThreadLeakControl.java:368) [randomizedtesting-runner-2.7.1.jar:?]
	at com.carrotsearch.randomizedtesting.ThreadLeakControl.forkTimeoutingTask(ThreadLeakControl.java:817) [randomizedtesting-runner-2.7.1.jar:?]
	at com.carrotsearch.randomizedtesting.ThreadLeakControl$3.evaluate(ThreadLeakControl.java:468) [randomizedtesting-runner-2.7.1.jar:?]
	at com.carrotsearch.randomizedtesting.RandomizedRunner.runSingleTest(RandomizedRunner.java:947) [randomizedtesting-runner-2.7.1.jar:?]
	at com.carrotsearch.randomizedtesting.RandomizedRunner$5.evaluate(RandomizedRunner.java:832) [randomizedtesting-runner-2.7.1.jar:?]
	at com.carrotsearch.randomizedtesting.RandomizedRunner$6.evaluate(RandomizedRunner.java:883) [randomizedtesting-runner-2.7.1.jar:?]
	at com.carrotsearch.randomizedtesting.RandomizedRunner$7.evaluate(RandomizedRunner.java:894) [randomizedtesting-runner-2.7.1.jar:?]
	at org.apache.lucene.util.AbstractBeforeAfterRule$1.evaluate(AbstractBeforeAfterRule.java:45) [lucene-test-framework-8.3.0.jar:8.3.0 2aa586909b911e66e1d8863aa89f173d69f86cd2 - ishan - 2019-10-25 23:10:05]
	at com.carrotsearch.randomizedtesting.rules.StatementAdapter.evaluate(StatementAdapter.java:36) [randomizedtesting-runner-2.7.1.jar:?]
	at org.apache.lucene.util.TestRuleStoreClassName$1.evaluate(TestRuleStoreClassName.java:41) [lucene-test-framework-8.3.0.jar:8.3.0 2aa586909b911e66e1d8863aa89f173d69f86cd2 - ishan - 2019-10-25 23:10:05]
	at com.carrotsearch.randomizedtesting.rules.NoShadowingOrOverridesOnMethodsRule$1.evaluate(NoShadowingOrOverridesOnMethodsRule.java:40) [randomizedtesting-runner-2.7.1.jar:?]
	at com.carrotsearch.randomizedtesting.rules.NoShadowingOrOverridesOnMethodsRule$1.evaluate(NoShadowingOrOverridesOnMethodsRule.java:40) [randomizedtesting-runner-2.7.1.jar:?]
	at com.carrotsearch.randomizedtesting.rules.StatementAdapter.evaluate(StatementAdapter.java:36) [randomizedtesting-runner-2.7.1.jar:?]
	at com.carrotsearch.randomizedtesting.rules.StatementAdapter.evaluate(StatementAdapter.java:36) [randomizedtesting-runner-2.7.1.jar:?]
	at org.apache.lucene.util.TestRuleAssertionsRequired$1.evaluate(TestRuleAssertionsRequired.java:53) [lucene-test-framework-8.3.0.jar:8.3.0 2aa586909b911e66e1d8863aa89f173d69f86cd2 - ishan - 2019-10-25 23:10:05]
	at org.apache.lucene.util.TestRuleMarkFailure$1.evaluate(TestRuleMarkFailure.java:47) [lucene-test-framework-8.3.0.jar:8.3.0 2aa586909b911e66e1d8863aa89f173d69f86cd2 - ishan - 2019-10-25 23:10:05]
	at org.apache.lucene.util.TestRuleIgnoreAfterMaxFailures$1.evaluate(TestRuleIgnoreAfterMaxFailures.java:64) [lucene-test-framework-8.3.0.jar:8.3.0 2aa586909b911e66e1d8863aa89f173d69f86cd2 - ishan - 2019-10-25 23:10:05]
	at org.apache.lucene.util.TestRuleIgnoreTestSuites$1.evaluate(TestRuleIgnoreTestSuites.java:54) [lucene-test-framework-8.3.0.jar:8.3.0 2aa586909b911e66e1d8863aa89f173d69f86cd2 - ishan - 2019-10-25 23:10:05]
	at com.carrotsearch.randomizedtesting.rules.StatementAdapter.evaluate(StatementAdapter.java:36) [randomizedtesting-runner-2.7.1.jar:?]
	at com.carrotsearch.randomizedtesting.ThreadLeakControl$StatementRunner.run(ThreadLeakControl.java:368) [randomizedtesting-runner-2.7.1.jar:?]
	at java.lang.Thread.run(Thread.java:835) [?:?]
[2020-02-17T01:21:32,060][INFO ][o.e.c.c.NodeJoinTests    ] [testBecomeFollowerFailsPendingJoin] after test
[2020-02-17T01:21:32,066][INFO ][o.e.c.c.NodeJoinTests    ] [testJoinAccumulation] before test
[2020-02-17T01:21:32,071][INFO ][o.e.c.c.ClusterBootstrapService] [testJoinAccumulation] no discovery configuration found, will perform best-effort cluster bootstrapping after [3s] unless existing master is discovered
[2020-02-17T01:21:32,101][INFO ][o.e.c.s.MasterService    ] [testJoinAccumulation] elected-as-master ([3] nodes joined)[{master_2}{2}{Vw1-L6A4S6SX6kestpxP3Q}{0.0.0.0}{0.0.0.0:13}{m} elect leader, {master_0}{0}{WQ9kBPkITFSFJg1uTnoYtw}{0.0.0.0}{0.0.0.0:11}{m} elect leader, {master_1}{1}{ztUa38JdS-eXY2TOZbul0w}{0.0.0.0}{0.0.0.0:12}{m} elect leader, _BECOME_MASTER_TASK_, _FINISH_ELECTION_], term: 6, version: 11, delta: master node changed {previous [], current [{master_0}{0}{WQ9kBPkITFSFJg1uTnoYtw}{0.0.0.0}{0.0.0.0:11}{m}]}, added {{master_2}{2}{Vw1-L6A4S6SX6kestpxP3Q}{0.0.0.0}{0.0.0.0:13}{m},{master_1}{1}{ztUa38JdS-eXY2TOZbul0w}{0.0.0.0}{0.0.0.0:12}{m}}
[2020-02-17T01:21:32,101][INFO ][o.e.c.c.NodeJoinTests    ] [testJoinAccumulation] after test
[2020-02-17T01:21:32,148][INFO ][o.e.c.c.NodeJoinTests    ] [testJoinFollowerFails] before test
[2020-02-17T01:21:32,158][INFO ][o.e.c.c.ClusterBootstrapService] [testJoinFollowerFails] no discovery configuration found, will perform best-effort cluster bootstrapping after [3s] unless existing master is discovered
[2020-02-17T01:21:32,159][ERROR][o.e.c.c.NodeJoinTests    ] [testJoinFollowerFails] unexpected error for future [join of JoinRequest{sourceNode={master_1}{1}{ZKynVX4-RfCaFWGRdeoEEg}{0.0.0.0}{0.0.0.0:15}{m}, optionalJoin=Optional.empty}]]
org.elasticsearch.cluster.coordination.CoordinationStateRejectedException: join target is a follower
	at org.elasticsearch.cluster.coordination.JoinHelper$FollowerJoinAccumulator.handleJoinRequest(JoinHelper.java:423) [main/:?]
	at org.elasticsearch.cluster.coordination.Coordinator.processJoinRequest(Coordinator.java:525) [main/:?]
	at org.elasticsearch.cluster.coordination.Coordinator.lambda$handleJoinRequest$7(Coordinator.java:490) [main/:?]
	at org.elasticsearch.action.ActionListener$1.onResponse(ActionListener.java:63) [main/:?]
	at org.elasticsearch.common.util.concurrent.ListenableFuture$1.doRun(ListenableFuture.java:112) [main/:?]
	at org.elasticsearch.common.util.concurrent.AbstractRunnable.run(AbstractRunnable.java:37) [main/:?]
	at org.elasticsearch.common.util.concurrent.EsExecutors$DirectExecutorService.execute(EsExecutors.java:225) [main/:?]
	at org.elasticsearch.common.util.concurrent.ListenableFuture.notifyListener(ListenableFuture.java:106) [main/:?]
	at org.elasticsearch.common.util.concurrent.ListenableFuture.lambda$done$0(ListenableFuture.java:98) [main/:?]
	at java.util.ArrayList.forEach(ArrayList.java:1540) [?:?]
	at org.elasticsearch.common.util.concurrent.ListenableFuture.done(ListenableFuture.java:98) [main/:?]
	at org.elasticsearch.common.util.concurrent.BaseFuture.set(BaseFuture.java:144) [main/:?]
	at org.elasticsearch.common.util.concurrent.ListenableFuture.onResponse(ListenableFuture.java:127) [main/:?]
	at org.elasticsearch.transport.ConnectionManager.lambda$connectToNode$1(ConnectionManager.java:165) [main/:?]
	at org.elasticsearch.action.ActionListener$1.onResponse(ActionListener.java:63) [main/:?]
	at org.elasticsearch.action.ActionListener.lambda$map$2(ActionListener.java:146) [main/:?]
	at org.elasticsearch.action.ActionListener$1.onResponse(ActionListener.java:63) [main/:?]
	at org.elasticsearch.transport.TransportService$5.onResponse(TransportService.java:466) [main/:?]
	at org.elasticsearch.transport.TransportService$5.onResponse(TransportService.java:456) [main/:?]
	at org.elasticsearch.action.ActionListenerResponseHandler.handleResponse(ActionListenerResponseHandler.java:54) [main/:?]
	at org.elasticsearch.transport.TransportService$ContextRestoreResponseHandler.handleResponse(TransportService.java:1110) [main/:?]
	at org.elasticsearch.test.transport.MockTransport.handleResponse(MockTransport.java:106) [framework-7.5.1-SNAPSHOT.jar:7.5.1-SNAPSHOT]
	at org.elasticsearch.cluster.coordination.NodeJoinTests$1.onSendRequest(NodeJoinTests.java:157) [test/:?]
	at org.elasticsearch.test.transport.MockTransport$1.sendRequest(MockTransport.java:181) [framework-7.5.1-SNAPSHOT.jar:7.5.1-SNAPSHOT]
	at org.elasticsearch.transport.TransportService.sendRequestInternal(TransportService.java:692) [main/:?]
	at org.elasticsearch.transport.TransportService.sendRequest(TransportService.java:602) [main/:?]
	at org.elasticsearch.transport.TransportService.handshake(TransportService.java:453) [main/:?]
	at org.elasticsearch.transport.TransportService.lambda$connectionValidator$6(TransportService.java:376) [main/:?]
	at org.elasticsearch.transport.ConnectionManager.lambda$connectToNode$3(ConnectionManager.java:141) [main/:?]
	at org.elasticsearch.action.ActionListener$1.onResponse(ActionListener.java:63) [main/:?]
	at org.elasticsearch.action.ActionListener.lambda$map$2(ActionListener.java:146) [main/:?]
	at org.elasticsearch.action.ActionListener$1.onResponse(ActionListener.java:63) [main/:?]
	at org.elasticsearch.test.transport.MockTransport.openConnection(MockTransport.java:167) [framework-7.5.1-SNAPSHOT.jar:7.5.1-SNAPSHOT]
	at org.elasticsearch.transport.ConnectionManager.internalOpenConnection(ConnectionManager.java:245) [main/:?]
	at org.elasticsearch.transport.ConnectionManager.connectToNode(ConnectionManager.java:140) [main/:?]
	at org.elasticsearch.test.transport.StubbableConnectionManager.connectToNode(StubbableConnectionManager.java:103) [framework-7.5.1-SNAPSHOT.jar:7.5.1-SNAPSHOT]
	at org.elasticsearch.transport.TransportService.connectToNode(TransportService.java:370) [main/:?]
	at org.elasticsearch.transport.TransportService.connectToNode(TransportService.java:354) [main/:?]
	at org.elasticsearch.cluster.coordination.Coordinator.handleJoinRequest(Coordinator.java:477) [main/:?]
	at org.elasticsearch.cluster.coordination.JoinHelper.lambda$new$0(JoinHelper.java:125) [main/:?]
	at org.elasticsearch.transport.RequestHandlerRegistry.processMessageReceived(RequestHandlerRegistry.java:63) [main/:?]
	at org.elasticsearch.cluster.coordination.NodeJoinTests.joinNodeAsync(NodeJoinTests.java:230) [test/:?]
	at org.elasticsearch.cluster.coordination.NodeJoinTests.joinNodeAndRun(NodeJoinTests.java:265) [test/:?]
	at org.elasticsearch.cluster.coordination.NodeJoinTests.lambda$testJoinFollowerFails$8(NodeJoinTests.java:450) [test/:?]
	at org.apache.lucene.util.LuceneTestCase._expectThrows(LuceneTestCase.java:2842) [lucene-test-framework-8.3.0.jar:8.3.0 2aa586909b911e66e1d8863aa89f173d69f86cd2 - ishan - 2019-10-25 23:10:05]
	at org.apache.lucene.util.LuceneTestCase.expectThrows(LuceneTestCase.java:2717) [lucene-test-framework-8.3.0.jar:8.3.0 2aa586909b911e66e1d8863aa89f173d69f86cd2 - ishan - 2019-10-25 23:10:05]
	at org.apache.lucene.util.LuceneTestCase.expectThrows(LuceneTestCase.java:2712) [lucene-test-framework-8.3.0.jar:8.3.0 2aa586909b911e66e1d8863aa89f173d69f86cd2 - ishan - 2019-10-25 23:10:05]
	at org.elasticsearch.cluster.coordination.NodeJoinTests.testJoinFollowerFails(NodeJoinTests.java:449) [test/:?]
	at jdk.internal.reflect.NativeMethodAccessorImpl.invoke0(Native Method) ~[?:?]
	at jdk.internal.reflect.NativeMethodAccessorImpl.invoke(NativeMethodAccessorImpl.java:62) ~[?:?]
	at jdk.internal.reflect.DelegatingMethodAccessorImpl.invoke(DelegatingMethodAccessorImpl.java:43) ~[?:?]
	at java.lang.reflect.Method.invoke(Method.java:567) ~[?:?]
	at com.carrotsearch.randomizedtesting.RandomizedRunner.invoke(RandomizedRunner.java:1750) [randomizedtesting-runner-2.7.1.jar:?]
	at com.carrotsearch.randomizedtesting.RandomizedRunner$8.evaluate(RandomizedRunner.java:938) [randomizedtesting-runner-2.7.1.jar:?]
	at com.carrotsearch.randomizedtesting.RandomizedRunner$9.evaluate(RandomizedRunner.java:974) [randomizedtesting-runner-2.7.1.jar:?]
	at com.carrotsearch.randomizedtesting.RandomizedRunner$10.evaluate(RandomizedRunner.java:988) [randomizedtesting-runner-2.7.1.jar:?]
	at com.carrotsearch.randomizedtesting.rules.StatementAdapter.evaluate(StatementAdapter.java:36) [randomizedtesting-runner-2.7.1.jar:?]
	at org.apache.lucene.util.TestRuleSetupTeardownChained$1.evaluate(TestRuleSetupTeardownChained.java:49) [lucene-test-framework-8.3.0.jar:8.3.0 2aa586909b911e66e1d8863aa89f173d69f86cd2 - ishan - 2019-10-25 23:10:05]
	at org.apache.lucene.util.AbstractBeforeAfterRule$1.evaluate(AbstractBeforeAfterRule.java:45) [lucene-test-framework-8.3.0.jar:8.3.0 2aa586909b911e66e1d8863aa89f173d69f86cd2 - ishan - 2019-10-25 23:10:05]
	at org.apache.lucene.util.TestRuleThreadAndTestName$1.evaluate(TestRuleThreadAndTestName.java:48) [lucene-test-framework-8.3.0.jar:8.3.0 2aa586909b911e66e1d8863aa89f173d69f86cd2 - ishan - 2019-10-25 23:10:05]
	at org.apache.lucene.util.TestRuleIgnoreAfterMaxFailures$1.evaluate(TestRuleIgnoreAfterMaxFailures.java:64) [lucene-test-framework-8.3.0.jar:8.3.0 2aa586909b911e66e1d8863aa89f173d69f86cd2 - ishan - 2019-10-25 23:10:05]
	at org.apache.lucene.util.TestRuleMarkFailure$1.evaluate(TestRuleMarkFailure.java:47) [lucene-test-framework-8.3.0.jar:8.3.0 2aa586909b911e66e1d8863aa89f173d69f86cd2 - ishan - 2019-10-25 23:10:05]
	at com.carrotsearch.randomizedtesting.rules.StatementAdapter.evaluate(StatementAdapter.java:36) [randomizedtesting-runner-2.7.1.jar:?]
	at com.carrotsearch.randomizedtesting.ThreadLeakControl$StatementRunner.run(ThreadLeakControl.java:368) [randomizedtesting-runner-2.7.1.jar:?]
	at com.carrotsearch.randomizedtesting.ThreadLeakControl.forkTimeoutingTask(ThreadLeakControl.java:817) [randomizedtesting-runner-2.7.1.jar:?]
	at com.carrotsearch.randomizedtesting.ThreadLeakControl$3.evaluate(ThreadLeakControl.java:468) [randomizedtesting-runner-2.7.1.jar:?]
	at com.carrotsearch.randomizedtesting.RandomizedRunner.runSingleTest(RandomizedRunner.java:947) [randomizedtesting-runner-2.7.1.jar:?]
	at com.carrotsearch.randomizedtesting.RandomizedRunner$5.evaluate(RandomizedRunner.java:832) [randomizedtesting-runner-2.7.1.jar:?]
	at com.carrotsearch.randomizedtesting.RandomizedRunner$6.evaluate(RandomizedRunner.java:883) [randomizedtesting-runner-2.7.1.jar:?]
	at com.carrotsearch.randomizedtesting.RandomizedRunner$7.evaluate(RandomizedRunner.java:894) [randomizedtesting-runner-2.7.1.jar:?]
	at org.apache.lucene.util.AbstractBeforeAfterRule$1.evaluate(AbstractBeforeAfterRule.java:45) [lucene-test-framework-8.3.0.jar:8.3.0 2aa586909b911e66e1d8863aa89f173d69f86cd2 - ishan - 2019-10-25 23:10:05]
	at com.carrotsearch.randomizedtesting.rules.StatementAdapter.evaluate(StatementAdapter.java:36) [randomizedtesting-runner-2.7.1.jar:?]
	at org.apache.lucene.util.TestRuleStoreClassName$1.evaluate(TestRuleStoreClassName.java:41) [lucene-test-framework-8.3.0.jar:8.3.0 2aa586909b911e66e1d8863aa89f173d69f86cd2 - ishan - 2019-10-25 23:10:05]
	at com.carrotsearch.randomizedtesting.rules.NoShadowingOrOverridesOnMethodsRule$1.evaluate(NoShadowingOrOverridesOnMethodsRule.java:40) [randomizedtesting-runner-2.7.1.jar:?]
	at com.carrotsearch.randomizedtesting.rules.NoShadowingOrOverridesOnMethodsRule$1.evaluate(NoShadowingOrOverridesOnMethodsRule.java:40) [randomizedtesting-runner-2.7.1.jar:?]
	at com.carrotsearch.randomizedtesting.rules.StatementAdapter.evaluate(StatementAdapter.java:36) [randomizedtesting-runner-2.7.1.jar:?]
	at com.carrotsearch.randomizedtesting.rules.StatementAdapter.evaluate(StatementAdapter.java:36) [randomizedtesting-runner-2.7.1.jar:?]
	at org.apache.lucene.util.TestRuleAssertionsRequired$1.evaluate(TestRuleAssertionsRequired.java:53) [lucene-test-framework-8.3.0.jar:8.3.0 2aa586909b911e66e1d8863aa89f173d69f86cd2 - ishan - 2019-10-25 23:10:05]
	at org.apache.lucene.util.TestRuleMarkFailure$1.evaluate(TestRuleMarkFailure.java:47) [lucene-test-framework-8.3.0.jar:8.3.0 2aa586909b911e66e1d8863aa89f173d69f86cd2 - ishan - 2019-10-25 23:10:05]
	at org.apache.lucene.util.TestRuleIgnoreAfterMaxFailures$1.evaluate(TestRuleIgnoreAfterMaxFailures.java:64) [lucene-test-framework-8.3.0.jar:8.3.0 2aa586909b911e66e1d8863aa89f173d69f86cd2 - ishan - 2019-10-25 23:10:05]
	at org.apache.lucene.util.TestRuleIgnoreTestSuites$1.evaluate(TestRuleIgnoreTestSuites.java:54) [lucene-test-framework-8.3.0.jar:8.3.0 2aa586909b911e66e1d8863aa89f173d69f86cd2 - ishan - 2019-10-25 23:10:05]
	at com.carrotsearch.randomizedtesting.rules.StatementAdapter.evaluate(StatementAdapter.java:36) [randomizedtesting-runner-2.7.1.jar:?]
	at com.carrotsearch.randomizedtesting.ThreadLeakControl$StatementRunner.run(ThreadLeakControl.java:368) [randomizedtesting-runner-2.7.1.jar:?]
	at java.lang.Thread.run(Thread.java:835) [?:?]
[2020-02-17T01:21:32,160][INFO ][o.e.c.c.NodeJoinTests    ] [testJoinFollowerFails] after test
[2020-02-17T01:21:32,233][INFO ][o.e.c.c.NodeJoinTests    ] [testConcurrentJoining] before test
[2020-02-17T01:21:32,234][INFO ][o.e.c.c.NodeJoinTests    ] [testConcurrentJoining] Voting configuration: VotingConfiguration{1,2,3}
[2020-02-17T01:21:32,239][INFO ][o.e.c.c.ClusterBootstrapService] [testConcurrentJoining] no discovery configuration found, will perform best-effort cluster bootstrapping after [3s] unless existing master is discovered
[2020-02-17T01:21:32,240][INFO ][o.e.c.c.NodeJoinTests    ] [testConcurrentJoining] Successful voting nodes: [{master_3}{3}{ZYSPnTyiSCO6Jweysf5R-A}{0.0.0.0}{0.0.0.0:18}{m}, {master_2}{2}{M78_mLA1TteiDqiwQ6Ak8g}{0.0.0.0}{0.0.0.0:17}{m}, {data_7}{7}{atBWPdWKTH28QosMjuwPbw}{0.0.0.0}{0.0.0.0:22}, {data_4}{4}{TmK_6E47TcWwc22x3wLFAQ}{0.0.0.0}{0.0.0.0:19}, {data_6}{6}{eAAV7nsWRCC4GB42xcNDKQ}{0.0.0.0}{0.0.0.0:21}]
[2020-02-17T01:21:32,240][INFO ][o.e.c.c.NodeJoinTests    ] [testConcurrentJoining] Possibly unsuccessful voting nodes: [{master_1}{1}{EINfHANeQPaZIwdfKy1WAQ}{0.0.0.0}{0.0.0.0:16}{m}, {data_5}{5}{XWD90iCKTsKS_ilC2vEfHA}{0.0.0.0}{0.0.0.0:20}, {data_8}{8}{ydCcLq-9QRCI_ULaLVIzLA}{0.0.0.0}{0.0.0.0:23}, {data_9}{9}{vUQW17W9TQSc4-GhC1tXiQ}{0.0.0.0}{0.0.0.0:24}]
[2020-02-17T01:21:32,248][ERROR][o.e.c.c.NodeJoinTests    ] [[process JoinRequest{sourceNode={data_5}{5}{XWD90iCKTsKS_ilC2vEfHA}{0.0.0.0}{0.0.0.0:20}, optionalJoin=Optional[Join{term=9, lastAcceptedTerm=6, lastAcceptedVersion=12, sourceNode={data_5}{5}{XWD90iCKTsKS_ilC2vEfHA}{0.0.0.0}{0.0.0.0:20}, targetNode={master_1}{1}{EINfHANeQPaZIwdfKy1WAQ}{0.0.0.0}{0.0.0.0:16}{m}}]}]] unexpected error for future [join of JoinRequest{sourceNode={data_5}{5}{XWD90iCKTsKS_ilC2vEfHA}{0.0.0.0}{0.0.0.0:20}, optionalJoin=Optional[Join{term=9, lastAcceptedTerm=6, lastAcceptedVersion=12, sourceNode={data_5}{5}{XWD90iCKTsKS_ilC2vEfHA}{0.0.0.0}{0.0.0.0:20}, targetNode={master_1}{1}{EINfHANeQPaZIwdfKy1WAQ}{0.0.0.0}{0.0.0.0:16}{m}}]}]]
org.elasticsearch.cluster.coordination.CoordinationStateRejectedException: incoming last accepted version 12 of join higher than current last accepted version 6 in term 6
	at org.elasticsearch.cluster.coordination.CoordinationState.handleJoin(CoordinationState.java:244) ~[main/:?]
	at org.elasticsearch.cluster.coordination.Coordinator.handleJoin(Coordinator.java:979) ~[main/:?]
	at java.util.Optional.ifPresent(Optional.java:183) ~[?:?]
	at org.elasticsearch.cluster.coordination.Coordinator.processJoinRequest(Coordinator.java:524) ~[main/:?]
	at org.elasticsearch.cluster.coordination.Coordinator.lambda$handleJoinRequest$7(Coordinator.java:490) ~[main/:?]
	at org.elasticsearch.action.ActionListener$1.onResponse(ActionListener.java:63) [main/:?]
	at org.elasticsearch.common.util.concurrent.ListenableFuture$1.doRun(ListenableFuture.java:112) [main/:?]
	at org.elasticsearch.common.util.concurrent.AbstractRunnable.run(AbstractRunnable.java:37) [main/:?]
	at org.elasticsearch.common.util.concurrent.EsExecutors$DirectExecutorService.execute(EsExecutors.java:225) [main/:?]
	at org.elasticsearch.common.util.concurrent.ListenableFuture.notifyListener(ListenableFuture.java:106) [main/:?]
	at org.elasticsearch.common.util.concurrent.ListenableFuture.lambda$done$0(ListenableFuture.java:98) [main/:?]
	at java.util.ArrayList.forEach(ArrayList.java:1540) [?:?]
	at org.elasticsearch.common.util.concurrent.ListenableFuture.done(ListenableFuture.java:98) [main/:?]
	at org.elasticsearch.common.util.concurrent.BaseFuture.set(BaseFuture.java:144) [main/:?]
	at org.elasticsearch.common.util.concurrent.ListenableFuture.onResponse(ListenableFuture.java:127) [main/:?]
	at org.elasticsearch.transport.ConnectionManager.lambda$connectToNode$1(ConnectionManager.java:165) [main/:?]
	at org.elasticsearch.action.ActionListener$1.onResponse(ActionListener.java:63) [main/:?]
	at org.elasticsearch.action.ActionListener.lambda$map$2(ActionListener.java:146) [main/:?]
	at org.elasticsearch.action.ActionListener$1.onResponse(ActionListener.java:63) [main/:?]
	at org.elasticsearch.transport.TransportService$5.onResponse(TransportService.java:466) [main/:?]
	at org.elasticsearch.transport.TransportService$5.onResponse(TransportService.java:456) [main/:?]
	at org.elasticsearch.action.ActionListenerResponseHandler.handleResponse(ActionListenerResponseHandler.java:54) [main/:?]
	at org.elasticsearch.transport.TransportService$ContextRestoreResponseHandler.handleResponse(TransportService.java:1110) [main/:?]
	at org.elasticsearch.test.transport.MockTransport.handleResponse(MockTransport.java:106) [framework-7.5.1-SNAPSHOT.jar:7.5.1-SNAPSHOT]
	at org.elasticsearch.cluster.coordination.NodeJoinTests$1.onSendRequest(NodeJoinTests.java:157) [test/:?]
	at org.elasticsearch.test.transport.MockTransport$1.sendRequest(MockTransport.java:181) [framework-7.5.1-SNAPSHOT.jar:7.5.1-SNAPSHOT]
	at org.elasticsearch.transport.TransportService.sendRequestInternal(TransportService.java:692) [main/:?]
	at org.elasticsearch.transport.TransportService.sendRequest(TransportService.java:602) [main/:?]
	at org.elasticsearch.transport.TransportService.handshake(TransportService.java:453) [main/:?]
	at org.elasticsearch.transport.TransportService.lambda$connectionValidator$6(TransportService.java:376) [main/:?]
	at org.elasticsearch.transport.ConnectionManager.lambda$connectToNode$3(ConnectionManager.java:141) [main/:?]
	at org.elasticsearch.action.ActionListener$1.onResponse(ActionListener.java:63) [main/:?]
	at org.elasticsearch.action.ActionListener.lambda$map$2(ActionListener.java:146) [main/:?]
	at org.elasticsearch.action.ActionListener$1.onResponse(ActionListener.java:63) [main/:?]
	at org.elasticsearch.test.transport.MockTransport.openConnection(MockTransport.java:167) [framework-7.5.1-SNAPSHOT.jar:7.5.1-SNAPSHOT]
	at org.elasticsearch.transport.ConnectionManager.internalOpenConnection(ConnectionManager.java:245) [main/:?]
	at org.elasticsearch.transport.ConnectionManager.connectToNode(ConnectionManager.java:140) [main/:?]
	at org.elasticsearch.test.transport.StubbableConnectionManager.connectToNode(StubbableConnectionManager.java:103) [framework-7.5.1-SNAPSHOT.jar:7.5.1-SNAPSHOT]
	at org.elasticsearch.transport.TransportService.connectToNode(TransportService.java:370) [main/:?]
	at org.elasticsearch.transport.TransportService.connectToNode(TransportService.java:354) [main/:?]
	at org.elasticsearch.cluster.coordination.Coordinator.handleJoinRequest(Coordinator.java:477) [main/:?]
	at org.elasticsearch.cluster.coordination.JoinHelper.lambda$new$0(JoinHelper.java:125) [main/:?]
	at org.elasticsearch.transport.RequestHandlerRegistry.processMessageReceived(RequestHandlerRegistry.java:63) [main/:?]
	at org.elasticsearch.cluster.coordination.NodeJoinTests.joinNodeAsync(NodeJoinTests.java:230) [test/:?]
	at org.elasticsearch.cluster.coordination.NodeJoinTests.joinNode(NodeJoinTests.java:261) [test/:?]
	at org.elasticsearch.cluster.coordination.NodeJoinTests.lambda$testConcurrentJoining$19(NodeJoinTests.java:556) [test/:?]
	at java.lang.Thread.run(Thread.java:835) [?:?]
[2020-02-17T01:21:32,320][ERROR][o.e.c.c.NodeJoinTests    ] [[process JoinRequest{sourceNode={data_8}{8}{ydCcLq-9QRCI_ULaLVIzLA}{0.0.0.0}{0.0.0.0:23}, optionalJoin=Optional[Join{term=3, lastAcceptedTerm=6, lastAcceptedVersion=6, sourceNode={data_8}{8}{ydCcLq-9QRCI_ULaLVIzLA}{0.0.0.0}{0.0.0.0:23}, targetNode={master_1}{1}{EINfHANeQPaZIwdfKy1WAQ}{0.0.0.0}{0.0.0.0:16}{m}}]}]] unexpected error for future [join of JoinRequest{sourceNode={data_8}{8}{ydCcLq-9QRCI_ULaLVIzLA}{0.0.0.0}{0.0.0.0:23}, optionalJoin=Optional[Join{term=3, lastAcceptedTerm=6, lastAcceptedVersion=6, sourceNode={data_8}{8}{ydCcLq-9QRCI_ULaLVIzLA}{0.0.0.0}{0.0.0.0:23}, targetNode={master_1}{1}{EINfHANeQPaZIwdfKy1WAQ}{0.0.0.0}{0.0.0.0:16}{m}}]}]]
org.elasticsearch.cluster.coordination.CoordinationStateRejectedException: incoming term 3 does not match current term 9
	at org.elasticsearch.cluster.coordination.CoordinationState.handleJoin(CoordinationState.java:223) ~[main/:?]
	at org.elasticsearch.cluster.coordination.Coordinator.handleJoin(Coordinator.java:979) ~[main/:?]
	at java.util.Optional.ifPresent(Optional.java:183) ~[?:?]
	at org.elasticsearch.cluster.coordination.Coordinator.processJoinRequest(Coordinator.java:524) ~[main/:?]
	at org.elasticsearch.cluster.coordination.Coordinator.lambda$handleJoinRequest$7(Coordinator.java:490) ~[main/:?]
	at org.elasticsearch.action.ActionListener$1.onResponse(ActionListener.java:63) [main/:?]
	at org.elasticsearch.transport.ConnectionManager.connectToNode(ConnectionManager.java:121) [main/:?]
	at org.elasticsearch.test.transport.StubbableConnectionManager.connectToNode(StubbableConnectionManager.java:103) [framework-7.5.1-SNAPSHOT.jar:7.5.1-SNAPSHOT]
	at org.elasticsearch.transport.TransportService.connectToNode(TransportService.java:370) [main/:?]
	at org.elasticsearch.transport.TransportService.connectToNode(TransportService.java:354) [main/:?]
	at org.elasticsearch.cluster.coordination.Coordinator.handleJoinRequest(Coordinator.java:477) [main/:?]
	at org.elasticsearch.cluster.coordination.JoinHelper.lambda$new$0(JoinHelper.java:125) [main/:?]
	at org.elasticsearch.transport.RequestHandlerRegistry.processMessageReceived(RequestHandlerRegistry.java:63) [main/:?]
	at org.elasticsearch.cluster.coordination.NodeJoinTests.joinNodeAsync(NodeJoinTests.java:230) [test/:?]
	at org.elasticsearch.cluster.coordination.NodeJoinTests.joinNode(NodeJoinTests.java:261) [test/:?]
	at org.elasticsearch.cluster.coordination.NodeJoinTests.lambda$testConcurrentJoining$19(NodeJoinTests.java:556) [test/:?]
	at java.lang.Thread.run(Thread.java:835) [?:?]
[2020-02-17T01:21:32,321][ERROR][o.e.c.c.NodeJoinTests    ] [[process JoinRequest{sourceNode={master_1}{1}{EINfHANeQPaZIwdfKy1WAQ}{0.0.0.0}{0.0.0.0:16}{m}, optionalJoin=Optional[Join{term=9, lastAcceptedTerm=6, lastAcceptedVersion=15, sourceNode={master_1}{1}{EINfHANeQPaZIwdfKy1WAQ}{0.0.0.0}{0.0.0.0:16}{m}, targetNode={master_1}{1}{EINfHANeQPaZIwdfKy1WAQ}{0.0.0.0}{0.0.0.0:16}{m}}]}]] unexpected error for future [join of JoinRequest{sourceNode={master_1}{1}{EINfHANeQPaZIwdfKy1WAQ}{0.0.0.0}{0.0.0.0:16}{m}, optionalJoin=Optional[Join{term=9, lastAcceptedTerm=6, lastAcceptedVersion=15, sourceNode={master_1}{1}{EINfHANeQPaZIwdfKy1WAQ}{0.0.0.0}{0.0.0.0:16}{m}, targetNode={master_1}{1}{EINfHANeQPaZIwdfKy1WAQ}{0.0.0.0}{0.0.0.0:16}{m}}]}]]
org.elasticsearch.cluster.coordination.CoordinationStateRejectedException: incoming last accepted version 15 of join higher than current last accepted version 6 in term 6
	at org.elasticsearch.cluster.coordination.CoordinationState.handleJoin(CoordinationState.java:244) ~[main/:?]
	at org.elasticsearch.cluster.coordination.Coordinator.handleJoin(Coordinator.java:979) ~[main/:?]
	at java.util.Optional.ifPresent(Optional.java:183) ~[?:?]
	at org.elasticsearch.cluster.coordination.Coordinator.processJoinRequest(Coordinator.java:524) ~[main/:?]
	at org.elasticsearch.cluster.coordination.Coordinator.lambda$handleJoinRequest$7(Coordinator.java:490) ~[main/:?]
	at org.elasticsearch.action.ActionListener$1.onResponse(ActionListener.java:63) [main/:?]
	at org.elasticsearch.transport.TransportService.connectToNode(TransportService.java:367) [main/:?]
	at org.elasticsearch.transport.TransportService.connectToNode(TransportService.java:354) [main/:?]
	at org.elasticsearch.cluster.coordination.Coordinator.handleJoinRequest(Coordinator.java:477) [main/:?]
	at org.elasticsearch.cluster.coordination.JoinHelper.lambda$new$0(JoinHelper.java:125) [main/:?]
	at org.elasticsearch.transport.RequestHandlerRegistry.processMessageReceived(RequestHandlerRegistry.java:63) [main/:?]
	at org.elasticsearch.cluster.coordination.NodeJoinTests.joinNodeAsync(NodeJoinTests.java:230) [test/:?]
	at org.elasticsearch.cluster.coordination.NodeJoinTests.joinNode(NodeJoinTests.java:261) [test/:?]
	at org.elasticsearch.cluster.coordination.NodeJoinTests.lambda$testConcurrentJoining$19(NodeJoinTests.java:556) [test/:?]
	at java.lang.Thread.run(Thread.java:835) [?:?]
[2020-02-17T01:21:32,321][ERROR][o.e.c.c.NodeJoinTests    ] [[process JoinRequest{sourceNode={data_8}{8}{ydCcLq-9QRCI_ULaLVIzLA}{0.0.0.0}{0.0.0.0:23}, optionalJoin=Optional[Join{term=3, lastAcceptedTerm=6, lastAcceptedVersion=6, sourceNode={data_8}{8}{ydCcLq-9QRCI_ULaLVIzLA}{0.0.0.0}{0.0.0.0:23}, targetNode={master_1}{1}{EINfHANeQPaZIwdfKy1WAQ}{0.0.0.0}{0.0.0.0:16}{m}}]}]] unexpected error for future [join of JoinRequest{sourceNode={data_8}{8}{ydCcLq-9QRCI_ULaLVIzLA}{0.0.0.0}{0.0.0.0:23}, optionalJoin=Optional[Join{term=3, lastAcceptedTerm=6, lastAcceptedVersion=6, sourceNode={data_8}{8}{ydCcLq-9QRCI_ULaLVIzLA}{0.0.0.0}{0.0.0.0:23}, targetNode={master_1}{1}{EINfHANeQPaZIwdfKy1WAQ}{0.0.0.0}{0.0.0.0:16}{m}}]}]]
org.elasticsearch.cluster.coordination.CoordinationStateRejectedException: incoming term 3 does not match current term 9
	at org.elasticsearch.cluster.coordination.CoordinationState.handleJoin(CoordinationState.java:223) ~[main/:?]
	at org.elasticsearch.cluster.coordination.Coordinator.handleJoin(Coordinator.java:979) ~[main/:?]
	at java.util.Optional.ifPresent(Optional.java:183) ~[?:?]
	at org.elasticsearch.cluster.coordination.Coordinator.processJoinRequest(Coordinator.java:524) ~[main/:?]
	at org.elasticsearch.cluster.coordination.Coordinator.lambda$handleJoinRequest$7(Coordinator.java:490) ~[main/:?]
	at org.elasticsearch.action.ActionListener$1.onResponse(ActionListener.java:63) [main/:?]
	at org.elasticsearch.common.util.concurrent.ListenableFuture$1.doRun(ListenableFuture.java:112) [main/:?]
	at org.elasticsearch.common.util.concurrent.AbstractRunnable.run(AbstractRunnable.java:37) [main/:?]
	at org.elasticsearch.common.util.concurrent.EsExecutors$DirectExecutorService.execute(EsExecutors.java:225) [main/:?]
	at org.elasticsearch.common.util.concurrent.ListenableFuture.notifyListener(ListenableFuture.java:106) [main/:?]
	at org.elasticsearch.common.util.concurrent.ListenableFuture.lambda$done$0(ListenableFuture.java:98) [main/:?]
	at java.util.ArrayList.forEach(ArrayList.java:1540) [?:?]
	at org.elasticsearch.common.util.concurrent.ListenableFuture.done(ListenableFuture.java:98) [main/:?]
	at org.elasticsearch.common.util.concurrent.BaseFuture.set(BaseFuture.java:144) [main/:?]
	at org.elasticsearch.common.util.concurrent.ListenableFuture.onResponse(ListenableFuture.java:127) [main/:?]
	at org.elasticsearch.transport.ConnectionManager.lambda$connectToNode$1(ConnectionManager.java:165) [main/:?]
	at org.elasticsearch.action.ActionListener$1.onResponse(ActionListener.java:63) [main/:?]
	at org.elasticsearch.action.ActionListener.lambda$map$2(ActionListener.java:146) [main/:?]
	at org.elasticsearch.action.ActionListener$1.onResponse(ActionListener.java:63) [main/:?]
	at org.elasticsearch.transport.TransportService$5.onResponse(TransportService.java:466) [main/:?]
	at org.elasticsearch.transport.TransportService$5.onResponse(TransportService.java:456) [main/:?]
	at org.elasticsearch.action.ActionListenerResponseHandler.handleResponse(ActionListenerResponseHandler.java:54) [main/:?]
	at org.elasticsearch.transport.TransportService$ContextRestoreResponseHandler.handleResponse(TransportService.java:1110) [main/:?]
	at org.elasticsearch.test.transport.MockTransport.handleResponse(MockTransport.java:106) [framework-7.5.1-SNAPSHOT.jar:7.5.1-SNAPSHOT]
	at org.elasticsearch.cluster.coordination.NodeJoinTests$1.onSendRequest(NodeJoinTests.java:157) [test/:?]
	at org.elasticsearch.test.transport.MockTransport$1.sendRequest(MockTransport.java:181) [framework-7.5.1-SNAPSHOT.jar:7.5.1-SNAPSHOT]
	at org.elasticsearch.transport.TransportService.sendRequestInternal(TransportService.java:692) [main/:?]
	at org.elasticsearch.transport.TransportService.sendRequest(TransportService.java:602) [main/:?]
	at org.elasticsearch.transport.TransportService.handshake(TransportService.java:453) [main/:?]
	at org.elasticsearch.transport.TransportService.lambda$connectionValidator$6(TransportService.java:376) [main/:?]
	at org.elasticsearch.transport.ConnectionManager.lambda$connectToNode$3(ConnectionManager.java:141) [main/:?]
	at org.elasticsearch.action.ActionListener$1.onResponse(ActionListener.java:63) [main/:?]
	at org.elasticsearch.action.ActionListener.lambda$map$2(ActionListener.java:146) [main/:?]
	at org.elasticsearch.action.ActionListener$1.onResponse(ActionListener.java:63) [main/:?]
	at org.elasticsearch.test.transport.MockTransport.openConnection(MockTransport.java:167) [framework-7.5.1-SNAPSHOT.jar:7.5.1-SNAPSHOT]
	at org.elasticsearch.transport.ConnectionManager.internalOpenConnection(ConnectionManager.java:245) [main/:?]
	at org.elasticsearch.transport.ConnectionManager.connectToNode(ConnectionManager.java:140) [main/:?]
	at org.elasticsearch.test.transport.StubbableConnectionManager.connectToNode(StubbableConnectionManager.java:103) [framework-7.5.1-SNAPSHOT.jar:7.5.1-SNAPSHOT]
	at org.elasticsearch.transport.TransportService.connectToNode(TransportService.java:370) [main/:?]
	at org.elasticsearch.transport.TransportService.connectToNode(TransportService.java:354) [main/:?]
	at org.elasticsearch.cluster.coordination.Coordinator.handleJoinRequest(Coordinator.java:477) [main/:?]
	at org.elasticsearch.cluster.coordination.JoinHelper.lambda$new$0(JoinHelper.java:125) [main/:?]
	at org.elasticsearch.transport.RequestHandlerRegistry.processMessageReceived(RequestHandlerRegistry.java:63) [main/:?]
	at org.elasticsearch.cluster.coordination.NodeJoinTests.joinNodeAsync(NodeJoinTests.java:230) [test/:?]
	at org.elasticsearch.cluster.coordination.NodeJoinTests.joinNode(NodeJoinTests.java:261) [test/:?]
	at org.elasticsearch.cluster.coordination.NodeJoinTests.lambda$testConcurrentJoining$19(NodeJoinTests.java:556) [test/:?]
	at java.lang.Thread.run(Thread.java:835) [?:?]
[2020-02-17T01:21:32,326][INFO ][o.e.c.s.MasterService    ] [test_node] elected-as-master ([3] nodes joined)[{data_7}{7}{atBWPdWKTH28QosMjuwPbw}{0.0.0.0}{0.0.0.0:22} elect leader, {master_2}{2}{M78_mLA1TteiDqiwQ6Ak8g}{0.0.0.0}{0.0.0.0:17}{m} elect leader, {data_9}{9}{vUQW17W9TQSc4-GhC1tXiQ}{0.0.0.0}{0.0.0.0:24} elect leader, _BECOME_MASTER_TASK_, _FINISH_ELECTION_], term: 9, version: 7, delta: master node changed {previous [], current [{master_1}{1}{EINfHANeQPaZIwdfKy1WAQ}{0.0.0.0}{0.0.0.0:16}{m}]}, added {{data_9}{9}{vUQW17W9TQSc4-GhC1tXiQ}{0.0.0.0}{0.0.0.0:24},{master_2}{2}{M78_mLA1TteiDqiwQ6Ak8g}{0.0.0.0}{0.0.0.0:17}{m},{data_7}{7}{atBWPdWKTH28QosMjuwPbw}{0.0.0.0}{0.0.0.0:22}}
[2020-02-17T01:21:32,326][INFO ][o.e.c.s.MasterService    ] [test_node] node-join[{data_4}{4}{TmK_6E47TcWwc22x3wLFAQ}{0.0.0.0}{0.0.0.0:19} join existing leader, {data_6}{6}{eAAV7nsWRCC4GB42xcNDKQ}{0.0.0.0}{0.0.0.0:21} join existing leader, {master_3}{3}{ZYSPnTyiSCO6Jweysf5R-A}{0.0.0.0}{0.0.0.0:18}{m} join existing leader], term: 9, version: 8, delta: added {{master_3}{3}{ZYSPnTyiSCO6Jweysf5R-A}{0.0.0.0}{0.0.0.0:18}{m},{data_6}{6}{eAAV7nsWRCC4GB42xcNDKQ}{0.0.0.0}{0.0.0.0:21},{data_4}{4}{TmK_6E47TcWwc22x3wLFAQ}{0.0.0.0}{0.0.0.0:19}}
[2020-02-17T01:21:32,329][INFO ][o.e.c.c.NodeJoinTests    ] [testConcurrentJoining] after test
[2020-02-17T01:21:32,333][INFO ][o.e.c.c.NodeJoinTests    ] [testJoinFollowerWithHigherTerm] before test
[2020-02-17T01:21:32,338][INFO ][o.e.c.c.ClusterBootstrapService] [testJoinFollowerWithHigherTerm] no discovery configuration found, will perform best-effort cluster bootstrapping after [3s] unless existing master is discovered
[2020-02-17T01:21:32,339][INFO ][o.e.c.s.MasterService    ] [testJoinFollowerWithHigherTerm] elected-as-master ([1] nodes joined)[{master_1}{1}{IVY7YITgTaCfiqLaLPhpTA}{0.0.0.0}{0.0.0.0:26}{m} elect leader, _BECOME_MASTER_TASK_, _FINISH_ELECTION_], term: 9, version: 10, delta: master node changed {previous [], current [{master_0}{0}{J1ihhc2TR02Upqr8uuyn_Q}{0.0.0.0}{0.0.0.0:25}{m}]}, added {{master_1}{1}{IVY7YITgTaCfiqLaLPhpTA}{0.0.0.0}{0.0.0.0:26}{m}}
[2020-02-17T01:21:32,339][INFO ][o.e.c.c.NodeJoinTests    ] [testJoinFollowerWithHigherTerm] after test
]]></system-out>
  <system-err><![CDATA[]]></system-err>
</testsuite>
