<?xml version="1.0" encoding="UTF-8"?>
<testsuite name="org.elasticsearch.index.IndexingSlowLogTests" tests="5" skipped="0" failures="0" errors="0" timestamp="2020-02-16T22:22:49" hostname="Escoto-PC" time="0.103">
  <properties/>
  <testcase name="testReformatSetting" classname="org.elasticsearch.index.IndexingSlowLogTests" time="0.056"/>
  <testcase name="testSlowLogMessageHasJsonFields" classname="org.elasticsearch.index.IndexingSlowLogTests" time="0.005"/>
  <testcase name="testSlowLogParsedDocumentPrinterSourceToLog" classname="org.elasticsearch.index.IndexingSlowLogTests" time="0.011"/>
  <testcase name="testLevelSetting" classname="org.elasticsearch.index.IndexingSlowLogTests" time="0.016"/>
  <testcase name="testSetLevels" classname="org.elasticsearch.index.IndexingSlowLogTests" time="0.014"/>
  <system-out><![CDATA[[2020-02-16T15:22:49,520][INFO ][o.e.i.IndexingSlowLogTests] [testReformatSetting] before test
[2020-02-16T15:22:49,523][INFO ][o.e.c.s.IndexScopedSettings] [testReformatSetting] updating [index.indexing.slowlog.reformat] from [false] to [true]
[2020-02-16T15:22:49,523][INFO ][o.e.c.s.IndexScopedSettings] [testReformatSetting] updating [index.indexing.slowlog.reformat] from [true] to [false]
[2020-02-16T15:22:49,523][INFO ][o.e.c.s.IndexScopedSettings] [testReformatSetting] updating [index.indexing.slowlog.reformat] from [false] to [true]
[2020-02-16T15:22:49,525][WARN ][o.e.c.s.IndexScopedSettings] [testReformatSetting] failed to prepareCommit settings for [Updater for: {
  "key" : "index.indexing.slowlog.reformat",
  "properties" : [
    "Dynamic",
    "IndexScope"
  ],
  "is_group_setting" : false,
  "default" : "true"
}]
java.lang.IllegalArgumentException: illegal value can't update [index.indexing.slowlog.reformat] from [true] to [NOT A BOOLEAN]
	at org.elasticsearch.common.settings.Setting$Updater.getValue(Setting.java:1021) ~[main/:?]
	at org.elasticsearch.common.settings.AbstractScopedSettings$SettingUpdater.updater(AbstractScopedSettings.java:608) ~[main/:?]
	at org.elasticsearch.common.settings.AbstractScopedSettings.applySettings(AbstractScopedSettings.java:184) [main/:?]
	at org.elasticsearch.index.IndexSettings.updateIndexMetaData(IndexSettings.java:716) [main/:?]
	at org.elasticsearch.index.IndexingSlowLogTests.testReformatSetting(IndexingSlowLogTests.java:142) [test/:?]
	at jdk.internal.reflect.NativeMethodAccessorImpl.invoke0(Native Method) ~[?:?]
	at jdk.internal.reflect.NativeMethodAccessorImpl.invoke(NativeMethodAccessorImpl.java:62) ~[?:?]
	at jdk.internal.reflect.DelegatingMethodAccessorImpl.invoke(DelegatingMethodAccessorImpl.java:43) ~[?:?]
	at java.lang.reflect.Method.invoke(Method.java:567) ~[?:?]
	at com.carrotsearch.randomizedtesting.RandomizedRunner.invoke(RandomizedRunner.java:1750) [randomizedtesting-runner-2.7.1.jar:?]
	at com.carrotsearch.randomizedtesting.RandomizedRunner$8.evaluate(RandomizedRunner.java:938) [randomizedtesting-runner-2.7.1.jar:?]
	at com.carrotsearch.randomizedtesting.RandomizedRunner$9.evaluate(RandomizedRunner.java:974) [randomizedtesting-runner-2.7.1.jar:?]
	at com.carrotsearch.randomizedtesting.RandomizedRunner$10.evaluate(RandomizedRunner.java:988) [randomizedtesting-runner-2.7.1.jar:?]
	at com.carrotsearch.randomizedtesting.rules.StatementAdapter.evaluate(StatementAdapter.java:36) [randomizedtesting-runner-2.7.1.jar:?]
	at org.apache.lucene.util.TestRuleSetupTeardownChained$1.evaluate(TestRuleSetupTeardownChained.java:49) [lucene-test-framework-8.3.0.jar:8.3.0 2aa586909b911e66e1d8863aa89f173d69f86cd2 - ishan - 2019-10-25 23:10:05]
	at org.apache.lucene.util.AbstractBeforeAfterRule$1.evaluate(AbstractBeforeAfterRule.java:45) [lucene-test-framework-8.3.0.jar:8.3.0 2aa586909b911e66e1d8863aa89f173d69f86cd2 - ishan - 2019-10-25 23:10:05]
	at org.apache.lucene.util.TestRuleThreadAndTestName$1.evaluate(TestRuleThreadAndTestName.java:48) [lucene-test-framework-8.3.0.jar:8.3.0 2aa586909b911e66e1d8863aa89f173d69f86cd2 - ishan - 2019-10-25 23:10:05]
	at org.apache.lucene.util.TestRuleIgnoreAfterMaxFailures$1.evaluate(TestRuleIgnoreAfterMaxFailures.java:64) [lucene-test-framework-8.3.0.jar:8.3.0 2aa586909b911e66e1d8863aa89f173d69f86cd2 - ishan - 2019-10-25 23:10:05]
	at org.apache.lucene.util.TestRuleMarkFailure$1.evaluate(TestRuleMarkFailure.java:47) [lucene-test-framework-8.3.0.jar:8.3.0 2aa586909b911e66e1d8863aa89f173d69f86cd2 - ishan - 2019-10-25 23:10:05]
	at com.carrotsearch.randomizedtesting.rules.StatementAdapter.evaluate(StatementAdapter.java:36) [randomizedtesting-runner-2.7.1.jar:?]
	at com.carrotsearch.randomizedtesting.ThreadLeakControl$StatementRunner.run(ThreadLeakControl.java:368) [randomizedtesting-runner-2.7.1.jar:?]
	at com.carrotsearch.randomizedtesting.ThreadLeakControl.forkTimeoutingTask(ThreadLeakControl.java:817) [randomizedtesting-runner-2.7.1.jar:?]
	at com.carrotsearch.randomizedtesting.ThreadLeakControl$3.evaluate(ThreadLeakControl.java:468) [randomizedtesting-runner-2.7.1.jar:?]
	at com.carrotsearch.randomizedtesting.RandomizedRunner.runSingleTest(RandomizedRunner.java:947) [randomizedtesting-runner-2.7.1.jar:?]
	at com.carrotsearch.randomizedtesting.RandomizedRunner$5.evaluate(RandomizedRunner.java:832) [randomizedtesting-runner-2.7.1.jar:?]
	at com.carrotsearch.randomizedtesting.RandomizedRunner$6.evaluate(RandomizedRunner.java:883) [randomizedtesting-runner-2.7.1.jar:?]
	at com.carrotsearch.randomizedtesting.RandomizedRunner$7.evaluate(RandomizedRunner.java:894) [randomizedtesting-runner-2.7.1.jar:?]
	at org.apache.lucene.util.AbstractBeforeAfterRule$1.evaluate(AbstractBeforeAfterRule.java:45) [lucene-test-framework-8.3.0.jar:8.3.0 2aa586909b911e66e1d8863aa89f173d69f86cd2 - ishan - 2019-10-25 23:10:05]
	at com.carrotsearch.randomizedtesting.rules.StatementAdapter.evaluate(StatementAdapter.java:36) [randomizedtesting-runner-2.7.1.jar:?]
	at org.apache.lucene.util.TestRuleStoreClassName$1.evaluate(TestRuleStoreClassName.java:41) [lucene-test-framework-8.3.0.jar:8.3.0 2aa586909b911e66e1d8863aa89f173d69f86cd2 - ishan - 2019-10-25 23:10:05]
	at com.carrotsearch.randomizedtesting.rules.NoShadowingOrOverridesOnMethodsRule$1.evaluate(NoShadowingOrOverridesOnMethodsRule.java:40) [randomizedtesting-runner-2.7.1.jar:?]
	at com.carrotsearch.randomizedtesting.rules.NoShadowingOrOverridesOnMethodsRule$1.evaluate(NoShadowingOrOverridesOnMethodsRule.java:40) [randomizedtesting-runner-2.7.1.jar:?]
	at com.carrotsearch.randomizedtesting.rules.StatementAdapter.evaluate(StatementAdapter.java:36) [randomizedtesting-runner-2.7.1.jar:?]
	at com.carrotsearch.randomizedtesting.rules.StatementAdapter.evaluate(StatementAdapter.java:36) [randomizedtesting-runner-2.7.1.jar:?]
	at org.apache.lucene.util.TestRuleAssertionsRequired$1.evaluate(TestRuleAssertionsRequired.java:53) [lucene-test-framework-8.3.0.jar:8.3.0 2aa586909b911e66e1d8863aa89f173d69f86cd2 - ishan - 2019-10-25 23:10:05]
	at org.apache.lucene.util.TestRuleMarkFailure$1.evaluate(TestRuleMarkFailure.java:47) [lucene-test-framework-8.3.0.jar:8.3.0 2aa586909b911e66e1d8863aa89f173d69f86cd2 - ishan - 2019-10-25 23:10:05]
	at org.apache.lucene.util.TestRuleIgnoreAfterMaxFailures$1.evaluate(TestRuleIgnoreAfterMaxFailures.java:64) [lucene-test-framework-8.3.0.jar:8.3.0 2aa586909b911e66e1d8863aa89f173d69f86cd2 - ishan - 2019-10-25 23:10:05]
	at org.apache.lucene.util.TestRuleIgnoreTestSuites$1.evaluate(TestRuleIgnoreTestSuites.java:54) [lucene-test-framework-8.3.0.jar:8.3.0 2aa586909b911e66e1d8863aa89f173d69f86cd2 - ishan - 2019-10-25 23:10:05]
	at com.carrotsearch.randomizedtesting.rules.StatementAdapter.evaluate(StatementAdapter.java:36) [randomizedtesting-runner-2.7.1.jar:?]
	at com.carrotsearch.randomizedtesting.ThreadLeakControl$StatementRunner.run(ThreadLeakControl.java:368) [randomizedtesting-runner-2.7.1.jar:?]
	at java.lang.Thread.run(Thread.java:835) [?:?]
Caused by: java.lang.IllegalArgumentException: Failed to parse value [NOT A BOOLEAN] as only [true] or [false] are allowed.
	at org.elasticsearch.common.Booleans.parseBoolean(Booleans.java:73) ~[elasticsearch-core-7.5.1-SNAPSHOT.jar:7.5.1-SNAPSHOT]
	at org.elasticsearch.common.settings.Setting.parseBoolean(Setting.java:1184) ~[main/:?]
	at org.elasticsearch.common.settings.Setting.lambda$boolSetting$23(Setting.java:1171) ~[main/:?]
	at org.elasticsearch.common.settings.Setting.get(Setting.java:432) ~[main/:?]
	at org.elasticsearch.common.settings.Setting.get(Setting.java:426) ~[main/:?]
	at org.elasticsearch.common.settings.Setting$Updater.getValue(Setting.java:1014) ~[main/:?]
	... 40 more
[2020-02-16T15:22:49,526][WARN ][o.e.c.s.IndexScopedSettings] [testReformatSetting] failed to apply settings
java.lang.IllegalArgumentException: illegal value can't update [index.indexing.slowlog.reformat] from [true] to [NOT A BOOLEAN]
	at org.elasticsearch.common.settings.Setting$Updater.getValue(Setting.java:1021) ~[main/:?]
	at org.elasticsearch.common.settings.AbstractScopedSettings$SettingUpdater.updater(AbstractScopedSettings.java:608) ~[main/:?]
	at org.elasticsearch.common.settings.AbstractScopedSettings.applySettings(AbstractScopedSettings.java:184) [main/:?]
	at org.elasticsearch.index.IndexSettings.updateIndexMetaData(IndexSettings.java:716) [main/:?]
	at org.elasticsearch.index.IndexingSlowLogTests.testReformatSetting(IndexingSlowLogTests.java:142) [test/:?]
	at jdk.internal.reflect.NativeMethodAccessorImpl.invoke0(Native Method) ~[?:?]
	at jdk.internal.reflect.NativeMethodAccessorImpl.invoke(NativeMethodAccessorImpl.java:62) ~[?:?]
	at jdk.internal.reflect.DelegatingMethodAccessorImpl.invoke(DelegatingMethodAccessorImpl.java:43) ~[?:?]
	at java.lang.reflect.Method.invoke(Method.java:567) ~[?:?]
	at com.carrotsearch.randomizedtesting.RandomizedRunner.invoke(RandomizedRunner.java:1750) [randomizedtesting-runner-2.7.1.jar:?]
	at com.carrotsearch.randomizedtesting.RandomizedRunner$8.evaluate(RandomizedRunner.java:938) [randomizedtesting-runner-2.7.1.jar:?]
	at com.carrotsearch.randomizedtesting.RandomizedRunner$9.evaluate(RandomizedRunner.java:974) [randomizedtesting-runner-2.7.1.jar:?]
	at com.carrotsearch.randomizedtesting.RandomizedRunner$10.evaluate(RandomizedRunner.java:988) [randomizedtesting-runner-2.7.1.jar:?]
	at com.carrotsearch.randomizedtesting.rules.StatementAdapter.evaluate(StatementAdapter.java:36) [randomizedtesting-runner-2.7.1.jar:?]
	at org.apache.lucene.util.TestRuleSetupTeardownChained$1.evaluate(TestRuleSetupTeardownChained.java:49) [lucene-test-framework-8.3.0.jar:8.3.0 2aa586909b911e66e1d8863aa89f173d69f86cd2 - ishan - 2019-10-25 23:10:05]
	at org.apache.lucene.util.AbstractBeforeAfterRule$1.evaluate(AbstractBeforeAfterRule.java:45) [lucene-test-framework-8.3.0.jar:8.3.0 2aa586909b911e66e1d8863aa89f173d69f86cd2 - ishan - 2019-10-25 23:10:05]
	at org.apache.lucene.util.TestRuleThreadAndTestName$1.evaluate(TestRuleThreadAndTestName.java:48) [lucene-test-framework-8.3.0.jar:8.3.0 2aa586909b911e66e1d8863aa89f173d69f86cd2 - ishan - 2019-10-25 23:10:05]
	at org.apache.lucene.util.TestRuleIgnoreAfterMaxFailures$1.evaluate(TestRuleIgnoreAfterMaxFailures.java:64) [lucene-test-framework-8.3.0.jar:8.3.0 2aa586909b911e66e1d8863aa89f173d69f86cd2 - ishan - 2019-10-25 23:10:05]
	at org.apache.lucene.util.TestRuleMarkFailure$1.evaluate(TestRuleMarkFailure.java:47) [lucene-test-framework-8.3.0.jar:8.3.0 2aa586909b911e66e1d8863aa89f173d69f86cd2 - ishan - 2019-10-25 23:10:05]
	at com.carrotsearch.randomizedtesting.rules.StatementAdapter.evaluate(StatementAdapter.java:36) [randomizedtesting-runner-2.7.1.jar:?]
	at com.carrotsearch.randomizedtesting.ThreadLeakControl$StatementRunner.run(ThreadLeakControl.java:368) [randomizedtesting-runner-2.7.1.jar:?]
	at com.carrotsearch.randomizedtesting.ThreadLeakControl.forkTimeoutingTask(ThreadLeakControl.java:817) [randomizedtesting-runner-2.7.1.jar:?]
	at com.carrotsearch.randomizedtesting.ThreadLeakControl$3.evaluate(ThreadLeakControl.java:468) [randomizedtesting-runner-2.7.1.jar:?]
	at com.carrotsearch.randomizedtesting.RandomizedRunner.runSingleTest(RandomizedRunner.java:947) [randomizedtesting-runner-2.7.1.jar:?]
	at com.carrotsearch.randomizedtesting.RandomizedRunner$5.evaluate(RandomizedRunner.java:832) [randomizedtesting-runner-2.7.1.jar:?]
	at com.carrotsearch.randomizedtesting.RandomizedRunner$6.evaluate(RandomizedRunner.java:883) [randomizedtesting-runner-2.7.1.jar:?]
	at com.carrotsearch.randomizedtesting.RandomizedRunner$7.evaluate(RandomizedRunner.java:894) [randomizedtesting-runner-2.7.1.jar:?]
	at org.apache.lucene.util.AbstractBeforeAfterRule$1.evaluate(AbstractBeforeAfterRule.java:45) [lucene-test-framework-8.3.0.jar:8.3.0 2aa586909b911e66e1d8863aa89f173d69f86cd2 - ishan - 2019-10-25 23:10:05]
	at com.carrotsearch.randomizedtesting.rules.StatementAdapter.evaluate(StatementAdapter.java:36) [randomizedtesting-runner-2.7.1.jar:?]
	at org.apache.lucene.util.TestRuleStoreClassName$1.evaluate(TestRuleStoreClassName.java:41) [lucene-test-framework-8.3.0.jar:8.3.0 2aa586909b911e66e1d8863aa89f173d69f86cd2 - ishan - 2019-10-25 23:10:05]
	at com.carrotsearch.randomizedtesting.rules.NoShadowingOrOverridesOnMethodsRule$1.evaluate(NoShadowingOrOverridesOnMethodsRule.java:40) [randomizedtesting-runner-2.7.1.jar:?]
	at com.carrotsearch.randomizedtesting.rules.NoShadowingOrOverridesOnMethodsRule$1.evaluate(NoShadowingOrOverridesOnMethodsRule.java:40) [randomizedtesting-runner-2.7.1.jar:?]
	at com.carrotsearch.randomizedtesting.rules.StatementAdapter.evaluate(StatementAdapter.java:36) [randomizedtesting-runner-2.7.1.jar:?]
	at com.carrotsearch.randomizedtesting.rules.StatementAdapter.evaluate(StatementAdapter.java:36) [randomizedtesting-runner-2.7.1.jar:?]
	at org.apache.lucene.util.TestRuleAssertionsRequired$1.evaluate(TestRuleAssertionsRequired.java:53) [lucene-test-framework-8.3.0.jar:8.3.0 2aa586909b911e66e1d8863aa89f173d69f86cd2 - ishan - 2019-10-25 23:10:05]
	at org.apache.lucene.util.TestRuleMarkFailure$1.evaluate(TestRuleMarkFailure.java:47) [lucene-test-framework-8.3.0.jar:8.3.0 2aa586909b911e66e1d8863aa89f173d69f86cd2 - ishan - 2019-10-25 23:10:05]
	at org.apache.lucene.util.TestRuleIgnoreAfterMaxFailures$1.evaluate(TestRuleIgnoreAfterMaxFailures.java:64) [lucene-test-framework-8.3.0.jar:8.3.0 2aa586909b911e66e1d8863aa89f173d69f86cd2 - ishan - 2019-10-25 23:10:05]
	at org.apache.lucene.util.TestRuleIgnoreTestSuites$1.evaluate(TestRuleIgnoreTestSuites.java:54) [lucene-test-framework-8.3.0.jar:8.3.0 2aa586909b911e66e1d8863aa89f173d69f86cd2 - ishan - 2019-10-25 23:10:05]
	at com.carrotsearch.randomizedtesting.rules.StatementAdapter.evaluate(StatementAdapter.java:36) [randomizedtesting-runner-2.7.1.jar:?]
	at com.carrotsearch.randomizedtesting.ThreadLeakControl$StatementRunner.run(ThreadLeakControl.java:368) [randomizedtesting-runner-2.7.1.jar:?]
	at java.lang.Thread.run(Thread.java:835) [?:?]
Caused by: java.lang.IllegalArgumentException: Failed to parse value [NOT A BOOLEAN] as only [true] or [false] are allowed.
	at org.elasticsearch.common.Booleans.parseBoolean(Booleans.java:73) ~[elasticsearch-core-7.5.1-SNAPSHOT.jar:7.5.1-SNAPSHOT]
	at org.elasticsearch.common.settings.Setting.parseBoolean(Setting.java:1184) ~[main/:?]
	at org.elasticsearch.common.settings.Setting.lambda$boolSetting$23(Setting.java:1171) ~[main/:?]
	at org.elasticsearch.common.settings.Setting.get(Setting.java:432) ~[main/:?]
	at org.elasticsearch.common.settings.Setting.get(Setting.java:426) ~[main/:?]
	at org.elasticsearch.common.settings.Setting$Updater.getValue(Setting.java:1014) ~[main/:?]
	... 40 more
[2020-02-16T15:22:49,527][INFO ][o.e.i.IndexingSlowLogTests] [testReformatSetting] after test
[2020-02-16T15:22:49,530][INFO ][o.e.i.IndexingSlowLogTests] [testSlowLogMessageHasJsonFields] before test
[2020-02-16T15:22:49,531][INFO ][o.e.i.IndexingSlowLogTests] [testSlowLogMessageHasJsonFields] after test
[2020-02-16T15:22:49,541][INFO ][o.e.i.IndexingSlowLogTests] [testSlowLogParsedDocumentPrinterSourceToLog] before test
[2020-02-16T15:22:49,543][INFO ][o.e.i.IndexingSlowLogTests] [testSlowLogParsedDocumentPrinterSourceToLog] after test
[2020-02-16T15:22:49,545][INFO ][o.e.i.IndexingSlowLogTests] [testLevelSetting] before test
[2020-02-16T15:22:49,548][INFO ][o.e.c.s.IndexScopedSettings] [testLevelSetting] updating [index.indexing.slowlog.level] from [DEBUG] to [WARN]
[2020-02-16T15:22:49,549][INFO ][o.e.c.s.IndexScopedSettings] [testLevelSetting] updating [index.indexing.slowlog.level] from [WARN] to [TRACE]
[2020-02-16T15:22:49,557][WARN ][o.e.c.s.IndexScopedSettings] [testLevelSetting] failed to prepareCommit settings for [Updater for: {
  "key" : "index.indexing.slowlog.level",
  "properties" : [
    "Dynamic",
    "IndexScope"
  ],
  "is_group_setting" : false,
  "default" : "TRACE"
}]
java.lang.IllegalArgumentException: illegal value can't update [index.indexing.slowlog.level] from [TRACE] to [NOT A LEVEL]
	at org.elasticsearch.common.settings.Setting$Updater.getValue(Setting.java:1021) ~[main/:?]
	at org.elasticsearch.common.settings.AbstractScopedSettings$SettingUpdater.updater(AbstractScopedSettings.java:608) ~[main/:?]
	at org.elasticsearch.common.settings.AbstractScopedSettings.applySettings(AbstractScopedSettings.java:184) [main/:?]
	at org.elasticsearch.index.IndexSettings.updateIndexMetaData(IndexSettings.java:716) [main/:?]
	at org.elasticsearch.index.IndexingSlowLogTests.testLevelSetting(IndexingSlowLogTests.java:190) [test/:?]
	at jdk.internal.reflect.NativeMethodAccessorImpl.invoke0(Native Method) ~[?:?]
	at jdk.internal.reflect.NativeMethodAccessorImpl.invoke(NativeMethodAccessorImpl.java:62) ~[?:?]
	at jdk.internal.reflect.DelegatingMethodAccessorImpl.invoke(DelegatingMethodAccessorImpl.java:43) ~[?:?]
	at java.lang.reflect.Method.invoke(Method.java:567) ~[?:?]
	at com.carrotsearch.randomizedtesting.RandomizedRunner.invoke(RandomizedRunner.java:1750) [randomizedtesting-runner-2.7.1.jar:?]
	at com.carrotsearch.randomizedtesting.RandomizedRunner$8.evaluate(RandomizedRunner.java:938) [randomizedtesting-runner-2.7.1.jar:?]
	at com.carrotsearch.randomizedtesting.RandomizedRunner$9.evaluate(RandomizedRunner.java:974) [randomizedtesting-runner-2.7.1.jar:?]
	at com.carrotsearch.randomizedtesting.RandomizedRunner$10.evaluate(RandomizedRunner.java:988) [randomizedtesting-runner-2.7.1.jar:?]
	at com.carrotsearch.randomizedtesting.rules.StatementAdapter.evaluate(StatementAdapter.java:36) [randomizedtesting-runner-2.7.1.jar:?]
	at org.apache.lucene.util.TestRuleSetupTeardownChained$1.evaluate(TestRuleSetupTeardownChained.java:49) [lucene-test-framework-8.3.0.jar:8.3.0 2aa586909b911e66e1d8863aa89f173d69f86cd2 - ishan - 2019-10-25 23:10:05]
	at org.apache.lucene.util.AbstractBeforeAfterRule$1.evaluate(AbstractBeforeAfterRule.java:45) [lucene-test-framework-8.3.0.jar:8.3.0 2aa586909b911e66e1d8863aa89f173d69f86cd2 - ishan - 2019-10-25 23:10:05]
	at org.apache.lucene.util.TestRuleThreadAndTestName$1.evaluate(TestRuleThreadAndTestName.java:48) [lucene-test-framework-8.3.0.jar:8.3.0 2aa586909b911e66e1d8863aa89f173d69f86cd2 - ishan - 2019-10-25 23:10:05]
	at org.apache.lucene.util.TestRuleIgnoreAfterMaxFailures$1.evaluate(TestRuleIgnoreAfterMaxFailures.java:64) [lucene-test-framework-8.3.0.jar:8.3.0 2aa586909b911e66e1d8863aa89f173d69f86cd2 - ishan - 2019-10-25 23:10:05]
	at org.apache.lucene.util.TestRuleMarkFailure$1.evaluate(TestRuleMarkFailure.java:47) [lucene-test-framework-8.3.0.jar:8.3.0 2aa586909b911e66e1d8863aa89f173d69f86cd2 - ishan - 2019-10-25 23:10:05]
	at com.carrotsearch.randomizedtesting.rules.StatementAdapter.evaluate(StatementAdapter.java:36) [randomizedtesting-runner-2.7.1.jar:?]
	at com.carrotsearch.randomizedtesting.ThreadLeakControl$StatementRunner.run(ThreadLeakControl.java:368) [randomizedtesting-runner-2.7.1.jar:?]
	at com.carrotsearch.randomizedtesting.ThreadLeakControl.forkTimeoutingTask(ThreadLeakControl.java:817) [randomizedtesting-runner-2.7.1.jar:?]
	at com.carrotsearch.randomizedtesting.ThreadLeakControl$3.evaluate(ThreadLeakControl.java:468) [randomizedtesting-runner-2.7.1.jar:?]
	at com.carrotsearch.randomizedtesting.RandomizedRunner.runSingleTest(RandomizedRunner.java:947) [randomizedtesting-runner-2.7.1.jar:?]
	at com.carrotsearch.randomizedtesting.RandomizedRunner$5.evaluate(RandomizedRunner.java:832) [randomizedtesting-runner-2.7.1.jar:?]
	at com.carrotsearch.randomizedtesting.RandomizedRunner$6.evaluate(RandomizedRunner.java:883) [randomizedtesting-runner-2.7.1.jar:?]
	at com.carrotsearch.randomizedtesting.RandomizedRunner$7.evaluate(RandomizedRunner.java:894) [randomizedtesting-runner-2.7.1.jar:?]
	at org.apache.lucene.util.AbstractBeforeAfterRule$1.evaluate(AbstractBeforeAfterRule.java:45) [lucene-test-framework-8.3.0.jar:8.3.0 2aa586909b911e66e1d8863aa89f173d69f86cd2 - ishan - 2019-10-25 23:10:05]
	at com.carrotsearch.randomizedtesting.rules.StatementAdapter.evaluate(StatementAdapter.java:36) [randomizedtesting-runner-2.7.1.jar:?]
	at org.apache.lucene.util.TestRuleStoreClassName$1.evaluate(TestRuleStoreClassName.java:41) [lucene-test-framework-8.3.0.jar:8.3.0 2aa586909b911e66e1d8863aa89f173d69f86cd2 - ishan - 2019-10-25 23:10:05]
	at com.carrotsearch.randomizedtesting.rules.NoShadowingOrOverridesOnMethodsRule$1.evaluate(NoShadowingOrOverridesOnMethodsRule.java:40) [randomizedtesting-runner-2.7.1.jar:?]
	at com.carrotsearch.randomizedtesting.rules.NoShadowingOrOverridesOnMethodsRule$1.evaluate(NoShadowingOrOverridesOnMethodsRule.java:40) [randomizedtesting-runner-2.7.1.jar:?]
	at com.carrotsearch.randomizedtesting.rules.StatementAdapter.evaluate(StatementAdapter.java:36) [randomizedtesting-runner-2.7.1.jar:?]
	at com.carrotsearch.randomizedtesting.rules.StatementAdapter.evaluate(StatementAdapter.java:36) [randomizedtesting-runner-2.7.1.jar:?]
	at org.apache.lucene.util.TestRuleAssertionsRequired$1.evaluate(TestRuleAssertionsRequired.java:53) [lucene-test-framework-8.3.0.jar:8.3.0 2aa586909b911e66e1d8863aa89f173d69f86cd2 - ishan - 2019-10-25 23:10:05]
	at org.apache.lucene.util.TestRuleMarkFailure$1.evaluate(TestRuleMarkFailure.java:47) [lucene-test-framework-8.3.0.jar:8.3.0 2aa586909b911e66e1d8863aa89f173d69f86cd2 - ishan - 2019-10-25 23:10:05]
	at org.apache.lucene.util.TestRuleIgnoreAfterMaxFailures$1.evaluate(TestRuleIgnoreAfterMaxFailures.java:64) [lucene-test-framework-8.3.0.jar:8.3.0 2aa586909b911e66e1d8863aa89f173d69f86cd2 - ishan - 2019-10-25 23:10:05]
	at org.apache.lucene.util.TestRuleIgnoreTestSuites$1.evaluate(TestRuleIgnoreTestSuites.java:54) [lucene-test-framework-8.3.0.jar:8.3.0 2aa586909b911e66e1d8863aa89f173d69f86cd2 - ishan - 2019-10-25 23:10:05]
	at com.carrotsearch.randomizedtesting.rules.StatementAdapter.evaluate(StatementAdapter.java:36) [randomizedtesting-runner-2.7.1.jar:?]
	at com.carrotsearch.randomizedtesting.ThreadLeakControl$StatementRunner.run(ThreadLeakControl.java:368) [randomizedtesting-runner-2.7.1.jar:?]
	at java.lang.Thread.run(Thread.java:835) [?:?]
Caused by: java.lang.IllegalArgumentException: No enum constant org.elasticsearch.index.SlowLogLevel.NOT A LEVEL
	at java.lang.Enum.valueOf(Enum.java:264) ~[?:?]
	at org.elasticsearch.index.SlowLogLevel.valueOf(SlowLogLevel.java:23) ~[main/:?]
	at org.elasticsearch.index.SlowLogLevel.parse(SlowLogLevel.java:26) ~[main/:?]
	at org.elasticsearch.common.settings.Setting.get(Setting.java:432) ~[main/:?]
	at org.elasticsearch.common.settings.Setting.get(Setting.java:426) ~[main/:?]
	at org.elasticsearch.common.settings.Setting$Updater.getValue(Setting.java:1014) ~[main/:?]
	... 40 more
[2020-02-16T15:22:49,558][WARN ][o.e.c.s.IndexScopedSettings] [testLevelSetting] failed to apply settings
java.lang.IllegalArgumentException: illegal value can't update [index.indexing.slowlog.level] from [TRACE] to [NOT A LEVEL]
	at org.elasticsearch.common.settings.Setting$Updater.getValue(Setting.java:1021) ~[main/:?]
	at org.elasticsearch.common.settings.AbstractScopedSettings$SettingUpdater.updater(AbstractScopedSettings.java:608) ~[main/:?]
	at org.elasticsearch.common.settings.AbstractScopedSettings.applySettings(AbstractScopedSettings.java:184) [main/:?]
	at org.elasticsearch.index.IndexSettings.updateIndexMetaData(IndexSettings.java:716) [main/:?]
	at org.elasticsearch.index.IndexingSlowLogTests.testLevelSetting(IndexingSlowLogTests.java:190) [test/:?]
	at jdk.internal.reflect.NativeMethodAccessorImpl.invoke0(Native Method) ~[?:?]
	at jdk.internal.reflect.NativeMethodAccessorImpl.invoke(NativeMethodAccessorImpl.java:62) ~[?:?]
	at jdk.internal.reflect.DelegatingMethodAccessorImpl.invoke(DelegatingMethodAccessorImpl.java:43) ~[?:?]
	at java.lang.reflect.Method.invoke(Method.java:567) ~[?:?]
	at com.carrotsearch.randomizedtesting.RandomizedRunner.invoke(RandomizedRunner.java:1750) [randomizedtesting-runner-2.7.1.jar:?]
	at com.carrotsearch.randomizedtesting.RandomizedRunner$8.evaluate(RandomizedRunner.java:938) [randomizedtesting-runner-2.7.1.jar:?]
	at com.carrotsearch.randomizedtesting.RandomizedRunner$9.evaluate(RandomizedRunner.java:974) [randomizedtesting-runner-2.7.1.jar:?]
	at com.carrotsearch.randomizedtesting.RandomizedRunner$10.evaluate(RandomizedRunner.java:988) [randomizedtesting-runner-2.7.1.jar:?]
	at com.carrotsearch.randomizedtesting.rules.StatementAdapter.evaluate(StatementAdapter.java:36) [randomizedtesting-runner-2.7.1.jar:?]
	at org.apache.lucene.util.TestRuleSetupTeardownChained$1.evaluate(TestRuleSetupTeardownChained.java:49) [lucene-test-framework-8.3.0.jar:8.3.0 2aa586909b911e66e1d8863aa89f173d69f86cd2 - ishan - 2019-10-25 23:10:05]
	at org.apache.lucene.util.AbstractBeforeAfterRule$1.evaluate(AbstractBeforeAfterRule.java:45) [lucene-test-framework-8.3.0.jar:8.3.0 2aa586909b911e66e1d8863aa89f173d69f86cd2 - ishan - 2019-10-25 23:10:05]
	at org.apache.lucene.util.TestRuleThreadAndTestName$1.evaluate(TestRuleThreadAndTestName.java:48) [lucene-test-framework-8.3.0.jar:8.3.0 2aa586909b911e66e1d8863aa89f173d69f86cd2 - ishan - 2019-10-25 23:10:05]
	at org.apache.lucene.util.TestRuleIgnoreAfterMaxFailures$1.evaluate(TestRuleIgnoreAfterMaxFailures.java:64) [lucene-test-framework-8.3.0.jar:8.3.0 2aa586909b911e66e1d8863aa89f173d69f86cd2 - ishan - 2019-10-25 23:10:05]
	at org.apache.lucene.util.TestRuleMarkFailure$1.evaluate(TestRuleMarkFailure.java:47) [lucene-test-framework-8.3.0.jar:8.3.0 2aa586909b911e66e1d8863aa89f173d69f86cd2 - ishan - 2019-10-25 23:10:05]
	at com.carrotsearch.randomizedtesting.rules.StatementAdapter.evaluate(StatementAdapter.java:36) [randomizedtesting-runner-2.7.1.jar:?]
	at com.carrotsearch.randomizedtesting.ThreadLeakControl$StatementRunner.run(ThreadLeakControl.java:368) [randomizedtesting-runner-2.7.1.jar:?]
	at com.carrotsearch.randomizedtesting.ThreadLeakControl.forkTimeoutingTask(ThreadLeakControl.java:817) [randomizedtesting-runner-2.7.1.jar:?]
	at com.carrotsearch.randomizedtesting.ThreadLeakControl$3.evaluate(ThreadLeakControl.java:468) [randomizedtesting-runner-2.7.1.jar:?]
	at com.carrotsearch.randomizedtesting.RandomizedRunner.runSingleTest(RandomizedRunner.java:947) [randomizedtesting-runner-2.7.1.jar:?]
	at com.carrotsearch.randomizedtesting.RandomizedRunner$5.evaluate(RandomizedRunner.java:832) [randomizedtesting-runner-2.7.1.jar:?]
	at com.carrotsearch.randomizedtesting.RandomizedRunner$6.evaluate(RandomizedRunner.java:883) [randomizedtesting-runner-2.7.1.jar:?]
	at com.carrotsearch.randomizedtesting.RandomizedRunner$7.evaluate(RandomizedRunner.java:894) [randomizedtesting-runner-2.7.1.jar:?]
	at org.apache.lucene.util.AbstractBeforeAfterRule$1.evaluate(AbstractBeforeAfterRule.java:45) [lucene-test-framework-8.3.0.jar:8.3.0 2aa586909b911e66e1d8863aa89f173d69f86cd2 - ishan - 2019-10-25 23:10:05]
	at com.carrotsearch.randomizedtesting.rules.StatementAdapter.evaluate(StatementAdapter.java:36) [randomizedtesting-runner-2.7.1.jar:?]
	at org.apache.lucene.util.TestRuleStoreClassName$1.evaluate(TestRuleStoreClassName.java:41) [lucene-test-framework-8.3.0.jar:8.3.0 2aa586909b911e66e1d8863aa89f173d69f86cd2 - ishan - 2019-10-25 23:10:05]
	at com.carrotsearch.randomizedtesting.rules.NoShadowingOrOverridesOnMethodsRule$1.evaluate(NoShadowingOrOverridesOnMethodsRule.java:40) [randomizedtesting-runner-2.7.1.jar:?]
	at com.carrotsearch.randomizedtesting.rules.NoShadowingOrOverridesOnMethodsRule$1.evaluate(NoShadowingOrOverridesOnMethodsRule.java:40) [randomizedtesting-runner-2.7.1.jar:?]
	at com.carrotsearch.randomizedtesting.rules.StatementAdapter.evaluate(StatementAdapter.java:36) [randomizedtesting-runner-2.7.1.jar:?]
	at com.carrotsearch.randomizedtesting.rules.StatementAdapter.evaluate(StatementAdapter.java:36) [randomizedtesting-runner-2.7.1.jar:?]
	at org.apache.lucene.util.TestRuleAssertionsRequired$1.evaluate(TestRuleAssertionsRequired.java:53) [lucene-test-framework-8.3.0.jar:8.3.0 2aa586909b911e66e1d8863aa89f173d69f86cd2 - ishan - 2019-10-25 23:10:05]
	at org.apache.lucene.util.TestRuleMarkFailure$1.evaluate(TestRuleMarkFailure.java:47) [lucene-test-framework-8.3.0.jar:8.3.0 2aa586909b911e66e1d8863aa89f173d69f86cd2 - ishan - 2019-10-25 23:10:05]
	at org.apache.lucene.util.TestRuleIgnoreAfterMaxFailures$1.evaluate(TestRuleIgnoreAfterMaxFailures.java:64) [lucene-test-framework-8.3.0.jar:8.3.0 2aa586909b911e66e1d8863aa89f173d69f86cd2 - ishan - 2019-10-25 23:10:05]
	at org.apache.lucene.util.TestRuleIgnoreTestSuites$1.evaluate(TestRuleIgnoreTestSuites.java:54) [lucene-test-framework-8.3.0.jar:8.3.0 2aa586909b911e66e1d8863aa89f173d69f86cd2 - ishan - 2019-10-25 23:10:05]
	at com.carrotsearch.randomizedtesting.rules.StatementAdapter.evaluate(StatementAdapter.java:36) [randomizedtesting-runner-2.7.1.jar:?]
	at com.carrotsearch.randomizedtesting.ThreadLeakControl$StatementRunner.run(ThreadLeakControl.java:368) [randomizedtesting-runner-2.7.1.jar:?]
	at java.lang.Thread.run(Thread.java:835) [?:?]
Caused by: java.lang.IllegalArgumentException: No enum constant org.elasticsearch.index.SlowLogLevel.NOT A LEVEL
	at java.lang.Enum.valueOf(Enum.java:264) ~[?:?]
	at org.elasticsearch.index.SlowLogLevel.valueOf(SlowLogLevel.java:23) ~[main/:?]
	at org.elasticsearch.index.SlowLogLevel.parse(SlowLogLevel.java:26) ~[main/:?]
	at org.elasticsearch.common.settings.Setting.get(Setting.java:432) ~[main/:?]
	at org.elasticsearch.common.settings.Setting.get(Setting.java:426) ~[main/:?]
	at org.elasticsearch.common.settings.Setting$Updater.getValue(Setting.java:1014) ~[main/:?]
	... 40 more
[2020-02-16T15:22:49,559][INFO ][o.e.i.IndexingSlowLogTests] [testLevelSetting] after test
[2020-02-16T15:22:49,565][INFO ][o.e.i.IndexingSlowLogTests] [testSetLevels] before test
[2020-02-16T15:22:49,566][INFO ][o.e.c.s.IndexScopedSettings] [testSetLevels] updating [index.indexing.slowlog.threshold.index.warn] from [400ms] to [420ms]
[2020-02-16T15:22:49,566][INFO ][o.e.c.s.IndexScopedSettings] [testSetLevels] updating [index.indexing.slowlog.threshold.index.info] from [300ms] to [320ms]
[2020-02-16T15:22:49,566][INFO ][o.e.c.s.IndexScopedSettings] [testSetLevels] updating [index.indexing.slowlog.threshold.index.debug] from [200ms] to [220ms]
[2020-02-16T15:22:49,566][INFO ][o.e.c.s.IndexScopedSettings] [testSetLevels] updating [index.indexing.slowlog.threshold.index.trace] from [100ms] to [120ms]
[2020-02-16T15:22:49,566][INFO ][o.e.c.s.IndexScopedSettings] [testSetLevels] updating [index.indexing.slowlog.threshold.index.warn] from [420ms] to [-1]
[2020-02-16T15:22:49,566][INFO ][o.e.c.s.IndexScopedSettings] [testSetLevels] updating [index.indexing.slowlog.threshold.index.info] from [320ms] to [-1]
[2020-02-16T15:22:49,566][INFO ][o.e.c.s.IndexScopedSettings] [testSetLevels] updating [index.indexing.slowlog.threshold.index.debug] from [220ms] to [-1]
[2020-02-16T15:22:49,566][INFO ][o.e.c.s.IndexScopedSettings] [testSetLevels] updating [index.indexing.slowlog.threshold.index.trace] from [120ms] to [-1]
[2020-02-16T15:22:49,567][WARN ][o.e.c.s.IndexScopedSettings] [testSetLevels] failed to prepareCommit settings for [Updater for: {
  "key" : "index.indexing.slowlog.threshold.index.trace",
  "properties" : [
    "Dynamic",
    "IndexScope"
  ],
  "is_group_setting" : false,
  "default" : "-1"
}]
java.lang.IllegalArgumentException: illegal value can't update [index.indexing.slowlog.threshold.index.trace] from [-1] to [NOT A TIME VALUE]
	at org.elasticsearch.common.settings.Setting$Updater.getValue(Setting.java:1021) ~[main/:?]
	at org.elasticsearch.common.settings.AbstractScopedSettings$SettingUpdater.updater(AbstractScopedSettings.java:608) ~[main/:?]
	at org.elasticsearch.common.settings.AbstractScopedSettings.applySettings(AbstractScopedSettings.java:184) [main/:?]
	at org.elasticsearch.index.IndexSettings.updateIndexMetaData(IndexSettings.java:716) [main/:?]
	at org.elasticsearch.index.IndexingSlowLogTests.testSetLevels(IndexingSlowLogTests.java:248) [test/:?]
	at jdk.internal.reflect.NativeMethodAccessorImpl.invoke0(Native Method) ~[?:?]
	at jdk.internal.reflect.NativeMethodAccessorImpl.invoke(NativeMethodAccessorImpl.java:62) ~[?:?]
	at jdk.internal.reflect.DelegatingMethodAccessorImpl.invoke(DelegatingMethodAccessorImpl.java:43) ~[?:?]
	at java.lang.reflect.Method.invoke(Method.java:567) ~[?:?]
	at com.carrotsearch.randomizedtesting.RandomizedRunner.invoke(RandomizedRunner.java:1750) [randomizedtesting-runner-2.7.1.jar:?]
	at com.carrotsearch.randomizedtesting.RandomizedRunner$8.evaluate(RandomizedRunner.java:938) [randomizedtesting-runner-2.7.1.jar:?]
	at com.carrotsearch.randomizedtesting.RandomizedRunner$9.evaluate(RandomizedRunner.java:974) [randomizedtesting-runner-2.7.1.jar:?]
	at com.carrotsearch.randomizedtesting.RandomizedRunner$10.evaluate(RandomizedRunner.java:988) [randomizedtesting-runner-2.7.1.jar:?]
	at com.carrotsearch.randomizedtesting.rules.StatementAdapter.evaluate(StatementAdapter.java:36) [randomizedtesting-runner-2.7.1.jar:?]
	at org.apache.lucene.util.TestRuleSetupTeardownChained$1.evaluate(TestRuleSetupTeardownChained.java:49) [lucene-test-framework-8.3.0.jar:8.3.0 2aa586909b911e66e1d8863aa89f173d69f86cd2 - ishan - 2019-10-25 23:10:05]
	at org.apache.lucene.util.AbstractBeforeAfterRule$1.evaluate(AbstractBeforeAfterRule.java:45) [lucene-test-framework-8.3.0.jar:8.3.0 2aa586909b911e66e1d8863aa89f173d69f86cd2 - ishan - 2019-10-25 23:10:05]
	at org.apache.lucene.util.TestRuleThreadAndTestName$1.evaluate(TestRuleThreadAndTestName.java:48) [lucene-test-framework-8.3.0.jar:8.3.0 2aa586909b911e66e1d8863aa89f173d69f86cd2 - ishan - 2019-10-25 23:10:05]
	at org.apache.lucene.util.TestRuleIgnoreAfterMaxFailures$1.evaluate(TestRuleIgnoreAfterMaxFailures.java:64) [lucene-test-framework-8.3.0.jar:8.3.0 2aa586909b911e66e1d8863aa89f173d69f86cd2 - ishan - 2019-10-25 23:10:05]
	at org.apache.lucene.util.TestRuleMarkFailure$1.evaluate(TestRuleMarkFailure.java:47) [lucene-test-framework-8.3.0.jar:8.3.0 2aa586909b911e66e1d8863aa89f173d69f86cd2 - ishan - 2019-10-25 23:10:05]
	at com.carrotsearch.randomizedtesting.rules.StatementAdapter.evaluate(StatementAdapter.java:36) [randomizedtesting-runner-2.7.1.jar:?]
	at com.carrotsearch.randomizedtesting.ThreadLeakControl$StatementRunner.run(ThreadLeakControl.java:368) [randomizedtesting-runner-2.7.1.jar:?]
	at com.carrotsearch.randomizedtesting.ThreadLeakControl.forkTimeoutingTask(ThreadLeakControl.java:817) [randomizedtesting-runner-2.7.1.jar:?]
	at com.carrotsearch.randomizedtesting.ThreadLeakControl$3.evaluate(ThreadLeakControl.java:468) [randomizedtesting-runner-2.7.1.jar:?]
	at com.carrotsearch.randomizedtesting.RandomizedRunner.runSingleTest(RandomizedRunner.java:947) [randomizedtesting-runner-2.7.1.jar:?]
	at com.carrotsearch.randomizedtesting.RandomizedRunner$5.evaluate(RandomizedRunner.java:832) [randomizedtesting-runner-2.7.1.jar:?]
	at com.carrotsearch.randomizedtesting.RandomizedRunner$6.evaluate(RandomizedRunner.java:883) [randomizedtesting-runner-2.7.1.jar:?]
	at com.carrotsearch.randomizedtesting.RandomizedRunner$7.evaluate(RandomizedRunner.java:894) [randomizedtesting-runner-2.7.1.jar:?]
	at org.apache.lucene.util.AbstractBeforeAfterRule$1.evaluate(AbstractBeforeAfterRule.java:45) [lucene-test-framework-8.3.0.jar:8.3.0 2aa586909b911e66e1d8863aa89f173d69f86cd2 - ishan - 2019-10-25 23:10:05]
	at com.carrotsearch.randomizedtesting.rules.StatementAdapter.evaluate(StatementAdapter.java:36) [randomizedtesting-runner-2.7.1.jar:?]
	at org.apache.lucene.util.TestRuleStoreClassName$1.evaluate(TestRuleStoreClassName.java:41) [lucene-test-framework-8.3.0.jar:8.3.0 2aa586909b911e66e1d8863aa89f173d69f86cd2 - ishan - 2019-10-25 23:10:05]
	at com.carrotsearch.randomizedtesting.rules.NoShadowingOrOverridesOnMethodsRule$1.evaluate(NoShadowingOrOverridesOnMethodsRule.java:40) [randomizedtesting-runner-2.7.1.jar:?]
	at com.carrotsearch.randomizedtesting.rules.NoShadowingOrOverridesOnMethodsRule$1.evaluate(NoShadowingOrOverridesOnMethodsRule.java:40) [randomizedtesting-runner-2.7.1.jar:?]
	at com.carrotsearch.randomizedtesting.rules.StatementAdapter.evaluate(StatementAdapter.java:36) [randomizedtesting-runner-2.7.1.jar:?]
	at com.carrotsearch.randomizedtesting.rules.StatementAdapter.evaluate(StatementAdapter.java:36) [randomizedtesting-runner-2.7.1.jar:?]
	at org.apache.lucene.util.TestRuleAssertionsRequired$1.evaluate(TestRuleAssertionsRequired.java:53) [lucene-test-framework-8.3.0.jar:8.3.0 2aa586909b911e66e1d8863aa89f173d69f86cd2 - ishan - 2019-10-25 23:10:05]
	at org.apache.lucene.util.TestRuleMarkFailure$1.evaluate(TestRuleMarkFailure.java:47) [lucene-test-framework-8.3.0.jar:8.3.0 2aa586909b911e66e1d8863aa89f173d69f86cd2 - ishan - 2019-10-25 23:10:05]
	at org.apache.lucene.util.TestRuleIgnoreAfterMaxFailures$1.evaluate(TestRuleIgnoreAfterMaxFailures.java:64) [lucene-test-framework-8.3.0.jar:8.3.0 2aa586909b911e66e1d8863aa89f173d69f86cd2 - ishan - 2019-10-25 23:10:05]
	at org.apache.lucene.util.TestRuleIgnoreTestSuites$1.evaluate(TestRuleIgnoreTestSuites.java:54) [lucene-test-framework-8.3.0.jar:8.3.0 2aa586909b911e66e1d8863aa89f173d69f86cd2 - ishan - 2019-10-25 23:10:05]
	at com.carrotsearch.randomizedtesting.rules.StatementAdapter.evaluate(StatementAdapter.java:36) [randomizedtesting-runner-2.7.1.jar:?]
	at com.carrotsearch.randomizedtesting.ThreadLeakControl$StatementRunner.run(ThreadLeakControl.java:368) [randomizedtesting-runner-2.7.1.jar:?]
	at java.lang.Thread.run(Thread.java:835) [?:?]
Caused by: java.lang.IllegalArgumentException: failed to parse setting [index.indexing.slowlog.threshold.index.trace] with value [NOT A TIME VALUE] as a time value: unit is missing or unrecognized
	at org.elasticsearch.common.unit.TimeValue.parseTimeValue(TimeValue.java:381) ~[elasticsearch-core-7.5.1-SNAPSHOT.jar:7.5.1-SNAPSHOT]
	at org.elasticsearch.common.settings.Setting.lambda$minTimeValueParser$44(Setting.java:1475) ~[main/:?]
	at org.elasticsearch.common.settings.Setting.get(Setting.java:432) ~[main/:?]
	at org.elasticsearch.common.settings.Setting.get(Setting.java:426) ~[main/:?]
	at org.elasticsearch.common.settings.Setting$Updater.getValue(Setting.java:1014) ~[main/:?]
	... 40 more
[2020-02-16T15:22:49,568][WARN ][o.e.c.s.IndexScopedSettings] [testSetLevels] failed to apply settings
java.lang.IllegalArgumentException: illegal value can't update [index.indexing.slowlog.threshold.index.trace] from [-1] to [NOT A TIME VALUE]
	at org.elasticsearch.common.settings.Setting$Updater.getValue(Setting.java:1021) ~[main/:?]
	at org.elasticsearch.common.settings.AbstractScopedSettings$SettingUpdater.updater(AbstractScopedSettings.java:608) ~[main/:?]
	at org.elasticsearch.common.settings.AbstractScopedSettings.applySettings(AbstractScopedSettings.java:184) [main/:?]
	at org.elasticsearch.index.IndexSettings.updateIndexMetaData(IndexSettings.java:716) [main/:?]
	at org.elasticsearch.index.IndexingSlowLogTests.testSetLevels(IndexingSlowLogTests.java:248) [test/:?]
	at jdk.internal.reflect.NativeMethodAccessorImpl.invoke0(Native Method) ~[?:?]
	at jdk.internal.reflect.NativeMethodAccessorImpl.invoke(NativeMethodAccessorImpl.java:62) ~[?:?]
	at jdk.internal.reflect.DelegatingMethodAccessorImpl.invoke(DelegatingMethodAccessorImpl.java:43) ~[?:?]
	at java.lang.reflect.Method.invoke(Method.java:567) ~[?:?]
	at com.carrotsearch.randomizedtesting.RandomizedRunner.invoke(RandomizedRunner.java:1750) [randomizedtesting-runner-2.7.1.jar:?]
	at com.carrotsearch.randomizedtesting.RandomizedRunner$8.evaluate(RandomizedRunner.java:938) [randomizedtesting-runner-2.7.1.jar:?]
	at com.carrotsearch.randomizedtesting.RandomizedRunner$9.evaluate(RandomizedRunner.java:974) [randomizedtesting-runner-2.7.1.jar:?]
	at com.carrotsearch.randomizedtesting.RandomizedRunner$10.evaluate(RandomizedRunner.java:988) [randomizedtesting-runner-2.7.1.jar:?]
	at com.carrotsearch.randomizedtesting.rules.StatementAdapter.evaluate(StatementAdapter.java:36) [randomizedtesting-runner-2.7.1.jar:?]
	at org.apache.lucene.util.TestRuleSetupTeardownChained$1.evaluate(TestRuleSetupTeardownChained.java:49) [lucene-test-framework-8.3.0.jar:8.3.0 2aa586909b911e66e1d8863aa89f173d69f86cd2 - ishan - 2019-10-25 23:10:05]
	at org.apache.lucene.util.AbstractBeforeAfterRule$1.evaluate(AbstractBeforeAfterRule.java:45) [lucene-test-framework-8.3.0.jar:8.3.0 2aa586909b911e66e1d8863aa89f173d69f86cd2 - ishan - 2019-10-25 23:10:05]
	at org.apache.lucene.util.TestRuleThreadAndTestName$1.evaluate(TestRuleThreadAndTestName.java:48) [lucene-test-framework-8.3.0.jar:8.3.0 2aa586909b911e66e1d8863aa89f173d69f86cd2 - ishan - 2019-10-25 23:10:05]
	at org.apache.lucene.util.TestRuleIgnoreAfterMaxFailures$1.evaluate(TestRuleIgnoreAfterMaxFailures.java:64) [lucene-test-framework-8.3.0.jar:8.3.0 2aa586909b911e66e1d8863aa89f173d69f86cd2 - ishan - 2019-10-25 23:10:05]
	at org.apache.lucene.util.TestRuleMarkFailure$1.evaluate(TestRuleMarkFailure.java:47) [lucene-test-framework-8.3.0.jar:8.3.0 2aa586909b911e66e1d8863aa89f173d69f86cd2 - ishan - 2019-10-25 23:10:05]
	at com.carrotsearch.randomizedtesting.rules.StatementAdapter.evaluate(StatementAdapter.java:36) [randomizedtesting-runner-2.7.1.jar:?]
	at com.carrotsearch.randomizedtesting.ThreadLeakControl$StatementRunner.run(ThreadLeakControl.java:368) [randomizedtesting-runner-2.7.1.jar:?]
	at com.carrotsearch.randomizedtesting.ThreadLeakControl.forkTimeoutingTask(ThreadLeakControl.java:817) [randomizedtesting-runner-2.7.1.jar:?]
	at com.carrotsearch.randomizedtesting.ThreadLeakControl$3.evaluate(ThreadLeakControl.java:468) [randomizedtesting-runner-2.7.1.jar:?]
	at com.carrotsearch.randomizedtesting.RandomizedRunner.runSingleTest(RandomizedRunner.java:947) [randomizedtesting-runner-2.7.1.jar:?]
	at com.carrotsearch.randomizedtesting.RandomizedRunner$5.evaluate(RandomizedRunner.java:832) [randomizedtesting-runner-2.7.1.jar:?]
	at com.carrotsearch.randomizedtesting.RandomizedRunner$6.evaluate(RandomizedRunner.java:883) [randomizedtesting-runner-2.7.1.jar:?]
	at com.carrotsearch.randomizedtesting.RandomizedRunner$7.evaluate(RandomizedRunner.java:894) [randomizedtesting-runner-2.7.1.jar:?]
	at org.apache.lucene.util.AbstractBeforeAfterRule$1.evaluate(AbstractBeforeAfterRule.java:45) [lucene-test-framework-8.3.0.jar:8.3.0 2aa586909b911e66e1d8863aa89f173d69f86cd2 - ishan - 2019-10-25 23:10:05]
	at com.carrotsearch.randomizedtesting.rules.StatementAdapter.evaluate(StatementAdapter.java:36) [randomizedtesting-runner-2.7.1.jar:?]
	at org.apache.lucene.util.TestRuleStoreClassName$1.evaluate(TestRuleStoreClassName.java:41) [lucene-test-framework-8.3.0.jar:8.3.0 2aa586909b911e66e1d8863aa89f173d69f86cd2 - ishan - 2019-10-25 23:10:05]
	at com.carrotsearch.randomizedtesting.rules.NoShadowingOrOverridesOnMethodsRule$1.evaluate(NoShadowingOrOverridesOnMethodsRule.java:40) [randomizedtesting-runner-2.7.1.jar:?]
	at com.carrotsearch.randomizedtesting.rules.NoShadowingOrOverridesOnMethodsRule$1.evaluate(NoShadowingOrOverridesOnMethodsRule.java:40) [randomizedtesting-runner-2.7.1.jar:?]
	at com.carrotsearch.randomizedtesting.rules.StatementAdapter.evaluate(StatementAdapter.java:36) [randomizedtesting-runner-2.7.1.jar:?]
	at com.carrotsearch.randomizedtesting.rules.StatementAdapter.evaluate(StatementAdapter.java:36) [randomizedtesting-runner-2.7.1.jar:?]
	at org.apache.lucene.util.TestRuleAssertionsRequired$1.evaluate(TestRuleAssertionsRequired.java:53) [lucene-test-framework-8.3.0.jar:8.3.0 2aa586909b911e66e1d8863aa89f173d69f86cd2 - ishan - 2019-10-25 23:10:05]
	at org.apache.lucene.util.TestRuleMarkFailure$1.evaluate(TestRuleMarkFailure.java:47) [lucene-test-framework-8.3.0.jar:8.3.0 2aa586909b911e66e1d8863aa89f173d69f86cd2 - ishan - 2019-10-25 23:10:05]
	at org.apache.lucene.util.TestRuleIgnoreAfterMaxFailures$1.evaluate(TestRuleIgnoreAfterMaxFailures.java:64) [lucene-test-framework-8.3.0.jar:8.3.0 2aa586909b911e66e1d8863aa89f173d69f86cd2 - ishan - 2019-10-25 23:10:05]
	at org.apache.lucene.util.TestRuleIgnoreTestSuites$1.evaluate(TestRuleIgnoreTestSuites.java:54) [lucene-test-framework-8.3.0.jar:8.3.0 2aa586909b911e66e1d8863aa89f173d69f86cd2 - ishan - 2019-10-25 23:10:05]
	at com.carrotsearch.randomizedtesting.rules.StatementAdapter.evaluate(StatementAdapter.java:36) [randomizedtesting-runner-2.7.1.jar:?]
	at com.carrotsearch.randomizedtesting.ThreadLeakControl$StatementRunner.run(ThreadLeakControl.java:368) [randomizedtesting-runner-2.7.1.jar:?]
	at java.lang.Thread.run(Thread.java:835) [?:?]
Caused by: java.lang.IllegalArgumentException: failed to parse setting [index.indexing.slowlog.threshold.index.trace] with value [NOT A TIME VALUE] as a time value: unit is missing or unrecognized
	at org.elasticsearch.common.unit.TimeValue.parseTimeValue(TimeValue.java:381) ~[elasticsearch-core-7.5.1-SNAPSHOT.jar:7.5.1-SNAPSHOT]
	at org.elasticsearch.common.settings.Setting.lambda$minTimeValueParser$44(Setting.java:1475) ~[main/:?]
	at org.elasticsearch.common.settings.Setting.get(Setting.java:432) ~[main/:?]
	at org.elasticsearch.common.settings.Setting.get(Setting.java:426) ~[main/:?]
	at org.elasticsearch.common.settings.Setting$Updater.getValue(Setting.java:1014) ~[main/:?]
	... 40 more
[2020-02-16T15:22:49,568][WARN ][o.e.c.s.IndexScopedSettings] [testSetLevels] failed to prepareCommit settings for [Updater for: {
  "key" : "index.indexing.slowlog.threshold.index.debug",
  "properties" : [
    "Dynamic",
    "IndexScope"
  ],
  "is_group_setting" : false,
  "default" : "-1"
}]
java.lang.IllegalArgumentException: illegal value can't update [index.indexing.slowlog.threshold.index.debug] from [-1] to [NOT A TIME VALUE]
	at org.elasticsearch.common.settings.Setting$Updater.getValue(Setting.java:1021) ~[main/:?]
	at org.elasticsearch.common.settings.AbstractScopedSettings$SettingUpdater.updater(AbstractScopedSettings.java:608) ~[main/:?]
	at org.elasticsearch.common.settings.AbstractScopedSettings.applySettings(AbstractScopedSettings.java:184) [main/:?]
	at org.elasticsearch.index.IndexSettings.updateIndexMetaData(IndexSettings.java:716) [main/:?]
	at org.elasticsearch.index.IndexingSlowLogTests.testSetLevels(IndexingSlowLogTests.java:257) [test/:?]
	at jdk.internal.reflect.NativeMethodAccessorImpl.invoke0(Native Method) ~[?:?]
	at jdk.internal.reflect.NativeMethodAccessorImpl.invoke(NativeMethodAccessorImpl.java:62) ~[?:?]
	at jdk.internal.reflect.DelegatingMethodAccessorImpl.invoke(DelegatingMethodAccessorImpl.java:43) ~[?:?]
	at java.lang.reflect.Method.invoke(Method.java:567) ~[?:?]
	at com.carrotsearch.randomizedtesting.RandomizedRunner.invoke(RandomizedRunner.java:1750) [randomizedtesting-runner-2.7.1.jar:?]
	at com.carrotsearch.randomizedtesting.RandomizedRunner$8.evaluate(RandomizedRunner.java:938) [randomizedtesting-runner-2.7.1.jar:?]
	at com.carrotsearch.randomizedtesting.RandomizedRunner$9.evaluate(RandomizedRunner.java:974) [randomizedtesting-runner-2.7.1.jar:?]
	at com.carrotsearch.randomizedtesting.RandomizedRunner$10.evaluate(RandomizedRunner.java:988) [randomizedtesting-runner-2.7.1.jar:?]
	at com.carrotsearch.randomizedtesting.rules.StatementAdapter.evaluate(StatementAdapter.java:36) [randomizedtesting-runner-2.7.1.jar:?]
	at org.apache.lucene.util.TestRuleSetupTeardownChained$1.evaluate(TestRuleSetupTeardownChained.java:49) [lucene-test-framework-8.3.0.jar:8.3.0 2aa586909b911e66e1d8863aa89f173d69f86cd2 - ishan - 2019-10-25 23:10:05]
	at org.apache.lucene.util.AbstractBeforeAfterRule$1.evaluate(AbstractBeforeAfterRule.java:45) [lucene-test-framework-8.3.0.jar:8.3.0 2aa586909b911e66e1d8863aa89f173d69f86cd2 - ishan - 2019-10-25 23:10:05]
	at org.apache.lucene.util.TestRuleThreadAndTestName$1.evaluate(TestRuleThreadAndTestName.java:48) [lucene-test-framework-8.3.0.jar:8.3.0 2aa586909b911e66e1d8863aa89f173d69f86cd2 - ishan - 2019-10-25 23:10:05]
	at org.apache.lucene.util.TestRuleIgnoreAfterMaxFailures$1.evaluate(TestRuleIgnoreAfterMaxFailures.java:64) [lucene-test-framework-8.3.0.jar:8.3.0 2aa586909b911e66e1d8863aa89f173d69f86cd2 - ishan - 2019-10-25 23:10:05]
	at org.apache.lucene.util.TestRuleMarkFailure$1.evaluate(TestRuleMarkFailure.java:47) [lucene-test-framework-8.3.0.jar:8.3.0 2aa586909b911e66e1d8863aa89f173d69f86cd2 - ishan - 2019-10-25 23:10:05]
	at com.carrotsearch.randomizedtesting.rules.StatementAdapter.evaluate(StatementAdapter.java:36) [randomizedtesting-runner-2.7.1.jar:?]
	at com.carrotsearch.randomizedtesting.ThreadLeakControl$StatementRunner.run(ThreadLeakControl.java:368) [randomizedtesting-runner-2.7.1.jar:?]
	at com.carrotsearch.randomizedtesting.ThreadLeakControl.forkTimeoutingTask(ThreadLeakControl.java:817) [randomizedtesting-runner-2.7.1.jar:?]
	at com.carrotsearch.randomizedtesting.ThreadLeakControl$3.evaluate(ThreadLeakControl.java:468) [randomizedtesting-runner-2.7.1.jar:?]
	at com.carrotsearch.randomizedtesting.RandomizedRunner.runSingleTest(RandomizedRunner.java:947) [randomizedtesting-runner-2.7.1.jar:?]
	at com.carrotsearch.randomizedtesting.RandomizedRunner$5.evaluate(RandomizedRunner.java:832) [randomizedtesting-runner-2.7.1.jar:?]
	at com.carrotsearch.randomizedtesting.RandomizedRunner$6.evaluate(RandomizedRunner.java:883) [randomizedtesting-runner-2.7.1.jar:?]
	at com.carrotsearch.randomizedtesting.RandomizedRunner$7.evaluate(RandomizedRunner.java:894) [randomizedtesting-runner-2.7.1.jar:?]
	at org.apache.lucene.util.AbstractBeforeAfterRule$1.evaluate(AbstractBeforeAfterRule.java:45) [lucene-test-framework-8.3.0.jar:8.3.0 2aa586909b911e66e1d8863aa89f173d69f86cd2 - ishan - 2019-10-25 23:10:05]
	at com.carrotsearch.randomizedtesting.rules.StatementAdapter.evaluate(StatementAdapter.java:36) [randomizedtesting-runner-2.7.1.jar:?]
	at org.apache.lucene.util.TestRuleStoreClassName$1.evaluate(TestRuleStoreClassName.java:41) [lucene-test-framework-8.3.0.jar:8.3.0 2aa586909b911e66e1d8863aa89f173d69f86cd2 - ishan - 2019-10-25 23:10:05]
	at com.carrotsearch.randomizedtesting.rules.NoShadowingOrOverridesOnMethodsRule$1.evaluate(NoShadowingOrOverridesOnMethodsRule.java:40) [randomizedtesting-runner-2.7.1.jar:?]
	at com.carrotsearch.randomizedtesting.rules.NoShadowingOrOverridesOnMethodsRule$1.evaluate(NoShadowingOrOverridesOnMethodsRule.java:40) [randomizedtesting-runner-2.7.1.jar:?]
	at com.carrotsearch.randomizedtesting.rules.StatementAdapter.evaluate(StatementAdapter.java:36) [randomizedtesting-runner-2.7.1.jar:?]
	at com.carrotsearch.randomizedtesting.rules.StatementAdapter.evaluate(StatementAdapter.java:36) [randomizedtesting-runner-2.7.1.jar:?]
	at org.apache.lucene.util.TestRuleAssertionsRequired$1.evaluate(TestRuleAssertionsRequired.java:53) [lucene-test-framework-8.3.0.jar:8.3.0 2aa586909b911e66e1d8863aa89f173d69f86cd2 - ishan - 2019-10-25 23:10:05]
	at org.apache.lucene.util.TestRuleMarkFailure$1.evaluate(TestRuleMarkFailure.java:47) [lucene-test-framework-8.3.0.jar:8.3.0 2aa586909b911e66e1d8863aa89f173d69f86cd2 - ishan - 2019-10-25 23:10:05]
	at org.apache.lucene.util.TestRuleIgnoreAfterMaxFailures$1.evaluate(TestRuleIgnoreAfterMaxFailures.java:64) [lucene-test-framework-8.3.0.jar:8.3.0 2aa586909b911e66e1d8863aa89f173d69f86cd2 - ishan - 2019-10-25 23:10:05]
	at org.apache.lucene.util.TestRuleIgnoreTestSuites$1.evaluate(TestRuleIgnoreTestSuites.java:54) [lucene-test-framework-8.3.0.jar:8.3.0 2aa586909b911e66e1d8863aa89f173d69f86cd2 - ishan - 2019-10-25 23:10:05]
	at com.carrotsearch.randomizedtesting.rules.StatementAdapter.evaluate(StatementAdapter.java:36) [randomizedtesting-runner-2.7.1.jar:?]
	at com.carrotsearch.randomizedtesting.ThreadLeakControl$StatementRunner.run(ThreadLeakControl.java:368) [randomizedtesting-runner-2.7.1.jar:?]
	at java.lang.Thread.run(Thread.java:835) [?:?]
Caused by: java.lang.IllegalArgumentException: failed to parse setting [index.indexing.slowlog.threshold.index.debug] with value [NOT A TIME VALUE] as a time value: unit is missing or unrecognized
	at org.elasticsearch.common.unit.TimeValue.parseTimeValue(TimeValue.java:381) ~[elasticsearch-core-7.5.1-SNAPSHOT.jar:7.5.1-SNAPSHOT]
	at org.elasticsearch.common.settings.Setting.lambda$minTimeValueParser$44(Setting.java:1475) ~[main/:?]
	at org.elasticsearch.common.settings.Setting.get(Setting.java:432) ~[main/:?]
	at org.elasticsearch.common.settings.Setting.get(Setting.java:426) ~[main/:?]
	at org.elasticsearch.common.settings.Setting$Updater.getValue(Setting.java:1014) ~[main/:?]
	... 40 more
[2020-02-16T15:22:49,569][WARN ][o.e.c.s.IndexScopedSettings] [testSetLevels] failed to apply settings
java.lang.IllegalArgumentException: illegal value can't update [index.indexing.slowlog.threshold.index.debug] from [-1] to [NOT A TIME VALUE]
	at org.elasticsearch.common.settings.Setting$Updater.getValue(Setting.java:1021) ~[main/:?]
	at org.elasticsearch.common.settings.AbstractScopedSettings$SettingUpdater.updater(AbstractScopedSettings.java:608) ~[main/:?]
	at org.elasticsearch.common.settings.AbstractScopedSettings.applySettings(AbstractScopedSettings.java:184) [main/:?]
	at org.elasticsearch.index.IndexSettings.updateIndexMetaData(IndexSettings.java:716) [main/:?]
	at org.elasticsearch.index.IndexingSlowLogTests.testSetLevels(IndexingSlowLogTests.java:257) [test/:?]
	at jdk.internal.reflect.NativeMethodAccessorImpl.invoke0(Native Method) ~[?:?]
	at jdk.internal.reflect.NativeMethodAccessorImpl.invoke(NativeMethodAccessorImpl.java:62) ~[?:?]
	at jdk.internal.reflect.DelegatingMethodAccessorImpl.invoke(DelegatingMethodAccessorImpl.java:43) ~[?:?]
	at java.lang.reflect.Method.invoke(Method.java:567) ~[?:?]
	at com.carrotsearch.randomizedtesting.RandomizedRunner.invoke(RandomizedRunner.java:1750) [randomizedtesting-runner-2.7.1.jar:?]
	at com.carrotsearch.randomizedtesting.RandomizedRunner$8.evaluate(RandomizedRunner.java:938) [randomizedtesting-runner-2.7.1.jar:?]
	at com.carrotsearch.randomizedtesting.RandomizedRunner$9.evaluate(RandomizedRunner.java:974) [randomizedtesting-runner-2.7.1.jar:?]
	at com.carrotsearch.randomizedtesting.RandomizedRunner$10.evaluate(RandomizedRunner.java:988) [randomizedtesting-runner-2.7.1.jar:?]
	at com.carrotsearch.randomizedtesting.rules.StatementAdapter.evaluate(StatementAdapter.java:36) [randomizedtesting-runner-2.7.1.jar:?]
	at org.apache.lucene.util.TestRuleSetupTeardownChained$1.evaluate(TestRuleSetupTeardownChained.java:49) [lucene-test-framework-8.3.0.jar:8.3.0 2aa586909b911e66e1d8863aa89f173d69f86cd2 - ishan - 2019-10-25 23:10:05]
	at org.apache.lucene.util.AbstractBeforeAfterRule$1.evaluate(AbstractBeforeAfterRule.java:45) [lucene-test-framework-8.3.0.jar:8.3.0 2aa586909b911e66e1d8863aa89f173d69f86cd2 - ishan - 2019-10-25 23:10:05]
	at org.apache.lucene.util.TestRuleThreadAndTestName$1.evaluate(TestRuleThreadAndTestName.java:48) [lucene-test-framework-8.3.0.jar:8.3.0 2aa586909b911e66e1d8863aa89f173d69f86cd2 - ishan - 2019-10-25 23:10:05]
	at org.apache.lucene.util.TestRuleIgnoreAfterMaxFailures$1.evaluate(TestRuleIgnoreAfterMaxFailures.java:64) [lucene-test-framework-8.3.0.jar:8.3.0 2aa586909b911e66e1d8863aa89f173d69f86cd2 - ishan - 2019-10-25 23:10:05]
	at org.apache.lucene.util.TestRuleMarkFailure$1.evaluate(TestRuleMarkFailure.java:47) [lucene-test-framework-8.3.0.jar:8.3.0 2aa586909b911e66e1d8863aa89f173d69f86cd2 - ishan - 2019-10-25 23:10:05]
	at com.carrotsearch.randomizedtesting.rules.StatementAdapter.evaluate(StatementAdapter.java:36) [randomizedtesting-runner-2.7.1.jar:?]
	at com.carrotsearch.randomizedtesting.ThreadLeakControl$StatementRunner.run(ThreadLeakControl.java:368) [randomizedtesting-runner-2.7.1.jar:?]
	at com.carrotsearch.randomizedtesting.ThreadLeakControl.forkTimeoutingTask(ThreadLeakControl.java:817) [randomizedtesting-runner-2.7.1.jar:?]
	at com.carrotsearch.randomizedtesting.ThreadLeakControl$3.evaluate(ThreadLeakControl.java:468) [randomizedtesting-runner-2.7.1.jar:?]
	at com.carrotsearch.randomizedtesting.RandomizedRunner.runSingleTest(RandomizedRunner.java:947) [randomizedtesting-runner-2.7.1.jar:?]
	at com.carrotsearch.randomizedtesting.RandomizedRunner$5.evaluate(RandomizedRunner.java:832) [randomizedtesting-runner-2.7.1.jar:?]
	at com.carrotsearch.randomizedtesting.RandomizedRunner$6.evaluate(RandomizedRunner.java:883) [randomizedtesting-runner-2.7.1.jar:?]
	at com.carrotsearch.randomizedtesting.RandomizedRunner$7.evaluate(RandomizedRunner.java:894) [randomizedtesting-runner-2.7.1.jar:?]
	at org.apache.lucene.util.AbstractBeforeAfterRule$1.evaluate(AbstractBeforeAfterRule.java:45) [lucene-test-framework-8.3.0.jar:8.3.0 2aa586909b911e66e1d8863aa89f173d69f86cd2 - ishan - 2019-10-25 23:10:05]
	at com.carrotsearch.randomizedtesting.rules.StatementAdapter.evaluate(StatementAdapter.java:36) [randomizedtesting-runner-2.7.1.jar:?]
	at org.apache.lucene.util.TestRuleStoreClassName$1.evaluate(TestRuleStoreClassName.java:41) [lucene-test-framework-8.3.0.jar:8.3.0 2aa586909b911e66e1d8863aa89f173d69f86cd2 - ishan - 2019-10-25 23:10:05]
	at com.carrotsearch.randomizedtesting.rules.NoShadowingOrOverridesOnMethodsRule$1.evaluate(NoShadowingOrOverridesOnMethodsRule.java:40) [randomizedtesting-runner-2.7.1.jar:?]
	at com.carrotsearch.randomizedtesting.rules.NoShadowingOrOverridesOnMethodsRule$1.evaluate(NoShadowingOrOverridesOnMethodsRule.java:40) [randomizedtesting-runner-2.7.1.jar:?]
	at com.carrotsearch.randomizedtesting.rules.StatementAdapter.evaluate(StatementAdapter.java:36) [randomizedtesting-runner-2.7.1.jar:?]
	at com.carrotsearch.randomizedtesting.rules.StatementAdapter.evaluate(StatementAdapter.java:36) [randomizedtesting-runner-2.7.1.jar:?]
	at org.apache.lucene.util.TestRuleAssertionsRequired$1.evaluate(TestRuleAssertionsRequired.java:53) [lucene-test-framework-8.3.0.jar:8.3.0 2aa586909b911e66e1d8863aa89f173d69f86cd2 - ishan - 2019-10-25 23:10:05]
	at org.apache.lucene.util.TestRuleMarkFailure$1.evaluate(TestRuleMarkFailure.java:47) [lucene-test-framework-8.3.0.jar:8.3.0 2aa586909b911e66e1d8863aa89f173d69f86cd2 - ishan - 2019-10-25 23:10:05]
	at org.apache.lucene.util.TestRuleIgnoreAfterMaxFailures$1.evaluate(TestRuleIgnoreAfterMaxFailures.java:64) [lucene-test-framework-8.3.0.jar:8.3.0 2aa586909b911e66e1d8863aa89f173d69f86cd2 - ishan - 2019-10-25 23:10:05]
	at org.apache.lucene.util.TestRuleIgnoreTestSuites$1.evaluate(TestRuleIgnoreTestSuites.java:54) [lucene-test-framework-8.3.0.jar:8.3.0 2aa586909b911e66e1d8863aa89f173d69f86cd2 - ishan - 2019-10-25 23:10:05]
	at com.carrotsearch.randomizedtesting.rules.StatementAdapter.evaluate(StatementAdapter.java:36) [randomizedtesting-runner-2.7.1.jar:?]
	at com.carrotsearch.randomizedtesting.ThreadLeakControl$StatementRunner.run(ThreadLeakControl.java:368) [randomizedtesting-runner-2.7.1.jar:?]
	at java.lang.Thread.run(Thread.java:835) [?:?]
Caused by: java.lang.IllegalArgumentException: failed to parse setting [index.indexing.slowlog.threshold.index.debug] with value [NOT A TIME VALUE] as a time value: unit is missing or unrecognized
	at org.elasticsearch.common.unit.TimeValue.parseTimeValue(TimeValue.java:381) ~[elasticsearch-core-7.5.1-SNAPSHOT.jar:7.5.1-SNAPSHOT]
	at org.elasticsearch.common.settings.Setting.lambda$minTimeValueParser$44(Setting.java:1475) ~[main/:?]
	at org.elasticsearch.common.settings.Setting.get(Setting.java:432) ~[main/:?]
	at org.elasticsearch.common.settings.Setting.get(Setting.java:426) ~[main/:?]
	at org.elasticsearch.common.settings.Setting$Updater.getValue(Setting.java:1014) ~[main/:?]
	... 40 more
[2020-02-16T15:22:49,570][WARN ][o.e.c.s.IndexScopedSettings] [testSetLevels] failed to prepareCommit settings for [Updater for: {
  "key" : "index.indexing.slowlog.threshold.index.info",
  "properties" : [
    "Dynamic",
    "IndexScope"
  ],
  "is_group_setting" : false,
  "default" : "-1"
}]
java.lang.IllegalArgumentException: illegal value can't update [index.indexing.slowlog.threshold.index.info] from [-1] to [NOT A TIME VALUE]
	at org.elasticsearch.common.settings.Setting$Updater.getValue(Setting.java:1021) ~[main/:?]
	at org.elasticsearch.common.settings.AbstractScopedSettings$SettingUpdater.updater(AbstractScopedSettings.java:608) ~[main/:?]
	at org.elasticsearch.common.settings.AbstractScopedSettings.applySettings(AbstractScopedSettings.java:184) [main/:?]
	at org.elasticsearch.index.IndexSettings.updateIndexMetaData(IndexSettings.java:716) [main/:?]
	at org.elasticsearch.index.IndexingSlowLogTests.testSetLevels(IndexingSlowLogTests.java:266) [test/:?]
	at jdk.internal.reflect.NativeMethodAccessorImpl.invoke0(Native Method) ~[?:?]
	at jdk.internal.reflect.NativeMethodAccessorImpl.invoke(NativeMethodAccessorImpl.java:62) ~[?:?]
	at jdk.internal.reflect.DelegatingMethodAccessorImpl.invoke(DelegatingMethodAccessorImpl.java:43) ~[?:?]
	at java.lang.reflect.Method.invoke(Method.java:567) ~[?:?]
	at com.carrotsearch.randomizedtesting.RandomizedRunner.invoke(RandomizedRunner.java:1750) [randomizedtesting-runner-2.7.1.jar:?]
	at com.carrotsearch.randomizedtesting.RandomizedRunner$8.evaluate(RandomizedRunner.java:938) [randomizedtesting-runner-2.7.1.jar:?]
	at com.carrotsearch.randomizedtesting.RandomizedRunner$9.evaluate(RandomizedRunner.java:974) [randomizedtesting-runner-2.7.1.jar:?]
	at com.carrotsearch.randomizedtesting.RandomizedRunner$10.evaluate(RandomizedRunner.java:988) [randomizedtesting-runner-2.7.1.jar:?]
	at com.carrotsearch.randomizedtesting.rules.StatementAdapter.evaluate(StatementAdapter.java:36) [randomizedtesting-runner-2.7.1.jar:?]
	at org.apache.lucene.util.TestRuleSetupTeardownChained$1.evaluate(TestRuleSetupTeardownChained.java:49) [lucene-test-framework-8.3.0.jar:8.3.0 2aa586909b911e66e1d8863aa89f173d69f86cd2 - ishan - 2019-10-25 23:10:05]
	at org.apache.lucene.util.AbstractBeforeAfterRule$1.evaluate(AbstractBeforeAfterRule.java:45) [lucene-test-framework-8.3.0.jar:8.3.0 2aa586909b911e66e1d8863aa89f173d69f86cd2 - ishan - 2019-10-25 23:10:05]
	at org.apache.lucene.util.TestRuleThreadAndTestName$1.evaluate(TestRuleThreadAndTestName.java:48) [lucene-test-framework-8.3.0.jar:8.3.0 2aa586909b911e66e1d8863aa89f173d69f86cd2 - ishan - 2019-10-25 23:10:05]
	at org.apache.lucene.util.TestRuleIgnoreAfterMaxFailures$1.evaluate(TestRuleIgnoreAfterMaxFailures.java:64) [lucene-test-framework-8.3.0.jar:8.3.0 2aa586909b911e66e1d8863aa89f173d69f86cd2 - ishan - 2019-10-25 23:10:05]
	at org.apache.lucene.util.TestRuleMarkFailure$1.evaluate(TestRuleMarkFailure.java:47) [lucene-test-framework-8.3.0.jar:8.3.0 2aa586909b911e66e1d8863aa89f173d69f86cd2 - ishan - 2019-10-25 23:10:05]
	at com.carrotsearch.randomizedtesting.rules.StatementAdapter.evaluate(StatementAdapter.java:36) [randomizedtesting-runner-2.7.1.jar:?]
	at com.carrotsearch.randomizedtesting.ThreadLeakControl$StatementRunner.run(ThreadLeakControl.java:368) [randomizedtesting-runner-2.7.1.jar:?]
	at com.carrotsearch.randomizedtesting.ThreadLeakControl.forkTimeoutingTask(ThreadLeakControl.java:817) [randomizedtesting-runner-2.7.1.jar:?]
	at com.carrotsearch.randomizedtesting.ThreadLeakControl$3.evaluate(ThreadLeakControl.java:468) [randomizedtesting-runner-2.7.1.jar:?]
	at com.carrotsearch.randomizedtesting.RandomizedRunner.runSingleTest(RandomizedRunner.java:947) [randomizedtesting-runner-2.7.1.jar:?]
	at com.carrotsearch.randomizedtesting.RandomizedRunner$5.evaluate(RandomizedRunner.java:832) [randomizedtesting-runner-2.7.1.jar:?]
	at com.carrotsearch.randomizedtesting.RandomizedRunner$6.evaluate(RandomizedRunner.java:883) [randomizedtesting-runner-2.7.1.jar:?]
	at com.carrotsearch.randomizedtesting.RandomizedRunner$7.evaluate(RandomizedRunner.java:894) [randomizedtesting-runner-2.7.1.jar:?]
	at org.apache.lucene.util.AbstractBeforeAfterRule$1.evaluate(AbstractBeforeAfterRule.java:45) [lucene-test-framework-8.3.0.jar:8.3.0 2aa586909b911e66e1d8863aa89f173d69f86cd2 - ishan - 2019-10-25 23:10:05]
	at com.carrotsearch.randomizedtesting.rules.StatementAdapter.evaluate(StatementAdapter.java:36) [randomizedtesting-runner-2.7.1.jar:?]
	at org.apache.lucene.util.TestRuleStoreClassName$1.evaluate(TestRuleStoreClassName.java:41) [lucene-test-framework-8.3.0.jar:8.3.0 2aa586909b911e66e1d8863aa89f173d69f86cd2 - ishan - 2019-10-25 23:10:05]
	at com.carrotsearch.randomizedtesting.rules.NoShadowingOrOverridesOnMethodsRule$1.evaluate(NoShadowingOrOverridesOnMethodsRule.java:40) [randomizedtesting-runner-2.7.1.jar:?]
	at com.carrotsearch.randomizedtesting.rules.NoShadowingOrOverridesOnMethodsRule$1.evaluate(NoShadowingOrOverridesOnMethodsRule.java:40) [randomizedtesting-runner-2.7.1.jar:?]
	at com.carrotsearch.randomizedtesting.rules.StatementAdapter.evaluate(StatementAdapter.java:36) [randomizedtesting-runner-2.7.1.jar:?]
	at com.carrotsearch.randomizedtesting.rules.StatementAdapter.evaluate(StatementAdapter.java:36) [randomizedtesting-runner-2.7.1.jar:?]
	at org.apache.lucene.util.TestRuleAssertionsRequired$1.evaluate(TestRuleAssertionsRequired.java:53) [lucene-test-framework-8.3.0.jar:8.3.0 2aa586909b911e66e1d8863aa89f173d69f86cd2 - ishan - 2019-10-25 23:10:05]
	at org.apache.lucene.util.TestRuleMarkFailure$1.evaluate(TestRuleMarkFailure.java:47) [lucene-test-framework-8.3.0.jar:8.3.0 2aa586909b911e66e1d8863aa89f173d69f86cd2 - ishan - 2019-10-25 23:10:05]
	at org.apache.lucene.util.TestRuleIgnoreAfterMaxFailures$1.evaluate(TestRuleIgnoreAfterMaxFailures.java:64) [lucene-test-framework-8.3.0.jar:8.3.0 2aa586909b911e66e1d8863aa89f173d69f86cd2 - ishan - 2019-10-25 23:10:05]
	at org.apache.lucene.util.TestRuleIgnoreTestSuites$1.evaluate(TestRuleIgnoreTestSuites.java:54) [lucene-test-framework-8.3.0.jar:8.3.0 2aa586909b911e66e1d8863aa89f173d69f86cd2 - ishan - 2019-10-25 23:10:05]
	at com.carrotsearch.randomizedtesting.rules.StatementAdapter.evaluate(StatementAdapter.java:36) [randomizedtesting-runner-2.7.1.jar:?]
	at com.carrotsearch.randomizedtesting.ThreadLeakControl$StatementRunner.run(ThreadLeakControl.java:368) [randomizedtesting-runner-2.7.1.jar:?]
	at java.lang.Thread.run(Thread.java:835) [?:?]
Caused by: java.lang.IllegalArgumentException: failed to parse setting [index.indexing.slowlog.threshold.index.info] with value [NOT A TIME VALUE] as a time value: unit is missing or unrecognized
	at org.elasticsearch.common.unit.TimeValue.parseTimeValue(TimeValue.java:381) ~[elasticsearch-core-7.5.1-SNAPSHOT.jar:7.5.1-SNAPSHOT]
	at org.elasticsearch.common.settings.Setting.lambda$minTimeValueParser$44(Setting.java:1475) ~[main/:?]
	at org.elasticsearch.common.settings.Setting.get(Setting.java:432) ~[main/:?]
	at org.elasticsearch.common.settings.Setting.get(Setting.java:426) ~[main/:?]
	at org.elasticsearch.common.settings.Setting$Updater.getValue(Setting.java:1014) ~[main/:?]
	... 40 more
[2020-02-16T15:22:49,570][WARN ][o.e.c.s.IndexScopedSettings] [testSetLevels] failed to apply settings
java.lang.IllegalArgumentException: illegal value can't update [index.indexing.slowlog.threshold.index.info] from [-1] to [NOT A TIME VALUE]
	at org.elasticsearch.common.settings.Setting$Updater.getValue(Setting.java:1021) ~[main/:?]
	at org.elasticsearch.common.settings.AbstractScopedSettings$SettingUpdater.updater(AbstractScopedSettings.java:608) ~[main/:?]
	at org.elasticsearch.common.settings.AbstractScopedSettings.applySettings(AbstractScopedSettings.java:184) [main/:?]
	at org.elasticsearch.index.IndexSettings.updateIndexMetaData(IndexSettings.java:716) [main/:?]
	at org.elasticsearch.index.IndexingSlowLogTests.testSetLevels(IndexingSlowLogTests.java:266) [test/:?]
	at jdk.internal.reflect.NativeMethodAccessorImpl.invoke0(Native Method) ~[?:?]
	at jdk.internal.reflect.NativeMethodAccessorImpl.invoke(NativeMethodAccessorImpl.java:62) ~[?:?]
	at jdk.internal.reflect.DelegatingMethodAccessorImpl.invoke(DelegatingMethodAccessorImpl.java:43) ~[?:?]
	at java.lang.reflect.Method.invoke(Method.java:567) ~[?:?]
	at com.carrotsearch.randomizedtesting.RandomizedRunner.invoke(RandomizedRunner.java:1750) [randomizedtesting-runner-2.7.1.jar:?]
	at com.carrotsearch.randomizedtesting.RandomizedRunner$8.evaluate(RandomizedRunner.java:938) [randomizedtesting-runner-2.7.1.jar:?]
	at com.carrotsearch.randomizedtesting.RandomizedRunner$9.evaluate(RandomizedRunner.java:974) [randomizedtesting-runner-2.7.1.jar:?]
	at com.carrotsearch.randomizedtesting.RandomizedRunner$10.evaluate(RandomizedRunner.java:988) [randomizedtesting-runner-2.7.1.jar:?]
	at com.carrotsearch.randomizedtesting.rules.StatementAdapter.evaluate(StatementAdapter.java:36) [randomizedtesting-runner-2.7.1.jar:?]
	at org.apache.lucene.util.TestRuleSetupTeardownChained$1.evaluate(TestRuleSetupTeardownChained.java:49) [lucene-test-framework-8.3.0.jar:8.3.0 2aa586909b911e66e1d8863aa89f173d69f86cd2 - ishan - 2019-10-25 23:10:05]
	at org.apache.lucene.util.AbstractBeforeAfterRule$1.evaluate(AbstractBeforeAfterRule.java:45) [lucene-test-framework-8.3.0.jar:8.3.0 2aa586909b911e66e1d8863aa89f173d69f86cd2 - ishan - 2019-10-25 23:10:05]
	at org.apache.lucene.util.TestRuleThreadAndTestName$1.evaluate(TestRuleThreadAndTestName.java:48) [lucene-test-framework-8.3.0.jar:8.3.0 2aa586909b911e66e1d8863aa89f173d69f86cd2 - ishan - 2019-10-25 23:10:05]
	at org.apache.lucene.util.TestRuleIgnoreAfterMaxFailures$1.evaluate(TestRuleIgnoreAfterMaxFailures.java:64) [lucene-test-framework-8.3.0.jar:8.3.0 2aa586909b911e66e1d8863aa89f173d69f86cd2 - ishan - 2019-10-25 23:10:05]
	at org.apache.lucene.util.TestRuleMarkFailure$1.evaluate(TestRuleMarkFailure.java:47) [lucene-test-framework-8.3.0.jar:8.3.0 2aa586909b911e66e1d8863aa89f173d69f86cd2 - ishan - 2019-10-25 23:10:05]
	at com.carrotsearch.randomizedtesting.rules.StatementAdapter.evaluate(StatementAdapter.java:36) [randomizedtesting-runner-2.7.1.jar:?]
	at com.carrotsearch.randomizedtesting.ThreadLeakControl$StatementRunner.run(ThreadLeakControl.java:368) [randomizedtesting-runner-2.7.1.jar:?]
	at com.carrotsearch.randomizedtesting.ThreadLeakControl.forkTimeoutingTask(ThreadLeakControl.java:817) [randomizedtesting-runner-2.7.1.jar:?]
	at com.carrotsearch.randomizedtesting.ThreadLeakControl$3.evaluate(ThreadLeakControl.java:468) [randomizedtesting-runner-2.7.1.jar:?]
	at com.carrotsearch.randomizedtesting.RandomizedRunner.runSingleTest(RandomizedRunner.java:947) [randomizedtesting-runner-2.7.1.jar:?]
	at com.carrotsearch.randomizedtesting.RandomizedRunner$5.evaluate(RandomizedRunner.java:832) [randomizedtesting-runner-2.7.1.jar:?]
	at com.carrotsearch.randomizedtesting.RandomizedRunner$6.evaluate(RandomizedRunner.java:883) [randomizedtesting-runner-2.7.1.jar:?]
	at com.carrotsearch.randomizedtesting.RandomizedRunner$7.evaluate(RandomizedRunner.java:894) [randomizedtesting-runner-2.7.1.jar:?]
	at org.apache.lucene.util.AbstractBeforeAfterRule$1.evaluate(AbstractBeforeAfterRule.java:45) [lucene-test-framework-8.3.0.jar:8.3.0 2aa586909b911e66e1d8863aa89f173d69f86cd2 - ishan - 2019-10-25 23:10:05]
	at com.carrotsearch.randomizedtesting.rules.StatementAdapter.evaluate(StatementAdapter.java:36) [randomizedtesting-runner-2.7.1.jar:?]
	at org.apache.lucene.util.TestRuleStoreClassName$1.evaluate(TestRuleStoreClassName.java:41) [lucene-test-framework-8.3.0.jar:8.3.0 2aa586909b911e66e1d8863aa89f173d69f86cd2 - ishan - 2019-10-25 23:10:05]
	at com.carrotsearch.randomizedtesting.rules.NoShadowingOrOverridesOnMethodsRule$1.evaluate(NoShadowingOrOverridesOnMethodsRule.java:40) [randomizedtesting-runner-2.7.1.jar:?]
	at com.carrotsearch.randomizedtesting.rules.NoShadowingOrOverridesOnMethodsRule$1.evaluate(NoShadowingOrOverridesOnMethodsRule.java:40) [randomizedtesting-runner-2.7.1.jar:?]
	at com.carrotsearch.randomizedtesting.rules.StatementAdapter.evaluate(StatementAdapter.java:36) [randomizedtesting-runner-2.7.1.jar:?]
	at com.carrotsearch.randomizedtesting.rules.StatementAdapter.evaluate(StatementAdapter.java:36) [randomizedtesting-runner-2.7.1.jar:?]
	at org.apache.lucene.util.TestRuleAssertionsRequired$1.evaluate(TestRuleAssertionsRequired.java:53) [lucene-test-framework-8.3.0.jar:8.3.0 2aa586909b911e66e1d8863aa89f173d69f86cd2 - ishan - 2019-10-25 23:10:05]
	at org.apache.lucene.util.TestRuleMarkFailure$1.evaluate(TestRuleMarkFailure.java:47) [lucene-test-framework-8.3.0.jar:8.3.0 2aa586909b911e66e1d8863aa89f173d69f86cd2 - ishan - 2019-10-25 23:10:05]
	at org.apache.lucene.util.TestRuleIgnoreAfterMaxFailures$1.evaluate(TestRuleIgnoreAfterMaxFailures.java:64) [lucene-test-framework-8.3.0.jar:8.3.0 2aa586909b911e66e1d8863aa89f173d69f86cd2 - ishan - 2019-10-25 23:10:05]
	at org.apache.lucene.util.TestRuleIgnoreTestSuites$1.evaluate(TestRuleIgnoreTestSuites.java:54) [lucene-test-framework-8.3.0.jar:8.3.0 2aa586909b911e66e1d8863aa89f173d69f86cd2 - ishan - 2019-10-25 23:10:05]
	at com.carrotsearch.randomizedtesting.rules.StatementAdapter.evaluate(StatementAdapter.java:36) [randomizedtesting-runner-2.7.1.jar:?]
	at com.carrotsearch.randomizedtesting.ThreadLeakControl$StatementRunner.run(ThreadLeakControl.java:368) [randomizedtesting-runner-2.7.1.jar:?]
	at java.lang.Thread.run(Thread.java:835) [?:?]
Caused by: java.lang.IllegalArgumentException: failed to parse setting [index.indexing.slowlog.threshold.index.info] with value [NOT A TIME VALUE] as a time value: unit is missing or unrecognized
	at org.elasticsearch.common.unit.TimeValue.parseTimeValue(TimeValue.java:381) ~[elasticsearch-core-7.5.1-SNAPSHOT.jar:7.5.1-SNAPSHOT]
	at org.elasticsearch.common.settings.Setting.lambda$minTimeValueParser$44(Setting.java:1475) ~[main/:?]
	at org.elasticsearch.common.settings.Setting.get(Setting.java:432) ~[main/:?]
	at org.elasticsearch.common.settings.Setting.get(Setting.java:426) ~[main/:?]
	at org.elasticsearch.common.settings.Setting$Updater.getValue(Setting.java:1014) ~[main/:?]
	... 40 more
[2020-02-16T15:22:49,572][WARN ][o.e.c.s.IndexScopedSettings] [testSetLevels] failed to prepareCommit settings for [Updater for: {
  "key" : "index.indexing.slowlog.threshold.index.warn",
  "properties" : [
    "Dynamic",
    "IndexScope"
  ],
  "is_group_setting" : false,
  "default" : "-1"
}]
java.lang.IllegalArgumentException: illegal value can't update [index.indexing.slowlog.threshold.index.warn] from [-1] to [NOT A TIME VALUE]
	at org.elasticsearch.common.settings.Setting$Updater.getValue(Setting.java:1021) ~[main/:?]
	at org.elasticsearch.common.settings.AbstractScopedSettings$SettingUpdater.updater(AbstractScopedSettings.java:608) ~[main/:?]
	at org.elasticsearch.common.settings.AbstractScopedSettings.applySettings(AbstractScopedSettings.java:184) [main/:?]
	at org.elasticsearch.index.IndexSettings.updateIndexMetaData(IndexSettings.java:716) [main/:?]
	at org.elasticsearch.index.IndexingSlowLogTests.testSetLevels(IndexingSlowLogTests.java:275) [test/:?]
	at jdk.internal.reflect.NativeMethodAccessorImpl.invoke0(Native Method) ~[?:?]
	at jdk.internal.reflect.NativeMethodAccessorImpl.invoke(NativeMethodAccessorImpl.java:62) ~[?:?]
	at jdk.internal.reflect.DelegatingMethodAccessorImpl.invoke(DelegatingMethodAccessorImpl.java:43) ~[?:?]
	at java.lang.reflect.Method.invoke(Method.java:567) ~[?:?]
	at com.carrotsearch.randomizedtesting.RandomizedRunner.invoke(RandomizedRunner.java:1750) [randomizedtesting-runner-2.7.1.jar:?]
	at com.carrotsearch.randomizedtesting.RandomizedRunner$8.evaluate(RandomizedRunner.java:938) [randomizedtesting-runner-2.7.1.jar:?]
	at com.carrotsearch.randomizedtesting.RandomizedRunner$9.evaluate(RandomizedRunner.java:974) [randomizedtesting-runner-2.7.1.jar:?]
	at com.carrotsearch.randomizedtesting.RandomizedRunner$10.evaluate(RandomizedRunner.java:988) [randomizedtesting-runner-2.7.1.jar:?]
	at com.carrotsearch.randomizedtesting.rules.StatementAdapter.evaluate(StatementAdapter.java:36) [randomizedtesting-runner-2.7.1.jar:?]
	at org.apache.lucene.util.TestRuleSetupTeardownChained$1.evaluate(TestRuleSetupTeardownChained.java:49) [lucene-test-framework-8.3.0.jar:8.3.0 2aa586909b911e66e1d8863aa89f173d69f86cd2 - ishan - 2019-10-25 23:10:05]
	at org.apache.lucene.util.AbstractBeforeAfterRule$1.evaluate(AbstractBeforeAfterRule.java:45) [lucene-test-framework-8.3.0.jar:8.3.0 2aa586909b911e66e1d8863aa89f173d69f86cd2 - ishan - 2019-10-25 23:10:05]
	at org.apache.lucene.util.TestRuleThreadAndTestName$1.evaluate(TestRuleThreadAndTestName.java:48) [lucene-test-framework-8.3.0.jar:8.3.0 2aa586909b911e66e1d8863aa89f173d69f86cd2 - ishan - 2019-10-25 23:10:05]
	at org.apache.lucene.util.TestRuleIgnoreAfterMaxFailures$1.evaluate(TestRuleIgnoreAfterMaxFailures.java:64) [lucene-test-framework-8.3.0.jar:8.3.0 2aa586909b911e66e1d8863aa89f173d69f86cd2 - ishan - 2019-10-25 23:10:05]
	at org.apache.lucene.util.TestRuleMarkFailure$1.evaluate(TestRuleMarkFailure.java:47) [lucene-test-framework-8.3.0.jar:8.3.0 2aa586909b911e66e1d8863aa89f173d69f86cd2 - ishan - 2019-10-25 23:10:05]
	at com.carrotsearch.randomizedtesting.rules.StatementAdapter.evaluate(StatementAdapter.java:36) [randomizedtesting-runner-2.7.1.jar:?]
	at com.carrotsearch.randomizedtesting.ThreadLeakControl$StatementRunner.run(ThreadLeakControl.java:368) [randomizedtesting-runner-2.7.1.jar:?]
	at com.carrotsearch.randomizedtesting.ThreadLeakControl.forkTimeoutingTask(ThreadLeakControl.java:817) [randomizedtesting-runner-2.7.1.jar:?]
	at com.carrotsearch.randomizedtesting.ThreadLeakControl$3.evaluate(ThreadLeakControl.java:468) [randomizedtesting-runner-2.7.1.jar:?]
	at com.carrotsearch.randomizedtesting.RandomizedRunner.runSingleTest(RandomizedRunner.java:947) [randomizedtesting-runner-2.7.1.jar:?]
	at com.carrotsearch.randomizedtesting.RandomizedRunner$5.evaluate(RandomizedRunner.java:832) [randomizedtesting-runner-2.7.1.jar:?]
	at com.carrotsearch.randomizedtesting.RandomizedRunner$6.evaluate(RandomizedRunner.java:883) [randomizedtesting-runner-2.7.1.jar:?]
	at com.carrotsearch.randomizedtesting.RandomizedRunner$7.evaluate(RandomizedRunner.java:894) [randomizedtesting-runner-2.7.1.jar:?]
	at org.apache.lucene.util.AbstractBeforeAfterRule$1.evaluate(AbstractBeforeAfterRule.java:45) [lucene-test-framework-8.3.0.jar:8.3.0 2aa586909b911e66e1d8863aa89f173d69f86cd2 - ishan - 2019-10-25 23:10:05]
	at com.carrotsearch.randomizedtesting.rules.StatementAdapter.evaluate(StatementAdapter.java:36) [randomizedtesting-runner-2.7.1.jar:?]
	at org.apache.lucene.util.TestRuleStoreClassName$1.evaluate(TestRuleStoreClassName.java:41) [lucene-test-framework-8.3.0.jar:8.3.0 2aa586909b911e66e1d8863aa89f173d69f86cd2 - ishan - 2019-10-25 23:10:05]
	at com.carrotsearch.randomizedtesting.rules.NoShadowingOrOverridesOnMethodsRule$1.evaluate(NoShadowingOrOverridesOnMethodsRule.java:40) [randomizedtesting-runner-2.7.1.jar:?]
	at com.carrotsearch.randomizedtesting.rules.NoShadowingOrOverridesOnMethodsRule$1.evaluate(NoShadowingOrOverridesOnMethodsRule.java:40) [randomizedtesting-runner-2.7.1.jar:?]
	at com.carrotsearch.randomizedtesting.rules.StatementAdapter.evaluate(StatementAdapter.java:36) [randomizedtesting-runner-2.7.1.jar:?]
	at com.carrotsearch.randomizedtesting.rules.StatementAdapter.evaluate(StatementAdapter.java:36) [randomizedtesting-runner-2.7.1.jar:?]
	at org.apache.lucene.util.TestRuleAssertionsRequired$1.evaluate(TestRuleAssertionsRequired.java:53) [lucene-test-framework-8.3.0.jar:8.3.0 2aa586909b911e66e1d8863aa89f173d69f86cd2 - ishan - 2019-10-25 23:10:05]
	at org.apache.lucene.util.TestRuleMarkFailure$1.evaluate(TestRuleMarkFailure.java:47) [lucene-test-framework-8.3.0.jar:8.3.0 2aa586909b911e66e1d8863aa89f173d69f86cd2 - ishan - 2019-10-25 23:10:05]
	at org.apache.lucene.util.TestRuleIgnoreAfterMaxFailures$1.evaluate(TestRuleIgnoreAfterMaxFailures.java:64) [lucene-test-framework-8.3.0.jar:8.3.0 2aa586909b911e66e1d8863aa89f173d69f86cd2 - ishan - 2019-10-25 23:10:05]
	at org.apache.lucene.util.TestRuleIgnoreTestSuites$1.evaluate(TestRuleIgnoreTestSuites.java:54) [lucene-test-framework-8.3.0.jar:8.3.0 2aa586909b911e66e1d8863aa89f173d69f86cd2 - ishan - 2019-10-25 23:10:05]
	at com.carrotsearch.randomizedtesting.rules.StatementAdapter.evaluate(StatementAdapter.java:36) [randomizedtesting-runner-2.7.1.jar:?]
	at com.carrotsearch.randomizedtesting.ThreadLeakControl$StatementRunner.run(ThreadLeakControl.java:368) [randomizedtesting-runner-2.7.1.jar:?]
	at java.lang.Thread.run(Thread.java:835) [?:?]
Caused by: java.lang.IllegalArgumentException: failed to parse setting [index.indexing.slowlog.threshold.index.warn] with value [NOT A TIME VALUE] as a time value: unit is missing or unrecognized
	at org.elasticsearch.common.unit.TimeValue.parseTimeValue(TimeValue.java:381) ~[elasticsearch-core-7.5.1-SNAPSHOT.jar:7.5.1-SNAPSHOT]
	at org.elasticsearch.common.settings.Setting.lambda$minTimeValueParser$44(Setting.java:1475) ~[main/:?]
	at org.elasticsearch.common.settings.Setting.get(Setting.java:432) ~[main/:?]
	at org.elasticsearch.common.settings.Setting.get(Setting.java:426) ~[main/:?]
	at org.elasticsearch.common.settings.Setting$Updater.getValue(Setting.java:1014) ~[main/:?]
	... 40 more
[2020-02-16T15:22:49,572][WARN ][o.e.c.s.IndexScopedSettings] [testSetLevels] failed to apply settings
java.lang.IllegalArgumentException: illegal value can't update [index.indexing.slowlog.threshold.index.warn] from [-1] to [NOT A TIME VALUE]
	at org.elasticsearch.common.settings.Setting$Updater.getValue(Setting.java:1021) ~[main/:?]
	at org.elasticsearch.common.settings.AbstractScopedSettings$SettingUpdater.updater(AbstractScopedSettings.java:608) ~[main/:?]
	at org.elasticsearch.common.settings.AbstractScopedSettings.applySettings(AbstractScopedSettings.java:184) [main/:?]
	at org.elasticsearch.index.IndexSettings.updateIndexMetaData(IndexSettings.java:716) [main/:?]
	at org.elasticsearch.index.IndexingSlowLogTests.testSetLevels(IndexingSlowLogTests.java:275) [test/:?]
	at jdk.internal.reflect.NativeMethodAccessorImpl.invoke0(Native Method) ~[?:?]
	at jdk.internal.reflect.NativeMethodAccessorImpl.invoke(NativeMethodAccessorImpl.java:62) ~[?:?]
	at jdk.internal.reflect.DelegatingMethodAccessorImpl.invoke(DelegatingMethodAccessorImpl.java:43) ~[?:?]
	at java.lang.reflect.Method.invoke(Method.java:567) ~[?:?]
	at com.carrotsearch.randomizedtesting.RandomizedRunner.invoke(RandomizedRunner.java:1750) [randomizedtesting-runner-2.7.1.jar:?]
	at com.carrotsearch.randomizedtesting.RandomizedRunner$8.evaluate(RandomizedRunner.java:938) [randomizedtesting-runner-2.7.1.jar:?]
	at com.carrotsearch.randomizedtesting.RandomizedRunner$9.evaluate(RandomizedRunner.java:974) [randomizedtesting-runner-2.7.1.jar:?]
	at com.carrotsearch.randomizedtesting.RandomizedRunner$10.evaluate(RandomizedRunner.java:988) [randomizedtesting-runner-2.7.1.jar:?]
	at com.carrotsearch.randomizedtesting.rules.StatementAdapter.evaluate(StatementAdapter.java:36) [randomizedtesting-runner-2.7.1.jar:?]
	at org.apache.lucene.util.TestRuleSetupTeardownChained$1.evaluate(TestRuleSetupTeardownChained.java:49) [lucene-test-framework-8.3.0.jar:8.3.0 2aa586909b911e66e1d8863aa89f173d69f86cd2 - ishan - 2019-10-25 23:10:05]
	at org.apache.lucene.util.AbstractBeforeAfterRule$1.evaluate(AbstractBeforeAfterRule.java:45) [lucene-test-framework-8.3.0.jar:8.3.0 2aa586909b911e66e1d8863aa89f173d69f86cd2 - ishan - 2019-10-25 23:10:05]
	at org.apache.lucene.util.TestRuleThreadAndTestName$1.evaluate(TestRuleThreadAndTestName.java:48) [lucene-test-framework-8.3.0.jar:8.3.0 2aa586909b911e66e1d8863aa89f173d69f86cd2 - ishan - 2019-10-25 23:10:05]
	at org.apache.lucene.util.TestRuleIgnoreAfterMaxFailures$1.evaluate(TestRuleIgnoreAfterMaxFailures.java:64) [lucene-test-framework-8.3.0.jar:8.3.0 2aa586909b911e66e1d8863aa89f173d69f86cd2 - ishan - 2019-10-25 23:10:05]
	at org.apache.lucene.util.TestRuleMarkFailure$1.evaluate(TestRuleMarkFailure.java:47) [lucene-test-framework-8.3.0.jar:8.3.0 2aa586909b911e66e1d8863aa89f173d69f86cd2 - ishan - 2019-10-25 23:10:05]
	at com.carrotsearch.randomizedtesting.rules.StatementAdapter.evaluate(StatementAdapter.java:36) [randomizedtesting-runner-2.7.1.jar:?]
	at com.carrotsearch.randomizedtesting.ThreadLeakControl$StatementRunner.run(ThreadLeakControl.java:368) [randomizedtesting-runner-2.7.1.jar:?]
	at com.carrotsearch.randomizedtesting.ThreadLeakControl.forkTimeoutingTask(ThreadLeakControl.java:817) [randomizedtesting-runner-2.7.1.jar:?]
	at com.carrotsearch.randomizedtesting.ThreadLeakControl$3.evaluate(ThreadLeakControl.java:468) [randomizedtesting-runner-2.7.1.jar:?]
	at com.carrotsearch.randomizedtesting.RandomizedRunner.runSingleTest(RandomizedRunner.java:947) [randomizedtesting-runner-2.7.1.jar:?]
	at com.carrotsearch.randomizedtesting.RandomizedRunner$5.evaluate(RandomizedRunner.java:832) [randomizedtesting-runner-2.7.1.jar:?]
	at com.carrotsearch.randomizedtesting.RandomizedRunner$6.evaluate(RandomizedRunner.java:883) [randomizedtesting-runner-2.7.1.jar:?]
	at com.carrotsearch.randomizedtesting.RandomizedRunner$7.evaluate(RandomizedRunner.java:894) [randomizedtesting-runner-2.7.1.jar:?]
	at org.apache.lucene.util.AbstractBeforeAfterRule$1.evaluate(AbstractBeforeAfterRule.java:45) [lucene-test-framework-8.3.0.jar:8.3.0 2aa586909b911e66e1d8863aa89f173d69f86cd2 - ishan - 2019-10-25 23:10:05]
	at com.carrotsearch.randomizedtesting.rules.StatementAdapter.evaluate(StatementAdapter.java:36) [randomizedtesting-runner-2.7.1.jar:?]
	at org.apache.lucene.util.TestRuleStoreClassName$1.evaluate(TestRuleStoreClassName.java:41) [lucene-test-framework-8.3.0.jar:8.3.0 2aa586909b911e66e1d8863aa89f173d69f86cd2 - ishan - 2019-10-25 23:10:05]
	at com.carrotsearch.randomizedtesting.rules.NoShadowingOrOverridesOnMethodsRule$1.evaluate(NoShadowingOrOverridesOnMethodsRule.java:40) [randomizedtesting-runner-2.7.1.jar:?]
	at com.carrotsearch.randomizedtesting.rules.NoShadowingOrOverridesOnMethodsRule$1.evaluate(NoShadowingOrOverridesOnMethodsRule.java:40) [randomizedtesting-runner-2.7.1.jar:?]
	at com.carrotsearch.randomizedtesting.rules.StatementAdapter.evaluate(StatementAdapter.java:36) [randomizedtesting-runner-2.7.1.jar:?]
	at com.carrotsearch.randomizedtesting.rules.StatementAdapter.evaluate(StatementAdapter.java:36) [randomizedtesting-runner-2.7.1.jar:?]
	at org.apache.lucene.util.TestRuleAssertionsRequired$1.evaluate(TestRuleAssertionsRequired.java:53) [lucene-test-framework-8.3.0.jar:8.3.0 2aa586909b911e66e1d8863aa89f173d69f86cd2 - ishan - 2019-10-25 23:10:05]
	at org.apache.lucene.util.TestRuleMarkFailure$1.evaluate(TestRuleMarkFailure.java:47) [lucene-test-framework-8.3.0.jar:8.3.0 2aa586909b911e66e1d8863aa89f173d69f86cd2 - ishan - 2019-10-25 23:10:05]
	at org.apache.lucene.util.TestRuleIgnoreAfterMaxFailures$1.evaluate(TestRuleIgnoreAfterMaxFailures.java:64) [lucene-test-framework-8.3.0.jar:8.3.0 2aa586909b911e66e1d8863aa89f173d69f86cd2 - ishan - 2019-10-25 23:10:05]
	at org.apache.lucene.util.TestRuleIgnoreTestSuites$1.evaluate(TestRuleIgnoreTestSuites.java:54) [lucene-test-framework-8.3.0.jar:8.3.0 2aa586909b911e66e1d8863aa89f173d69f86cd2 - ishan - 2019-10-25 23:10:05]
	at com.carrotsearch.randomizedtesting.rules.StatementAdapter.evaluate(StatementAdapter.java:36) [randomizedtesting-runner-2.7.1.jar:?]
	at com.carrotsearch.randomizedtesting.ThreadLeakControl$StatementRunner.run(ThreadLeakControl.java:368) [randomizedtesting-runner-2.7.1.jar:?]
	at java.lang.Thread.run(Thread.java:835) [?:?]
Caused by: java.lang.IllegalArgumentException: failed to parse setting [index.indexing.slowlog.threshold.index.warn] with value [NOT A TIME VALUE] as a time value: unit is missing or unrecognized
	at org.elasticsearch.common.unit.TimeValue.parseTimeValue(TimeValue.java:381) ~[elasticsearch-core-7.5.1-SNAPSHOT.jar:7.5.1-SNAPSHOT]
	at org.elasticsearch.common.settings.Setting.lambda$minTimeValueParser$44(Setting.java:1475) ~[main/:?]
	at org.elasticsearch.common.settings.Setting.get(Setting.java:432) ~[main/:?]
	at org.elasticsearch.common.settings.Setting.get(Setting.java:426) ~[main/:?]
	at org.elasticsearch.common.settings.Setting$Updater.getValue(Setting.java:1014) ~[main/:?]
	... 40 more
[2020-02-16T15:22:49,573][INFO ][o.e.i.IndexingSlowLogTests] [testSetLevels] after test
]]></system-out>
  <system-err><![CDATA[]]></system-err>
</testsuite>
